<?xml version="1.0" encoding="UTF-8"?>
<con:soapui-project id="5f9dfb77-2a2e-4081-88a8-8fb548763c50" activeEnvironment="Default" name="Project" resourceRoot="" soapui-version="5.5.0" xmlns:con="http://eviware.com/soapui/config"><con:settings/><con:interface xsi:type="con:WsdlInterface" id="a5ca4754-0806-440a-bddc-7eccbb2bf930" wsaVersion="NONE" name="salesOrderRepositoryV1Binding" type="wsdl" bindingName="{http://soap.upskills.in/soap/default?services=salesOrderRepositoryV1}salesOrderRepositoryV1Binding" soapVersion="1_2" anonymous="optional" definition="file:/C:/Users/RahulDavuluri/Downloads/SOAP%20API%20WSDL%20EndPoints/SOAP%20API%20WSDL%20EndPoints/salesOrderRepositoryV1.xml" xmlns:xsi="http://www.w3.org/2001/XMLSchema-instance"><con:settings/><con:definitionCache type="TEXT" rootPart="file:/C:/Users/RahulDavuluri/Downloads/SOAP%20API%20WSDL%20EndPoints/SOAP%20API%20WSDL%20EndPoints/salesOrderRepositoryV1.xml"><con:part><con:url>file:/C:/Users/RahulDavuluri/Downloads/SOAP%20API%20WSDL%20EndPoints/SOAP%20API%20WSDL%20EndPoints/salesOrderRepositoryV1.xml</con:url><con:content><![CDATA[<definitions name="MagentoWSDL" targetNamespace="http://soap.upskills.in/soap/default?services=salesOrderRepositoryV1" xmlns="http://schemas.xmlsoap.org/wsdl/" xmlns:wsdl="http://schemas.xmlsoap.org/wsdl/" xmlns:tns="http://soap.upskills.in/soap/default?services=salesOrderRepositoryV1" xmlns:soap="http://schemas.xmlsoap.org/wsdl/soap/" xmlns:xsd="http://www.w3.org/2001/XMLSchema" xmlns:soap-enc="http://schemas.xmlsoap.org/soap/encoding/" xmlns:soap12="http://schemas.xmlsoap.org/wsdl/soap12/">
  <types>
    <xsd:schema targetNamespace="http://soap.upskills.in/soap/default?services=salesOrderRepositoryV1">
      <xsd:element name="GenericFault" type="tns:GenericFault"/>
      <xsd:complexType name="GenericFaultParameter">
        <xsd:sequence>
          <xsd:element name="key" minOccurs="1" maxOccurs="1" type="xsd:string">
            <xsd:annotation>
              <xsd:documentation/>
              <xsd:appinfo xmlns:inf="http://soap.upskills.in/soap/default?services=salesOrderRepositoryV1">
                <inf:maxLength/>
              </xsd:appinfo>
            </xsd:annotation>
          </xsd:element>
          <xsd:element name="value" minOccurs="1" maxOccurs="1" type="xsd:string">
            <xsd:annotation>
              <xsd:documentation/>
              <xsd:appinfo xmlns:inf="http://soap.upskills.in/soap/default?services=salesOrderRepositoryV1">
                <inf:maxLength/>
              </xsd:appinfo>
            </xsd:annotation>
          </xsd:element>
        </xsd:sequence>
      </xsd:complexType>
      <xsd:complexType name="ArrayOfGenericFaultParameter">
        <xsd:annotation>
          <xsd:documentation>An array of GenericFaultParameter items.</xsd:documentation>
          <xsd:appinfo xmlns:inf="http://soap.upskills.in/soap/default?services=salesOrderRepositoryV1"/>
        </xsd:annotation>
        <xsd:sequence>
          <xsd:element name="item" minOccurs="0" maxOccurs="unbounded" type="tns:GenericFaultParameter">
            <xsd:annotation>
              <xsd:documentation>An item of ArrayOfGenericFaultParameter.</xsd:documentation>
              <xsd:appinfo xmlns:inf="http://soap.upskills.in/soap/default?services=salesOrderRepositoryV1"/>
            </xsd:annotation>
          </xsd:element>
        </xsd:sequence>
      </xsd:complexType>
      <xsd:complexType name="WrappedError">
        <xsd:sequence>
          <xsd:element name="message" minOccurs="1" maxOccurs="1" type="xsd:string">
            <xsd:annotation>
              <xsd:documentation/>
              <xsd:appinfo xmlns:inf="http://soap.upskills.in/soap/default?services=salesOrderRepositoryV1">
                <inf:maxLength/>
              </xsd:appinfo>
            </xsd:annotation>
          </xsd:element>
          <xsd:element name="parameters" type="tns:ArrayOfGenericFaultParameter" minOccurs="0">
            <xsd:annotation>
              <xsd:documentation>Message parameters.</xsd:documentation>
              <xsd:appinfo xmlns:inf="http://soap.upskills.in/soap/default?services=salesOrderRepositoryV1">
                <inf:natureOfType>array</inf:natureOfType>
              </xsd:appinfo>
            </xsd:annotation>
          </xsd:element>
        </xsd:sequence>
      </xsd:complexType>
      <xsd:complexType name="ArrayOfWrappedError">
        <xsd:annotation>
          <xsd:documentation>An array of WrappedError items.</xsd:documentation>
          <xsd:appinfo xmlns:inf="http://soap.upskills.in/soap/default?services=salesOrderRepositoryV1"/>
        </xsd:annotation>
        <xsd:sequence>
          <xsd:element name="item" minOccurs="0" maxOccurs="unbounded" type="tns:WrappedError">
            <xsd:annotation>
              <xsd:documentation>An item of ArrayOfWrappedError.</xsd:documentation>
              <xsd:appinfo xmlns:inf="http://soap.upskills.in/soap/default?services=salesOrderRepositoryV1"/>
            </xsd:annotation>
          </xsd:element>
        </xsd:sequence>
      </xsd:complexType>
      <xsd:complexType name="GenericFault">
        <xsd:sequence>
          <xsd:element name="Trace" minOccurs="0" maxOccurs="1" type="xsd:string">
            <xsd:annotation>
              <xsd:documentation>Exception calls stack trace.</xsd:documentation>
              <xsd:appinfo xmlns:inf="http://soap.upskills.in/soap/default?services=salesOrderRepositoryV1">
                <inf:maxLength/>
              </xsd:appinfo>
            </xsd:annotation>
          </xsd:element>
          <xsd:element name="Parameters" type="tns:ArrayOfGenericFaultParameter" minOccurs="0">
            <xsd:annotation>
              <xsd:documentation>Additional exception parameters.</xsd:documentation>
              <xsd:appinfo xmlns:inf="http://soap.upskills.in/soap/default?services=salesOrderRepositoryV1">
                <inf:natureOfType>array</inf:natureOfType>
              </xsd:appinfo>
            </xsd:annotation>
          </xsd:element>
          <xsd:element name="WrappedErrors" type="tns:ArrayOfWrappedError" minOccurs="0">
            <xsd:annotation>
              <xsd:documentation>Additional wrapped errors.</xsd:documentation>
              <xsd:appinfo xmlns:inf="http://soap.upskills.in/soap/default?services=salesOrderRepositoryV1">
                <inf:natureOfType>array</inf:natureOfType>
              </xsd:appinfo>
            </xsd:annotation>
          </xsd:element>
        </xsd:sequence>
      </xsd:complexType>
      <xsd:complexType name="FrameworkDataImageContentInterface">
        <xsd:annotation>
          <xsd:documentation>Image Content data interface</xsd:documentation>
          <xsd:appinfo xmlns:inf="http://soap.upskills.in/soap/default?services=salesOrderRepositoryV1"/>
        </xsd:annotation>
        <xsd:sequence>
          <xsd:element name="base64EncodedData" minOccurs="1" maxOccurs="1" type="xsd:string">
            <xsd:annotation>
              <xsd:documentation>Media data (base64 encoded content)</xsd:documentation>
              <xsd:appinfo xmlns:inf="http://soap.upskills.in/soap/default?services=salesOrderRepositoryV1">
                <inf:maxLength/>
              </xsd:appinfo>
            </xsd:annotation>
          </xsd:element>
          <xsd:element name="type" minOccurs="1" maxOccurs="1" type="xsd:string">
            <xsd:annotation>
              <xsd:documentation>MIME type</xsd:documentation>
              <xsd:appinfo xmlns:inf="http://soap.upskills.in/soap/default?services=salesOrderRepositoryV1">
                <inf:maxLength/>
              </xsd:appinfo>
            </xsd:annotation>
          </xsd:element>
          <xsd:element name="name" minOccurs="1" maxOccurs="1" type="xsd:string">
            <xsd:annotation>
              <xsd:documentation>Image name</xsd:documentation>
              <xsd:appinfo xmlns:inf="http://soap.upskills.in/soap/default?services=salesOrderRepositoryV1">
                <inf:maxLength/>
              </xsd:appinfo>
            </xsd:annotation>
          </xsd:element>
        </xsd:sequence>
      </xsd:complexType>
      <xsd:complexType name="CustomerDataRegionExtensionInterface">
        <xsd:annotation>
          <xsd:documentation>ExtensionInterface class for @see \Magento\Customer\Api\Data\RegionInterface</xsd:documentation>
          <xsd:appinfo xmlns:inf="http://soap.upskills.in/soap/default?services=salesOrderRepositoryV1"/>
        </xsd:annotation>
      </xsd:complexType>
      <xsd:complexType name="CustomerDataRegionInterface">
        <xsd:annotation>
          <xsd:documentation>Customer address region interface.</xsd:documentation>
          <xsd:appinfo xmlns:inf="http://soap.upskills.in/soap/default?services=salesOrderRepositoryV1"/>
        </xsd:annotation>
        <xsd:sequence>
          <xsd:element name="regionCode" minOccurs="1" maxOccurs="1" type="xsd:string">
            <xsd:annotation>
              <xsd:documentation>Region code</xsd:documentation>
              <xsd:appinfo xmlns:inf="http://soap.upskills.in/soap/default?services=salesOrderRepositoryV1">
                <inf:maxLength/>
              </xsd:appinfo>
            </xsd:annotation>
          </xsd:element>
          <xsd:element name="region" minOccurs="1" maxOccurs="1" type="xsd:string">
            <xsd:annotation>
              <xsd:documentation>Region</xsd:documentation>
              <xsd:appinfo xmlns:inf="http://soap.upskills.in/soap/default?services=salesOrderRepositoryV1">
                <inf:maxLength/>
              </xsd:appinfo>
            </xsd:annotation>
          </xsd:element>
          <xsd:element name="regionId" minOccurs="1" maxOccurs="1" type="xsd:int">
            <xsd:annotation>
              <xsd:documentation>Region id</xsd:documentation>
              <xsd:appinfo xmlns:inf="http://soap.upskills.in/soap/default?services=salesOrderRepositoryV1">
                <inf:min/>
                <inf:max/>
              </xsd:appinfo>
            </xsd:annotation>
          </xsd:element>
          <xsd:element name="extensionAttributes" minOccurs="0" maxOccurs="1" type="tns:CustomerDataRegionExtensionInterface">
            <xsd:annotation>
              <xsd:documentation>Existing extension attributes object or create a new one.</xsd:documentation>
              <xsd:appinfo xmlns:inf="http://soap.upskills.in/soap/default?services=salesOrderRepositoryV1"/>
            </xsd:annotation>
          </xsd:element>
        </xsd:sequence>
      </xsd:complexType>
      <xsd:complexType name="ArrayOfString">
        <xsd:annotation>
          <xsd:documentation>An array of string items.</xsd:documentation>
          <xsd:appinfo xmlns:inf="http://soap.upskills.in/soap/default?services=salesOrderRepositoryV1"/>
        </xsd:annotation>
        <xsd:sequence>
          <xsd:element name="item" minOccurs="0" maxOccurs="unbounded" type="xsd:string">
            <xsd:annotation>
              <xsd:documentation>An item of ArrayOfString.</xsd:documentation>
              <xsd:appinfo xmlns:inf="http://soap.upskills.in/soap/default?services=salesOrderRepositoryV1">
                <inf:maxLength/>
              </xsd:appinfo>
            </xsd:annotation>
          </xsd:element>
        </xsd:sequence>
      </xsd:complexType>
      <xsd:complexType name="CustomerDataAddressExtensionInterface">
        <xsd:annotation>
          <xsd:documentation>ExtensionInterface class for @see \Magento\Customer\Api\Data\AddressInterface</xsd:documentation>
          <xsd:appinfo xmlns:inf="http://soap.upskills.in/soap/default?services=salesOrderRepositoryV1"/>
        </xsd:annotation>
      </xsd:complexType>
      <xsd:complexType name="FrameworkAttributeInterface">
        <xsd:annotation>
          <xsd:documentation>Interface for custom attribute value.</xsd:documentation>
          <xsd:appinfo xmlns:inf="http://soap.upskills.in/soap/default?services=salesOrderRepositoryV1"/>
        </xsd:annotation>
        <xsd:sequence>
          <xsd:element name="attributeCode" minOccurs="1" maxOccurs="1" type="xsd:string">
            <xsd:annotation>
              <xsd:documentation>Attribute code</xsd:documentation>
              <xsd:appinfo xmlns:inf="http://soap.upskills.in/soap/default?services=salesOrderRepositoryV1">
                <inf:maxLength/>
              </xsd:appinfo>
            </xsd:annotation>
          </xsd:element>
          <xsd:element name="value" minOccurs="1" maxOccurs="1" type="xsd:anyType">
            <xsd:annotation>
              <xsd:documentation>Attribute value</xsd:documentation>
              <xsd:appinfo xmlns:inf="http://soap.upskills.in/soap/default?services=salesOrderRepositoryV1"/>
            </xsd:annotation>
          </xsd:element>
        </xsd:sequence>
      </xsd:complexType>
      <xsd:complexType name="ArrayOfFrameworkAttributeInterface">
        <xsd:annotation>
          <xsd:documentation>An array of FrameworkAttributeInterface items.</xsd:documentation>
          <xsd:appinfo xmlns:inf="http://soap.upskills.in/soap/default?services=salesOrderRepositoryV1"/>
        </xsd:annotation>
        <xsd:sequence>
          <xsd:element name="item" minOccurs="0" maxOccurs="unbounded" type="tns:FrameworkAttributeInterface">
            <xsd:annotation>
              <xsd:documentation>An item of ArrayOfFrameworkAttributeInterface.</xsd:documentation>
              <xsd:appinfo xmlns:inf="http://soap.upskills.in/soap/default?services=salesOrderRepositoryV1"/>
            </xsd:annotation>
          </xsd:element>
        </xsd:sequence>
      </xsd:complexType>
      <xsd:complexType name="CustomerDataAddressInterface">
        <xsd:annotation>
          <xsd:documentation>Customer address interface.</xsd:documentation>
          <xsd:appinfo xmlns:inf="http://soap.upskills.in/soap/default?services=salesOrderRepositoryV1"/>
        </xsd:annotation>
        <xsd:sequence>
          <xsd:element name="id" minOccurs="0" maxOccurs="1" type="xsd:int">
            <xsd:annotation>
              <xsd:documentation>ID</xsd:documentation>
              <xsd:appinfo xmlns:inf="http://soap.upskills.in/soap/default?services=salesOrderRepositoryV1">
                <inf:min/>
                <inf:max/>
              </xsd:appinfo>
            </xsd:annotation>
          </xsd:element>
          <xsd:element name="customerId" minOccurs="0" maxOccurs="1" type="xsd:int">
            <xsd:annotation>
              <xsd:documentation>Customer ID</xsd:documentation>
              <xsd:appinfo xmlns:inf="http://soap.upskills.in/soap/default?services=salesOrderRepositoryV1">
                <inf:min/>
                <inf:max/>
              </xsd:appinfo>
            </xsd:annotation>
          </xsd:element>
          <xsd:element name="region" minOccurs="0" maxOccurs="1" type="tns:CustomerDataRegionInterface">
            <xsd:annotation>
              <xsd:documentation>Region</xsd:documentation>
              <xsd:appinfo xmlns:inf="http://soap.upskills.in/soap/default?services=salesOrderRepositoryV1"/>
            </xsd:annotation>
          </xsd:element>
          <xsd:element name="regionId" minOccurs="0" maxOccurs="1" type="xsd:int">
            <xsd:annotation>
              <xsd:documentation>Region ID</xsd:documentation>
              <xsd:appinfo xmlns:inf="http://soap.upskills.in/soap/default?services=salesOrderRepositoryV1">
                <inf:min/>
                <inf:max/>
              </xsd:appinfo>
            </xsd:annotation>
          </xsd:element>
          <xsd:element name="countryId" minOccurs="0" maxOccurs="1" type="xsd:string">
            <xsd:annotation>
              <xsd:documentation>Country code in ISO_3166-2 format</xsd:documentation>
              <xsd:appinfo xmlns:inf="http://soap.upskills.in/soap/default?services=salesOrderRepositoryV1">
                <inf:maxLength/>
              </xsd:appinfo>
            </xsd:annotation>
          </xsd:element>
          <xsd:element name="street" type="tns:ArrayOfString" minOccurs="0">
            <xsd:annotation>
              <xsd:documentation>Street</xsd:documentation>
              <xsd:appinfo xmlns:inf="http://soap.upskills.in/soap/default?services=salesOrderRepositoryV1">
                <inf:natureOfType>array</inf:natureOfType>
              </xsd:appinfo>
            </xsd:annotation>
          </xsd:element>
          <xsd:element name="company" minOccurs="0" maxOccurs="1" type="xsd:string">
            <xsd:annotation>
              <xsd:documentation>Company</xsd:documentation>
              <xsd:appinfo xmlns:inf="http://soap.upskills.in/soap/default?services=salesOrderRepositoryV1">
                <inf:maxLength/>
              </xsd:appinfo>
            </xsd:annotation>
          </xsd:element>
          <xsd:element name="telephone" minOccurs="0" maxOccurs="1" type="xsd:string">
            <xsd:annotation>
              <xsd:documentation>Telephone number</xsd:documentation>
              <xsd:appinfo xmlns:inf="http://soap.upskills.in/soap/default?services=salesOrderRepositoryV1">
                <inf:maxLength/>
              </xsd:appinfo>
            </xsd:annotation>
          </xsd:element>
          <xsd:element name="fax" minOccurs="0" maxOccurs="1" type="xsd:string">
            <xsd:annotation>
              <xsd:documentation>Fax number</xsd:documentation>
              <xsd:appinfo xmlns:inf="http://soap.upskills.in/soap/default?services=salesOrderRepositoryV1">
                <inf:maxLength/>
              </xsd:appinfo>
            </xsd:annotation>
          </xsd:element>
          <xsd:element name="postcode" minOccurs="0" maxOccurs="1" type="xsd:string">
            <xsd:annotation>
              <xsd:documentation>Postcode</xsd:documentation>
              <xsd:appinfo xmlns:inf="http://soap.upskills.in/soap/default?services=salesOrderRepositoryV1">
                <inf:maxLength/>
              </xsd:appinfo>
            </xsd:annotation>
          </xsd:element>
          <xsd:element name="city" minOccurs="0" maxOccurs="1" type="xsd:string">
            <xsd:annotation>
              <xsd:documentation>City name</xsd:documentation>
              <xsd:appinfo xmlns:inf="http://soap.upskills.in/soap/default?services=salesOrderRepositoryV1">
                <inf:maxLength/>
              </xsd:appinfo>
            </xsd:annotation>
          </xsd:element>
          <xsd:element name="firstname" minOccurs="0" maxOccurs="1" type="xsd:string">
            <xsd:annotation>
              <xsd:documentation>First name</xsd:documentation>
              <xsd:appinfo xmlns:inf="http://soap.upskills.in/soap/default?services=salesOrderRepositoryV1">
                <inf:maxLength/>
              </xsd:appinfo>
            </xsd:annotation>
          </xsd:element>
          <xsd:element name="lastname" minOccurs="0" maxOccurs="1" type="xsd:string">
            <xsd:annotation>
              <xsd:documentation>Last name</xsd:documentation>
              <xsd:appinfo xmlns:inf="http://soap.upskills.in/soap/default?services=salesOrderRepositoryV1">
                <inf:maxLength/>
              </xsd:appinfo>
            </xsd:annotation>
          </xsd:element>
          <xsd:element name="middlename" minOccurs="0" maxOccurs="1" type="xsd:string">
            <xsd:annotation>
              <xsd:documentation>Middle name</xsd:documentation>
              <xsd:appinfo xmlns:inf="http://soap.upskills.in/soap/default?services=salesOrderRepositoryV1">
                <inf:maxLength/>
              </xsd:appinfo>
            </xsd:annotation>
          </xsd:element>
          <xsd:element name="prefix" minOccurs="0" maxOccurs="1" type="xsd:string">
            <xsd:annotation>
              <xsd:documentation>Prefix</xsd:documentation>
              <xsd:appinfo xmlns:inf="http://soap.upskills.in/soap/default?services=salesOrderRepositoryV1">
                <inf:maxLength/>
              </xsd:appinfo>
            </xsd:annotation>
          </xsd:element>
          <xsd:element name="suffix" minOccurs="0" maxOccurs="1" type="xsd:string">
            <xsd:annotation>
              <xsd:documentation>Suffix</xsd:documentation>
              <xsd:appinfo xmlns:inf="http://soap.upskills.in/soap/default?services=salesOrderRepositoryV1">
                <inf:maxLength/>
              </xsd:appinfo>
            </xsd:annotation>
          </xsd:element>
          <xsd:element name="vatId" minOccurs="0" maxOccurs="1" type="xsd:string">
            <xsd:annotation>
              <xsd:documentation>Vat id</xsd:documentation>
              <xsd:appinfo xmlns:inf="http://soap.upskills.in/soap/default?services=salesOrderRepositoryV1">
                <inf:maxLength/>
              </xsd:appinfo>
            </xsd:annotation>
          </xsd:element>
          <xsd:element name="defaultShipping" minOccurs="0" maxOccurs="1" type="xsd:boolean">
            <xsd:annotation>
              <xsd:documentation>If this address is default shipping address.</xsd:documentation>
              <xsd:appinfo xmlns:inf="http://soap.upskills.in/soap/default?services=salesOrderRepositoryV1">
                <inf:default>false</inf:default>
              </xsd:appinfo>
            </xsd:annotation>
          </xsd:element>
          <xsd:element name="defaultBilling" minOccurs="0" maxOccurs="1" type="xsd:boolean">
            <xsd:annotation>
              <xsd:documentation>If this address is default billing address</xsd:documentation>
              <xsd:appinfo xmlns:inf="http://soap.upskills.in/soap/default?services=salesOrderRepositoryV1">
                <inf:default>false</inf:default>
              </xsd:appinfo>
            </xsd:annotation>
          </xsd:element>
          <xsd:element name="extensionAttributes" minOccurs="0" maxOccurs="1" type="tns:CustomerDataAddressExtensionInterface">
            <xsd:annotation>
              <xsd:documentation>Existing extension attributes object or create a new one.</xsd:documentation>
              <xsd:appinfo xmlns:inf="http://soap.upskills.in/soap/default?services=salesOrderRepositoryV1"/>
            </xsd:annotation>
          </xsd:element>
          <xsd:element name="customAttributes" type="tns:ArrayOfFrameworkAttributeInterface" minOccurs="0">
            <xsd:annotation>
              <xsd:documentation>Custom attributes values.</xsd:documentation>
              <xsd:appinfo xmlns:inf="http://soap.upskills.in/soap/default?services=salesOrderRepositoryV1">
                <inf:natureOfType>array</inf:natureOfType>
              </xsd:appinfo>
            </xsd:annotation>
          </xsd:element>
        </xsd:sequence>
      </xsd:complexType>
      <xsd:element name="salesOrderRepositoryV1GetRequest" type="tns:SalesOrderRepositoryV1GetRequest"/>
      <xsd:complexType name="SalesOrderRepositoryV1GetRequest">
        <xsd:annotation>
          <xsd:documentation>Loads a specified order.</xsd:documentation>
          <xsd:appinfo xmlns:inf="http://soap.upskills.in/soap/default?services=salesOrderRepositoryV1"/>
        </xsd:annotation>
        <xsd:sequence>
          <xsd:element name="id" minOccurs="1" maxOccurs="1" type="xsd:int">
            <xsd:annotation>
              <xsd:documentation>The order ID.</xsd:documentation>
              <xsd:appinfo xmlns:inf="http://soap.upskills.in/soap/default?services=salesOrderRepositoryV1">
                <inf:min/>
                <inf:max/>
                <inf:callInfo>
                  <inf:callName>salesOrderRepositoryV1Get</inf:callName>
                  <inf:requiredInput>Yes</inf:requiredInput>
                </inf:callInfo>
              </xsd:appinfo>
            </xsd:annotation>
          </xsd:element>
        </xsd:sequence>
      </xsd:complexType>
      <xsd:element name="salesOrderRepositoryV1GetResponse" type="tns:SalesOrderRepositoryV1GetResponse"/>
      <xsd:complexType name="CatalogDataCustomOptionExtensionInterface">
        <xsd:annotation>
          <xsd:documentation>ExtensionInterface class for @see \Magento\Catalog\Api\Data\CustomOptionInterface</xsd:documentation>
          <xsd:appinfo xmlns:inf="http://soap.upskills.in/soap/default?services=salesOrderRepositoryV1"/>
        </xsd:annotation>
        <xsd:sequence>
          <xsd:element name="fileInfo" minOccurs="0" maxOccurs="1" type="tns:FrameworkDataImageContentInterface">
            <xsd:annotation>
              <xsd:documentation/>
              <xsd:appinfo xmlns:inf="http://soap.upskills.in/soap/default?services=salesOrderRepositoryV1">
                <inf:callInfo>
                  <inf:callName>salesOrderRepositoryV1Get</inf:callName>
                  <inf:callName>salesOrderRepositoryV1Save</inf:callName>
                  <inf:returned>Conditionally</inf:returned>
                </inf:callInfo>
                <inf:callInfo>
                  <inf:callName>salesOrderRepositoryV1Save</inf:callName>
                  <inf:requiredInput>No</inf:requiredInput>
                </inf:callInfo>
              </xsd:appinfo>
            </xsd:annotation>
          </xsd:element>
        </xsd:sequence>
      </xsd:complexType>
      <xsd:complexType name="CatalogDataCustomOptionInterface">
        <xsd:annotation>
          <xsd:documentation>Interface CustomOptionInterface</xsd:documentation>
          <xsd:appinfo xmlns:inf="http://soap.upskills.in/soap/default?services=salesOrderRepositoryV1"/>
        </xsd:annotation>
        <xsd:sequence>
          <xsd:element name="optionId" minOccurs="1" maxOccurs="1" type="xsd:string">
            <xsd:annotation>
              <xsd:documentation>Option id</xsd:documentation>
              <xsd:appinfo xmlns:inf="http://soap.upskills.in/soap/default?services=salesOrderRepositoryV1">
                <inf:maxLength/>
                <inf:callInfo>
                  <inf:callName>salesOrderRepositoryV1Get</inf:callName>
                  <inf:callName>salesOrderRepositoryV1Save</inf:callName>
                  <inf:returned>Conditionally</inf:returned>
                </inf:callInfo>
                <inf:callInfo>
                  <inf:callName>salesOrderRepositoryV1Save</inf:callName>
                  <inf:requiredInput>No</inf:requiredInput>
                </inf:callInfo>
              </xsd:appinfo>
            </xsd:annotation>
          </xsd:element>
          <xsd:element name="optionValue" minOccurs="1" maxOccurs="1" type="xsd:string">
            <xsd:annotation>
              <xsd:documentation>Option value</xsd:documentation>
              <xsd:appinfo xmlns:inf="http://soap.upskills.in/soap/default?services=salesOrderRepositoryV1">
                <inf:maxLength/>
                <inf:callInfo>
                  <inf:callName>salesOrderRepositoryV1Get</inf:callName>
                  <inf:callName>salesOrderRepositoryV1Save</inf:callName>
                  <inf:returned>Conditionally</inf:returned>
                </inf:callInfo>
                <inf:callInfo>
                  <inf:callName>salesOrderRepositoryV1Save</inf:callName>
                  <inf:requiredInput>No</inf:requiredInput>
                </inf:callInfo>
              </xsd:appinfo>
            </xsd:annotation>
          </xsd:element>
          <xsd:element name="extensionAttributes" minOccurs="0" maxOccurs="1" type="tns:CatalogDataCustomOptionExtensionInterface">
            <xsd:annotation>
              <xsd:documentation>Existing extension attributes object or create a new one.</xsd:documentation>
              <xsd:appinfo xmlns:inf="http://soap.upskills.in/soap/default?services=salesOrderRepositoryV1">
                <inf:callInfo>
                  <inf:callName>salesOrderRepositoryV1Get</inf:callName>
                  <inf:callName>salesOrderRepositoryV1Save</inf:callName>
                  <inf:returned>Conditionally</inf:returned>
                </inf:callInfo>
                <inf:callInfo>
                  <inf:callName>salesOrderRepositoryV1Save</inf:callName>
                  <inf:requiredInput>No</inf:requiredInput>
                </inf:callInfo>
              </xsd:appinfo>
            </xsd:annotation>
          </xsd:element>
        </xsd:sequence>
      </xsd:complexType>
      <xsd:complexType name="ArrayOfCatalogDataCustomOptionInterface">
        <xsd:annotation>
          <xsd:documentation>An array of CatalogDataCustomOptionInterface items.</xsd:documentation>
          <xsd:appinfo xmlns:inf="http://soap.upskills.in/soap/default?services=salesOrderRepositoryV1"/>
        </xsd:annotation>
        <xsd:sequence>
          <xsd:element name="item" minOccurs="0" maxOccurs="unbounded" type="tns:CatalogDataCustomOptionInterface">
            <xsd:annotation>
              <xsd:documentation>An item of ArrayOfCatalogDataCustomOptionInterface.</xsd:documentation>
              <xsd:appinfo xmlns:inf="http://soap.upskills.in/soap/default?services=salesOrderRepositoryV1">
                <inf:callInfo>
                  <inf:callName>salesOrderRepositoryV1Get</inf:callName>
                  <inf:callName>salesOrderRepositoryV1Save</inf:callName>
                  <inf:returned>Conditionally</inf:returned>
                </inf:callInfo>
                <inf:callInfo>
                  <inf:callName>salesOrderRepositoryV1Save</inf:callName>
                  <inf:requiredInput>No</inf:requiredInput>
                </inf:callInfo>
              </xsd:appinfo>
            </xsd:annotation>
          </xsd:element>
        </xsd:sequence>
      </xsd:complexType>
      <xsd:complexType name="ConfigurableProductDataConfigurableItemOptionValueExtensionInterface">
        <xsd:annotation>
          <xsd:documentation>ExtensionInterface class for @see \Magento\ConfigurableProduct\Api\Data\ConfigurableItemOptionValueInterface</xsd:documentation>
          <xsd:appinfo xmlns:inf="http://soap.upskills.in/soap/default?services=salesOrderRepositoryV1"/>
        </xsd:annotation>
      </xsd:complexType>
      <xsd:complexType name="ConfigurableProductDataConfigurableItemOptionValueInterface">
        <xsd:annotation>
          <xsd:documentation>Interface ConfigurableItemOptionValueInterface</xsd:documentation>
          <xsd:appinfo xmlns:inf="http://soap.upskills.in/soap/default?services=salesOrderRepositoryV1"/>
        </xsd:annotation>
        <xsd:sequence>
          <xsd:element name="optionId" minOccurs="1" maxOccurs="1" type="xsd:string">
            <xsd:annotation>
              <xsd:documentation>Option SKU</xsd:documentation>
              <xsd:appinfo xmlns:inf="http://soap.upskills.in/soap/default?services=salesOrderRepositoryV1">
                <inf:maxLength/>
                <inf:callInfo>
                  <inf:callName>salesOrderRepositoryV1Get</inf:callName>
                  <inf:callName>salesOrderRepositoryV1Save</inf:callName>
                  <inf:returned>Conditionally</inf:returned>
                </inf:callInfo>
                <inf:callInfo>
                  <inf:callName>salesOrderRepositoryV1Save</inf:callName>
                  <inf:requiredInput>No</inf:requiredInput>
                </inf:callInfo>
              </xsd:appinfo>
            </xsd:annotation>
          </xsd:element>
          <xsd:element name="optionValue" minOccurs="0" maxOccurs="1" type="xsd:int">
            <xsd:annotation>
              <xsd:documentation>Item id</xsd:documentation>
              <xsd:appinfo xmlns:inf="http://soap.upskills.in/soap/default?services=salesOrderRepositoryV1">
                <inf:min/>
                <inf:max/>
                <inf:callInfo>
                  <inf:callName>salesOrderRepositoryV1Get</inf:callName>
                  <inf:callName>salesOrderRepositoryV1Save</inf:callName>
                  <inf:returned>Conditionally</inf:returned>
                </inf:callInfo>
                <inf:callInfo>
                  <inf:callName>salesOrderRepositoryV1Save</inf:callName>
                  <inf:requiredInput>No</inf:requiredInput>
                </inf:callInfo>
              </xsd:appinfo>
            </xsd:annotation>
          </xsd:element>
          <xsd:element name="extensionAttributes" minOccurs="0" maxOccurs="1" type="tns:ConfigurableProductDataConfigurableItemOptionValueExtensionInterface">
            <xsd:annotation>
              <xsd:documentation>Existing extension attributes object or create a new one.</xsd:documentation>
              <xsd:appinfo xmlns:inf="http://soap.upskills.in/soap/default?services=salesOrderRepositoryV1">
                <inf:callInfo>
                  <inf:callName>salesOrderRepositoryV1Get</inf:callName>
                  <inf:callName>salesOrderRepositoryV1Save</inf:callName>
                  <inf:returned>Conditionally</inf:returned>
                </inf:callInfo>
                <inf:callInfo>
                  <inf:callName>salesOrderRepositoryV1Save</inf:callName>
                  <inf:requiredInput>No</inf:requiredInput>
                </inf:callInfo>
              </xsd:appinfo>
            </xsd:annotation>
          </xsd:element>
        </xsd:sequence>
      </xsd:complexType>
      <xsd:complexType name="ArrayOfConfigurableProductDataConfigurableItemOptionValueInterface">
        <xsd:annotation>
          <xsd:documentation>An array of ConfigurableProductDataConfigurableItemOptionValueInterface items.</xsd:documentation>
          <xsd:appinfo xmlns:inf="http://soap.upskills.in/soap/default?services=salesOrderRepositoryV1"/>
        </xsd:annotation>
        <xsd:sequence>
          <xsd:element name="item" minOccurs="0" maxOccurs="unbounded" type="tns:ConfigurableProductDataConfigurableItemOptionValueInterface">
            <xsd:annotation>
              <xsd:documentation>An item of ArrayOfConfigurableProductDataConfigurableItemOptionValueInterface.</xsd:documentation>
              <xsd:appinfo xmlns:inf="http://soap.upskills.in/soap/default?services=salesOrderRepositoryV1">
                <inf:callInfo>
                  <inf:callName>salesOrderRepositoryV1Get</inf:callName>
                  <inf:callName>salesOrderRepositoryV1Save</inf:callName>
                  <inf:returned>Conditionally</inf:returned>
                </inf:callInfo>
                <inf:callInfo>
                  <inf:callName>salesOrderRepositoryV1Save</inf:callName>
                  <inf:requiredInput>No</inf:requiredInput>
                </inf:callInfo>
              </xsd:appinfo>
            </xsd:annotation>
          </xsd:element>
        </xsd:sequence>
      </xsd:complexType>
      <xsd:complexType name="ArrayOfInt">
        <xsd:annotation>
          <xsd:documentation>An array of int items.</xsd:documentation>
          <xsd:appinfo xmlns:inf="http://soap.upskills.in/soap/default?services=salesOrderRepositoryV1"/>
        </xsd:annotation>
        <xsd:sequence>
          <xsd:element name="item" minOccurs="0" maxOccurs="unbounded" type="xsd:int">
            <xsd:annotation>
              <xsd:documentation>An item of ArrayOfInt.</xsd:documentation>
              <xsd:appinfo xmlns:inf="http://soap.upskills.in/soap/default?services=salesOrderRepositoryV1">
                <inf:min/>
                <inf:max/>
                <inf:callInfo>
                  <inf:callName>salesOrderRepositoryV1Get</inf:callName>
                  <inf:callName>salesOrderRepositoryV1Save</inf:callName>
                  <inf:returned>Conditionally</inf:returned>
                </inf:callInfo>
                <inf:callInfo>
                  <inf:callName>salesOrderRepositoryV1Save</inf:callName>
                  <inf:requiredInput>No</inf:requiredInput>
                </inf:callInfo>
              </xsd:appinfo>
            </xsd:annotation>
          </xsd:element>
        </xsd:sequence>
      </xsd:complexType>
      <xsd:complexType name="DownloadableDataDownloadableOptionInterface">
        <xsd:annotation>
          <xsd:documentation>Downloadable Option</xsd:documentation>
          <xsd:appinfo xmlns:inf="http://soap.upskills.in/soap/default?services=salesOrderRepositoryV1"/>
        </xsd:annotation>
        <xsd:sequence>
          <xsd:element name="downloadableLinks" type="tns:ArrayOfInt">
            <xsd:annotation>
              <xsd:documentation>The list of downloadable links</xsd:documentation>
              <xsd:appinfo xmlns:inf="http://soap.upskills.in/soap/default?services=salesOrderRepositoryV1">
                <inf:natureOfType>array</inf:natureOfType>
                <inf:callInfo>
                  <inf:callName>salesOrderRepositoryV1Get</inf:callName>
                  <inf:callName>salesOrderRepositoryV1Save</inf:callName>
                  <inf:returned>Conditionally</inf:returned>
                </inf:callInfo>
                <inf:callInfo>
                  <inf:callName>salesOrderRepositoryV1Save</inf:callName>
                  <inf:requiredInput>No</inf:requiredInput>
                </inf:callInfo>
              </xsd:appinfo>
            </xsd:annotation>
          </xsd:element>
        </xsd:sequence>
      </xsd:complexType>
      <xsd:complexType name="BundleDataBundleOptionExtensionInterface">
        <xsd:annotation>
          <xsd:documentation>ExtensionInterface class for @see \Magento\Bundle\Api\Data\BundleOptionInterface</xsd:documentation>
          <xsd:appinfo xmlns:inf="http://soap.upskills.in/soap/default?services=salesOrderRepositoryV1"/>
        </xsd:annotation>
      </xsd:complexType>
      <xsd:complexType name="BundleDataBundleOptionInterface">
        <xsd:annotation>
          <xsd:documentation>Interface BundleOptionInterface</xsd:documentation>
          <xsd:appinfo xmlns:inf="http://soap.upskills.in/soap/default?services=salesOrderRepositoryV1"/>
        </xsd:annotation>
        <xsd:sequence>
          <xsd:element name="optionId" minOccurs="1" maxOccurs="1" type="xsd:int">
            <xsd:annotation>
              <xsd:documentation>Bundle option id.</xsd:documentation>
              <xsd:appinfo xmlns:inf="http://soap.upskills.in/soap/default?services=salesOrderRepositoryV1">
                <inf:min/>
                <inf:max/>
                <inf:callInfo>
                  <inf:callName>salesOrderRepositoryV1Get</inf:callName>
                  <inf:callName>salesOrderRepositoryV1Save</inf:callName>
                  <inf:returned>Conditionally</inf:returned>
                </inf:callInfo>
                <inf:callInfo>
                  <inf:callName>salesOrderRepositoryV1Save</inf:callName>
                  <inf:requiredInput>No</inf:requiredInput>
                </inf:callInfo>
              </xsd:appinfo>
            </xsd:annotation>
          </xsd:element>
          <xsd:element name="optionQty" minOccurs="1" maxOccurs="1" type="xsd:int">
            <xsd:annotation>
              <xsd:documentation>Bundle option quantity.</xsd:documentation>
              <xsd:appinfo xmlns:inf="http://soap.upskills.in/soap/default?services=salesOrderRepositoryV1">
                <inf:min/>
                <inf:max/>
                <inf:callInfo>
                  <inf:callName>salesOrderRepositoryV1Get</inf:callName>
                  <inf:callName>salesOrderRepositoryV1Save</inf:callName>
                  <inf:returned>Conditionally</inf:returned>
                </inf:callInfo>
                <inf:callInfo>
                  <inf:callName>salesOrderRepositoryV1Save</inf:callName>
                  <inf:requiredInput>No</inf:requiredInput>
                </inf:callInfo>
              </xsd:appinfo>
            </xsd:annotation>
          </xsd:element>
          <xsd:element name="optionSelections" type="tns:ArrayOfInt">
            <xsd:annotation>
              <xsd:documentation>Bundle option selection ids.</xsd:documentation>
              <xsd:appinfo xmlns:inf="http://soap.upskills.in/soap/default?services=salesOrderRepositoryV1">
                <inf:natureOfType>array</inf:natureOfType>
                <inf:callInfo>
                  <inf:callName>salesOrderRepositoryV1Get</inf:callName>
                  <inf:callName>salesOrderRepositoryV1Save</inf:callName>
                  <inf:returned>Conditionally</inf:returned>
                </inf:callInfo>
                <inf:callInfo>
                  <inf:callName>salesOrderRepositoryV1Save</inf:callName>
                  <inf:requiredInput>No</inf:requiredInput>
                </inf:callInfo>
              </xsd:appinfo>
            </xsd:annotation>
          </xsd:element>
          <xsd:element name="extensionAttributes" minOccurs="0" maxOccurs="1" type="tns:BundleDataBundleOptionExtensionInterface">
            <xsd:annotation>
              <xsd:documentation>Existing extension attributes object or create a new one.</xsd:documentation>
              <xsd:appinfo xmlns:inf="http://soap.upskills.in/soap/default?services=salesOrderRepositoryV1">
                <inf:callInfo>
                  <inf:callName>salesOrderRepositoryV1Get</inf:callName>
                  <inf:callName>salesOrderRepositoryV1Save</inf:callName>
                  <inf:returned>Conditionally</inf:returned>
                </inf:callInfo>
                <inf:callInfo>
                  <inf:callName>salesOrderRepositoryV1Save</inf:callName>
                  <inf:requiredInput>No</inf:requiredInput>
                </inf:callInfo>
              </xsd:appinfo>
            </xsd:annotation>
          </xsd:element>
        </xsd:sequence>
      </xsd:complexType>
      <xsd:complexType name="ArrayOfBundleDataBundleOptionInterface">
        <xsd:annotation>
          <xsd:documentation>An array of BundleDataBundleOptionInterface items.</xsd:documentation>
          <xsd:appinfo xmlns:inf="http://soap.upskills.in/soap/default?services=salesOrderRepositoryV1"/>
        </xsd:annotation>
        <xsd:sequence>
          <xsd:element name="item" minOccurs="0" maxOccurs="unbounded" type="tns:BundleDataBundleOptionInterface">
            <xsd:annotation>
              <xsd:documentation>An item of ArrayOfBundleDataBundleOptionInterface.</xsd:documentation>
              <xsd:appinfo xmlns:inf="http://soap.upskills.in/soap/default?services=salesOrderRepositoryV1">
                <inf:callInfo>
                  <inf:callName>salesOrderRepositoryV1Get</inf:callName>
                  <inf:callName>salesOrderRepositoryV1Save</inf:callName>
                  <inf:returned>Conditionally</inf:returned>
                </inf:callInfo>
                <inf:callInfo>
                  <inf:callName>salesOrderRepositoryV1Save</inf:callName>
                  <inf:requiredInput>No</inf:requiredInput>
                </inf:callInfo>
              </xsd:appinfo>
            </xsd:annotation>
          </xsd:element>
        </xsd:sequence>
      </xsd:complexType>
      <xsd:complexType name="CatalogDataProductOptionExtensionInterface">
        <xsd:annotation>
          <xsd:documentation>ExtensionInterface class for @see \Magento\Catalog\Api\Data\ProductOptionInterface</xsd:documentation>
          <xsd:appinfo xmlns:inf="http://soap.upskills.in/soap/default?services=salesOrderRepositoryV1"/>
        </xsd:annotation>
        <xsd:sequence>
          <xsd:element name="customOptions" type="tns:ArrayOfCatalogDataCustomOptionInterface" minOccurs="0">
            <xsd:annotation>
              <xsd:documentation/>
              <xsd:appinfo xmlns:inf="http://soap.upskills.in/soap/default?services=salesOrderRepositoryV1">
                <inf:natureOfType>array</inf:natureOfType>
                <inf:callInfo>
                  <inf:callName>salesOrderRepositoryV1Get</inf:callName>
                  <inf:callName>salesOrderRepositoryV1Save</inf:callName>
                  <inf:returned>Conditionally</inf:returned>
                </inf:callInfo>
                <inf:callInfo>
                  <inf:callName>salesOrderRepositoryV1Save</inf:callName>
                  <inf:requiredInput>No</inf:requiredInput>
                </inf:callInfo>
              </xsd:appinfo>
            </xsd:annotation>
          </xsd:element>
          <xsd:element name="configurableItemOptions" type="tns:ArrayOfConfigurableProductDataConfigurableItemOptionValueInterface" minOccurs="0">
            <xsd:annotation>
              <xsd:documentation/>
              <xsd:appinfo xmlns:inf="http://soap.upskills.in/soap/default?services=salesOrderRepositoryV1">
                <inf:natureOfType>array</inf:natureOfType>
                <inf:callInfo>
                  <inf:callName>salesOrderRepositoryV1Get</inf:callName>
                  <inf:callName>salesOrderRepositoryV1Save</inf:callName>
                  <inf:returned>Conditionally</inf:returned>
                </inf:callInfo>
                <inf:callInfo>
                  <inf:callName>salesOrderRepositoryV1Save</inf:callName>
                  <inf:requiredInput>No</inf:requiredInput>
                </inf:callInfo>
              </xsd:appinfo>
            </xsd:annotation>
          </xsd:element>
          <xsd:element name="downloadableOption" minOccurs="0" maxOccurs="1" type="tns:DownloadableDataDownloadableOptionInterface">
            <xsd:annotation>
              <xsd:documentation/>
              <xsd:appinfo xmlns:inf="http://soap.upskills.in/soap/default?services=salesOrderRepositoryV1">
                <inf:callInfo>
                  <inf:callName>salesOrderRepositoryV1Get</inf:callName>
                  <inf:callName>salesOrderRepositoryV1Save</inf:callName>
                  <inf:returned>Conditionally</inf:returned>
                </inf:callInfo>
                <inf:callInfo>
                  <inf:callName>salesOrderRepositoryV1Save</inf:callName>
                  <inf:requiredInput>No</inf:requiredInput>
                </inf:callInfo>
              </xsd:appinfo>
            </xsd:annotation>
          </xsd:element>
          <xsd:element name="bundleOptions" type="tns:ArrayOfBundleDataBundleOptionInterface" minOccurs="0">
            <xsd:annotation>
              <xsd:documentation/>
              <xsd:appinfo xmlns:inf="http://soap.upskills.in/soap/default?services=salesOrderRepositoryV1">
                <inf:natureOfType>array</inf:natureOfType>
                <inf:callInfo>
                  <inf:callName>salesOrderRepositoryV1Get</inf:callName>
                  <inf:callName>salesOrderRepositoryV1Save</inf:callName>
                  <inf:returned>Conditionally</inf:returned>
                </inf:callInfo>
                <inf:callInfo>
                  <inf:callName>salesOrderRepositoryV1Save</inf:callName>
                  <inf:requiredInput>No</inf:requiredInput>
                </inf:callInfo>
              </xsd:appinfo>
            </xsd:annotation>
          </xsd:element>
        </xsd:sequence>
      </xsd:complexType>
      <xsd:complexType name="CatalogDataProductOptionInterface">
        <xsd:annotation>
          <xsd:documentation>Product option interface</xsd:documentation>
          <xsd:appinfo xmlns:inf="http://soap.upskills.in/soap/default?services=salesOrderRepositoryV1"/>
        </xsd:annotation>
        <xsd:sequence>
          <xsd:element name="extensionAttributes" minOccurs="0" maxOccurs="1" type="tns:CatalogDataProductOptionExtensionInterface">
            <xsd:annotation>
              <xsd:documentation>Existing extension attributes object or create a new one.</xsd:documentation>
              <xsd:appinfo xmlns:inf="http://soap.upskills.in/soap/default?services=salesOrderRepositoryV1">
                <inf:callInfo>
                  <inf:callName>salesOrderRepositoryV1Get</inf:callName>
                  <inf:callName>salesOrderRepositoryV1Save</inf:callName>
                  <inf:returned>Conditionally</inf:returned>
                </inf:callInfo>
                <inf:callInfo>
                  <inf:callName>salesOrderRepositoryV1Save</inf:callName>
                  <inf:requiredInput>No</inf:requiredInput>
                </inf:callInfo>
              </xsd:appinfo>
            </xsd:annotation>
          </xsd:element>
        </xsd:sequence>
      </xsd:complexType>
      <xsd:complexType name="GiftMessageDataMessageExtensionInterface">
        <xsd:annotation>
          <xsd:documentation>ExtensionInterface class for @see \Magento\GiftMessage\Api\Data\MessageInterface</xsd:documentation>
          <xsd:appinfo xmlns:inf="http://soap.upskills.in/soap/default?services=salesOrderRepositoryV1"/>
        </xsd:annotation>
        <xsd:sequence>
          <xsd:element name="entityId" minOccurs="0" maxOccurs="1" type="xsd:string">
            <xsd:annotation>
              <xsd:documentation/>
              <xsd:appinfo xmlns:inf="http://soap.upskills.in/soap/default?services=salesOrderRepositoryV1">
                <inf:maxLength/>
                <inf:callInfo>
                  <inf:callName>salesOrderRepositoryV1Get</inf:callName>
                  <inf:callName>salesOrderRepositoryV1Save</inf:callName>
                  <inf:returned>Conditionally</inf:returned>
                </inf:callInfo>
                <inf:callInfo>
                  <inf:callName>salesOrderRepositoryV1Save</inf:callName>
                  <inf:requiredInput>No</inf:requiredInput>
                </inf:callInfo>
              </xsd:appinfo>
            </xsd:annotation>
          </xsd:element>
          <xsd:element name="entityType" minOccurs="0" maxOccurs="1" type="xsd:string">
            <xsd:annotation>
              <xsd:documentation/>
              <xsd:appinfo xmlns:inf="http://soap.upskills.in/soap/default?services=salesOrderRepositoryV1">
                <inf:maxLength/>
                <inf:callInfo>
                  <inf:callName>salesOrderRepositoryV1Get</inf:callName>
                  <inf:callName>salesOrderRepositoryV1Save</inf:callName>
                  <inf:returned>Conditionally</inf:returned>
                </inf:callInfo>
                <inf:callInfo>
                  <inf:callName>salesOrderRepositoryV1Save</inf:callName>
                  <inf:requiredInput>No</inf:requiredInput>
                </inf:callInfo>
              </xsd:appinfo>
            </xsd:annotation>
          </xsd:element>
        </xsd:sequence>
      </xsd:complexType>
      <xsd:complexType name="GiftMessageDataMessageInterface">
        <xsd:annotation>
          <xsd:documentation>Interface MessageInterface</xsd:documentation>
          <xsd:appinfo xmlns:inf="http://soap.upskills.in/soap/default?services=salesOrderRepositoryV1"/>
        </xsd:annotation>
        <xsd:sequence>
          <xsd:element name="giftMessageId" minOccurs="0" maxOccurs="1" type="xsd:int">
            <xsd:annotation>
              <xsd:documentation>Gift message ID. Otherwise, null.</xsd:documentation>
              <xsd:appinfo xmlns:inf="http://soap.upskills.in/soap/default?services=salesOrderRepositoryV1">
                <inf:min/>
                <inf:max/>
                <inf:callInfo>
                  <inf:callName>salesOrderRepositoryV1Get</inf:callName>
                  <inf:callName>salesOrderRepositoryV1Save</inf:callName>
                  <inf:returned>Conditionally</inf:returned>
                </inf:callInfo>
                <inf:callInfo>
                  <inf:callName>salesOrderRepositoryV1Save</inf:callName>
                  <inf:requiredInput>No</inf:requiredInput>
                </inf:callInfo>
              </xsd:appinfo>
            </xsd:annotation>
          </xsd:element>
          <xsd:element name="customerId" minOccurs="0" maxOccurs="1" type="xsd:int">
            <xsd:annotation>
              <xsd:documentation>Customer ID. Otherwise, null.</xsd:documentation>
              <xsd:appinfo xmlns:inf="http://soap.upskills.in/soap/default?services=salesOrderRepositoryV1">
                <inf:min/>
                <inf:max/>
                <inf:callInfo>
                  <inf:callName>salesOrderRepositoryV1Get</inf:callName>
                  <inf:callName>salesOrderRepositoryV1Save</inf:callName>
                  <inf:returned>Conditionally</inf:returned>
                </inf:callInfo>
                <inf:callInfo>
                  <inf:callName>salesOrderRepositoryV1Save</inf:callName>
                  <inf:requiredInput>No</inf:requiredInput>
                </inf:callInfo>
              </xsd:appinfo>
            </xsd:annotation>
          </xsd:element>
          <xsd:element name="sender" minOccurs="1" maxOccurs="1" type="xsd:string">
            <xsd:annotation>
              <xsd:documentation>Sender name.</xsd:documentation>
              <xsd:appinfo xmlns:inf="http://soap.upskills.in/soap/default?services=salesOrderRepositoryV1">
                <inf:maxLength/>
                <inf:callInfo>
                  <inf:callName>salesOrderRepositoryV1Get</inf:callName>
                  <inf:callName>salesOrderRepositoryV1Save</inf:callName>
                  <inf:returned>Conditionally</inf:returned>
                </inf:callInfo>
                <inf:callInfo>
                  <inf:callName>salesOrderRepositoryV1Save</inf:callName>
                  <inf:requiredInput>No</inf:requiredInput>
                </inf:callInfo>
              </xsd:appinfo>
            </xsd:annotation>
          </xsd:element>
          <xsd:element name="recipient" minOccurs="1" maxOccurs="1" type="xsd:string">
            <xsd:annotation>
              <xsd:documentation>Recipient name.</xsd:documentation>
              <xsd:appinfo xmlns:inf="http://soap.upskills.in/soap/default?services=salesOrderRepositoryV1">
                <inf:maxLength/>
                <inf:callInfo>
                  <inf:callName>salesOrderRepositoryV1Get</inf:callName>
                  <inf:callName>salesOrderRepositoryV1Save</inf:callName>
                  <inf:returned>Conditionally</inf:returned>
                </inf:callInfo>
                <inf:callInfo>
                  <inf:callName>salesOrderRepositoryV1Save</inf:callName>
                  <inf:requiredInput>No</inf:requiredInput>
                </inf:callInfo>
              </xsd:appinfo>
            </xsd:annotation>
          </xsd:element>
          <xsd:element name="message" minOccurs="1" maxOccurs="1" type="xsd:string">
            <xsd:annotation>
              <xsd:documentation>Message text.</xsd:documentation>
              <xsd:appinfo xmlns:inf="http://soap.upskills.in/soap/default?services=salesOrderRepositoryV1">
                <inf:maxLength/>
                <inf:callInfo>
                  <inf:callName>salesOrderRepositoryV1Get</inf:callName>
                  <inf:callName>salesOrderRepositoryV1Save</inf:callName>
                  <inf:returned>Conditionally</inf:returned>
                </inf:callInfo>
                <inf:callInfo>
                  <inf:callName>salesOrderRepositoryV1Save</inf:callName>
                  <inf:requiredInput>No</inf:requiredInput>
                </inf:callInfo>
              </xsd:appinfo>
            </xsd:annotation>
          </xsd:element>
          <xsd:element name="extensionAttributes" minOccurs="0" maxOccurs="1" type="tns:GiftMessageDataMessageExtensionInterface">
            <xsd:annotation>
              <xsd:documentation>Existing extension attributes object or create a new one.</xsd:documentation>
              <xsd:appinfo xmlns:inf="http://soap.upskills.in/soap/default?services=salesOrderRepositoryV1">
                <inf:callInfo>
                  <inf:callName>salesOrderRepositoryV1Get</inf:callName>
                  <inf:callName>salesOrderRepositoryV1Save</inf:callName>
                  <inf:returned>Conditionally</inf:returned>
                </inf:callInfo>
                <inf:callInfo>
                  <inf:callName>salesOrderRepositoryV1Save</inf:callName>
                  <inf:requiredInput>No</inf:requiredInput>
                </inf:callInfo>
              </xsd:appinfo>
            </xsd:annotation>
          </xsd:element>
        </xsd:sequence>
      </xsd:complexType>
      <xsd:complexType name="SalesDataOrderItemExtensionInterface">
        <xsd:annotation>
          <xsd:documentation>ExtensionInterface class for @see \Magento\Sales\Api\Data\OrderItemInterface</xsd:documentation>
          <xsd:appinfo xmlns:inf="http://soap.upskills.in/soap/default?services=salesOrderRepositoryV1"/>
        </xsd:annotation>
        <xsd:sequence>
          <xsd:element name="giftMessage" minOccurs="0" maxOccurs="1" type="tns:GiftMessageDataMessageInterface">
            <xsd:annotation>
              <xsd:documentation/>
              <xsd:appinfo xmlns:inf="http://soap.upskills.in/soap/default?services=salesOrderRepositoryV1">
                <inf:callInfo>
                  <inf:callName>salesOrderRepositoryV1Get</inf:callName>
                  <inf:callName>salesOrderRepositoryV1Save</inf:callName>
                  <inf:returned>Conditionally</inf:returned>
                </inf:callInfo>
                <inf:callInfo>
                  <inf:callName>salesOrderRepositoryV1Save</inf:callName>
                  <inf:requiredInput>No</inf:requiredInput>
                </inf:callInfo>
              </xsd:appinfo>
            </xsd:annotation>
          </xsd:element>
          <xsd:element name="vertexTaxCodes" type="tns:ArrayOfString" minOccurs="0">
            <xsd:annotation>
              <xsd:documentation/>
              <xsd:appinfo xmlns:inf="http://soap.upskills.in/soap/default?services=salesOrderRepositoryV1">
                <inf:natureOfType>array</inf:natureOfType>
                <inf:callInfo>
                  <inf:callName>salesOrderRepositoryV1Get</inf:callName>
                  <inf:callName>salesOrderRepositoryV1Save</inf:callName>
                  <inf:returned>Conditionally</inf:returned>
                </inf:callInfo>
                <inf:callInfo>
                  <inf:callName>salesOrderRepositoryV1Save</inf:callName>
                  <inf:requiredInput>No</inf:requiredInput>
                </inf:callInfo>
              </xsd:appinfo>
            </xsd:annotation>
          </xsd:element>
          <xsd:element name="invoiceTextCodes" type="tns:ArrayOfString" minOccurs="0">
            <xsd:annotation>
              <xsd:documentation/>
              <xsd:appinfo xmlns:inf="http://soap.upskills.in/soap/default?services=salesOrderRepositoryV1">
                <inf:natureOfType>array</inf:natureOfType>
                <inf:callInfo>
                  <inf:callName>salesOrderRepositoryV1Get</inf:callName>
                  <inf:callName>salesOrderRepositoryV1Save</inf:callName>
                  <inf:returned>Conditionally</inf:returned>
                </inf:callInfo>
                <inf:callInfo>
                  <inf:callName>salesOrderRepositoryV1Save</inf:callName>
                  <inf:requiredInput>No</inf:requiredInput>
                </inf:callInfo>
              </xsd:appinfo>
            </xsd:annotation>
          </xsd:element>
          <xsd:element name="taxCodes" type="tns:ArrayOfString" minOccurs="0">
            <xsd:annotation>
              <xsd:documentation/>
              <xsd:appinfo xmlns:inf="http://soap.upskills.in/soap/default?services=salesOrderRepositoryV1">
                <inf:natureOfType>array</inf:natureOfType>
                <inf:callInfo>
                  <inf:callName>salesOrderRepositoryV1Get</inf:callName>
                  <inf:callName>salesOrderRepositoryV1Save</inf:callName>
                  <inf:returned>Conditionally</inf:returned>
                </inf:callInfo>
                <inf:callInfo>
                  <inf:callName>salesOrderRepositoryV1Save</inf:callName>
                  <inf:requiredInput>No</inf:requiredInput>
                </inf:callInfo>
              </xsd:appinfo>
            </xsd:annotation>
          </xsd:element>
        </xsd:sequence>
      </xsd:complexType>
      <xsd:complexType name="SalesDataOrderItemInterface">
        <xsd:annotation>
          <xsd:documentation>Order item interface. An order is a document that a web store issues to a customer. Magento generates a sales order that lists the product items, billing and shipping addresses, and shipping and payment methods. A corresponding external document, known as a purchase order, is emailed to the customer.</xsd:documentation>
          <xsd:appinfo xmlns:inf="http://soap.upskills.in/soap/default?services=salesOrderRepositoryV1"/>
        </xsd:annotation>
        <xsd:sequence>
          <xsd:element name="additionalData" minOccurs="0" maxOccurs="1" type="xsd:string">
            <xsd:annotation>
              <xsd:documentation>Additional data.</xsd:documentation>
              <xsd:appinfo xmlns:inf="http://soap.upskills.in/soap/default?services=salesOrderRepositoryV1">
                <inf:maxLength/>
                <inf:callInfo>
                  <inf:callName>salesOrderRepositoryV1Get</inf:callName>
                  <inf:callName>salesOrderRepositoryV1Save</inf:callName>
                  <inf:returned>Conditionally</inf:returned>
                </inf:callInfo>
                <inf:callInfo>
                  <inf:callName>salesOrderRepositoryV1Save</inf:callName>
                  <inf:requiredInput>No</inf:requiredInput>
                </inf:callInfo>
              </xsd:appinfo>
            </xsd:annotation>
          </xsd:element>
          <xsd:element name="amountRefunded" minOccurs="0" maxOccurs="1" type="xsd:float">
            <xsd:annotation>
              <xsd:documentation>Amount refunded.</xsd:documentation>
              <xsd:appinfo xmlns:inf="http://soap.upskills.in/soap/default?services=salesOrderRepositoryV1">
                <inf:callInfo>
                  <inf:callName>salesOrderRepositoryV1Get</inf:callName>
                  <inf:callName>salesOrderRepositoryV1Save</inf:callName>
                  <inf:returned>Conditionally</inf:returned>
                </inf:callInfo>
                <inf:callInfo>
                  <inf:callName>salesOrderRepositoryV1Save</inf:callName>
                  <inf:requiredInput>No</inf:requiredInput>
                </inf:callInfo>
              </xsd:appinfo>
            </xsd:annotation>
          </xsd:element>
          <xsd:element name="appliedRuleIds" minOccurs="0" maxOccurs="1" type="xsd:string">
            <xsd:annotation>
              <xsd:documentation>Applied rule IDs.</xsd:documentation>
              <xsd:appinfo xmlns:inf="http://soap.upskills.in/soap/default?services=salesOrderRepositoryV1">
                <inf:maxLength/>
                <inf:callInfo>
                  <inf:callName>salesOrderRepositoryV1Get</inf:callName>
                  <inf:callName>salesOrderRepositoryV1Save</inf:callName>
                  <inf:returned>Conditionally</inf:returned>
                </inf:callInfo>
                <inf:callInfo>
                  <inf:callName>salesOrderRepositoryV1Save</inf:callName>
                  <inf:requiredInput>No</inf:requiredInput>
                </inf:callInfo>
              </xsd:appinfo>
            </xsd:annotation>
          </xsd:element>
          <xsd:element name="baseAmountRefunded" minOccurs="0" maxOccurs="1" type="xsd:float">
            <xsd:annotation>
              <xsd:documentation>Base amount refunded.</xsd:documentation>
              <xsd:appinfo xmlns:inf="http://soap.upskills.in/soap/default?services=salesOrderRepositoryV1">
                <inf:callInfo>
                  <inf:callName>salesOrderRepositoryV1Get</inf:callName>
                  <inf:callName>salesOrderRepositoryV1Save</inf:callName>
                  <inf:returned>Conditionally</inf:returned>
                </inf:callInfo>
                <inf:callInfo>
                  <inf:callName>salesOrderRepositoryV1Save</inf:callName>
                  <inf:requiredInput>No</inf:requiredInput>
                </inf:callInfo>
              </xsd:appinfo>
            </xsd:annotation>
          </xsd:element>
          <xsd:element name="baseCost" minOccurs="0" maxOccurs="1" type="xsd:float">
            <xsd:annotation>
              <xsd:documentation>Base cost.</xsd:documentation>
              <xsd:appinfo xmlns:inf="http://soap.upskills.in/soap/default?services=salesOrderRepositoryV1">
                <inf:callInfo>
                  <inf:callName>salesOrderRepositoryV1Get</inf:callName>
                  <inf:callName>salesOrderRepositoryV1Save</inf:callName>
                  <inf:returned>Conditionally</inf:returned>
                </inf:callInfo>
                <inf:callInfo>
                  <inf:callName>salesOrderRepositoryV1Save</inf:callName>
                  <inf:requiredInput>No</inf:requiredInput>
                </inf:callInfo>
              </xsd:appinfo>
            </xsd:annotation>
          </xsd:element>
          <xsd:element name="baseDiscountAmount" minOccurs="0" maxOccurs="1" type="xsd:float">
            <xsd:annotation>
              <xsd:documentation>Base discount amount.</xsd:documentation>
              <xsd:appinfo xmlns:inf="http://soap.upskills.in/soap/default?services=salesOrderRepositoryV1">
                <inf:callInfo>
                  <inf:callName>salesOrderRepositoryV1Get</inf:callName>
                  <inf:callName>salesOrderRepositoryV1Save</inf:callName>
                  <inf:returned>Conditionally</inf:returned>
                </inf:callInfo>
                <inf:callInfo>
                  <inf:callName>salesOrderRepositoryV1Save</inf:callName>
                  <inf:requiredInput>No</inf:requiredInput>
                </inf:callInfo>
              </xsd:appinfo>
            </xsd:annotation>
          </xsd:element>
          <xsd:element name="baseDiscountInvoiced" minOccurs="0" maxOccurs="1" type="xsd:float">
            <xsd:annotation>
              <xsd:documentation>Base discount invoiced.</xsd:documentation>
              <xsd:appinfo xmlns:inf="http://soap.upskills.in/soap/default?services=salesOrderRepositoryV1">
                <inf:callInfo>
                  <inf:callName>salesOrderRepositoryV1Get</inf:callName>
                  <inf:callName>salesOrderRepositoryV1Save</inf:callName>
                  <inf:returned>Conditionally</inf:returned>
                </inf:callInfo>
                <inf:callInfo>
                  <inf:callName>salesOrderRepositoryV1Save</inf:callName>
                  <inf:requiredInput>No</inf:requiredInput>
                </inf:callInfo>
              </xsd:appinfo>
            </xsd:annotation>
          </xsd:element>
          <xsd:element name="baseDiscountRefunded" minOccurs="0" maxOccurs="1" type="xsd:float">
            <xsd:annotation>
              <xsd:documentation>Base discount refunded.</xsd:documentation>
              <xsd:appinfo xmlns:inf="http://soap.upskills.in/soap/default?services=salesOrderRepositoryV1">
                <inf:callInfo>
                  <inf:callName>salesOrderRepositoryV1Get</inf:callName>
                  <inf:callName>salesOrderRepositoryV1Save</inf:callName>
                  <inf:returned>Conditionally</inf:returned>
                </inf:callInfo>
                <inf:callInfo>
                  <inf:callName>salesOrderRepositoryV1Save</inf:callName>
                  <inf:requiredInput>No</inf:requiredInput>
                </inf:callInfo>
              </xsd:appinfo>
            </xsd:annotation>
          </xsd:element>
          <xsd:element name="baseDiscountTaxCompensationAmount" minOccurs="0" maxOccurs="1" type="xsd:float">
            <xsd:annotation>
              <xsd:documentation>Base discount tax compensation amount.</xsd:documentation>
              <xsd:appinfo xmlns:inf="http://soap.upskills.in/soap/default?services=salesOrderRepositoryV1">
                <inf:callInfo>
                  <inf:callName>salesOrderRepositoryV1Get</inf:callName>
                  <inf:callName>salesOrderRepositoryV1Save</inf:callName>
                  <inf:returned>Conditionally</inf:returned>
                </inf:callInfo>
                <inf:callInfo>
                  <inf:callName>salesOrderRepositoryV1Save</inf:callName>
                  <inf:requiredInput>No</inf:requiredInput>
                </inf:callInfo>
              </xsd:appinfo>
            </xsd:annotation>
          </xsd:element>
          <xsd:element name="baseDiscountTaxCompensationInvoiced" minOccurs="0" maxOccurs="1" type="xsd:float">
            <xsd:annotation>
              <xsd:documentation>Base discount tax compensation invoiced.</xsd:documentation>
              <xsd:appinfo xmlns:inf="http://soap.upskills.in/soap/default?services=salesOrderRepositoryV1">
                <inf:callInfo>
                  <inf:callName>salesOrderRepositoryV1Get</inf:callName>
                  <inf:callName>salesOrderRepositoryV1Save</inf:callName>
                  <inf:returned>Conditionally</inf:returned>
                </inf:callInfo>
                <inf:callInfo>
                  <inf:callName>salesOrderRepositoryV1Save</inf:callName>
                  <inf:requiredInput>No</inf:requiredInput>
                </inf:callInfo>
              </xsd:appinfo>
            </xsd:annotation>
          </xsd:element>
          <xsd:element name="baseDiscountTaxCompensationRefunded" minOccurs="0" maxOccurs="1" type="xsd:float">
            <xsd:annotation>
              <xsd:documentation>Base discount tax compensation refunded.</xsd:documentation>
              <xsd:appinfo xmlns:inf="http://soap.upskills.in/soap/default?services=salesOrderRepositoryV1">
                <inf:callInfo>
                  <inf:callName>salesOrderRepositoryV1Get</inf:callName>
                  <inf:callName>salesOrderRepositoryV1Save</inf:callName>
                  <inf:returned>Conditionally</inf:returned>
                </inf:callInfo>
                <inf:callInfo>
                  <inf:callName>salesOrderRepositoryV1Save</inf:callName>
                  <inf:requiredInput>No</inf:requiredInput>
                </inf:callInfo>
              </xsd:appinfo>
            </xsd:annotation>
          </xsd:element>
          <xsd:element name="baseOriginalPrice" minOccurs="0" maxOccurs="1" type="xsd:float">
            <xsd:annotation>
              <xsd:documentation>Base original price.</xsd:documentation>
              <xsd:appinfo xmlns:inf="http://soap.upskills.in/soap/default?services=salesOrderRepositoryV1">
                <inf:callInfo>
                  <inf:callName>salesOrderRepositoryV1Get</inf:callName>
                  <inf:callName>salesOrderRepositoryV1Save</inf:callName>
                  <inf:returned>Conditionally</inf:returned>
                </inf:callInfo>
                <inf:callInfo>
                  <inf:callName>salesOrderRepositoryV1Save</inf:callName>
                  <inf:requiredInput>No</inf:requiredInput>
                </inf:callInfo>
              </xsd:appinfo>
            </xsd:annotation>
          </xsd:element>
          <xsd:element name="basePrice" minOccurs="0" maxOccurs="1" type="xsd:float">
            <xsd:annotation>
              <xsd:documentation>Base price.</xsd:documentation>
              <xsd:appinfo xmlns:inf="http://soap.upskills.in/soap/default?services=salesOrderRepositoryV1">
                <inf:callInfo>
                  <inf:callName>salesOrderRepositoryV1Get</inf:callName>
                  <inf:callName>salesOrderRepositoryV1Save</inf:callName>
                  <inf:returned>Conditionally</inf:returned>
                </inf:callInfo>
                <inf:callInfo>
                  <inf:callName>salesOrderRepositoryV1Save</inf:callName>
                  <inf:requiredInput>No</inf:requiredInput>
                </inf:callInfo>
              </xsd:appinfo>
            </xsd:annotation>
          </xsd:element>
          <xsd:element name="basePriceInclTax" minOccurs="0" maxOccurs="1" type="xsd:float">
            <xsd:annotation>
              <xsd:documentation>Base price including tax.</xsd:documentation>
              <xsd:appinfo xmlns:inf="http://soap.upskills.in/soap/default?services=salesOrderRepositoryV1">
                <inf:callInfo>
                  <inf:callName>salesOrderRepositoryV1Get</inf:callName>
                  <inf:callName>salesOrderRepositoryV1Save</inf:callName>
                  <inf:returned>Conditionally</inf:returned>
                </inf:callInfo>
                <inf:callInfo>
                  <inf:callName>salesOrderRepositoryV1Save</inf:callName>
                  <inf:requiredInput>No</inf:requiredInput>
                </inf:callInfo>
              </xsd:appinfo>
            </xsd:annotation>
          </xsd:element>
          <xsd:element name="baseRowInvoiced" minOccurs="0" maxOccurs="1" type="xsd:float">
            <xsd:annotation>
              <xsd:documentation>Base row invoiced.</xsd:documentation>
              <xsd:appinfo xmlns:inf="http://soap.upskills.in/soap/default?services=salesOrderRepositoryV1">
                <inf:callInfo>
                  <inf:callName>salesOrderRepositoryV1Get</inf:callName>
                  <inf:callName>salesOrderRepositoryV1Save</inf:callName>
                  <inf:returned>Conditionally</inf:returned>
                </inf:callInfo>
                <inf:callInfo>
                  <inf:callName>salesOrderRepositoryV1Save</inf:callName>
                  <inf:requiredInput>No</inf:requiredInput>
                </inf:callInfo>
              </xsd:appinfo>
            </xsd:annotation>
          </xsd:element>
          <xsd:element name="baseRowTotal" minOccurs="0" maxOccurs="1" type="xsd:float">
            <xsd:annotation>
              <xsd:documentation>Base row total.</xsd:documentation>
              <xsd:appinfo xmlns:inf="http://soap.upskills.in/soap/default?services=salesOrderRepositoryV1">
                <inf:callInfo>
                  <inf:callName>salesOrderRepositoryV1Get</inf:callName>
                  <inf:callName>salesOrderRepositoryV1Save</inf:callName>
                  <inf:returned>Conditionally</inf:returned>
                </inf:callInfo>
                <inf:callInfo>
                  <inf:callName>salesOrderRepositoryV1Save</inf:callName>
                  <inf:requiredInput>No</inf:requiredInput>
                </inf:callInfo>
              </xsd:appinfo>
            </xsd:annotation>
          </xsd:element>
          <xsd:element name="baseRowTotalInclTax" minOccurs="0" maxOccurs="1" type="xsd:float">
            <xsd:annotation>
              <xsd:documentation>Base row total including tax.</xsd:documentation>
              <xsd:appinfo xmlns:inf="http://soap.upskills.in/soap/default?services=salesOrderRepositoryV1">
                <inf:callInfo>
                  <inf:callName>salesOrderRepositoryV1Get</inf:callName>
                  <inf:callName>salesOrderRepositoryV1Save</inf:callName>
                  <inf:returned>Conditionally</inf:returned>
                </inf:callInfo>
                <inf:callInfo>
                  <inf:callName>salesOrderRepositoryV1Save</inf:callName>
                  <inf:requiredInput>No</inf:requiredInput>
                </inf:callInfo>
              </xsd:appinfo>
            </xsd:annotation>
          </xsd:element>
          <xsd:element name="baseTaxAmount" minOccurs="0" maxOccurs="1" type="xsd:float">
            <xsd:annotation>
              <xsd:documentation>Base tax amount.</xsd:documentation>
              <xsd:appinfo xmlns:inf="http://soap.upskills.in/soap/default?services=salesOrderRepositoryV1">
                <inf:callInfo>
                  <inf:callName>salesOrderRepositoryV1Get</inf:callName>
                  <inf:callName>salesOrderRepositoryV1Save</inf:callName>
                  <inf:returned>Conditionally</inf:returned>
                </inf:callInfo>
                <inf:callInfo>
                  <inf:callName>salesOrderRepositoryV1Save</inf:callName>
                  <inf:requiredInput>No</inf:requiredInput>
                </inf:callInfo>
              </xsd:appinfo>
            </xsd:annotation>
          </xsd:element>
          <xsd:element name="baseTaxBeforeDiscount" minOccurs="0" maxOccurs="1" type="xsd:float">
            <xsd:annotation>
              <xsd:documentation>Base tax before discount.</xsd:documentation>
              <xsd:appinfo xmlns:inf="http://soap.upskills.in/soap/default?services=salesOrderRepositoryV1">
                <inf:callInfo>
                  <inf:callName>salesOrderRepositoryV1Get</inf:callName>
                  <inf:callName>salesOrderRepositoryV1Save</inf:callName>
                  <inf:returned>Conditionally</inf:returned>
                </inf:callInfo>
                <inf:callInfo>
                  <inf:callName>salesOrderRepositoryV1Save</inf:callName>
                  <inf:requiredInput>No</inf:requiredInput>
                </inf:callInfo>
              </xsd:appinfo>
            </xsd:annotation>
          </xsd:element>
          <xsd:element name="baseTaxInvoiced" minOccurs="0" maxOccurs="1" type="xsd:float">
            <xsd:annotation>
              <xsd:documentation>Base tax invoiced.</xsd:documentation>
              <xsd:appinfo xmlns:inf="http://soap.upskills.in/soap/default?services=salesOrderRepositoryV1">
                <inf:callInfo>
                  <inf:callName>salesOrderRepositoryV1Get</inf:callName>
                  <inf:callName>salesOrderRepositoryV1Save</inf:callName>
                  <inf:returned>Conditionally</inf:returned>
                </inf:callInfo>
                <inf:callInfo>
                  <inf:callName>salesOrderRepositoryV1Save</inf:callName>
                  <inf:requiredInput>No</inf:requiredInput>
                </inf:callInfo>
              </xsd:appinfo>
            </xsd:annotation>
          </xsd:element>
          <xsd:element name="baseTaxRefunded" minOccurs="0" maxOccurs="1" type="xsd:float">
            <xsd:annotation>
              <xsd:documentation>Base tax refunded.</xsd:documentation>
              <xsd:appinfo xmlns:inf="http://soap.upskills.in/soap/default?services=salesOrderRepositoryV1">
                <inf:callInfo>
                  <inf:callName>salesOrderRepositoryV1Get</inf:callName>
                  <inf:callName>salesOrderRepositoryV1Save</inf:callName>
                  <inf:returned>Conditionally</inf:returned>
                </inf:callInfo>
                <inf:callInfo>
                  <inf:callName>salesOrderRepositoryV1Save</inf:callName>
                  <inf:requiredInput>No</inf:requiredInput>
                </inf:callInfo>
              </xsd:appinfo>
            </xsd:annotation>
          </xsd:element>
          <xsd:element name="baseWeeeTaxAppliedAmount" minOccurs="0" maxOccurs="1" type="xsd:float">
            <xsd:annotation>
              <xsd:documentation>Base WEEE tax applied amount.</xsd:documentation>
              <xsd:appinfo xmlns:inf="http://soap.upskills.in/soap/default?services=salesOrderRepositoryV1">
                <inf:callInfo>
                  <inf:callName>salesOrderRepositoryV1Get</inf:callName>
                  <inf:callName>salesOrderRepositoryV1Save</inf:callName>
                  <inf:returned>Conditionally</inf:returned>
                </inf:callInfo>
                <inf:callInfo>
                  <inf:callName>salesOrderRepositoryV1Save</inf:callName>
                  <inf:requiredInput>No</inf:requiredInput>
                </inf:callInfo>
              </xsd:appinfo>
            </xsd:annotation>
          </xsd:element>
          <xsd:element name="baseWeeeTaxAppliedRowAmnt" minOccurs="0" maxOccurs="1" type="xsd:float">
            <xsd:annotation>
              <xsd:documentation>Base WEEE tax applied row amount.</xsd:documentation>
              <xsd:appinfo xmlns:inf="http://soap.upskills.in/soap/default?services=salesOrderRepositoryV1">
                <inf:callInfo>
                  <inf:callName>salesOrderRepositoryV1Get</inf:callName>
                  <inf:callName>salesOrderRepositoryV1Save</inf:callName>
                  <inf:returned>Conditionally</inf:returned>
                </inf:callInfo>
                <inf:callInfo>
                  <inf:callName>salesOrderRepositoryV1Save</inf:callName>
                  <inf:requiredInput>No</inf:requiredInput>
                </inf:callInfo>
              </xsd:appinfo>
            </xsd:annotation>
          </xsd:element>
          <xsd:element name="baseWeeeTaxDisposition" minOccurs="0" maxOccurs="1" type="xsd:float">
            <xsd:annotation>
              <xsd:documentation>Base WEEE tax disposition.</xsd:documentation>
              <xsd:appinfo xmlns:inf="http://soap.upskills.in/soap/default?services=salesOrderRepositoryV1">
                <inf:callInfo>
                  <inf:callName>salesOrderRepositoryV1Get</inf:callName>
                  <inf:callName>salesOrderRepositoryV1Save</inf:callName>
                  <inf:returned>Conditionally</inf:returned>
                </inf:callInfo>
                <inf:callInfo>
                  <inf:callName>salesOrderRepositoryV1Save</inf:callName>
                  <inf:requiredInput>No</inf:requiredInput>
                </inf:callInfo>
              </xsd:appinfo>
            </xsd:annotation>
          </xsd:element>
          <xsd:element name="baseWeeeTaxRowDisposition" minOccurs="0" maxOccurs="1" type="xsd:float">
            <xsd:annotation>
              <xsd:documentation>Base WEEE tax row disposition.</xsd:documentation>
              <xsd:appinfo xmlns:inf="http://soap.upskills.in/soap/default?services=salesOrderRepositoryV1">
                <inf:callInfo>
                  <inf:callName>salesOrderRepositoryV1Get</inf:callName>
                  <inf:callName>salesOrderRepositoryV1Save</inf:callName>
                  <inf:returned>Conditionally</inf:returned>
                </inf:callInfo>
                <inf:callInfo>
                  <inf:callName>salesOrderRepositoryV1Save</inf:callName>
                  <inf:requiredInput>No</inf:requiredInput>
                </inf:callInfo>
              </xsd:appinfo>
            </xsd:annotation>
          </xsd:element>
          <xsd:element name="createdAt" minOccurs="0" maxOccurs="1" type="xsd:string">
            <xsd:annotation>
              <xsd:documentation>Created-at timestamp.</xsd:documentation>
              <xsd:appinfo xmlns:inf="http://soap.upskills.in/soap/default?services=salesOrderRepositoryV1">
                <inf:maxLength/>
                <inf:callInfo>
                  <inf:callName>salesOrderRepositoryV1Get</inf:callName>
                  <inf:callName>salesOrderRepositoryV1Save</inf:callName>
                  <inf:returned>Conditionally</inf:returned>
                </inf:callInfo>
                <inf:callInfo>
                  <inf:callName>salesOrderRepositoryV1Save</inf:callName>
                  <inf:requiredInput>No</inf:requiredInput>
                </inf:callInfo>
              </xsd:appinfo>
            </xsd:annotation>
          </xsd:element>
          <xsd:element name="description" minOccurs="0" maxOccurs="1" type="xsd:string">
            <xsd:annotation>
              <xsd:documentation>Description.</xsd:documentation>
              <xsd:appinfo xmlns:inf="http://soap.upskills.in/soap/default?services=salesOrderRepositoryV1">
                <inf:maxLength/>
                <inf:callInfo>
                  <inf:callName>salesOrderRepositoryV1Get</inf:callName>
                  <inf:callName>salesOrderRepositoryV1Save</inf:callName>
                  <inf:returned>Conditionally</inf:returned>
                </inf:callInfo>
                <inf:callInfo>
                  <inf:callName>salesOrderRepositoryV1Save</inf:callName>
                  <inf:requiredInput>No</inf:requiredInput>
                </inf:callInfo>
              </xsd:appinfo>
            </xsd:annotation>
          </xsd:element>
          <xsd:element name="discountAmount" minOccurs="0" maxOccurs="1" type="xsd:float">
            <xsd:annotation>
              <xsd:documentation>Discount amount.</xsd:documentation>
              <xsd:appinfo xmlns:inf="http://soap.upskills.in/soap/default?services=salesOrderRepositoryV1">
                <inf:callInfo>
                  <inf:callName>salesOrderRepositoryV1Get</inf:callName>
                  <inf:callName>salesOrderRepositoryV1Save</inf:callName>
                  <inf:returned>Conditionally</inf:returned>
                </inf:callInfo>
                <inf:callInfo>
                  <inf:callName>salesOrderRepositoryV1Save</inf:callName>
                  <inf:requiredInput>No</inf:requiredInput>
                </inf:callInfo>
              </xsd:appinfo>
            </xsd:annotation>
          </xsd:element>
          <xsd:element name="discountInvoiced" minOccurs="0" maxOccurs="1" type="xsd:float">
            <xsd:annotation>
              <xsd:documentation>Discount invoiced.</xsd:documentation>
              <xsd:appinfo xmlns:inf="http://soap.upskills.in/soap/default?services=salesOrderRepositoryV1">
                <inf:callInfo>
                  <inf:callName>salesOrderRepositoryV1Get</inf:callName>
                  <inf:callName>salesOrderRepositoryV1Save</inf:callName>
                  <inf:returned>Conditionally</inf:returned>
                </inf:callInfo>
                <inf:callInfo>
                  <inf:callName>salesOrderRepositoryV1Save</inf:callName>
                  <inf:requiredInput>No</inf:requiredInput>
                </inf:callInfo>
              </xsd:appinfo>
            </xsd:annotation>
          </xsd:element>
          <xsd:element name="discountPercent" minOccurs="0" maxOccurs="1" type="xsd:float">
            <xsd:annotation>
              <xsd:documentation>Discount percent.</xsd:documentation>
              <xsd:appinfo xmlns:inf="http://soap.upskills.in/soap/default?services=salesOrderRepositoryV1">
                <inf:callInfo>
                  <inf:callName>salesOrderRepositoryV1Get</inf:callName>
                  <inf:callName>salesOrderRepositoryV1Save</inf:callName>
                  <inf:returned>Conditionally</inf:returned>
                </inf:callInfo>
                <inf:callInfo>
                  <inf:callName>salesOrderRepositoryV1Save</inf:callName>
                  <inf:requiredInput>No</inf:requiredInput>
                </inf:callInfo>
              </xsd:appinfo>
            </xsd:annotation>
          </xsd:element>
          <xsd:element name="discountRefunded" minOccurs="0" maxOccurs="1" type="xsd:float">
            <xsd:annotation>
              <xsd:documentation>Discount refunded.</xsd:documentation>
              <xsd:appinfo xmlns:inf="http://soap.upskills.in/soap/default?services=salesOrderRepositoryV1">
                <inf:callInfo>
                  <inf:callName>salesOrderRepositoryV1Get</inf:callName>
                  <inf:callName>salesOrderRepositoryV1Save</inf:callName>
                  <inf:returned>Conditionally</inf:returned>
                </inf:callInfo>
                <inf:callInfo>
                  <inf:callName>salesOrderRepositoryV1Save</inf:callName>
                  <inf:requiredInput>No</inf:requiredInput>
                </inf:callInfo>
              </xsd:appinfo>
            </xsd:annotation>
          </xsd:element>
          <xsd:element name="eventId" minOccurs="0" maxOccurs="1" type="xsd:int">
            <xsd:annotation>
              <xsd:documentation>Event ID.</xsd:documentation>
              <xsd:appinfo xmlns:inf="http://soap.upskills.in/soap/default?services=salesOrderRepositoryV1">
                <inf:min/>
                <inf:max/>
                <inf:callInfo>
                  <inf:callName>salesOrderRepositoryV1Get</inf:callName>
                  <inf:callName>salesOrderRepositoryV1Save</inf:callName>
                  <inf:returned>Conditionally</inf:returned>
                </inf:callInfo>
                <inf:callInfo>
                  <inf:callName>salesOrderRepositoryV1Save</inf:callName>
                  <inf:requiredInput>No</inf:requiredInput>
                </inf:callInfo>
              </xsd:appinfo>
            </xsd:annotation>
          </xsd:element>
          <xsd:element name="extOrderItemId" minOccurs="0" maxOccurs="1" type="xsd:string">
            <xsd:annotation>
              <xsd:documentation>External order item ID.</xsd:documentation>
              <xsd:appinfo xmlns:inf="http://soap.upskills.in/soap/default?services=salesOrderRepositoryV1">
                <inf:maxLength/>
                <inf:callInfo>
                  <inf:callName>salesOrderRepositoryV1Get</inf:callName>
                  <inf:callName>salesOrderRepositoryV1Save</inf:callName>
                  <inf:returned>Conditionally</inf:returned>
                </inf:callInfo>
                <inf:callInfo>
                  <inf:callName>salesOrderRepositoryV1Save</inf:callName>
                  <inf:requiredInput>No</inf:requiredInput>
                </inf:callInfo>
              </xsd:appinfo>
            </xsd:annotation>
          </xsd:element>
          <xsd:element name="freeShipping" minOccurs="0" maxOccurs="1" type="xsd:int">
            <xsd:annotation>
              <xsd:documentation>Free-shipping flag value.</xsd:documentation>
              <xsd:appinfo xmlns:inf="http://soap.upskills.in/soap/default?services=salesOrderRepositoryV1">
                <inf:min/>
                <inf:max/>
                <inf:callInfo>
                  <inf:callName>salesOrderRepositoryV1Get</inf:callName>
                  <inf:callName>salesOrderRepositoryV1Save</inf:callName>
                  <inf:returned>Conditionally</inf:returned>
                </inf:callInfo>
                <inf:callInfo>
                  <inf:callName>salesOrderRepositoryV1Save</inf:callName>
                  <inf:requiredInput>No</inf:requiredInput>
                </inf:callInfo>
              </xsd:appinfo>
            </xsd:annotation>
          </xsd:element>
          <xsd:element name="gwBasePrice" minOccurs="0" maxOccurs="1" type="xsd:float">
            <xsd:annotation>
              <xsd:documentation>GW base price.</xsd:documentation>
              <xsd:appinfo xmlns:inf="http://soap.upskills.in/soap/default?services=salesOrderRepositoryV1">
                <inf:callInfo>
                  <inf:callName>salesOrderRepositoryV1Get</inf:callName>
                  <inf:callName>salesOrderRepositoryV1Save</inf:callName>
                  <inf:returned>Conditionally</inf:returned>
                </inf:callInfo>
                <inf:callInfo>
                  <inf:callName>salesOrderRepositoryV1Save</inf:callName>
                  <inf:requiredInput>No</inf:requiredInput>
                </inf:callInfo>
              </xsd:appinfo>
            </xsd:annotation>
          </xsd:element>
          <xsd:element name="gwBasePriceInvoiced" minOccurs="0" maxOccurs="1" type="xsd:float">
            <xsd:annotation>
              <xsd:documentation>GW base price invoiced.</xsd:documentation>
              <xsd:appinfo xmlns:inf="http://soap.upskills.in/soap/default?services=salesOrderRepositoryV1">
                <inf:callInfo>
                  <inf:callName>salesOrderRepositoryV1Get</inf:callName>
                  <inf:callName>salesOrderRepositoryV1Save</inf:callName>
                  <inf:returned>Conditionally</inf:returned>
                </inf:callInfo>
                <inf:callInfo>
                  <inf:callName>salesOrderRepositoryV1Save</inf:callName>
                  <inf:requiredInput>No</inf:requiredInput>
                </inf:callInfo>
              </xsd:appinfo>
            </xsd:annotation>
          </xsd:element>
          <xsd:element name="gwBasePriceRefunded" minOccurs="0" maxOccurs="1" type="xsd:float">
            <xsd:annotation>
              <xsd:documentation>GW base price refunded.</xsd:documentation>
              <xsd:appinfo xmlns:inf="http://soap.upskills.in/soap/default?services=salesOrderRepositoryV1">
                <inf:callInfo>
                  <inf:callName>salesOrderRepositoryV1Get</inf:callName>
                  <inf:callName>salesOrderRepositoryV1Save</inf:callName>
                  <inf:returned>Conditionally</inf:returned>
                </inf:callInfo>
                <inf:callInfo>
                  <inf:callName>salesOrderRepositoryV1Save</inf:callName>
                  <inf:requiredInput>No</inf:requiredInput>
                </inf:callInfo>
              </xsd:appinfo>
            </xsd:annotation>
          </xsd:element>
          <xsd:element name="gwBaseTaxAmount" minOccurs="0" maxOccurs="1" type="xsd:float">
            <xsd:annotation>
              <xsd:documentation>GW base tax amount.</xsd:documentation>
              <xsd:appinfo xmlns:inf="http://soap.upskills.in/soap/default?services=salesOrderRepositoryV1">
                <inf:callInfo>
                  <inf:callName>salesOrderRepositoryV1Get</inf:callName>
                  <inf:callName>salesOrderRepositoryV1Save</inf:callName>
                  <inf:returned>Conditionally</inf:returned>
                </inf:callInfo>
                <inf:callInfo>
                  <inf:callName>salesOrderRepositoryV1Save</inf:callName>
                  <inf:requiredInput>No</inf:requiredInput>
                </inf:callInfo>
              </xsd:appinfo>
            </xsd:annotation>
          </xsd:element>
          <xsd:element name="gwBaseTaxAmountInvoiced" minOccurs="0" maxOccurs="1" type="xsd:float">
            <xsd:annotation>
              <xsd:documentation>GW base tax amount invoiced.</xsd:documentation>
              <xsd:appinfo xmlns:inf="http://soap.upskills.in/soap/default?services=salesOrderRepositoryV1">
                <inf:callInfo>
                  <inf:callName>salesOrderRepositoryV1Get</inf:callName>
                  <inf:callName>salesOrderRepositoryV1Save</inf:callName>
                  <inf:returned>Conditionally</inf:returned>
                </inf:callInfo>
                <inf:callInfo>
                  <inf:callName>salesOrderRepositoryV1Save</inf:callName>
                  <inf:requiredInput>No</inf:requiredInput>
                </inf:callInfo>
              </xsd:appinfo>
            </xsd:annotation>
          </xsd:element>
          <xsd:element name="gwBaseTaxAmountRefunded" minOccurs="0" maxOccurs="1" type="xsd:float">
            <xsd:annotation>
              <xsd:documentation>GW base tax amount refunded.</xsd:documentation>
              <xsd:appinfo xmlns:inf="http://soap.upskills.in/soap/default?services=salesOrderRepositoryV1">
                <inf:callInfo>
                  <inf:callName>salesOrderRepositoryV1Get</inf:callName>
                  <inf:callName>salesOrderRepositoryV1Save</inf:callName>
                  <inf:returned>Conditionally</inf:returned>
                </inf:callInfo>
                <inf:callInfo>
                  <inf:callName>salesOrderRepositoryV1Save</inf:callName>
                  <inf:requiredInput>No</inf:requiredInput>
                </inf:callInfo>
              </xsd:appinfo>
            </xsd:annotation>
          </xsd:element>
          <xsd:element name="gwId" minOccurs="0" maxOccurs="1" type="xsd:int">
            <xsd:annotation>
              <xsd:documentation>GW ID.</xsd:documentation>
              <xsd:appinfo xmlns:inf="http://soap.upskills.in/soap/default?services=salesOrderRepositoryV1">
                <inf:min/>
                <inf:max/>
                <inf:callInfo>
                  <inf:callName>salesOrderRepositoryV1Get</inf:callName>
                  <inf:callName>salesOrderRepositoryV1Save</inf:callName>
                  <inf:returned>Conditionally</inf:returned>
                </inf:callInfo>
                <inf:callInfo>
                  <inf:callName>salesOrderRepositoryV1Save</inf:callName>
                  <inf:requiredInput>No</inf:requiredInput>
                </inf:callInfo>
              </xsd:appinfo>
            </xsd:annotation>
          </xsd:element>
          <xsd:element name="gwPrice" minOccurs="0" maxOccurs="1" type="xsd:float">
            <xsd:annotation>
              <xsd:documentation>GW price.</xsd:documentation>
              <xsd:appinfo xmlns:inf="http://soap.upskills.in/soap/default?services=salesOrderRepositoryV1">
                <inf:callInfo>
                  <inf:callName>salesOrderRepositoryV1Get</inf:callName>
                  <inf:callName>salesOrderRepositoryV1Save</inf:callName>
                  <inf:returned>Conditionally</inf:returned>
                </inf:callInfo>
                <inf:callInfo>
                  <inf:callName>salesOrderRepositoryV1Save</inf:callName>
                  <inf:requiredInput>No</inf:requiredInput>
                </inf:callInfo>
              </xsd:appinfo>
            </xsd:annotation>
          </xsd:element>
          <xsd:element name="gwPriceInvoiced" minOccurs="0" maxOccurs="1" type="xsd:float">
            <xsd:annotation>
              <xsd:documentation>GW price invoiced.</xsd:documentation>
              <xsd:appinfo xmlns:inf="http://soap.upskills.in/soap/default?services=salesOrderRepositoryV1">
                <inf:callInfo>
                  <inf:callName>salesOrderRepositoryV1Get</inf:callName>
                  <inf:callName>salesOrderRepositoryV1Save</inf:callName>
                  <inf:returned>Conditionally</inf:returned>
                </inf:callInfo>
                <inf:callInfo>
                  <inf:callName>salesOrderRepositoryV1Save</inf:callName>
                  <inf:requiredInput>No</inf:requiredInput>
                </inf:callInfo>
              </xsd:appinfo>
            </xsd:annotation>
          </xsd:element>
          <xsd:element name="gwPriceRefunded" minOccurs="0" maxOccurs="1" type="xsd:float">
            <xsd:annotation>
              <xsd:documentation>GW price refunded.</xsd:documentation>
              <xsd:appinfo xmlns:inf="http://soap.upskills.in/soap/default?services=salesOrderRepositoryV1">
                <inf:callInfo>
                  <inf:callName>salesOrderRepositoryV1Get</inf:callName>
                  <inf:callName>salesOrderRepositoryV1Save</inf:callName>
                  <inf:returned>Conditionally</inf:returned>
                </inf:callInfo>
                <inf:callInfo>
                  <inf:callName>salesOrderRepositoryV1Save</inf:callName>
                  <inf:requiredInput>No</inf:requiredInput>
                </inf:callInfo>
              </xsd:appinfo>
            </xsd:annotation>
          </xsd:element>
          <xsd:element name="gwTaxAmount" minOccurs="0" maxOccurs="1" type="xsd:float">
            <xsd:annotation>
              <xsd:documentation>GW tax amount.</xsd:documentation>
              <xsd:appinfo xmlns:inf="http://soap.upskills.in/soap/default?services=salesOrderRepositoryV1">
                <inf:callInfo>
                  <inf:callName>salesOrderRepositoryV1Get</inf:callName>
                  <inf:callName>salesOrderRepositoryV1Save</inf:callName>
                  <inf:returned>Conditionally</inf:returned>
                </inf:callInfo>
                <inf:callInfo>
                  <inf:callName>salesOrderRepositoryV1Save</inf:callName>
                  <inf:requiredInput>No</inf:requiredInput>
                </inf:callInfo>
              </xsd:appinfo>
            </xsd:annotation>
          </xsd:element>
          <xsd:element name="gwTaxAmountInvoiced" minOccurs="0" maxOccurs="1" type="xsd:float">
            <xsd:annotation>
              <xsd:documentation>GW tax amount invoiced.</xsd:documentation>
              <xsd:appinfo xmlns:inf="http://soap.upskills.in/soap/default?services=salesOrderRepositoryV1">
                <inf:callInfo>
                  <inf:callName>salesOrderRepositoryV1Get</inf:callName>
                  <inf:callName>salesOrderRepositoryV1Save</inf:callName>
                  <inf:returned>Conditionally</inf:returned>
                </inf:callInfo>
                <inf:callInfo>
                  <inf:callName>salesOrderRepositoryV1Save</inf:callName>
                  <inf:requiredInput>No</inf:requiredInput>
                </inf:callInfo>
              </xsd:appinfo>
            </xsd:annotation>
          </xsd:element>
          <xsd:element name="gwTaxAmountRefunded" minOccurs="0" maxOccurs="1" type="xsd:float">
            <xsd:annotation>
              <xsd:documentation>GW tax amount refunded.</xsd:documentation>
              <xsd:appinfo xmlns:inf="http://soap.upskills.in/soap/default?services=salesOrderRepositoryV1">
                <inf:callInfo>
                  <inf:callName>salesOrderRepositoryV1Get</inf:callName>
                  <inf:callName>salesOrderRepositoryV1Save</inf:callName>
                  <inf:returned>Conditionally</inf:returned>
                </inf:callInfo>
                <inf:callInfo>
                  <inf:callName>salesOrderRepositoryV1Save</inf:callName>
                  <inf:requiredInput>No</inf:requiredInput>
                </inf:callInfo>
              </xsd:appinfo>
            </xsd:annotation>
          </xsd:element>
          <xsd:element name="discountTaxCompensationAmount" minOccurs="0" maxOccurs="1" type="xsd:float">
            <xsd:annotation>
              <xsd:documentation>Discount tax compensation amount.</xsd:documentation>
              <xsd:appinfo xmlns:inf="http://soap.upskills.in/soap/default?services=salesOrderRepositoryV1">
                <inf:callInfo>
                  <inf:callName>salesOrderRepositoryV1Get</inf:callName>
                  <inf:callName>salesOrderRepositoryV1Save</inf:callName>
                  <inf:returned>Conditionally</inf:returned>
                </inf:callInfo>
                <inf:callInfo>
                  <inf:callName>salesOrderRepositoryV1Save</inf:callName>
                  <inf:requiredInput>No</inf:requiredInput>
                </inf:callInfo>
              </xsd:appinfo>
            </xsd:annotation>
          </xsd:element>
          <xsd:element name="discountTaxCompensationCanceled" minOccurs="0" maxOccurs="1" type="xsd:float">
            <xsd:annotation>
              <xsd:documentation>Discount tax compensation canceled.</xsd:documentation>
              <xsd:appinfo xmlns:inf="http://soap.upskills.in/soap/default?services=salesOrderRepositoryV1">
                <inf:callInfo>
                  <inf:callName>salesOrderRepositoryV1Get</inf:callName>
                  <inf:callName>salesOrderRepositoryV1Save</inf:callName>
                  <inf:returned>Conditionally</inf:returned>
                </inf:callInfo>
                <inf:callInfo>
                  <inf:callName>salesOrderRepositoryV1Save</inf:callName>
                  <inf:requiredInput>No</inf:requiredInput>
                </inf:callInfo>
              </xsd:appinfo>
            </xsd:annotation>
          </xsd:element>
          <xsd:element name="discountTaxCompensationInvoiced" minOccurs="0" maxOccurs="1" type="xsd:float">
            <xsd:annotation>
              <xsd:documentation>Discount tax compensation invoiced.</xsd:documentation>
              <xsd:appinfo xmlns:inf="http://soap.upskills.in/soap/default?services=salesOrderRepositoryV1">
                <inf:callInfo>
                  <inf:callName>salesOrderRepositoryV1Get</inf:callName>
                  <inf:callName>salesOrderRepositoryV1Save</inf:callName>
                  <inf:returned>Conditionally</inf:returned>
                </inf:callInfo>
                <inf:callInfo>
                  <inf:callName>salesOrderRepositoryV1Save</inf:callName>
                  <inf:requiredInput>No</inf:requiredInput>
                </inf:callInfo>
              </xsd:appinfo>
            </xsd:annotation>
          </xsd:element>
          <xsd:element name="discountTaxCompensationRefunded" minOccurs="0" maxOccurs="1" type="xsd:float">
            <xsd:annotation>
              <xsd:documentation>Discount tax compensation refunded.</xsd:documentation>
              <xsd:appinfo xmlns:inf="http://soap.upskills.in/soap/default?services=salesOrderRepositoryV1">
                <inf:callInfo>
                  <inf:callName>salesOrderRepositoryV1Get</inf:callName>
                  <inf:callName>salesOrderRepositoryV1Save</inf:callName>
                  <inf:returned>Conditionally</inf:returned>
                </inf:callInfo>
                <inf:callInfo>
                  <inf:callName>salesOrderRepositoryV1Save</inf:callName>
                  <inf:requiredInput>No</inf:requiredInput>
                </inf:callInfo>
              </xsd:appinfo>
            </xsd:annotation>
          </xsd:element>
          <xsd:element name="isQtyDecimal" minOccurs="0" maxOccurs="1" type="xsd:int">
            <xsd:annotation>
              <xsd:documentation>Is-quantity-decimal flag value.</xsd:documentation>
              <xsd:appinfo xmlns:inf="http://soap.upskills.in/soap/default?services=salesOrderRepositoryV1">
                <inf:min/>
                <inf:max/>
                <inf:callInfo>
                  <inf:callName>salesOrderRepositoryV1Get</inf:callName>
                  <inf:callName>salesOrderRepositoryV1Save</inf:callName>
                  <inf:returned>Conditionally</inf:returned>
                </inf:callInfo>
                <inf:callInfo>
                  <inf:callName>salesOrderRepositoryV1Save</inf:callName>
                  <inf:requiredInput>No</inf:requiredInput>
                </inf:callInfo>
              </xsd:appinfo>
            </xsd:annotation>
          </xsd:element>
          <xsd:element name="isVirtual" minOccurs="0" maxOccurs="1" type="xsd:int">
            <xsd:annotation>
              <xsd:documentation>Is-virtual flag value.</xsd:documentation>
              <xsd:appinfo xmlns:inf="http://soap.upskills.in/soap/default?services=salesOrderRepositoryV1">
                <inf:min/>
                <inf:max/>
                <inf:callInfo>
                  <inf:callName>salesOrderRepositoryV1Get</inf:callName>
                  <inf:callName>salesOrderRepositoryV1Save</inf:callName>
                  <inf:returned>Conditionally</inf:returned>
                </inf:callInfo>
                <inf:callInfo>
                  <inf:callName>salesOrderRepositoryV1Save</inf:callName>
                  <inf:requiredInput>No</inf:requiredInput>
                </inf:callInfo>
              </xsd:appinfo>
            </xsd:annotation>
          </xsd:element>
          <xsd:element name="itemId" minOccurs="0" maxOccurs="1" type="xsd:int">
            <xsd:annotation>
              <xsd:documentation>Item ID.</xsd:documentation>
              <xsd:appinfo xmlns:inf="http://soap.upskills.in/soap/default?services=salesOrderRepositoryV1">
                <inf:min/>
                <inf:max/>
                <inf:callInfo>
                  <inf:callName>salesOrderRepositoryV1Get</inf:callName>
                  <inf:callName>salesOrderRepositoryV1Save</inf:callName>
                  <inf:returned>Conditionally</inf:returned>
                </inf:callInfo>
                <inf:callInfo>
                  <inf:callName>salesOrderRepositoryV1Save</inf:callName>
                  <inf:requiredInput>No</inf:requiredInput>
                </inf:callInfo>
              </xsd:appinfo>
            </xsd:annotation>
          </xsd:element>
          <xsd:element name="lockedDoInvoice" minOccurs="0" maxOccurs="1" type="xsd:int">
            <xsd:annotation>
              <xsd:documentation>Locked DO invoice flag value.</xsd:documentation>
              <xsd:appinfo xmlns:inf="http://soap.upskills.in/soap/default?services=salesOrderRepositoryV1">
                <inf:min/>
                <inf:max/>
                <inf:callInfo>
                  <inf:callName>salesOrderRepositoryV1Get</inf:callName>
                  <inf:callName>salesOrderRepositoryV1Save</inf:callName>
                  <inf:returned>Conditionally</inf:returned>
                </inf:callInfo>
                <inf:callInfo>
                  <inf:callName>salesOrderRepositoryV1Save</inf:callName>
                  <inf:requiredInput>No</inf:requiredInput>
                </inf:callInfo>
              </xsd:appinfo>
            </xsd:annotation>
          </xsd:element>
          <xsd:element name="lockedDoShip" minOccurs="0" maxOccurs="1" type="xsd:int">
            <xsd:annotation>
              <xsd:documentation>Locked DO ship flag value.</xsd:documentation>
              <xsd:appinfo xmlns:inf="http://soap.upskills.in/soap/default?services=salesOrderRepositoryV1">
                <inf:min/>
                <inf:max/>
                <inf:callInfo>
                  <inf:callName>salesOrderRepositoryV1Get</inf:callName>
                  <inf:callName>salesOrderRepositoryV1Save</inf:callName>
                  <inf:returned>Conditionally</inf:returned>
                </inf:callInfo>
                <inf:callInfo>
                  <inf:callName>salesOrderRepositoryV1Save</inf:callName>
                  <inf:requiredInput>No</inf:requiredInput>
                </inf:callInfo>
              </xsd:appinfo>
            </xsd:annotation>
          </xsd:element>
          <xsd:element name="name" minOccurs="0" maxOccurs="1" type="xsd:string">
            <xsd:annotation>
              <xsd:documentation>Name.</xsd:documentation>
              <xsd:appinfo xmlns:inf="http://soap.upskills.in/soap/default?services=salesOrderRepositoryV1">
                <inf:maxLength/>
                <inf:callInfo>
                  <inf:callName>salesOrderRepositoryV1Get</inf:callName>
                  <inf:callName>salesOrderRepositoryV1Save</inf:callName>
                  <inf:returned>Conditionally</inf:returned>
                </inf:callInfo>
                <inf:callInfo>
                  <inf:callName>salesOrderRepositoryV1Save</inf:callName>
                  <inf:requiredInput>No</inf:requiredInput>
                </inf:callInfo>
              </xsd:appinfo>
            </xsd:annotation>
          </xsd:element>
          <xsd:element name="noDiscount" minOccurs="0" maxOccurs="1" type="xsd:int">
            <xsd:annotation>
              <xsd:documentation>No-discount flag value.</xsd:documentation>
              <xsd:appinfo xmlns:inf="http://soap.upskills.in/soap/default?services=salesOrderRepositoryV1">
                <inf:min/>
                <inf:max/>
                <inf:callInfo>
                  <inf:callName>salesOrderRepositoryV1Get</inf:callName>
                  <inf:callName>salesOrderRepositoryV1Save</inf:callName>
                  <inf:returned>Conditionally</inf:returned>
                </inf:callInfo>
                <inf:callInfo>
                  <inf:callName>salesOrderRepositoryV1Save</inf:callName>
                  <inf:requiredInput>No</inf:requiredInput>
                </inf:callInfo>
              </xsd:appinfo>
            </xsd:annotation>
          </xsd:element>
          <xsd:element name="orderId" minOccurs="0" maxOccurs="1" type="xsd:int">
            <xsd:annotation>
              <xsd:documentation>Order ID.</xsd:documentation>
              <xsd:appinfo xmlns:inf="http://soap.upskills.in/soap/default?services=salesOrderRepositoryV1">
                <inf:min/>
                <inf:max/>
                <inf:callInfo>
                  <inf:callName>salesOrderRepositoryV1Get</inf:callName>
                  <inf:callName>salesOrderRepositoryV1Save</inf:callName>
                  <inf:returned>Conditionally</inf:returned>
                </inf:callInfo>
                <inf:callInfo>
                  <inf:callName>salesOrderRepositoryV1Save</inf:callName>
                  <inf:requiredInput>No</inf:requiredInput>
                </inf:callInfo>
              </xsd:appinfo>
            </xsd:annotation>
          </xsd:element>
          <xsd:element name="originalPrice" minOccurs="0" maxOccurs="1" type="xsd:float">
            <xsd:annotation>
              <xsd:documentation>Original price.</xsd:documentation>
              <xsd:appinfo xmlns:inf="http://soap.upskills.in/soap/default?services=salesOrderRepositoryV1">
                <inf:callInfo>
                  <inf:callName>salesOrderRepositoryV1Get</inf:callName>
                  <inf:callName>salesOrderRepositoryV1Save</inf:callName>
                  <inf:returned>Conditionally</inf:returned>
                </inf:callInfo>
                <inf:callInfo>
                  <inf:callName>salesOrderRepositoryV1Save</inf:callName>
                  <inf:requiredInput>No</inf:requiredInput>
                </inf:callInfo>
              </xsd:appinfo>
            </xsd:annotation>
          </xsd:element>
          <xsd:element name="parentItemId" minOccurs="0" maxOccurs="1" type="xsd:int">
            <xsd:annotation>
              <xsd:documentation>Parent item ID.</xsd:documentation>
              <xsd:appinfo xmlns:inf="http://soap.upskills.in/soap/default?services=salesOrderRepositoryV1">
                <inf:min/>
                <inf:max/>
                <inf:callInfo>
                  <inf:callName>salesOrderRepositoryV1Get</inf:callName>
                  <inf:callName>salesOrderRepositoryV1Save</inf:callName>
                  <inf:returned>Conditionally</inf:returned>
                </inf:callInfo>
                <inf:callInfo>
                  <inf:callName>salesOrderRepositoryV1Save</inf:callName>
                  <inf:requiredInput>No</inf:requiredInput>
                </inf:callInfo>
              </xsd:appinfo>
            </xsd:annotation>
          </xsd:element>
          <xsd:element name="price" minOccurs="0" maxOccurs="1" type="xsd:float">
            <xsd:annotation>
              <xsd:documentation>Price.</xsd:documentation>
              <xsd:appinfo xmlns:inf="http://soap.upskills.in/soap/default?services=salesOrderRepositoryV1">
                <inf:callInfo>
                  <inf:callName>salesOrderRepositoryV1Get</inf:callName>
                  <inf:callName>salesOrderRepositoryV1Save</inf:callName>
                  <inf:returned>Conditionally</inf:returned>
                </inf:callInfo>
                <inf:callInfo>
                  <inf:callName>salesOrderRepositoryV1Save</inf:callName>
                  <inf:requiredInput>No</inf:requiredInput>
                </inf:callInfo>
              </xsd:appinfo>
            </xsd:annotation>
          </xsd:element>
          <xsd:element name="priceInclTax" minOccurs="0" maxOccurs="1" type="xsd:float">
            <xsd:annotation>
              <xsd:documentation>Price including tax.</xsd:documentation>
              <xsd:appinfo xmlns:inf="http://soap.upskills.in/soap/default?services=salesOrderRepositoryV1">
                <inf:callInfo>
                  <inf:callName>salesOrderRepositoryV1Get</inf:callName>
                  <inf:callName>salesOrderRepositoryV1Save</inf:callName>
                  <inf:returned>Conditionally</inf:returned>
                </inf:callInfo>
                <inf:callInfo>
                  <inf:callName>salesOrderRepositoryV1Save</inf:callName>
                  <inf:requiredInput>No</inf:requiredInput>
                </inf:callInfo>
              </xsd:appinfo>
            </xsd:annotation>
          </xsd:element>
          <xsd:element name="productId" minOccurs="0" maxOccurs="1" type="xsd:int">
            <xsd:annotation>
              <xsd:documentation>Product ID.</xsd:documentation>
              <xsd:appinfo xmlns:inf="http://soap.upskills.in/soap/default?services=salesOrderRepositoryV1">
                <inf:min/>
                <inf:max/>
                <inf:callInfo>
                  <inf:callName>salesOrderRepositoryV1Get</inf:callName>
                  <inf:callName>salesOrderRepositoryV1Save</inf:callName>
                  <inf:returned>Conditionally</inf:returned>
                </inf:callInfo>
                <inf:callInfo>
                  <inf:callName>salesOrderRepositoryV1Save</inf:callName>
                  <inf:requiredInput>No</inf:requiredInput>
                </inf:callInfo>
              </xsd:appinfo>
            </xsd:annotation>
          </xsd:element>
          <xsd:element name="productType" minOccurs="0" maxOccurs="1" type="xsd:string">
            <xsd:annotation>
              <xsd:documentation>Product type.</xsd:documentation>
              <xsd:appinfo xmlns:inf="http://soap.upskills.in/soap/default?services=salesOrderRepositoryV1">
                <inf:maxLength/>
                <inf:callInfo>
                  <inf:callName>salesOrderRepositoryV1Get</inf:callName>
                  <inf:callName>salesOrderRepositoryV1Save</inf:callName>
                  <inf:returned>Conditionally</inf:returned>
                </inf:callInfo>
                <inf:callInfo>
                  <inf:callName>salesOrderRepositoryV1Save</inf:callName>
                  <inf:requiredInput>No</inf:requiredInput>
                </inf:callInfo>
              </xsd:appinfo>
            </xsd:annotation>
          </xsd:element>
          <xsd:element name="qtyBackordered" minOccurs="0" maxOccurs="1" type="xsd:float">
            <xsd:annotation>
              <xsd:documentation>Quantity backordered.</xsd:documentation>
              <xsd:appinfo xmlns:inf="http://soap.upskills.in/soap/default?services=salesOrderRepositoryV1">
                <inf:callInfo>
                  <inf:callName>salesOrderRepositoryV1Get</inf:callName>
                  <inf:callName>salesOrderRepositoryV1Save</inf:callName>
                  <inf:returned>Conditionally</inf:returned>
                </inf:callInfo>
                <inf:callInfo>
                  <inf:callName>salesOrderRepositoryV1Save</inf:callName>
                  <inf:requiredInput>No</inf:requiredInput>
                </inf:callInfo>
              </xsd:appinfo>
            </xsd:annotation>
          </xsd:element>
          <xsd:element name="qtyCanceled" minOccurs="0" maxOccurs="1" type="xsd:float">
            <xsd:annotation>
              <xsd:documentation>Quantity canceled.</xsd:documentation>
              <xsd:appinfo xmlns:inf="http://soap.upskills.in/soap/default?services=salesOrderRepositoryV1">
                <inf:callInfo>
                  <inf:callName>salesOrderRepositoryV1Get</inf:callName>
                  <inf:callName>salesOrderRepositoryV1Save</inf:callName>
                  <inf:returned>Conditionally</inf:returned>
                </inf:callInfo>
                <inf:callInfo>
                  <inf:callName>salesOrderRepositoryV1Save</inf:callName>
                  <inf:requiredInput>No</inf:requiredInput>
                </inf:callInfo>
              </xsd:appinfo>
            </xsd:annotation>
          </xsd:element>
          <xsd:element name="qtyInvoiced" minOccurs="0" maxOccurs="1" type="xsd:float">
            <xsd:annotation>
              <xsd:documentation>Quantity invoiced.</xsd:documentation>
              <xsd:appinfo xmlns:inf="http://soap.upskills.in/soap/default?services=salesOrderRepositoryV1">
                <inf:callInfo>
                  <inf:callName>salesOrderRepositoryV1Get</inf:callName>
                  <inf:callName>salesOrderRepositoryV1Save</inf:callName>
                  <inf:returned>Conditionally</inf:returned>
                </inf:callInfo>
                <inf:callInfo>
                  <inf:callName>salesOrderRepositoryV1Save</inf:callName>
                  <inf:requiredInput>No</inf:requiredInput>
                </inf:callInfo>
              </xsd:appinfo>
            </xsd:annotation>
          </xsd:element>
          <xsd:element name="qtyOrdered" minOccurs="0" maxOccurs="1" type="xsd:float">
            <xsd:annotation>
              <xsd:documentation>Quantity ordered.</xsd:documentation>
              <xsd:appinfo xmlns:inf="http://soap.upskills.in/soap/default?services=salesOrderRepositoryV1">
                <inf:callInfo>
                  <inf:callName>salesOrderRepositoryV1Get</inf:callName>
                  <inf:callName>salesOrderRepositoryV1Save</inf:callName>
                  <inf:returned>Conditionally</inf:returned>
                </inf:callInfo>
                <inf:callInfo>
                  <inf:callName>salesOrderRepositoryV1Save</inf:callName>
                  <inf:requiredInput>No</inf:requiredInput>
                </inf:callInfo>
              </xsd:appinfo>
            </xsd:annotation>
          </xsd:element>
          <xsd:element name="qtyRefunded" minOccurs="0" maxOccurs="1" type="xsd:float">
            <xsd:annotation>
              <xsd:documentation>Quantity refunded.</xsd:documentation>
              <xsd:appinfo xmlns:inf="http://soap.upskills.in/soap/default?services=salesOrderRepositoryV1">
                <inf:callInfo>
                  <inf:callName>salesOrderRepositoryV1Get</inf:callName>
                  <inf:callName>salesOrderRepositoryV1Save</inf:callName>
                  <inf:returned>Conditionally</inf:returned>
                </inf:callInfo>
                <inf:callInfo>
                  <inf:callName>salesOrderRepositoryV1Save</inf:callName>
                  <inf:requiredInput>No</inf:requiredInput>
                </inf:callInfo>
              </xsd:appinfo>
            </xsd:annotation>
          </xsd:element>
          <xsd:element name="qtyReturned" minOccurs="0" maxOccurs="1" type="xsd:float">
            <xsd:annotation>
              <xsd:documentation>Quantity returned.</xsd:documentation>
              <xsd:appinfo xmlns:inf="http://soap.upskills.in/soap/default?services=salesOrderRepositoryV1">
                <inf:callInfo>
                  <inf:callName>salesOrderRepositoryV1Get</inf:callName>
                  <inf:callName>salesOrderRepositoryV1Save</inf:callName>
                  <inf:returned>Conditionally</inf:returned>
                </inf:callInfo>
                <inf:callInfo>
                  <inf:callName>salesOrderRepositoryV1Save</inf:callName>
                  <inf:requiredInput>No</inf:requiredInput>
                </inf:callInfo>
              </xsd:appinfo>
            </xsd:annotation>
          </xsd:element>
          <xsd:element name="qtyShipped" minOccurs="0" maxOccurs="1" type="xsd:float">
            <xsd:annotation>
              <xsd:documentation>Quantity shipped.</xsd:documentation>
              <xsd:appinfo xmlns:inf="http://soap.upskills.in/soap/default?services=salesOrderRepositoryV1">
                <inf:callInfo>
                  <inf:callName>salesOrderRepositoryV1Get</inf:callName>
                  <inf:callName>salesOrderRepositoryV1Save</inf:callName>
                  <inf:returned>Conditionally</inf:returned>
                </inf:callInfo>
                <inf:callInfo>
                  <inf:callName>salesOrderRepositoryV1Save</inf:callName>
                  <inf:requiredInput>No</inf:requiredInput>
                </inf:callInfo>
              </xsd:appinfo>
            </xsd:annotation>
          </xsd:element>
          <xsd:element name="quoteItemId" minOccurs="0" maxOccurs="1" type="xsd:int">
            <xsd:annotation>
              <xsd:documentation>Quote item ID.</xsd:documentation>
              <xsd:appinfo xmlns:inf="http://soap.upskills.in/soap/default?services=salesOrderRepositoryV1">
                <inf:min/>
                <inf:max/>
                <inf:callInfo>
                  <inf:callName>salesOrderRepositoryV1Get</inf:callName>
                  <inf:callName>salesOrderRepositoryV1Save</inf:callName>
                  <inf:returned>Conditionally</inf:returned>
                </inf:callInfo>
                <inf:callInfo>
                  <inf:callName>salesOrderRepositoryV1Save</inf:callName>
                  <inf:requiredInput>No</inf:requiredInput>
                </inf:callInfo>
              </xsd:appinfo>
            </xsd:annotation>
          </xsd:element>
          <xsd:element name="rowInvoiced" minOccurs="0" maxOccurs="1" type="xsd:float">
            <xsd:annotation>
              <xsd:documentation>Row invoiced.</xsd:documentation>
              <xsd:appinfo xmlns:inf="http://soap.upskills.in/soap/default?services=salesOrderRepositoryV1">
                <inf:callInfo>
                  <inf:callName>salesOrderRepositoryV1Get</inf:callName>
                  <inf:callName>salesOrderRepositoryV1Save</inf:callName>
                  <inf:returned>Conditionally</inf:returned>
                </inf:callInfo>
                <inf:callInfo>
                  <inf:callName>salesOrderRepositoryV1Save</inf:callName>
                  <inf:requiredInput>No</inf:requiredInput>
                </inf:callInfo>
              </xsd:appinfo>
            </xsd:annotation>
          </xsd:element>
          <xsd:element name="rowTotal" minOccurs="0" maxOccurs="1" type="xsd:float">
            <xsd:annotation>
              <xsd:documentation>Row total.</xsd:documentation>
              <xsd:appinfo xmlns:inf="http://soap.upskills.in/soap/default?services=salesOrderRepositoryV1">
                <inf:callInfo>
                  <inf:callName>salesOrderRepositoryV1Get</inf:callName>
                  <inf:callName>salesOrderRepositoryV1Save</inf:callName>
                  <inf:returned>Conditionally</inf:returned>
                </inf:callInfo>
                <inf:callInfo>
                  <inf:callName>salesOrderRepositoryV1Save</inf:callName>
                  <inf:requiredInput>No</inf:requiredInput>
                </inf:callInfo>
              </xsd:appinfo>
            </xsd:annotation>
          </xsd:element>
          <xsd:element name="rowTotalInclTax" minOccurs="0" maxOccurs="1" type="xsd:float">
            <xsd:annotation>
              <xsd:documentation>Row total including tax.</xsd:documentation>
              <xsd:appinfo xmlns:inf="http://soap.upskills.in/soap/default?services=salesOrderRepositoryV1">
                <inf:callInfo>
                  <inf:callName>salesOrderRepositoryV1Get</inf:callName>
                  <inf:callName>salesOrderRepositoryV1Save</inf:callName>
                  <inf:returned>Conditionally</inf:returned>
                </inf:callInfo>
                <inf:callInfo>
                  <inf:callName>salesOrderRepositoryV1Save</inf:callName>
                  <inf:requiredInput>No</inf:requiredInput>
                </inf:callInfo>
              </xsd:appinfo>
            </xsd:annotation>
          </xsd:element>
          <xsd:element name="rowWeight" minOccurs="0" maxOccurs="1" type="xsd:float">
            <xsd:annotation>
              <xsd:documentation>Row weight.</xsd:documentation>
              <xsd:appinfo xmlns:inf="http://soap.upskills.in/soap/default?services=salesOrderRepositoryV1">
                <inf:callInfo>
                  <inf:callName>salesOrderRepositoryV1Get</inf:callName>
                  <inf:callName>salesOrderRepositoryV1Save</inf:callName>
                  <inf:returned>Conditionally</inf:returned>
                </inf:callInfo>
                <inf:callInfo>
                  <inf:callName>salesOrderRepositoryV1Save</inf:callName>
                  <inf:requiredInput>No</inf:requiredInput>
                </inf:callInfo>
              </xsd:appinfo>
            </xsd:annotation>
          </xsd:element>
          <xsd:element name="sku" minOccurs="1" maxOccurs="1" type="xsd:string">
            <xsd:annotation>
              <xsd:documentation>SKU.</xsd:documentation>
              <xsd:appinfo xmlns:inf="http://soap.upskills.in/soap/default?services=salesOrderRepositoryV1">
                <inf:maxLength/>
                <inf:callInfo>
                  <inf:callName>salesOrderRepositoryV1Get</inf:callName>
                  <inf:callName>salesOrderRepositoryV1Save</inf:callName>
                  <inf:returned>Conditionally</inf:returned>
                </inf:callInfo>
                <inf:callInfo>
                  <inf:callName>salesOrderRepositoryV1Save</inf:callName>
                  <inf:requiredInput>No</inf:requiredInput>
                </inf:callInfo>
              </xsd:appinfo>
            </xsd:annotation>
          </xsd:element>
          <xsd:element name="storeId" minOccurs="0" maxOccurs="1" type="xsd:int">
            <xsd:annotation>
              <xsd:documentation>Store ID.</xsd:documentation>
              <xsd:appinfo xmlns:inf="http://soap.upskills.in/soap/default?services=salesOrderRepositoryV1">
                <inf:min/>
                <inf:max/>
                <inf:callInfo>
                  <inf:callName>salesOrderRepositoryV1Get</inf:callName>
                  <inf:callName>salesOrderRepositoryV1Save</inf:callName>
                  <inf:returned>Conditionally</inf:returned>
                </inf:callInfo>
                <inf:callInfo>
                  <inf:callName>salesOrderRepositoryV1Save</inf:callName>
                  <inf:requiredInput>No</inf:requiredInput>
                </inf:callInfo>
              </xsd:appinfo>
            </xsd:annotation>
          </xsd:element>
          <xsd:element name="taxAmount" minOccurs="0" maxOccurs="1" type="xsd:float">
            <xsd:annotation>
              <xsd:documentation>Tax amount.</xsd:documentation>
              <xsd:appinfo xmlns:inf="http://soap.upskills.in/soap/default?services=salesOrderRepositoryV1">
                <inf:callInfo>
                  <inf:callName>salesOrderRepositoryV1Get</inf:callName>
                  <inf:callName>salesOrderRepositoryV1Save</inf:callName>
                  <inf:returned>Conditionally</inf:returned>
                </inf:callInfo>
                <inf:callInfo>
                  <inf:callName>salesOrderRepositoryV1Save</inf:callName>
                  <inf:requiredInput>No</inf:requiredInput>
                </inf:callInfo>
              </xsd:appinfo>
            </xsd:annotation>
          </xsd:element>
          <xsd:element name="taxBeforeDiscount" minOccurs="0" maxOccurs="1" type="xsd:float">
            <xsd:annotation>
              <xsd:documentation>Tax before discount.</xsd:documentation>
              <xsd:appinfo xmlns:inf="http://soap.upskills.in/soap/default?services=salesOrderRepositoryV1">
                <inf:callInfo>
                  <inf:callName>salesOrderRepositoryV1Get</inf:callName>
                  <inf:callName>salesOrderRepositoryV1Save</inf:callName>
                  <inf:returned>Conditionally</inf:returned>
                </inf:callInfo>
                <inf:callInfo>
                  <inf:callName>salesOrderRepositoryV1Save</inf:callName>
                  <inf:requiredInput>No</inf:requiredInput>
                </inf:callInfo>
              </xsd:appinfo>
            </xsd:annotation>
          </xsd:element>
          <xsd:element name="taxCanceled" minOccurs="0" maxOccurs="1" type="xsd:float">
            <xsd:annotation>
              <xsd:documentation>Tax canceled.</xsd:documentation>
              <xsd:appinfo xmlns:inf="http://soap.upskills.in/soap/default?services=salesOrderRepositoryV1">
                <inf:callInfo>
                  <inf:callName>salesOrderRepositoryV1Get</inf:callName>
                  <inf:callName>salesOrderRepositoryV1Save</inf:callName>
                  <inf:returned>Conditionally</inf:returned>
                </inf:callInfo>
                <inf:callInfo>
                  <inf:callName>salesOrderRepositoryV1Save</inf:callName>
                  <inf:requiredInput>No</inf:requiredInput>
                </inf:callInfo>
              </xsd:appinfo>
            </xsd:annotation>
          </xsd:element>
          <xsd:element name="taxInvoiced" minOccurs="0" maxOccurs="1" type="xsd:float">
            <xsd:annotation>
              <xsd:documentation>Tax invoiced.</xsd:documentation>
              <xsd:appinfo xmlns:inf="http://soap.upskills.in/soap/default?services=salesOrderRepositoryV1">
                <inf:callInfo>
                  <inf:callName>salesOrderRepositoryV1Get</inf:callName>
                  <inf:callName>salesOrderRepositoryV1Save</inf:callName>
                  <inf:returned>Conditionally</inf:returned>
                </inf:callInfo>
                <inf:callInfo>
                  <inf:callName>salesOrderRepositoryV1Save</inf:callName>
                  <inf:requiredInput>No</inf:requiredInput>
                </inf:callInfo>
              </xsd:appinfo>
            </xsd:annotation>
          </xsd:element>
          <xsd:element name="taxPercent" minOccurs="0" maxOccurs="1" type="xsd:float">
            <xsd:annotation>
              <xsd:documentation>Tax percent.</xsd:documentation>
              <xsd:appinfo xmlns:inf="http://soap.upskills.in/soap/default?services=salesOrderRepositoryV1">
                <inf:callInfo>
                  <inf:callName>salesOrderRepositoryV1Get</inf:callName>
                  <inf:callName>salesOrderRepositoryV1Save</inf:callName>
                  <inf:returned>Conditionally</inf:returned>
                </inf:callInfo>
                <inf:callInfo>
                  <inf:callName>salesOrderRepositoryV1Save</inf:callName>
                  <inf:requiredInput>No</inf:requiredInput>
                </inf:callInfo>
              </xsd:appinfo>
            </xsd:annotation>
          </xsd:element>
          <xsd:element name="taxRefunded" minOccurs="0" maxOccurs="1" type="xsd:float">
            <xsd:annotation>
              <xsd:documentation>Tax refunded.</xsd:documentation>
              <xsd:appinfo xmlns:inf="http://soap.upskills.in/soap/default?services=salesOrderRepositoryV1">
                <inf:callInfo>
                  <inf:callName>salesOrderRepositoryV1Get</inf:callName>
                  <inf:callName>salesOrderRepositoryV1Save</inf:callName>
                  <inf:returned>Conditionally</inf:returned>
                </inf:callInfo>
                <inf:callInfo>
                  <inf:callName>salesOrderRepositoryV1Save</inf:callName>
                  <inf:requiredInput>No</inf:requiredInput>
                </inf:callInfo>
              </xsd:appinfo>
            </xsd:annotation>
          </xsd:element>
          <xsd:element name="updatedAt" minOccurs="0" maxOccurs="1" type="xsd:string">
            <xsd:annotation>
              <xsd:documentation>Updated-at timestamp.</xsd:documentation>
              <xsd:appinfo xmlns:inf="http://soap.upskills.in/soap/default?services=salesOrderRepositoryV1">
                <inf:maxLength/>
                <inf:callInfo>
                  <inf:callName>salesOrderRepositoryV1Get</inf:callName>
                  <inf:callName>salesOrderRepositoryV1Save</inf:callName>
                  <inf:returned>Conditionally</inf:returned>
                </inf:callInfo>
                <inf:callInfo>
                  <inf:callName>salesOrderRepositoryV1Save</inf:callName>
                  <inf:requiredInput>No</inf:requiredInput>
                </inf:callInfo>
              </xsd:appinfo>
            </xsd:annotation>
          </xsd:element>
          <xsd:element name="weeeTaxApplied" minOccurs="0" maxOccurs="1" type="xsd:string">
            <xsd:annotation>
              <xsd:documentation>WEEE tax applied.</xsd:documentation>
              <xsd:appinfo xmlns:inf="http://soap.upskills.in/soap/default?services=salesOrderRepositoryV1">
                <inf:maxLength/>
                <inf:callInfo>
                  <inf:callName>salesOrderRepositoryV1Get</inf:callName>
                  <inf:callName>salesOrderRepositoryV1Save</inf:callName>
                  <inf:returned>Conditionally</inf:returned>
                </inf:callInfo>
                <inf:callInfo>
                  <inf:callName>salesOrderRepositoryV1Save</inf:callName>
                  <inf:requiredInput>No</inf:requiredInput>
                </inf:callInfo>
              </xsd:appinfo>
            </xsd:annotation>
          </xsd:element>
          <xsd:element name="weeeTaxAppliedAmount" minOccurs="0" maxOccurs="1" type="xsd:float">
            <xsd:annotation>
              <xsd:documentation>WEEE tax applied amount.</xsd:documentation>
              <xsd:appinfo xmlns:inf="http://soap.upskills.in/soap/default?services=salesOrderRepositoryV1">
                <inf:callInfo>
                  <inf:callName>salesOrderRepositoryV1Get</inf:callName>
                  <inf:callName>salesOrderRepositoryV1Save</inf:callName>
                  <inf:returned>Conditionally</inf:returned>
                </inf:callInfo>
                <inf:callInfo>
                  <inf:callName>salesOrderRepositoryV1Save</inf:callName>
                  <inf:requiredInput>No</inf:requiredInput>
                </inf:callInfo>
              </xsd:appinfo>
            </xsd:annotation>
          </xsd:element>
          <xsd:element name="weeeTaxAppliedRowAmount" minOccurs="0" maxOccurs="1" type="xsd:float">
            <xsd:annotation>
              <xsd:documentation>WEEE tax applied row amount.</xsd:documentation>
              <xsd:appinfo xmlns:inf="http://soap.upskills.in/soap/default?services=salesOrderRepositoryV1">
                <inf:callInfo>
                  <inf:callName>salesOrderRepositoryV1Get</inf:callName>
                  <inf:callName>salesOrderRepositoryV1Save</inf:callName>
                  <inf:returned>Conditionally</inf:returned>
                </inf:callInfo>
                <inf:callInfo>
                  <inf:callName>salesOrderRepositoryV1Save</inf:callName>
                  <inf:requiredInput>No</inf:requiredInput>
                </inf:callInfo>
              </xsd:appinfo>
            </xsd:annotation>
          </xsd:element>
          <xsd:element name="weeeTaxDisposition" minOccurs="0" maxOccurs="1" type="xsd:float">
            <xsd:annotation>
              <xsd:documentation>WEEE tax disposition.</xsd:documentation>
              <xsd:appinfo xmlns:inf="http://soap.upskills.in/soap/default?services=salesOrderRepositoryV1">
                <inf:callInfo>
                  <inf:callName>salesOrderRepositoryV1Get</inf:callName>
                  <inf:callName>salesOrderRepositoryV1Save</inf:callName>
                  <inf:returned>Conditionally</inf:returned>
                </inf:callInfo>
                <inf:callInfo>
                  <inf:callName>salesOrderRepositoryV1Save</inf:callName>
                  <inf:requiredInput>No</inf:requiredInput>
                </inf:callInfo>
              </xsd:appinfo>
            </xsd:annotation>
          </xsd:element>
          <xsd:element name="weeeTaxRowDisposition" minOccurs="0" maxOccurs="1" type="xsd:float">
            <xsd:annotation>
              <xsd:documentation>WEEE tax row disposition.</xsd:documentation>
              <xsd:appinfo xmlns:inf="http://soap.upskills.in/soap/default?services=salesOrderRepositoryV1">
                <inf:callInfo>
                  <inf:callName>salesOrderRepositoryV1Get</inf:callName>
                  <inf:callName>salesOrderRepositoryV1Save</inf:callName>
                  <inf:returned>Conditionally</inf:returned>
                </inf:callInfo>
                <inf:callInfo>
                  <inf:callName>salesOrderRepositoryV1Save</inf:callName>
                  <inf:requiredInput>No</inf:requiredInput>
                </inf:callInfo>
              </xsd:appinfo>
            </xsd:annotation>
          </xsd:element>
          <xsd:element name="weight" minOccurs="0" maxOccurs="1" type="xsd:float">
            <xsd:annotation>
              <xsd:documentation>Weight.</xsd:documentation>
              <xsd:appinfo xmlns:inf="http://soap.upskills.in/soap/default?services=salesOrderRepositoryV1">
                <inf:callInfo>
                  <inf:callName>salesOrderRepositoryV1Get</inf:callName>
                  <inf:callName>salesOrderRepositoryV1Save</inf:callName>
                  <inf:returned>Conditionally</inf:returned>
                </inf:callInfo>
                <inf:callInfo>
                  <inf:callName>salesOrderRepositoryV1Save</inf:callName>
                  <inf:requiredInput>No</inf:requiredInput>
                </inf:callInfo>
              </xsd:appinfo>
            </xsd:annotation>
          </xsd:element>
          <xsd:element name="parentItem" minOccurs="0" maxOccurs="1" type="tns:SalesDataOrderItemInterface">
            <xsd:annotation>
              <xsd:documentation>Parent item</xsd:documentation>
              <xsd:appinfo xmlns:inf="http://soap.upskills.in/soap/default?services=salesOrderRepositoryV1">
                <inf:callInfo>
                  <inf:callName>salesOrderRepositoryV1Get</inf:callName>
                  <inf:callName>salesOrderRepositoryV1Save</inf:callName>
                  <inf:returned>Conditionally</inf:returned>
                </inf:callInfo>
                <inf:callInfo>
                  <inf:callName>salesOrderRepositoryV1Save</inf:callName>
                  <inf:requiredInput>No</inf:requiredInput>
                </inf:callInfo>
              </xsd:appinfo>
            </xsd:annotation>
          </xsd:element>
          <xsd:element name="productOption" minOccurs="0" maxOccurs="1" type="tns:CatalogDataProductOptionInterface">
            <xsd:annotation>
              <xsd:documentation>Product option</xsd:documentation>
              <xsd:appinfo xmlns:inf="http://soap.upskills.in/soap/default?services=salesOrderRepositoryV1">
                <inf:callInfo>
                  <inf:callName>salesOrderRepositoryV1Get</inf:callName>
                  <inf:callName>salesOrderRepositoryV1Save</inf:callName>
                  <inf:returned>Conditionally</inf:returned>
                </inf:callInfo>
                <inf:callInfo>
                  <inf:callName>salesOrderRepositoryV1Save</inf:callName>
                  <inf:requiredInput>No</inf:requiredInput>
                </inf:callInfo>
              </xsd:appinfo>
            </xsd:annotation>
          </xsd:element>
          <xsd:element name="extensionAttributes" minOccurs="0" maxOccurs="1" type="tns:SalesDataOrderItemExtensionInterface">
            <xsd:annotation>
              <xsd:documentation>Existing extension attributes object or create a new one.</xsd:documentation>
              <xsd:appinfo xmlns:inf="http://soap.upskills.in/soap/default?services=salesOrderRepositoryV1">
                <inf:callInfo>
                  <inf:callName>salesOrderRepositoryV1Get</inf:callName>
                  <inf:callName>salesOrderRepositoryV1Save</inf:callName>
                  <inf:returned>Conditionally</inf:returned>
                </inf:callInfo>
                <inf:callInfo>
                  <inf:callName>salesOrderRepositoryV1Save</inf:callName>
                  <inf:requiredInput>No</inf:requiredInput>
                </inf:callInfo>
              </xsd:appinfo>
            </xsd:annotation>
          </xsd:element>
        </xsd:sequence>
      </xsd:complexType>
      <xsd:complexType name="ArrayOfSalesDataOrderItemInterface">
        <xsd:annotation>
          <xsd:documentation>An array of SalesDataOrderItemInterface items.</xsd:documentation>
          <xsd:appinfo xmlns:inf="http://soap.upskills.in/soap/default?services=salesOrderRepositoryV1"/>
        </xsd:annotation>
        <xsd:sequence>
          <xsd:element name="item" minOccurs="0" maxOccurs="unbounded" type="tns:SalesDataOrderItemInterface">
            <xsd:annotation>
              <xsd:documentation>An item of ArrayOfSalesDataOrderItemInterface.</xsd:documentation>
              <xsd:appinfo xmlns:inf="http://soap.upskills.in/soap/default?services=salesOrderRepositoryV1">
                <inf:callInfo>
                  <inf:callName>salesOrderRepositoryV1Get</inf:callName>
                  <inf:callName>salesOrderRepositoryV1Save</inf:callName>
                  <inf:returned>Conditionally</inf:returned>
                </inf:callInfo>
                <inf:callInfo>
                  <inf:callName>salesOrderRepositoryV1Save</inf:callName>
                  <inf:requiredInput>No</inf:requiredInput>
                </inf:callInfo>
              </xsd:appinfo>
            </xsd:annotation>
          </xsd:element>
        </xsd:sequence>
      </xsd:complexType>
      <xsd:complexType name="SalesDataOrderAddressExtensionInterface">
        <xsd:annotation>
          <xsd:documentation>ExtensionInterface class for @see \Magento\Sales\Api\Data\OrderAddressInterface</xsd:documentation>
          <xsd:appinfo xmlns:inf="http://soap.upskills.in/soap/default?services=salesOrderRepositoryV1"/>
        </xsd:annotation>
        <xsd:sequence>
          <xsd:element name="checkoutFields" type="tns:ArrayOfFrameworkAttributeInterface" minOccurs="0">
            <xsd:annotation>
              <xsd:documentation/>
              <xsd:appinfo xmlns:inf="http://soap.upskills.in/soap/default?services=salesOrderRepositoryV1">
                <inf:natureOfType>array</inf:natureOfType>
                <inf:callInfo>
                  <inf:callName>salesOrderRepositoryV1Get</inf:callName>
                  <inf:callName>salesOrderRepositoryV1Save</inf:callName>
                  <inf:returned>Conditionally</inf:returned>
                </inf:callInfo>
                <inf:callInfo>
                  <inf:callName>salesOrderRepositoryV1Save</inf:callName>
                  <inf:requiredInput>No</inf:requiredInput>
                </inf:callInfo>
              </xsd:appinfo>
            </xsd:annotation>
          </xsd:element>
        </xsd:sequence>
      </xsd:complexType>
      <xsd:complexType name="SalesDataOrderAddressInterface">
        <xsd:annotation>
          <xsd:documentation>Order address interface. An order is a document that a web store issues to a customer. Magento generates a sales order that lists the product items, billing and shipping addresses, and shipping and payment methods. A corresponding external document, known as a purchase order, is emailed to the customer.</xsd:documentation>
          <xsd:appinfo xmlns:inf="http://soap.upskills.in/soap/default?services=salesOrderRepositoryV1"/>
        </xsd:annotation>
        <xsd:sequence>
          <xsd:element name="addressType" minOccurs="1" maxOccurs="1" type="xsd:string">
            <xsd:annotation>
              <xsd:documentation>Address type.</xsd:documentation>
              <xsd:appinfo xmlns:inf="http://soap.upskills.in/soap/default?services=salesOrderRepositoryV1">
                <inf:maxLength/>
                <inf:callInfo>
                  <inf:callName>salesOrderRepositoryV1Get</inf:callName>
                  <inf:callName>salesOrderRepositoryV1Save</inf:callName>
                  <inf:returned>Conditionally</inf:returned>
                </inf:callInfo>
                <inf:callInfo>
                  <inf:callName>salesOrderRepositoryV1Save</inf:callName>
                  <inf:requiredInput>No</inf:requiredInput>
                </inf:callInfo>
              </xsd:appinfo>
            </xsd:annotation>
          </xsd:element>
          <xsd:element name="city" minOccurs="1" maxOccurs="1" type="xsd:string">
            <xsd:annotation>
              <xsd:documentation>City.</xsd:documentation>
              <xsd:appinfo xmlns:inf="http://soap.upskills.in/soap/default?services=salesOrderRepositoryV1">
                <inf:maxLength/>
                <inf:callInfo>
                  <inf:callName>salesOrderRepositoryV1Get</inf:callName>
                  <inf:callName>salesOrderRepositoryV1Save</inf:callName>
                  <inf:returned>Conditionally</inf:returned>
                </inf:callInfo>
                <inf:callInfo>
                  <inf:callName>salesOrderRepositoryV1Save</inf:callName>
                  <inf:requiredInput>No</inf:requiredInput>
                </inf:callInfo>
              </xsd:appinfo>
            </xsd:annotation>
          </xsd:element>
          <xsd:element name="company" minOccurs="0" maxOccurs="1" type="xsd:string">
            <xsd:annotation>
              <xsd:documentation>Company.</xsd:documentation>
              <xsd:appinfo xmlns:inf="http://soap.upskills.in/soap/default?services=salesOrderRepositoryV1">
                <inf:maxLength/>
                <inf:callInfo>
                  <inf:callName>salesOrderRepositoryV1Get</inf:callName>
                  <inf:callName>salesOrderRepositoryV1Save</inf:callName>
                  <inf:returned>Conditionally</inf:returned>
                </inf:callInfo>
                <inf:callInfo>
                  <inf:callName>salesOrderRepositoryV1Save</inf:callName>
                  <inf:requiredInput>No</inf:requiredInput>
                </inf:callInfo>
              </xsd:appinfo>
            </xsd:annotation>
          </xsd:element>
          <xsd:element name="countryId" minOccurs="1" maxOccurs="1" type="xsd:string">
            <xsd:annotation>
              <xsd:documentation>Country ID.</xsd:documentation>
              <xsd:appinfo xmlns:inf="http://soap.upskills.in/soap/default?services=salesOrderRepositoryV1">
                <inf:maxLength/>
                <inf:callInfo>
                  <inf:callName>salesOrderRepositoryV1Get</inf:callName>
                  <inf:callName>salesOrderRepositoryV1Save</inf:callName>
                  <inf:returned>Conditionally</inf:returned>
                </inf:callInfo>
                <inf:callInfo>
                  <inf:callName>salesOrderRepositoryV1Save</inf:callName>
                  <inf:requiredInput>No</inf:requiredInput>
                </inf:callInfo>
              </xsd:appinfo>
            </xsd:annotation>
          </xsd:element>
          <xsd:element name="customerAddressId" minOccurs="0" maxOccurs="1" type="xsd:int">
            <xsd:annotation>
              <xsd:documentation>Country address ID.</xsd:documentation>
              <xsd:appinfo xmlns:inf="http://soap.upskills.in/soap/default?services=salesOrderRepositoryV1">
                <inf:min/>
                <inf:max/>
                <inf:callInfo>
                  <inf:callName>salesOrderRepositoryV1Get</inf:callName>
                  <inf:callName>salesOrderRepositoryV1Save</inf:callName>
                  <inf:returned>Conditionally</inf:returned>
                </inf:callInfo>
                <inf:callInfo>
                  <inf:callName>salesOrderRepositoryV1Save</inf:callName>
                  <inf:requiredInput>No</inf:requiredInput>
                </inf:callInfo>
              </xsd:appinfo>
            </xsd:annotation>
          </xsd:element>
          <xsd:element name="customerId" minOccurs="0" maxOccurs="1" type="xsd:int">
            <xsd:annotation>
              <xsd:documentation>Customer ID.</xsd:documentation>
              <xsd:appinfo xmlns:inf="http://soap.upskills.in/soap/default?services=salesOrderRepositoryV1">
                <inf:min/>
                <inf:max/>
                <inf:callInfo>
                  <inf:callName>salesOrderRepositoryV1Get</inf:callName>
                  <inf:callName>salesOrderRepositoryV1Save</inf:callName>
                  <inf:returned>Conditionally</inf:returned>
                </inf:callInfo>
                <inf:callInfo>
                  <inf:callName>salesOrderRepositoryV1Save</inf:callName>
                  <inf:requiredInput>No</inf:requiredInput>
                </inf:callInfo>
              </xsd:appinfo>
            </xsd:annotation>
          </xsd:element>
          <xsd:element name="email" minOccurs="0" maxOccurs="1" type="xsd:string">
            <xsd:annotation>
              <xsd:documentation>Email address.</xsd:documentation>
              <xsd:appinfo xmlns:inf="http://soap.upskills.in/soap/default?services=salesOrderRepositoryV1">
                <inf:maxLength/>
                <inf:callInfo>
                  <inf:callName>salesOrderRepositoryV1Get</inf:callName>
                  <inf:callName>salesOrderRepositoryV1Save</inf:callName>
                  <inf:returned>Conditionally</inf:returned>
                </inf:callInfo>
                <inf:callInfo>
                  <inf:callName>salesOrderRepositoryV1Save</inf:callName>
                  <inf:requiredInput>No</inf:requiredInput>
                </inf:callInfo>
              </xsd:appinfo>
            </xsd:annotation>
          </xsd:element>
          <xsd:element name="entityId" minOccurs="0" maxOccurs="1" type="xsd:int">
            <xsd:annotation>
              <xsd:documentation>Order address ID.</xsd:documentation>
              <xsd:appinfo xmlns:inf="http://soap.upskills.in/soap/default?services=salesOrderRepositoryV1">
                <inf:min/>
                <inf:max/>
                <inf:callInfo>
                  <inf:callName>salesOrderRepositoryV1Get</inf:callName>
                  <inf:callName>salesOrderRepositoryV1Save</inf:callName>
                  <inf:returned>Conditionally</inf:returned>
                </inf:callInfo>
                <inf:callInfo>
                  <inf:callName>salesOrderRepositoryV1Save</inf:callName>
                  <inf:requiredInput>No</inf:requiredInput>
                </inf:callInfo>
              </xsd:appinfo>
            </xsd:annotation>
          </xsd:element>
          <xsd:element name="fax" minOccurs="0" maxOccurs="1" type="xsd:string">
            <xsd:annotation>
              <xsd:documentation>Fax number.</xsd:documentation>
              <xsd:appinfo xmlns:inf="http://soap.upskills.in/soap/default?services=salesOrderRepositoryV1">
                <inf:maxLength/>
                <inf:callInfo>
                  <inf:callName>salesOrderRepositoryV1Get</inf:callName>
                  <inf:callName>salesOrderRepositoryV1Save</inf:callName>
                  <inf:returned>Conditionally</inf:returned>
                </inf:callInfo>
                <inf:callInfo>
                  <inf:callName>salesOrderRepositoryV1Save</inf:callName>
                  <inf:requiredInput>No</inf:requiredInput>
                </inf:callInfo>
              </xsd:appinfo>
            </xsd:annotation>
          </xsd:element>
          <xsd:element name="firstname" minOccurs="1" maxOccurs="1" type="xsd:string">
            <xsd:annotation>
              <xsd:documentation>First name.</xsd:documentation>
              <xsd:appinfo xmlns:inf="http://soap.upskills.in/soap/default?services=salesOrderRepositoryV1">
                <inf:maxLength/>
                <inf:callInfo>
                  <inf:callName>salesOrderRepositoryV1Get</inf:callName>
                  <inf:callName>salesOrderRepositoryV1Save</inf:callName>
                  <inf:returned>Conditionally</inf:returned>
                </inf:callInfo>
                <inf:callInfo>
                  <inf:callName>salesOrderRepositoryV1Save</inf:callName>
                  <inf:requiredInput>No</inf:requiredInput>
                </inf:callInfo>
              </xsd:appinfo>
            </xsd:annotation>
          </xsd:element>
          <xsd:element name="lastname" minOccurs="1" maxOccurs="1" type="xsd:string">
            <xsd:annotation>
              <xsd:documentation>Last name.</xsd:documentation>
              <xsd:appinfo xmlns:inf="http://soap.upskills.in/soap/default?services=salesOrderRepositoryV1">
                <inf:maxLength/>
                <inf:callInfo>
                  <inf:callName>salesOrderRepositoryV1Get</inf:callName>
                  <inf:callName>salesOrderRepositoryV1Save</inf:callName>
                  <inf:returned>Conditionally</inf:returned>
                </inf:callInfo>
                <inf:callInfo>
                  <inf:callName>salesOrderRepositoryV1Save</inf:callName>
                  <inf:requiredInput>No</inf:requiredInput>
                </inf:callInfo>
              </xsd:appinfo>
            </xsd:annotation>
          </xsd:element>
          <xsd:element name="middlename" minOccurs="0" maxOccurs="1" type="xsd:string">
            <xsd:annotation>
              <xsd:documentation>Middle name.</xsd:documentation>
              <xsd:appinfo xmlns:inf="http://soap.upskills.in/soap/default?services=salesOrderRepositoryV1">
                <inf:maxLength/>
                <inf:callInfo>
                  <inf:callName>salesOrderRepositoryV1Get</inf:callName>
                  <inf:callName>salesOrderRepositoryV1Save</inf:callName>
                  <inf:returned>Conditionally</inf:returned>
                </inf:callInfo>
                <inf:callInfo>
                  <inf:callName>salesOrderRepositoryV1Save</inf:callName>
                  <inf:requiredInput>No</inf:requiredInput>
                </inf:callInfo>
              </xsd:appinfo>
            </xsd:annotation>
          </xsd:element>
          <xsd:element name="parentId" minOccurs="0" maxOccurs="1" type="xsd:int">
            <xsd:annotation>
              <xsd:documentation>Parent ID.</xsd:documentation>
              <xsd:appinfo xmlns:inf="http://soap.upskills.in/soap/default?services=salesOrderRepositoryV1">
                <inf:min/>
                <inf:max/>
                <inf:callInfo>
                  <inf:callName>salesOrderRepositoryV1Get</inf:callName>
                  <inf:callName>salesOrderRepositoryV1Save</inf:callName>
                  <inf:returned>Conditionally</inf:returned>
                </inf:callInfo>
                <inf:callInfo>
                  <inf:callName>salesOrderRepositoryV1Save</inf:callName>
                  <inf:requiredInput>No</inf:requiredInput>
                </inf:callInfo>
              </xsd:appinfo>
            </xsd:annotation>
          </xsd:element>
          <xsd:element name="postcode" minOccurs="1" maxOccurs="1" type="xsd:string">
            <xsd:annotation>
              <xsd:documentation>Postal code.</xsd:documentation>
              <xsd:appinfo xmlns:inf="http://soap.upskills.in/soap/default?services=salesOrderRepositoryV1">
                <inf:maxLength/>
                <inf:callInfo>
                  <inf:callName>salesOrderRepositoryV1Get</inf:callName>
                  <inf:callName>salesOrderRepositoryV1Save</inf:callName>
                  <inf:returned>Conditionally</inf:returned>
                </inf:callInfo>
                <inf:callInfo>
                  <inf:callName>salesOrderRepositoryV1Save</inf:callName>
                  <inf:requiredInput>No</inf:requiredInput>
                </inf:callInfo>
              </xsd:appinfo>
            </xsd:annotation>
          </xsd:element>
          <xsd:element name="prefix" minOccurs="0" maxOccurs="1" type="xsd:string">
            <xsd:annotation>
              <xsd:documentation>Prefix.</xsd:documentation>
              <xsd:appinfo xmlns:inf="http://soap.upskills.in/soap/default?services=salesOrderRepositoryV1">
                <inf:maxLength/>
                <inf:callInfo>
                  <inf:callName>salesOrderRepositoryV1Get</inf:callName>
                  <inf:callName>salesOrderRepositoryV1Save</inf:callName>
                  <inf:returned>Conditionally</inf:returned>
                </inf:callInfo>
                <inf:callInfo>
                  <inf:callName>salesOrderRepositoryV1Save</inf:callName>
                  <inf:requiredInput>No</inf:requiredInput>
                </inf:callInfo>
              </xsd:appinfo>
            </xsd:annotation>
          </xsd:element>
          <xsd:element name="region" minOccurs="0" maxOccurs="1" type="xsd:string">
            <xsd:annotation>
              <xsd:documentation>Region.</xsd:documentation>
              <xsd:appinfo xmlns:inf="http://soap.upskills.in/soap/default?services=salesOrderRepositoryV1">
                <inf:maxLength/>
                <inf:callInfo>
                  <inf:callName>salesOrderRepositoryV1Get</inf:callName>
                  <inf:callName>salesOrderRepositoryV1Save</inf:callName>
                  <inf:returned>Conditionally</inf:returned>
                </inf:callInfo>
                <inf:callInfo>
                  <inf:callName>salesOrderRepositoryV1Save</inf:callName>
                  <inf:requiredInput>No</inf:requiredInput>
                </inf:callInfo>
              </xsd:appinfo>
            </xsd:annotation>
          </xsd:element>
          <xsd:element name="regionCode" minOccurs="0" maxOccurs="1" type="xsd:string">
            <xsd:annotation>
              <xsd:documentation>Region code.</xsd:documentation>
              <xsd:appinfo xmlns:inf="http://soap.upskills.in/soap/default?services=salesOrderRepositoryV1">
                <inf:maxLength/>
                <inf:callInfo>
                  <inf:callName>salesOrderRepositoryV1Get</inf:callName>
                  <inf:callName>salesOrderRepositoryV1Save</inf:callName>
                  <inf:returned>Conditionally</inf:returned>
                </inf:callInfo>
                <inf:callInfo>
                  <inf:callName>salesOrderRepositoryV1Save</inf:callName>
                  <inf:requiredInput>No</inf:requiredInput>
                </inf:callInfo>
              </xsd:appinfo>
            </xsd:annotation>
          </xsd:element>
          <xsd:element name="regionId" minOccurs="0" maxOccurs="1" type="xsd:int">
            <xsd:annotation>
              <xsd:documentation>Region ID.</xsd:documentation>
              <xsd:appinfo xmlns:inf="http://soap.upskills.in/soap/default?services=salesOrderRepositoryV1">
                <inf:min/>
                <inf:max/>
                <inf:callInfo>
                  <inf:callName>salesOrderRepositoryV1Get</inf:callName>
                  <inf:callName>salesOrderRepositoryV1Save</inf:callName>
                  <inf:returned>Conditionally</inf:returned>
                </inf:callInfo>
                <inf:callInfo>
                  <inf:callName>salesOrderRepositoryV1Save</inf:callName>
                  <inf:requiredInput>No</inf:requiredInput>
                </inf:callInfo>
              </xsd:appinfo>
            </xsd:annotation>
          </xsd:element>
          <xsd:element name="street" type="tns:ArrayOfString" minOccurs="0">
            <xsd:annotation>
              <xsd:documentation>Array of any street values. Otherwise, null.</xsd:documentation>
              <xsd:appinfo xmlns:inf="http://soap.upskills.in/soap/default?services=salesOrderRepositoryV1">
                <inf:natureOfType>array</inf:natureOfType>
                <inf:callInfo>
                  <inf:callName>salesOrderRepositoryV1Get</inf:callName>
                  <inf:callName>salesOrderRepositoryV1Save</inf:callName>
                  <inf:returned>Conditionally</inf:returned>
                </inf:callInfo>
                <inf:callInfo>
                  <inf:callName>salesOrderRepositoryV1Save</inf:callName>
                  <inf:requiredInput>No</inf:requiredInput>
                </inf:callInfo>
              </xsd:appinfo>
            </xsd:annotation>
          </xsd:element>
          <xsd:element name="suffix" minOccurs="0" maxOccurs="1" type="xsd:string">
            <xsd:annotation>
              <xsd:documentation>Suffix.</xsd:documentation>
              <xsd:appinfo xmlns:inf="http://soap.upskills.in/soap/default?services=salesOrderRepositoryV1">
                <inf:maxLength/>
                <inf:callInfo>
                  <inf:callName>salesOrderRepositoryV1Get</inf:callName>
                  <inf:callName>salesOrderRepositoryV1Save</inf:callName>
                  <inf:returned>Conditionally</inf:returned>
                </inf:callInfo>
                <inf:callInfo>
                  <inf:callName>salesOrderRepositoryV1Save</inf:callName>
                  <inf:requiredInput>No</inf:requiredInput>
                </inf:callInfo>
              </xsd:appinfo>
            </xsd:annotation>
          </xsd:element>
          <xsd:element name="telephone" minOccurs="1" maxOccurs="1" type="xsd:string">
            <xsd:annotation>
              <xsd:documentation>Telephone number.</xsd:documentation>
              <xsd:appinfo xmlns:inf="http://soap.upskills.in/soap/default?services=salesOrderRepositoryV1">
                <inf:maxLength/>
                <inf:callInfo>
                  <inf:callName>salesOrderRepositoryV1Get</inf:callName>
                  <inf:callName>salesOrderRepositoryV1Save</inf:callName>
                  <inf:returned>Conditionally</inf:returned>
                </inf:callInfo>
                <inf:callInfo>
                  <inf:callName>salesOrderRepositoryV1Save</inf:callName>
                  <inf:requiredInput>No</inf:requiredInput>
                </inf:callInfo>
              </xsd:appinfo>
            </xsd:annotation>
          </xsd:element>
          <xsd:element name="vatId" minOccurs="0" maxOccurs="1" type="xsd:string">
            <xsd:annotation>
              <xsd:documentation>VAT ID.</xsd:documentation>
              <xsd:appinfo xmlns:inf="http://soap.upskills.in/soap/default?services=salesOrderRepositoryV1">
                <inf:maxLength/>
                <inf:callInfo>
                  <inf:callName>salesOrderRepositoryV1Get</inf:callName>
                  <inf:callName>salesOrderRepositoryV1Save</inf:callName>
                  <inf:returned>Conditionally</inf:returned>
                </inf:callInfo>
                <inf:callInfo>
                  <inf:callName>salesOrderRepositoryV1Save</inf:callName>
                  <inf:requiredInput>No</inf:requiredInput>
                </inf:callInfo>
              </xsd:appinfo>
            </xsd:annotation>
          </xsd:element>
          <xsd:element name="vatIsValid" minOccurs="0" maxOccurs="1" type="xsd:int">
            <xsd:annotation>
              <xsd:documentation>VAT-is-valid flag value.</xsd:documentation>
              <xsd:appinfo xmlns:inf="http://soap.upskills.in/soap/default?services=salesOrderRepositoryV1">
                <inf:min/>
                <inf:max/>
                <inf:callInfo>
                  <inf:callName>salesOrderRepositoryV1Get</inf:callName>
                  <inf:callName>salesOrderRepositoryV1Save</inf:callName>
                  <inf:returned>Conditionally</inf:returned>
                </inf:callInfo>
                <inf:callInfo>
                  <inf:callName>salesOrderRepositoryV1Save</inf:callName>
                  <inf:requiredInput>No</inf:requiredInput>
                </inf:callInfo>
              </xsd:appinfo>
            </xsd:annotation>
          </xsd:element>
          <xsd:element name="vatRequestDate" minOccurs="0" maxOccurs="1" type="xsd:string">
            <xsd:annotation>
              <xsd:documentation>VAT request date.</xsd:documentation>
              <xsd:appinfo xmlns:inf="http://soap.upskills.in/soap/default?services=salesOrderRepositoryV1">
                <inf:maxLength/>
                <inf:callInfo>
                  <inf:callName>salesOrderRepositoryV1Get</inf:callName>
                  <inf:callName>salesOrderRepositoryV1Save</inf:callName>
                  <inf:returned>Conditionally</inf:returned>
                </inf:callInfo>
                <inf:callInfo>
                  <inf:callName>salesOrderRepositoryV1Save</inf:callName>
                  <inf:requiredInput>No</inf:requiredInput>
                </inf:callInfo>
              </xsd:appinfo>
            </xsd:annotation>
          </xsd:element>
          <xsd:element name="vatRequestId" minOccurs="0" maxOccurs="1" type="xsd:string">
            <xsd:annotation>
              <xsd:documentation>VAT request ID.</xsd:documentation>
              <xsd:appinfo xmlns:inf="http://soap.upskills.in/soap/default?services=salesOrderRepositoryV1">
                <inf:maxLength/>
                <inf:callInfo>
                  <inf:callName>salesOrderRepositoryV1Get</inf:callName>
                  <inf:callName>salesOrderRepositoryV1Save</inf:callName>
                  <inf:returned>Conditionally</inf:returned>
                </inf:callInfo>
                <inf:callInfo>
                  <inf:callName>salesOrderRepositoryV1Save</inf:callName>
                  <inf:requiredInput>No</inf:requiredInput>
                </inf:callInfo>
              </xsd:appinfo>
            </xsd:annotation>
          </xsd:element>
          <xsd:element name="vatRequestSuccess" minOccurs="0" maxOccurs="1" type="xsd:int">
            <xsd:annotation>
              <xsd:documentation>VAT-request-success flag value.</xsd:documentation>
              <xsd:appinfo xmlns:inf="http://soap.upskills.in/soap/default?services=salesOrderRepositoryV1">
                <inf:min/>
                <inf:max/>
                <inf:callInfo>
                  <inf:callName>salesOrderRepositoryV1Get</inf:callName>
                  <inf:callName>salesOrderRepositoryV1Save</inf:callName>
                  <inf:returned>Conditionally</inf:returned>
                </inf:callInfo>
                <inf:callInfo>
                  <inf:callName>salesOrderRepositoryV1Save</inf:callName>
                  <inf:requiredInput>No</inf:requiredInput>
                </inf:callInfo>
              </xsd:appinfo>
            </xsd:annotation>
          </xsd:element>
          <xsd:element name="extensionAttributes" minOccurs="0" maxOccurs="1" type="tns:SalesDataOrderAddressExtensionInterface">
            <xsd:annotation>
              <xsd:documentation>Existing extension attributes object or create a new one.</xsd:documentation>
              <xsd:appinfo xmlns:inf="http://soap.upskills.in/soap/default?services=salesOrderRepositoryV1">
                <inf:callInfo>
                  <inf:callName>salesOrderRepositoryV1Get</inf:callName>
                  <inf:callName>salesOrderRepositoryV1Save</inf:callName>
                  <inf:returned>Conditionally</inf:returned>
                </inf:callInfo>
                <inf:callInfo>
                  <inf:callName>salesOrderRepositoryV1Save</inf:callName>
                  <inf:requiredInput>No</inf:requiredInput>
                </inf:callInfo>
              </xsd:appinfo>
            </xsd:annotation>
          </xsd:element>
        </xsd:sequence>
      </xsd:complexType>
      <xsd:complexType name="VaultDataPaymentTokenInterface">
        <xsd:annotation>
          <xsd:documentation>Gateway vault payment token interface.</xsd:documentation>
          <xsd:appinfo xmlns:inf="http://soap.upskills.in/soap/default?services=salesOrderRepositoryV1"/>
        </xsd:annotation>
        <xsd:sequence>
          <xsd:element name="entityId" minOccurs="0" maxOccurs="1" type="xsd:int">
            <xsd:annotation>
              <xsd:documentation>Entity ID.</xsd:documentation>
              <xsd:appinfo xmlns:inf="http://soap.upskills.in/soap/default?services=salesOrderRepositoryV1">
                <inf:min/>
                <inf:max/>
                <inf:callInfo>
                  <inf:callName>salesOrderRepositoryV1Get</inf:callName>
                  <inf:callName>salesOrderRepositoryV1Save</inf:callName>
                  <inf:returned>Conditionally</inf:returned>
                </inf:callInfo>
                <inf:callInfo>
                  <inf:callName>salesOrderRepositoryV1Save</inf:callName>
                  <inf:requiredInput>No</inf:requiredInput>
                </inf:callInfo>
              </xsd:appinfo>
            </xsd:annotation>
          </xsd:element>
          <xsd:element name="customerId" minOccurs="0" maxOccurs="1" type="xsd:int">
            <xsd:annotation>
              <xsd:documentation>Customer ID.</xsd:documentation>
              <xsd:appinfo xmlns:inf="http://soap.upskills.in/soap/default?services=salesOrderRepositoryV1">
                <inf:min/>
                <inf:max/>
                <inf:callInfo>
                  <inf:callName>salesOrderRepositoryV1Get</inf:callName>
                  <inf:callName>salesOrderRepositoryV1Save</inf:callName>
                  <inf:returned>Conditionally</inf:returned>
                </inf:callInfo>
                <inf:callInfo>
                  <inf:callName>salesOrderRepositoryV1Save</inf:callName>
                  <inf:requiredInput>No</inf:requiredInput>
                </inf:callInfo>
              </xsd:appinfo>
            </xsd:annotation>
          </xsd:element>
          <xsd:element name="publicHash" minOccurs="1" maxOccurs="1" type="xsd:string">
            <xsd:annotation>
              <xsd:documentation>Public hash</xsd:documentation>
              <xsd:appinfo xmlns:inf="http://soap.upskills.in/soap/default?services=salesOrderRepositoryV1">
                <inf:maxLength/>
                <inf:callInfo>
                  <inf:callName>salesOrderRepositoryV1Get</inf:callName>
                  <inf:callName>salesOrderRepositoryV1Save</inf:callName>
                  <inf:returned>Conditionally</inf:returned>
                </inf:callInfo>
                <inf:callInfo>
                  <inf:callName>salesOrderRepositoryV1Save</inf:callName>
                  <inf:requiredInput>No</inf:requiredInput>
                </inf:callInfo>
              </xsd:appinfo>
            </xsd:annotation>
          </xsd:element>
          <xsd:element name="paymentMethodCode" minOccurs="1" maxOccurs="1" type="xsd:string">
            <xsd:annotation>
              <xsd:documentation>Payment method code</xsd:documentation>
              <xsd:appinfo xmlns:inf="http://soap.upskills.in/soap/default?services=salesOrderRepositoryV1">
                <inf:maxLength/>
                <inf:callInfo>
                  <inf:callName>salesOrderRepositoryV1Get</inf:callName>
                  <inf:callName>salesOrderRepositoryV1Save</inf:callName>
                  <inf:returned>Conditionally</inf:returned>
                </inf:callInfo>
                <inf:callInfo>
                  <inf:callName>salesOrderRepositoryV1Save</inf:callName>
                  <inf:requiredInput>No</inf:requiredInput>
                </inf:callInfo>
              </xsd:appinfo>
            </xsd:annotation>
          </xsd:element>
          <xsd:element name="type" minOccurs="1" maxOccurs="1" type="xsd:string">
            <xsd:annotation>
              <xsd:documentation>Type</xsd:documentation>
              <xsd:appinfo xmlns:inf="http://soap.upskills.in/soap/default?services=salesOrderRepositoryV1">
                <inf:maxLength/>
                <inf:callInfo>
                  <inf:callName>salesOrderRepositoryV1Get</inf:callName>
                  <inf:callName>salesOrderRepositoryV1Save</inf:callName>
                  <inf:returned>Conditionally</inf:returned>
                </inf:callInfo>
                <inf:callInfo>
                  <inf:callName>salesOrderRepositoryV1Save</inf:callName>
                  <inf:requiredInput>No</inf:requiredInput>
                </inf:callInfo>
              </xsd:appinfo>
            </xsd:annotation>
          </xsd:element>
          <xsd:element name="createdAt" minOccurs="0" maxOccurs="1" type="xsd:string">
            <xsd:annotation>
              <xsd:documentation>Token creation timestamp</xsd:documentation>
              <xsd:appinfo xmlns:inf="http://soap.upskills.in/soap/default?services=salesOrderRepositoryV1">
                <inf:maxLength/>
                <inf:callInfo>
                  <inf:callName>salesOrderRepositoryV1Get</inf:callName>
                  <inf:callName>salesOrderRepositoryV1Save</inf:callName>
                  <inf:returned>Conditionally</inf:returned>
                </inf:callInfo>
                <inf:callInfo>
                  <inf:callName>salesOrderRepositoryV1Save</inf:callName>
                  <inf:requiredInput>No</inf:requiredInput>
                </inf:callInfo>
              </xsd:appinfo>
            </xsd:annotation>
          </xsd:element>
          <xsd:element name="expiresAt" minOccurs="0" maxOccurs="1" type="xsd:string">
            <xsd:annotation>
              <xsd:documentation>Token expiration timestamp</xsd:documentation>
              <xsd:appinfo xmlns:inf="http://soap.upskills.in/soap/default?services=salesOrderRepositoryV1">
                <inf:maxLength/>
                <inf:callInfo>
                  <inf:callName>salesOrderRepositoryV1Get</inf:callName>
                  <inf:callName>salesOrderRepositoryV1Save</inf:callName>
                  <inf:returned>Conditionally</inf:returned>
                </inf:callInfo>
                <inf:callInfo>
                  <inf:callName>salesOrderRepositoryV1Save</inf:callName>
                  <inf:requiredInput>No</inf:requiredInput>
                </inf:callInfo>
              </xsd:appinfo>
            </xsd:annotation>
          </xsd:element>
          <xsd:element name="gatewayToken" minOccurs="1" maxOccurs="1" type="xsd:string">
            <xsd:annotation>
              <xsd:documentation>Gateway token ID</xsd:documentation>
              <xsd:appinfo xmlns:inf="http://soap.upskills.in/soap/default?services=salesOrderRepositoryV1">
                <inf:maxLength/>
                <inf:callInfo>
                  <inf:callName>salesOrderRepositoryV1Get</inf:callName>
                  <inf:callName>salesOrderRepositoryV1Save</inf:callName>
                  <inf:returned>Conditionally</inf:returned>
                </inf:callInfo>
                <inf:callInfo>
                  <inf:callName>salesOrderRepositoryV1Save</inf:callName>
                  <inf:requiredInput>No</inf:requiredInput>
                </inf:callInfo>
              </xsd:appinfo>
            </xsd:annotation>
          </xsd:element>
          <xsd:element name="tokenDetails" minOccurs="1" maxOccurs="1" type="xsd:string">
            <xsd:annotation>
              <xsd:documentation>Token details</xsd:documentation>
              <xsd:appinfo xmlns:inf="http://soap.upskills.in/soap/default?services=salesOrderRepositoryV1">
                <inf:maxLength/>
                <inf:callInfo>
                  <inf:callName>salesOrderRepositoryV1Get</inf:callName>
                  <inf:callName>salesOrderRepositoryV1Save</inf:callName>
                  <inf:returned>Conditionally</inf:returned>
                </inf:callInfo>
                <inf:callInfo>
                  <inf:callName>salesOrderRepositoryV1Save</inf:callName>
                  <inf:requiredInput>No</inf:requiredInput>
                </inf:callInfo>
              </xsd:appinfo>
            </xsd:annotation>
          </xsd:element>
          <xsd:element name="isActive" minOccurs="1" maxOccurs="1" type="xsd:boolean">
            <xsd:annotation>
              <xsd:documentation>Is active.</xsd:documentation>
              <xsd:appinfo xmlns:inf="http://soap.upskills.in/soap/default?services=salesOrderRepositoryV1">
                <inf:default>false</inf:default>
                <inf:callInfo>
                  <inf:callName>salesOrderRepositoryV1Get</inf:callName>
                  <inf:callName>salesOrderRepositoryV1Save</inf:callName>
                  <inf:returned>Conditionally</inf:returned>
                </inf:callInfo>
                <inf:callInfo>
                  <inf:callName>salesOrderRepositoryV1Save</inf:callName>
                  <inf:requiredInput>No</inf:requiredInput>
                </inf:callInfo>
              </xsd:appinfo>
            </xsd:annotation>
          </xsd:element>
          <xsd:element name="isVisible" minOccurs="1" maxOccurs="1" type="xsd:boolean">
            <xsd:annotation>
              <xsd:documentation>Is visible.</xsd:documentation>
              <xsd:appinfo xmlns:inf="http://soap.upskills.in/soap/default?services=salesOrderRepositoryV1">
                <inf:default>false</inf:default>
                <inf:callInfo>
                  <inf:callName>salesOrderRepositoryV1Get</inf:callName>
                  <inf:callName>salesOrderRepositoryV1Save</inf:callName>
                  <inf:returned>Conditionally</inf:returned>
                </inf:callInfo>
                <inf:callInfo>
                  <inf:callName>salesOrderRepositoryV1Save</inf:callName>
                  <inf:requiredInput>No</inf:requiredInput>
                </inf:callInfo>
              </xsd:appinfo>
            </xsd:annotation>
          </xsd:element>
        </xsd:sequence>
      </xsd:complexType>
      <xsd:complexType name="SalesDataOrderPaymentExtensionInterface">
        <xsd:annotation>
          <xsd:documentation>ExtensionInterface class for @see \Magento\Sales\Api\Data\OrderPaymentInterface</xsd:documentation>
          <xsd:appinfo xmlns:inf="http://soap.upskills.in/soap/default?services=salesOrderRepositoryV1"/>
        </xsd:annotation>
        <xsd:sequence>
          <xsd:element name="vaultPaymentToken" minOccurs="0" maxOccurs="1" type="tns:VaultDataPaymentTokenInterface">
            <xsd:annotation>
              <xsd:documentation/>
              <xsd:appinfo xmlns:inf="http://soap.upskills.in/soap/default?services=salesOrderRepositoryV1">
                <inf:callInfo>
                  <inf:callName>salesOrderRepositoryV1Get</inf:callName>
                  <inf:callName>salesOrderRepositoryV1Save</inf:callName>
                  <inf:returned>Conditionally</inf:returned>
                </inf:callInfo>
                <inf:callInfo>
                  <inf:callName>salesOrderRepositoryV1Save</inf:callName>
                  <inf:requiredInput>No</inf:requiredInput>
                </inf:callInfo>
              </xsd:appinfo>
            </xsd:annotation>
          </xsd:element>
        </xsd:sequence>
      </xsd:complexType>
      <xsd:complexType name="SalesDataOrderPaymentInterface">
        <xsd:annotation>
          <xsd:documentation>Order payment interface. An order is a document that a web store issues to a customer. Magento generates a sales order that lists the product items, billing and shipping addresses, and shipping and payment methods. A corresponding external document, known as a purchase order, is emailed to the customer.</xsd:documentation>
          <xsd:appinfo xmlns:inf="http://soap.upskills.in/soap/default?services=salesOrderRepositoryV1"/>
        </xsd:annotation>
        <xsd:sequence>
          <xsd:element name="accountStatus" minOccurs="1" maxOccurs="1" type="xsd:string">
            <xsd:annotation>
              <xsd:documentation>Account status.</xsd:documentation>
              <xsd:appinfo xmlns:inf="http://soap.upskills.in/soap/default?services=salesOrderRepositoryV1">
                <inf:maxLength/>
                <inf:callInfo>
                  <inf:callName>salesOrderRepositoryV1Get</inf:callName>
                  <inf:callName>salesOrderRepositoryV1Save</inf:callName>
                  <inf:returned>Conditionally</inf:returned>
                </inf:callInfo>
                <inf:callInfo>
                  <inf:callName>salesOrderRepositoryV1Save</inf:callName>
                  <inf:requiredInput>No</inf:requiredInput>
                </inf:callInfo>
              </xsd:appinfo>
            </xsd:annotation>
          </xsd:element>
          <xsd:element name="additionalData" minOccurs="0" maxOccurs="1" type="xsd:string">
            <xsd:annotation>
              <xsd:documentation>Additional data.</xsd:documentation>
              <xsd:appinfo xmlns:inf="http://soap.upskills.in/soap/default?services=salesOrderRepositoryV1">
                <inf:maxLength/>
                <inf:callInfo>
                  <inf:callName>salesOrderRepositoryV1Get</inf:callName>
                  <inf:callName>salesOrderRepositoryV1Save</inf:callName>
                  <inf:returned>Conditionally</inf:returned>
                </inf:callInfo>
                <inf:callInfo>
                  <inf:callName>salesOrderRepositoryV1Save</inf:callName>
                  <inf:requiredInput>No</inf:requiredInput>
                </inf:callInfo>
              </xsd:appinfo>
            </xsd:annotation>
          </xsd:element>
          <xsd:element name="additionalInformation" type="tns:ArrayOfString">
            <xsd:annotation>
              <xsd:documentation>Array of additional information.</xsd:documentation>
              <xsd:appinfo xmlns:inf="http://soap.upskills.in/soap/default?services=salesOrderRepositoryV1">
                <inf:natureOfType>array</inf:natureOfType>
                <inf:callInfo>
                  <inf:callName>salesOrderRepositoryV1Get</inf:callName>
                  <inf:callName>salesOrderRepositoryV1Save</inf:callName>
                  <inf:returned>Conditionally</inf:returned>
                </inf:callInfo>
                <inf:callInfo>
                  <inf:callName>salesOrderRepositoryV1Save</inf:callName>
                  <inf:requiredInput>No</inf:requiredInput>
                </inf:callInfo>
              </xsd:appinfo>
            </xsd:annotation>
          </xsd:element>
          <xsd:element name="addressStatus" minOccurs="0" maxOccurs="1" type="xsd:string">
            <xsd:annotation>
              <xsd:documentation>Address status.</xsd:documentation>
              <xsd:appinfo xmlns:inf="http://soap.upskills.in/soap/default?services=salesOrderRepositoryV1">
                <inf:maxLength/>
                <inf:callInfo>
                  <inf:callName>salesOrderRepositoryV1Get</inf:callName>
                  <inf:callName>salesOrderRepositoryV1Save</inf:callName>
                  <inf:returned>Conditionally</inf:returned>
                </inf:callInfo>
                <inf:callInfo>
                  <inf:callName>salesOrderRepositoryV1Save</inf:callName>
                  <inf:requiredInput>No</inf:requiredInput>
                </inf:callInfo>
              </xsd:appinfo>
            </xsd:annotation>
          </xsd:element>
          <xsd:element name="amountAuthorized" minOccurs="0" maxOccurs="1" type="xsd:float">
            <xsd:annotation>
              <xsd:documentation>Amount authorized.</xsd:documentation>
              <xsd:appinfo xmlns:inf="http://soap.upskills.in/soap/default?services=salesOrderRepositoryV1">
                <inf:callInfo>
                  <inf:callName>salesOrderRepositoryV1Get</inf:callName>
                  <inf:callName>salesOrderRepositoryV1Save</inf:callName>
                  <inf:returned>Conditionally</inf:returned>
                </inf:callInfo>
                <inf:callInfo>
                  <inf:callName>salesOrderRepositoryV1Save</inf:callName>
                  <inf:requiredInput>No</inf:requiredInput>
                </inf:callInfo>
              </xsd:appinfo>
            </xsd:annotation>
          </xsd:element>
          <xsd:element name="amountCanceled" minOccurs="0" maxOccurs="1" type="xsd:float">
            <xsd:annotation>
              <xsd:documentation>Amount canceled.</xsd:documentation>
              <xsd:appinfo xmlns:inf="http://soap.upskills.in/soap/default?services=salesOrderRepositoryV1">
                <inf:callInfo>
                  <inf:callName>salesOrderRepositoryV1Get</inf:callName>
                  <inf:callName>salesOrderRepositoryV1Save</inf:callName>
                  <inf:returned>Conditionally</inf:returned>
                </inf:callInfo>
                <inf:callInfo>
                  <inf:callName>salesOrderRepositoryV1Save</inf:callName>
                  <inf:requiredInput>No</inf:requiredInput>
                </inf:callInfo>
              </xsd:appinfo>
            </xsd:annotation>
          </xsd:element>
          <xsd:element name="amountOrdered" minOccurs="0" maxOccurs="1" type="xsd:float">
            <xsd:annotation>
              <xsd:documentation>Amount ordered.</xsd:documentation>
              <xsd:appinfo xmlns:inf="http://soap.upskills.in/soap/default?services=salesOrderRepositoryV1">
                <inf:callInfo>
                  <inf:callName>salesOrderRepositoryV1Get</inf:callName>
                  <inf:callName>salesOrderRepositoryV1Save</inf:callName>
                  <inf:returned>Conditionally</inf:returned>
                </inf:callInfo>
                <inf:callInfo>
                  <inf:callName>salesOrderRepositoryV1Save</inf:callName>
                  <inf:requiredInput>No</inf:requiredInput>
                </inf:callInfo>
              </xsd:appinfo>
            </xsd:annotation>
          </xsd:element>
          <xsd:element name="amountPaid" minOccurs="0" maxOccurs="1" type="xsd:float">
            <xsd:annotation>
              <xsd:documentation>Amount paid.</xsd:documentation>
              <xsd:appinfo xmlns:inf="http://soap.upskills.in/soap/default?services=salesOrderRepositoryV1">
                <inf:callInfo>
                  <inf:callName>salesOrderRepositoryV1Get</inf:callName>
                  <inf:callName>salesOrderRepositoryV1Save</inf:callName>
                  <inf:returned>Conditionally</inf:returned>
                </inf:callInfo>
                <inf:callInfo>
                  <inf:callName>salesOrderRepositoryV1Save</inf:callName>
                  <inf:requiredInput>No</inf:requiredInput>
                </inf:callInfo>
              </xsd:appinfo>
            </xsd:annotation>
          </xsd:element>
          <xsd:element name="amountRefunded" minOccurs="0" maxOccurs="1" type="xsd:float">
            <xsd:annotation>
              <xsd:documentation>Amount refunded.</xsd:documentation>
              <xsd:appinfo xmlns:inf="http://soap.upskills.in/soap/default?services=salesOrderRepositoryV1">
                <inf:callInfo>
                  <inf:callName>salesOrderRepositoryV1Get</inf:callName>
                  <inf:callName>salesOrderRepositoryV1Save</inf:callName>
                  <inf:returned>Conditionally</inf:returned>
                </inf:callInfo>
                <inf:callInfo>
                  <inf:callName>salesOrderRepositoryV1Save</inf:callName>
                  <inf:requiredInput>No</inf:requiredInput>
                </inf:callInfo>
              </xsd:appinfo>
            </xsd:annotation>
          </xsd:element>
          <xsd:element name="anetTransMethod" minOccurs="0" maxOccurs="1" type="xsd:string">
            <xsd:annotation>
              <xsd:documentation>Anet transaction method.</xsd:documentation>
              <xsd:appinfo xmlns:inf="http://soap.upskills.in/soap/default?services=salesOrderRepositoryV1">
                <inf:maxLength/>
                <inf:callInfo>
                  <inf:callName>salesOrderRepositoryV1Get</inf:callName>
                  <inf:callName>salesOrderRepositoryV1Save</inf:callName>
                  <inf:returned>Conditionally</inf:returned>
                </inf:callInfo>
                <inf:callInfo>
                  <inf:callName>salesOrderRepositoryV1Save</inf:callName>
                  <inf:requiredInput>No</inf:requiredInput>
                </inf:callInfo>
              </xsd:appinfo>
            </xsd:annotation>
          </xsd:element>
          <xsd:element name="baseAmountAuthorized" minOccurs="0" maxOccurs="1" type="xsd:float">
            <xsd:annotation>
              <xsd:documentation>Base amount authorized.</xsd:documentation>
              <xsd:appinfo xmlns:inf="http://soap.upskills.in/soap/default?services=salesOrderRepositoryV1">
                <inf:callInfo>
                  <inf:callName>salesOrderRepositoryV1Get</inf:callName>
                  <inf:callName>salesOrderRepositoryV1Save</inf:callName>
                  <inf:returned>Conditionally</inf:returned>
                </inf:callInfo>
                <inf:callInfo>
                  <inf:callName>salesOrderRepositoryV1Save</inf:callName>
                  <inf:requiredInput>No</inf:requiredInput>
                </inf:callInfo>
              </xsd:appinfo>
            </xsd:annotation>
          </xsd:element>
          <xsd:element name="baseAmountCanceled" minOccurs="0" maxOccurs="1" type="xsd:float">
            <xsd:annotation>
              <xsd:documentation>Base amount canceled.</xsd:documentation>
              <xsd:appinfo xmlns:inf="http://soap.upskills.in/soap/default?services=salesOrderRepositoryV1">
                <inf:callInfo>
                  <inf:callName>salesOrderRepositoryV1Get</inf:callName>
                  <inf:callName>salesOrderRepositoryV1Save</inf:callName>
                  <inf:returned>Conditionally</inf:returned>
                </inf:callInfo>
                <inf:callInfo>
                  <inf:callName>salesOrderRepositoryV1Save</inf:callName>
                  <inf:requiredInput>No</inf:requiredInput>
                </inf:callInfo>
              </xsd:appinfo>
            </xsd:annotation>
          </xsd:element>
          <xsd:element name="baseAmountOrdered" minOccurs="0" maxOccurs="1" type="xsd:float">
            <xsd:annotation>
              <xsd:documentation>Base amount ordered.</xsd:documentation>
              <xsd:appinfo xmlns:inf="http://soap.upskills.in/soap/default?services=salesOrderRepositoryV1">
                <inf:callInfo>
                  <inf:callName>salesOrderRepositoryV1Get</inf:callName>
                  <inf:callName>salesOrderRepositoryV1Save</inf:callName>
                  <inf:returned>Conditionally</inf:returned>
                </inf:callInfo>
                <inf:callInfo>
                  <inf:callName>salesOrderRepositoryV1Save</inf:callName>
                  <inf:requiredInput>No</inf:requiredInput>
                </inf:callInfo>
              </xsd:appinfo>
            </xsd:annotation>
          </xsd:element>
          <xsd:element name="baseAmountPaid" minOccurs="0" maxOccurs="1" type="xsd:float">
            <xsd:annotation>
              <xsd:documentation>Base amount paid.</xsd:documentation>
              <xsd:appinfo xmlns:inf="http://soap.upskills.in/soap/default?services=salesOrderRepositoryV1">
                <inf:callInfo>
                  <inf:callName>salesOrderRepositoryV1Get</inf:callName>
                  <inf:callName>salesOrderRepositoryV1Save</inf:callName>
                  <inf:returned>Conditionally</inf:returned>
                </inf:callInfo>
                <inf:callInfo>
                  <inf:callName>salesOrderRepositoryV1Save</inf:callName>
                  <inf:requiredInput>No</inf:requiredInput>
                </inf:callInfo>
              </xsd:appinfo>
            </xsd:annotation>
          </xsd:element>
          <xsd:element name="baseAmountPaidOnline" minOccurs="0" maxOccurs="1" type="xsd:float">
            <xsd:annotation>
              <xsd:documentation>Base amount paid online.</xsd:documentation>
              <xsd:appinfo xmlns:inf="http://soap.upskills.in/soap/default?services=salesOrderRepositoryV1">
                <inf:callInfo>
                  <inf:callName>salesOrderRepositoryV1Get</inf:callName>
                  <inf:callName>salesOrderRepositoryV1Save</inf:callName>
                  <inf:returned>Conditionally</inf:returned>
                </inf:callInfo>
                <inf:callInfo>
                  <inf:callName>salesOrderRepositoryV1Save</inf:callName>
                  <inf:requiredInput>No</inf:requiredInput>
                </inf:callInfo>
              </xsd:appinfo>
            </xsd:annotation>
          </xsd:element>
          <xsd:element name="baseAmountRefunded" minOccurs="0" maxOccurs="1" type="xsd:float">
            <xsd:annotation>
              <xsd:documentation>Base amount refunded.</xsd:documentation>
              <xsd:appinfo xmlns:inf="http://soap.upskills.in/soap/default?services=salesOrderRepositoryV1">
                <inf:callInfo>
                  <inf:callName>salesOrderRepositoryV1Get</inf:callName>
                  <inf:callName>salesOrderRepositoryV1Save</inf:callName>
                  <inf:returned>Conditionally</inf:returned>
                </inf:callInfo>
                <inf:callInfo>
                  <inf:callName>salesOrderRepositoryV1Save</inf:callName>
                  <inf:requiredInput>No</inf:requiredInput>
                </inf:callInfo>
              </xsd:appinfo>
            </xsd:annotation>
          </xsd:element>
          <xsd:element name="baseAmountRefundedOnline" minOccurs="0" maxOccurs="1" type="xsd:float">
            <xsd:annotation>
              <xsd:documentation>Base amount refunded online.</xsd:documentation>
              <xsd:appinfo xmlns:inf="http://soap.upskills.in/soap/default?services=salesOrderRepositoryV1">
                <inf:callInfo>
                  <inf:callName>salesOrderRepositoryV1Get</inf:callName>
                  <inf:callName>salesOrderRepositoryV1Save</inf:callName>
                  <inf:returned>Conditionally</inf:returned>
                </inf:callInfo>
                <inf:callInfo>
                  <inf:callName>salesOrderRepositoryV1Save</inf:callName>
                  <inf:requiredInput>No</inf:requiredInput>
                </inf:callInfo>
              </xsd:appinfo>
            </xsd:annotation>
          </xsd:element>
          <xsd:element name="baseShippingAmount" minOccurs="0" maxOccurs="1" type="xsd:float">
            <xsd:annotation>
              <xsd:documentation>Base shipping amount.</xsd:documentation>
              <xsd:appinfo xmlns:inf="http://soap.upskills.in/soap/default?services=salesOrderRepositoryV1">
                <inf:callInfo>
                  <inf:callName>salesOrderRepositoryV1Get</inf:callName>
                  <inf:callName>salesOrderRepositoryV1Save</inf:callName>
                  <inf:returned>Conditionally</inf:returned>
                </inf:callInfo>
                <inf:callInfo>
                  <inf:callName>salesOrderRepositoryV1Save</inf:callName>
                  <inf:requiredInput>No</inf:requiredInput>
                </inf:callInfo>
              </xsd:appinfo>
            </xsd:annotation>
          </xsd:element>
          <xsd:element name="baseShippingCaptured" minOccurs="0" maxOccurs="1" type="xsd:float">
            <xsd:annotation>
              <xsd:documentation>Base shipping captured amount.</xsd:documentation>
              <xsd:appinfo xmlns:inf="http://soap.upskills.in/soap/default?services=salesOrderRepositoryV1">
                <inf:callInfo>
                  <inf:callName>salesOrderRepositoryV1Get</inf:callName>
                  <inf:callName>salesOrderRepositoryV1Save</inf:callName>
                  <inf:returned>Conditionally</inf:returned>
                </inf:callInfo>
                <inf:callInfo>
                  <inf:callName>salesOrderRepositoryV1Save</inf:callName>
                  <inf:requiredInput>No</inf:requiredInput>
                </inf:callInfo>
              </xsd:appinfo>
            </xsd:annotation>
          </xsd:element>
          <xsd:element name="baseShippingRefunded" minOccurs="0" maxOccurs="1" type="xsd:float">
            <xsd:annotation>
              <xsd:documentation>Base shipping refunded amount.</xsd:documentation>
              <xsd:appinfo xmlns:inf="http://soap.upskills.in/soap/default?services=salesOrderRepositoryV1">
                <inf:callInfo>
                  <inf:callName>salesOrderRepositoryV1Get</inf:callName>
                  <inf:callName>salesOrderRepositoryV1Save</inf:callName>
                  <inf:returned>Conditionally</inf:returned>
                </inf:callInfo>
                <inf:callInfo>
                  <inf:callName>salesOrderRepositoryV1Save</inf:callName>
                  <inf:requiredInput>No</inf:requiredInput>
                </inf:callInfo>
              </xsd:appinfo>
            </xsd:annotation>
          </xsd:element>
          <xsd:element name="ccApproval" minOccurs="0" maxOccurs="1" type="xsd:string">
            <xsd:annotation>
              <xsd:documentation>Credit card approval.</xsd:documentation>
              <xsd:appinfo xmlns:inf="http://soap.upskills.in/soap/default?services=salesOrderRepositoryV1">
                <inf:maxLength/>
                <inf:callInfo>
                  <inf:callName>salesOrderRepositoryV1Get</inf:callName>
                  <inf:callName>salesOrderRepositoryV1Save</inf:callName>
                  <inf:returned>Conditionally</inf:returned>
                </inf:callInfo>
                <inf:callInfo>
                  <inf:callName>salesOrderRepositoryV1Save</inf:callName>
                  <inf:requiredInput>No</inf:requiredInput>
                </inf:callInfo>
              </xsd:appinfo>
            </xsd:annotation>
          </xsd:element>
          <xsd:element name="ccAvsStatus" minOccurs="0" maxOccurs="1" type="xsd:string">
            <xsd:annotation>
              <xsd:documentation>Credit card avs status.</xsd:documentation>
              <xsd:appinfo xmlns:inf="http://soap.upskills.in/soap/default?services=salesOrderRepositoryV1">
                <inf:maxLength/>
                <inf:callInfo>
                  <inf:callName>salesOrderRepositoryV1Get</inf:callName>
                  <inf:callName>salesOrderRepositoryV1Save</inf:callName>
                  <inf:returned>Conditionally</inf:returned>
                </inf:callInfo>
                <inf:callInfo>
                  <inf:callName>salesOrderRepositoryV1Save</inf:callName>
                  <inf:requiredInput>No</inf:requiredInput>
                </inf:callInfo>
              </xsd:appinfo>
            </xsd:annotation>
          </xsd:element>
          <xsd:element name="ccCidStatus" minOccurs="0" maxOccurs="1" type="xsd:string">
            <xsd:annotation>
              <xsd:documentation>Credit card CID status.</xsd:documentation>
              <xsd:appinfo xmlns:inf="http://soap.upskills.in/soap/default?services=salesOrderRepositoryV1">
                <inf:maxLength/>
                <inf:callInfo>
                  <inf:callName>salesOrderRepositoryV1Get</inf:callName>
                  <inf:callName>salesOrderRepositoryV1Save</inf:callName>
                  <inf:returned>Conditionally</inf:returned>
                </inf:callInfo>
                <inf:callInfo>
                  <inf:callName>salesOrderRepositoryV1Save</inf:callName>
                  <inf:requiredInput>No</inf:requiredInput>
                </inf:callInfo>
              </xsd:appinfo>
            </xsd:annotation>
          </xsd:element>
          <xsd:element name="ccDebugRequestBody" minOccurs="0" maxOccurs="1" type="xsd:string">
            <xsd:annotation>
              <xsd:documentation>Credit card debug request body.</xsd:documentation>
              <xsd:appinfo xmlns:inf="http://soap.upskills.in/soap/default?services=salesOrderRepositoryV1">
                <inf:maxLength/>
                <inf:callInfo>
                  <inf:callName>salesOrderRepositoryV1Get</inf:callName>
                  <inf:callName>salesOrderRepositoryV1Save</inf:callName>
                  <inf:returned>Conditionally</inf:returned>
                </inf:callInfo>
                <inf:callInfo>
                  <inf:callName>salesOrderRepositoryV1Save</inf:callName>
                  <inf:requiredInput>No</inf:requiredInput>
                </inf:callInfo>
              </xsd:appinfo>
            </xsd:annotation>
          </xsd:element>
          <xsd:element name="ccDebugResponseBody" minOccurs="0" maxOccurs="1" type="xsd:string">
            <xsd:annotation>
              <xsd:documentation>Credit card debug response body.</xsd:documentation>
              <xsd:appinfo xmlns:inf="http://soap.upskills.in/soap/default?services=salesOrderRepositoryV1">
                <inf:maxLength/>
                <inf:callInfo>
                  <inf:callName>salesOrderRepositoryV1Get</inf:callName>
                  <inf:callName>salesOrderRepositoryV1Save</inf:callName>
                  <inf:returned>Conditionally</inf:returned>
                </inf:callInfo>
                <inf:callInfo>
                  <inf:callName>salesOrderRepositoryV1Save</inf:callName>
                  <inf:requiredInput>No</inf:requiredInput>
                </inf:callInfo>
              </xsd:appinfo>
            </xsd:annotation>
          </xsd:element>
          <xsd:element name="ccDebugResponseSerialized" minOccurs="0" maxOccurs="1" type="xsd:string">
            <xsd:annotation>
              <xsd:documentation>Credit card debug response serialized.</xsd:documentation>
              <xsd:appinfo xmlns:inf="http://soap.upskills.in/soap/default?services=salesOrderRepositoryV1">
                <inf:maxLength/>
                <inf:callInfo>
                  <inf:callName>salesOrderRepositoryV1Get</inf:callName>
                  <inf:callName>salesOrderRepositoryV1Save</inf:callName>
                  <inf:returned>Conditionally</inf:returned>
                </inf:callInfo>
                <inf:callInfo>
                  <inf:callName>salesOrderRepositoryV1Save</inf:callName>
                  <inf:requiredInput>No</inf:requiredInput>
                </inf:callInfo>
              </xsd:appinfo>
            </xsd:annotation>
          </xsd:element>
          <xsd:element name="ccExpMonth" minOccurs="0" maxOccurs="1" type="xsd:string">
            <xsd:annotation>
              <xsd:documentation>Credit card expiration month.</xsd:documentation>
              <xsd:appinfo xmlns:inf="http://soap.upskills.in/soap/default?services=salesOrderRepositoryV1">
                <inf:maxLength/>
                <inf:callInfo>
                  <inf:callName>salesOrderRepositoryV1Get</inf:callName>
                  <inf:callName>salesOrderRepositoryV1Save</inf:callName>
                  <inf:returned>Conditionally</inf:returned>
                </inf:callInfo>
                <inf:callInfo>
                  <inf:callName>salesOrderRepositoryV1Save</inf:callName>
                  <inf:requiredInput>No</inf:requiredInput>
                </inf:callInfo>
              </xsd:appinfo>
            </xsd:annotation>
          </xsd:element>
          <xsd:element name="ccExpYear" minOccurs="0" maxOccurs="1" type="xsd:string">
            <xsd:annotation>
              <xsd:documentation>Credit card expiration year.</xsd:documentation>
              <xsd:appinfo xmlns:inf="http://soap.upskills.in/soap/default?services=salesOrderRepositoryV1">
                <inf:maxLength/>
                <inf:callInfo>
                  <inf:callName>salesOrderRepositoryV1Get</inf:callName>
                  <inf:callName>salesOrderRepositoryV1Save</inf:callName>
                  <inf:returned>Conditionally</inf:returned>
                </inf:callInfo>
                <inf:callInfo>
                  <inf:callName>salesOrderRepositoryV1Save</inf:callName>
                  <inf:requiredInput>No</inf:requiredInput>
                </inf:callInfo>
              </xsd:appinfo>
            </xsd:annotation>
          </xsd:element>
          <xsd:element name="ccLast4" minOccurs="1" maxOccurs="1" type="xsd:string">
            <xsd:annotation>
              <xsd:documentation>Last four digits of the credit card.</xsd:documentation>
              <xsd:appinfo xmlns:inf="http://soap.upskills.in/soap/default?services=salesOrderRepositoryV1">
                <inf:maxLength/>
                <inf:callInfo>
                  <inf:callName>salesOrderRepositoryV1Get</inf:callName>
                  <inf:callName>salesOrderRepositoryV1Save</inf:callName>
                  <inf:returned>Conditionally</inf:returned>
                </inf:callInfo>
                <inf:callInfo>
                  <inf:callName>salesOrderRepositoryV1Save</inf:callName>
                  <inf:requiredInput>No</inf:requiredInput>
                </inf:callInfo>
              </xsd:appinfo>
            </xsd:annotation>
          </xsd:element>
          <xsd:element name="ccNumberEnc" minOccurs="0" maxOccurs="1" type="xsd:string">
            <xsd:annotation>
              <xsd:documentation>Encrypted credit card number.</xsd:documentation>
              <xsd:appinfo xmlns:inf="http://soap.upskills.in/soap/default?services=salesOrderRepositoryV1">
                <inf:maxLength/>
                <inf:callInfo>
                  <inf:callName>salesOrderRepositoryV1Get</inf:callName>
                  <inf:callName>salesOrderRepositoryV1Save</inf:callName>
                  <inf:returned>Conditionally</inf:returned>
                </inf:callInfo>
                <inf:callInfo>
                  <inf:callName>salesOrderRepositoryV1Save</inf:callName>
                  <inf:requiredInput>No</inf:requiredInput>
                </inf:callInfo>
              </xsd:appinfo>
            </xsd:annotation>
          </xsd:element>
          <xsd:element name="ccOwner" minOccurs="0" maxOccurs="1" type="xsd:string">
            <xsd:annotation>
              <xsd:documentation>Credit card number.</xsd:documentation>
              <xsd:appinfo xmlns:inf="http://soap.upskills.in/soap/default?services=salesOrderRepositoryV1">
                <inf:maxLength/>
                <inf:callInfo>
                  <inf:callName>salesOrderRepositoryV1Get</inf:callName>
                  <inf:callName>salesOrderRepositoryV1Save</inf:callName>
                  <inf:returned>Conditionally</inf:returned>
                </inf:callInfo>
                <inf:callInfo>
                  <inf:callName>salesOrderRepositoryV1Save</inf:callName>
                  <inf:requiredInput>No</inf:requiredInput>
                </inf:callInfo>
              </xsd:appinfo>
            </xsd:annotation>
          </xsd:element>
          <xsd:element name="ccSecureVerify" minOccurs="0" maxOccurs="1" type="xsd:string">
            <xsd:annotation>
              <xsd:documentation>Credit card secure verify.</xsd:documentation>
              <xsd:appinfo xmlns:inf="http://soap.upskills.in/soap/default?services=salesOrderRepositoryV1">
                <inf:maxLength/>
                <inf:callInfo>
                  <inf:callName>salesOrderRepositoryV1Get</inf:callName>
                  <inf:callName>salesOrderRepositoryV1Save</inf:callName>
                  <inf:returned>Conditionally</inf:returned>
                </inf:callInfo>
                <inf:callInfo>
                  <inf:callName>salesOrderRepositoryV1Save</inf:callName>
                  <inf:requiredInput>No</inf:requiredInput>
                </inf:callInfo>
              </xsd:appinfo>
            </xsd:annotation>
          </xsd:element>
          <xsd:element name="ccSsIssue" minOccurs="0" maxOccurs="1" type="xsd:string">
            <xsd:annotation>
              <xsd:documentation>Credit card SS issue.</xsd:documentation>
              <xsd:appinfo xmlns:inf="http://soap.upskills.in/soap/default?services=salesOrderRepositoryV1">
                <inf:maxLength/>
                <inf:callInfo>
                  <inf:callName>salesOrderRepositoryV1Get</inf:callName>
                  <inf:callName>salesOrderRepositoryV1Save</inf:callName>
                  <inf:returned>Conditionally</inf:returned>
                </inf:callInfo>
                <inf:callInfo>
                  <inf:callName>salesOrderRepositoryV1Save</inf:callName>
                  <inf:requiredInput>No</inf:requiredInput>
                </inf:callInfo>
              </xsd:appinfo>
            </xsd:annotation>
          </xsd:element>
          <xsd:element name="ccSsStartMonth" minOccurs="0" maxOccurs="1" type="xsd:string">
            <xsd:annotation>
              <xsd:documentation>Credit card SS start month.</xsd:documentation>
              <xsd:appinfo xmlns:inf="http://soap.upskills.in/soap/default?services=salesOrderRepositoryV1">
                <inf:maxLength/>
                <inf:callInfo>
                  <inf:callName>salesOrderRepositoryV1Get</inf:callName>
                  <inf:callName>salesOrderRepositoryV1Save</inf:callName>
                  <inf:returned>Conditionally</inf:returned>
                </inf:callInfo>
                <inf:callInfo>
                  <inf:callName>salesOrderRepositoryV1Save</inf:callName>
                  <inf:requiredInput>No</inf:requiredInput>
                </inf:callInfo>
              </xsd:appinfo>
            </xsd:annotation>
          </xsd:element>
          <xsd:element name="ccSsStartYear" minOccurs="0" maxOccurs="1" type="xsd:string">
            <xsd:annotation>
              <xsd:documentation>Credit card SS start year.</xsd:documentation>
              <xsd:appinfo xmlns:inf="http://soap.upskills.in/soap/default?services=salesOrderRepositoryV1">
                <inf:maxLength/>
                <inf:callInfo>
                  <inf:callName>salesOrderRepositoryV1Get</inf:callName>
                  <inf:callName>salesOrderRepositoryV1Save</inf:callName>
                  <inf:returned>Conditionally</inf:returned>
                </inf:callInfo>
                <inf:callInfo>
                  <inf:callName>salesOrderRepositoryV1Save</inf:callName>
                  <inf:requiredInput>No</inf:requiredInput>
                </inf:callInfo>
              </xsd:appinfo>
            </xsd:annotation>
          </xsd:element>
          <xsd:element name="ccStatus" minOccurs="0" maxOccurs="1" type="xsd:string">
            <xsd:annotation>
              <xsd:documentation>Credit card status.</xsd:documentation>
              <xsd:appinfo xmlns:inf="http://soap.upskills.in/soap/default?services=salesOrderRepositoryV1">
                <inf:maxLength/>
                <inf:callInfo>
                  <inf:callName>salesOrderRepositoryV1Get</inf:callName>
                  <inf:callName>salesOrderRepositoryV1Save</inf:callName>
                  <inf:returned>Conditionally</inf:returned>
                </inf:callInfo>
                <inf:callInfo>
                  <inf:callName>salesOrderRepositoryV1Save</inf:callName>
                  <inf:requiredInput>No</inf:requiredInput>
                </inf:callInfo>
              </xsd:appinfo>
            </xsd:annotation>
          </xsd:element>
          <xsd:element name="ccStatusDescription" minOccurs="0" maxOccurs="1" type="xsd:string">
            <xsd:annotation>
              <xsd:documentation>Credit card status description.</xsd:documentation>
              <xsd:appinfo xmlns:inf="http://soap.upskills.in/soap/default?services=salesOrderRepositoryV1">
                <inf:maxLength/>
                <inf:callInfo>
                  <inf:callName>salesOrderRepositoryV1Get</inf:callName>
                  <inf:callName>salesOrderRepositoryV1Save</inf:callName>
                  <inf:returned>Conditionally</inf:returned>
                </inf:callInfo>
                <inf:callInfo>
                  <inf:callName>salesOrderRepositoryV1Save</inf:callName>
                  <inf:requiredInput>No</inf:requiredInput>
                </inf:callInfo>
              </xsd:appinfo>
            </xsd:annotation>
          </xsd:element>
          <xsd:element name="ccTransId" minOccurs="0" maxOccurs="1" type="xsd:string">
            <xsd:annotation>
              <xsd:documentation>Credit card transaction ID.</xsd:documentation>
              <xsd:appinfo xmlns:inf="http://soap.upskills.in/soap/default?services=salesOrderRepositoryV1">
                <inf:maxLength/>
                <inf:callInfo>
                  <inf:callName>salesOrderRepositoryV1Get</inf:callName>
                  <inf:callName>salesOrderRepositoryV1Save</inf:callName>
                  <inf:returned>Conditionally</inf:returned>
                </inf:callInfo>
                <inf:callInfo>
                  <inf:callName>salesOrderRepositoryV1Save</inf:callName>
                  <inf:requiredInput>No</inf:requiredInput>
                </inf:callInfo>
              </xsd:appinfo>
            </xsd:annotation>
          </xsd:element>
          <xsd:element name="ccType" minOccurs="0" maxOccurs="1" type="xsd:string">
            <xsd:annotation>
              <xsd:documentation>Credit card type.</xsd:documentation>
              <xsd:appinfo xmlns:inf="http://soap.upskills.in/soap/default?services=salesOrderRepositoryV1">
                <inf:maxLength/>
                <inf:callInfo>
                  <inf:callName>salesOrderRepositoryV1Get</inf:callName>
                  <inf:callName>salesOrderRepositoryV1Save</inf:callName>
                  <inf:returned>Conditionally</inf:returned>
                </inf:callInfo>
                <inf:callInfo>
                  <inf:callName>salesOrderRepositoryV1Save</inf:callName>
                  <inf:requiredInput>No</inf:requiredInput>
                </inf:callInfo>
              </xsd:appinfo>
            </xsd:annotation>
          </xsd:element>
          <xsd:element name="echeckAccountName" minOccurs="0" maxOccurs="1" type="xsd:string">
            <xsd:annotation>
              <xsd:documentation>eCheck account name.</xsd:documentation>
              <xsd:appinfo xmlns:inf="http://soap.upskills.in/soap/default?services=salesOrderRepositoryV1">
                <inf:maxLength/>
                <inf:callInfo>
                  <inf:callName>salesOrderRepositoryV1Get</inf:callName>
                  <inf:callName>salesOrderRepositoryV1Save</inf:callName>
                  <inf:returned>Conditionally</inf:returned>
                </inf:callInfo>
                <inf:callInfo>
                  <inf:callName>salesOrderRepositoryV1Save</inf:callName>
                  <inf:requiredInput>No</inf:requiredInput>
                </inf:callInfo>
              </xsd:appinfo>
            </xsd:annotation>
          </xsd:element>
          <xsd:element name="echeckAccountType" minOccurs="0" maxOccurs="1" type="xsd:string">
            <xsd:annotation>
              <xsd:documentation>eCheck account type.</xsd:documentation>
              <xsd:appinfo xmlns:inf="http://soap.upskills.in/soap/default?services=salesOrderRepositoryV1">
                <inf:maxLength/>
                <inf:callInfo>
                  <inf:callName>salesOrderRepositoryV1Get</inf:callName>
                  <inf:callName>salesOrderRepositoryV1Save</inf:callName>
                  <inf:returned>Conditionally</inf:returned>
                </inf:callInfo>
                <inf:callInfo>
                  <inf:callName>salesOrderRepositoryV1Save</inf:callName>
                  <inf:requiredInput>No</inf:requiredInput>
                </inf:callInfo>
              </xsd:appinfo>
            </xsd:annotation>
          </xsd:element>
          <xsd:element name="echeckBankName" minOccurs="0" maxOccurs="1" type="xsd:string">
            <xsd:annotation>
              <xsd:documentation>eCheck bank name.</xsd:documentation>
              <xsd:appinfo xmlns:inf="http://soap.upskills.in/soap/default?services=salesOrderRepositoryV1">
                <inf:maxLength/>
                <inf:callInfo>
                  <inf:callName>salesOrderRepositoryV1Get</inf:callName>
                  <inf:callName>salesOrderRepositoryV1Save</inf:callName>
                  <inf:returned>Conditionally</inf:returned>
                </inf:callInfo>
                <inf:callInfo>
                  <inf:callName>salesOrderRepositoryV1Save</inf:callName>
                  <inf:requiredInput>No</inf:requiredInput>
                </inf:callInfo>
              </xsd:appinfo>
            </xsd:annotation>
          </xsd:element>
          <xsd:element name="echeckRoutingNumber" minOccurs="0" maxOccurs="1" type="xsd:string">
            <xsd:annotation>
              <xsd:documentation>eCheck routing number.</xsd:documentation>
              <xsd:appinfo xmlns:inf="http://soap.upskills.in/soap/default?services=salesOrderRepositoryV1">
                <inf:maxLength/>
                <inf:callInfo>
                  <inf:callName>salesOrderRepositoryV1Get</inf:callName>
                  <inf:callName>salesOrderRepositoryV1Save</inf:callName>
                  <inf:returned>Conditionally</inf:returned>
                </inf:callInfo>
                <inf:callInfo>
                  <inf:callName>salesOrderRepositoryV1Save</inf:callName>
                  <inf:requiredInput>No</inf:requiredInput>
                </inf:callInfo>
              </xsd:appinfo>
            </xsd:annotation>
          </xsd:element>
          <xsd:element name="echeckType" minOccurs="0" maxOccurs="1" type="xsd:string">
            <xsd:annotation>
              <xsd:documentation>eCheck type.</xsd:documentation>
              <xsd:appinfo xmlns:inf="http://soap.upskills.in/soap/default?services=salesOrderRepositoryV1">
                <inf:maxLength/>
                <inf:callInfo>
                  <inf:callName>salesOrderRepositoryV1Get</inf:callName>
                  <inf:callName>salesOrderRepositoryV1Save</inf:callName>
                  <inf:returned>Conditionally</inf:returned>
                </inf:callInfo>
                <inf:callInfo>
                  <inf:callName>salesOrderRepositoryV1Save</inf:callName>
                  <inf:requiredInput>No</inf:requiredInput>
                </inf:callInfo>
              </xsd:appinfo>
            </xsd:annotation>
          </xsd:element>
          <xsd:element name="entityId" minOccurs="0" maxOccurs="1" type="xsd:int">
            <xsd:annotation>
              <xsd:documentation>Entity ID.</xsd:documentation>
              <xsd:appinfo xmlns:inf="http://soap.upskills.in/soap/default?services=salesOrderRepositoryV1">
                <inf:min/>
                <inf:max/>
                <inf:callInfo>
                  <inf:callName>salesOrderRepositoryV1Get</inf:callName>
                  <inf:callName>salesOrderRepositoryV1Save</inf:callName>
                  <inf:returned>Conditionally</inf:returned>
                </inf:callInfo>
                <inf:callInfo>
                  <inf:callName>salesOrderRepositoryV1Save</inf:callName>
                  <inf:requiredInput>No</inf:requiredInput>
                </inf:callInfo>
              </xsd:appinfo>
            </xsd:annotation>
          </xsd:element>
          <xsd:element name="lastTransId" minOccurs="0" maxOccurs="1" type="xsd:string">
            <xsd:annotation>
              <xsd:documentation>Last transaction ID.</xsd:documentation>
              <xsd:appinfo xmlns:inf="http://soap.upskills.in/soap/default?services=salesOrderRepositoryV1">
                <inf:maxLength/>
                <inf:callInfo>
                  <inf:callName>salesOrderRepositoryV1Get</inf:callName>
                  <inf:callName>salesOrderRepositoryV1Save</inf:callName>
                  <inf:returned>Conditionally</inf:returned>
                </inf:callInfo>
                <inf:callInfo>
                  <inf:callName>salesOrderRepositoryV1Save</inf:callName>
                  <inf:requiredInput>No</inf:requiredInput>
                </inf:callInfo>
              </xsd:appinfo>
            </xsd:annotation>
          </xsd:element>
          <xsd:element name="method" minOccurs="1" maxOccurs="1" type="xsd:string">
            <xsd:annotation>
              <xsd:documentation>Method.</xsd:documentation>
              <xsd:appinfo xmlns:inf="http://soap.upskills.in/soap/default?services=salesOrderRepositoryV1">
                <inf:maxLength/>
                <inf:callInfo>
                  <inf:callName>salesOrderRepositoryV1Get</inf:callName>
                  <inf:callName>salesOrderRepositoryV1Save</inf:callName>
                  <inf:returned>Conditionally</inf:returned>
                </inf:callInfo>
                <inf:callInfo>
                  <inf:callName>salesOrderRepositoryV1Save</inf:callName>
                  <inf:requiredInput>No</inf:requiredInput>
                </inf:callInfo>
              </xsd:appinfo>
            </xsd:annotation>
          </xsd:element>
          <xsd:element name="parentId" minOccurs="0" maxOccurs="1" type="xsd:int">
            <xsd:annotation>
              <xsd:documentation>Parent ID.</xsd:documentation>
              <xsd:appinfo xmlns:inf="http://soap.upskills.in/soap/default?services=salesOrderRepositoryV1">
                <inf:min/>
                <inf:max/>
                <inf:callInfo>
                  <inf:callName>salesOrderRepositoryV1Get</inf:callName>
                  <inf:callName>salesOrderRepositoryV1Save</inf:callName>
                  <inf:returned>Conditionally</inf:returned>
                </inf:callInfo>
                <inf:callInfo>
                  <inf:callName>salesOrderRepositoryV1Save</inf:callName>
                  <inf:requiredInput>No</inf:requiredInput>
                </inf:callInfo>
              </xsd:appinfo>
            </xsd:annotation>
          </xsd:element>
          <xsd:element name="poNumber" minOccurs="0" maxOccurs="1" type="xsd:string">
            <xsd:annotation>
              <xsd:documentation>PO number.</xsd:documentation>
              <xsd:appinfo xmlns:inf="http://soap.upskills.in/soap/default?services=salesOrderRepositoryV1">
                <inf:maxLength/>
                <inf:callInfo>
                  <inf:callName>salesOrderRepositoryV1Get</inf:callName>
                  <inf:callName>salesOrderRepositoryV1Save</inf:callName>
                  <inf:returned>Conditionally</inf:returned>
                </inf:callInfo>
                <inf:callInfo>
                  <inf:callName>salesOrderRepositoryV1Save</inf:callName>
                  <inf:requiredInput>No</inf:requiredInput>
                </inf:callInfo>
              </xsd:appinfo>
            </xsd:annotation>
          </xsd:element>
          <xsd:element name="protectionEligibility" minOccurs="0" maxOccurs="1" type="xsd:string">
            <xsd:annotation>
              <xsd:documentation>Protection eligibility.</xsd:documentation>
              <xsd:appinfo xmlns:inf="http://soap.upskills.in/soap/default?services=salesOrderRepositoryV1">
                <inf:maxLength/>
                <inf:callInfo>
                  <inf:callName>salesOrderRepositoryV1Get</inf:callName>
                  <inf:callName>salesOrderRepositoryV1Save</inf:callName>
                  <inf:returned>Conditionally</inf:returned>
                </inf:callInfo>
                <inf:callInfo>
                  <inf:callName>salesOrderRepositoryV1Save</inf:callName>
                  <inf:requiredInput>No</inf:requiredInput>
                </inf:callInfo>
              </xsd:appinfo>
            </xsd:annotation>
          </xsd:element>
          <xsd:element name="quotePaymentId" minOccurs="0" maxOccurs="1" type="xsd:int">
            <xsd:annotation>
              <xsd:documentation>Quote payment ID.</xsd:documentation>
              <xsd:appinfo xmlns:inf="http://soap.upskills.in/soap/default?services=salesOrderRepositoryV1">
                <inf:min/>
                <inf:max/>
                <inf:callInfo>
                  <inf:callName>salesOrderRepositoryV1Get</inf:callName>
                  <inf:callName>salesOrderRepositoryV1Save</inf:callName>
                  <inf:returned>Conditionally</inf:returned>
                </inf:callInfo>
                <inf:callInfo>
                  <inf:callName>salesOrderRepositoryV1Save</inf:callName>
                  <inf:requiredInput>No</inf:requiredInput>
                </inf:callInfo>
              </xsd:appinfo>
            </xsd:annotation>
          </xsd:element>
          <xsd:element name="shippingAmount" minOccurs="0" maxOccurs="1" type="xsd:float">
            <xsd:annotation>
              <xsd:documentation>Shipping amount.</xsd:documentation>
              <xsd:appinfo xmlns:inf="http://soap.upskills.in/soap/default?services=salesOrderRepositoryV1">
                <inf:callInfo>
                  <inf:callName>salesOrderRepositoryV1Get</inf:callName>
                  <inf:callName>salesOrderRepositoryV1Save</inf:callName>
                  <inf:returned>Conditionally</inf:returned>
                </inf:callInfo>
                <inf:callInfo>
                  <inf:callName>salesOrderRepositoryV1Save</inf:callName>
                  <inf:requiredInput>No</inf:requiredInput>
                </inf:callInfo>
              </xsd:appinfo>
            </xsd:annotation>
          </xsd:element>
          <xsd:element name="shippingCaptured" minOccurs="0" maxOccurs="1" type="xsd:float">
            <xsd:annotation>
              <xsd:documentation>Shipping captured.</xsd:documentation>
              <xsd:appinfo xmlns:inf="http://soap.upskills.in/soap/default?services=salesOrderRepositoryV1">
                <inf:callInfo>
                  <inf:callName>salesOrderRepositoryV1Get</inf:callName>
                  <inf:callName>salesOrderRepositoryV1Save</inf:callName>
                  <inf:returned>Conditionally</inf:returned>
                </inf:callInfo>
                <inf:callInfo>
                  <inf:callName>salesOrderRepositoryV1Save</inf:callName>
                  <inf:requiredInput>No</inf:requiredInput>
                </inf:callInfo>
              </xsd:appinfo>
            </xsd:annotation>
          </xsd:element>
          <xsd:element name="shippingRefunded" minOccurs="0" maxOccurs="1" type="xsd:float">
            <xsd:annotation>
              <xsd:documentation>Shipping refunded.</xsd:documentation>
              <xsd:appinfo xmlns:inf="http://soap.upskills.in/soap/default?services=salesOrderRepositoryV1">
                <inf:callInfo>
                  <inf:callName>salesOrderRepositoryV1Get</inf:callName>
                  <inf:callName>salesOrderRepositoryV1Save</inf:callName>
                  <inf:returned>Conditionally</inf:returned>
                </inf:callInfo>
                <inf:callInfo>
                  <inf:callName>salesOrderRepositoryV1Save</inf:callName>
                  <inf:requiredInput>No</inf:requiredInput>
                </inf:callInfo>
              </xsd:appinfo>
            </xsd:annotation>
          </xsd:element>
          <xsd:element name="extensionAttributes" minOccurs="0" maxOccurs="1" type="tns:SalesDataOrderPaymentExtensionInterface">
            <xsd:annotation>
              <xsd:documentation>Existing extension attributes object or create a new one.</xsd:documentation>
              <xsd:appinfo xmlns:inf="http://soap.upskills.in/soap/default?services=salesOrderRepositoryV1">
                <inf:callInfo>
                  <inf:callName>salesOrderRepositoryV1Get</inf:callName>
                  <inf:callName>salesOrderRepositoryV1Save</inf:callName>
                  <inf:returned>Conditionally</inf:returned>
                </inf:callInfo>
                <inf:callInfo>
                  <inf:callName>salesOrderRepositoryV1Save</inf:callName>
                  <inf:requiredInput>No</inf:requiredInput>
                </inf:callInfo>
              </xsd:appinfo>
            </xsd:annotation>
          </xsd:element>
        </xsd:sequence>
      </xsd:complexType>
      <xsd:complexType name="SalesDataOrderStatusHistoryExtensionInterface">
        <xsd:annotation>
          <xsd:documentation>ExtensionInterface class for @see \Magento\Sales\Api\Data\OrderStatusHistoryInterface</xsd:documentation>
          <xsd:appinfo xmlns:inf="http://soap.upskills.in/soap/default?services=salesOrderRepositoryV1"/>
        </xsd:annotation>
      </xsd:complexType>
      <xsd:complexType name="SalesDataOrderStatusHistoryInterface">
        <xsd:annotation>
          <xsd:documentation>Order status history interface. An order is a document that a web store issues to a customer. Magento generates a sales order that lists the product items, billing and shipping addresses, and shipping and payment methods. A corresponding external document, known as a purchase order, is emailed to the customer.</xsd:documentation>
          <xsd:appinfo xmlns:inf="http://soap.upskills.in/soap/default?services=salesOrderRepositoryV1"/>
        </xsd:annotation>
        <xsd:sequence>
          <xsd:element name="comment" minOccurs="1" maxOccurs="1" type="xsd:string">
            <xsd:annotation>
              <xsd:documentation>Comment.</xsd:documentation>
              <xsd:appinfo xmlns:inf="http://soap.upskills.in/soap/default?services=salesOrderRepositoryV1">
                <inf:maxLength/>
                <inf:callInfo>
                  <inf:callName>salesOrderRepositoryV1Get</inf:callName>
                  <inf:callName>salesOrderRepositoryV1Save</inf:callName>
                  <inf:returned>Conditionally</inf:returned>
                </inf:callInfo>
                <inf:callInfo>
                  <inf:callName>salesOrderRepositoryV1Save</inf:callName>
                  <inf:requiredInput>No</inf:requiredInput>
                </inf:callInfo>
              </xsd:appinfo>
            </xsd:annotation>
          </xsd:element>
          <xsd:element name="createdAt" minOccurs="0" maxOccurs="1" type="xsd:string">
            <xsd:annotation>
              <xsd:documentation>Created-at timestamp.</xsd:documentation>
              <xsd:appinfo xmlns:inf="http://soap.upskills.in/soap/default?services=salesOrderRepositoryV1">
                <inf:maxLength/>
                <inf:callInfo>
                  <inf:callName>salesOrderRepositoryV1Get</inf:callName>
                  <inf:callName>salesOrderRepositoryV1Save</inf:callName>
                  <inf:returned>Conditionally</inf:returned>
                </inf:callInfo>
                <inf:callInfo>
                  <inf:callName>salesOrderRepositoryV1Save</inf:callName>
                  <inf:requiredInput>No</inf:requiredInput>
                </inf:callInfo>
              </xsd:appinfo>
            </xsd:annotation>
          </xsd:element>
          <xsd:element name="entityId" minOccurs="0" maxOccurs="1" type="xsd:int">
            <xsd:annotation>
              <xsd:documentation>Order status history ID.</xsd:documentation>
              <xsd:appinfo xmlns:inf="http://soap.upskills.in/soap/default?services=salesOrderRepositoryV1">
                <inf:min/>
                <inf:max/>
                <inf:callInfo>
                  <inf:callName>salesOrderRepositoryV1Get</inf:callName>
                  <inf:callName>salesOrderRepositoryV1Save</inf:callName>
                  <inf:returned>Conditionally</inf:returned>
                </inf:callInfo>
                <inf:callInfo>
                  <inf:callName>salesOrderRepositoryV1Save</inf:callName>
                  <inf:requiredInput>No</inf:requiredInput>
                </inf:callInfo>
              </xsd:appinfo>
            </xsd:annotation>
          </xsd:element>
          <xsd:element name="entityName" minOccurs="0" maxOccurs="1" type="xsd:string">
            <xsd:annotation>
              <xsd:documentation>Entity name.</xsd:documentation>
              <xsd:appinfo xmlns:inf="http://soap.upskills.in/soap/default?services=salesOrderRepositoryV1">
                <inf:maxLength/>
                <inf:callInfo>
                  <inf:callName>salesOrderRepositoryV1Get</inf:callName>
                  <inf:callName>salesOrderRepositoryV1Save</inf:callName>
                  <inf:returned>Conditionally</inf:returned>
                </inf:callInfo>
                <inf:callInfo>
                  <inf:callName>salesOrderRepositoryV1Save</inf:callName>
                  <inf:requiredInput>No</inf:requiredInput>
                </inf:callInfo>
              </xsd:appinfo>
            </xsd:annotation>
          </xsd:element>
          <xsd:element name="isCustomerNotified" minOccurs="1" maxOccurs="1" type="xsd:int">
            <xsd:annotation>
              <xsd:documentation>Is-customer-notified flag value.</xsd:documentation>
              <xsd:appinfo xmlns:inf="http://soap.upskills.in/soap/default?services=salesOrderRepositoryV1">
                <inf:min/>
                <inf:max/>
                <inf:callInfo>
                  <inf:callName>salesOrderRepositoryV1Get</inf:callName>
                  <inf:callName>salesOrderRepositoryV1Save</inf:callName>
                  <inf:returned>Conditionally</inf:returned>
                </inf:callInfo>
                <inf:callInfo>
                  <inf:callName>salesOrderRepositoryV1Save</inf:callName>
                  <inf:requiredInput>No</inf:requiredInput>
                </inf:callInfo>
              </xsd:appinfo>
            </xsd:annotation>
          </xsd:element>
          <xsd:element name="isVisibleOnFront" minOccurs="1" maxOccurs="1" type="xsd:int">
            <xsd:annotation>
              <xsd:documentation>Is-visible-on-storefront flag value.</xsd:documentation>
              <xsd:appinfo xmlns:inf="http://soap.upskills.in/soap/default?services=salesOrderRepositoryV1">
                <inf:min/>
                <inf:max/>
                <inf:callInfo>
                  <inf:callName>salesOrderRepositoryV1Get</inf:callName>
                  <inf:callName>salesOrderRepositoryV1Save</inf:callName>
                  <inf:returned>Conditionally</inf:returned>
                </inf:callInfo>
                <inf:callInfo>
                  <inf:callName>salesOrderRepositoryV1Save</inf:callName>
                  <inf:requiredInput>No</inf:requiredInput>
                </inf:callInfo>
              </xsd:appinfo>
            </xsd:annotation>
          </xsd:element>
          <xsd:element name="parentId" minOccurs="1" maxOccurs="1" type="xsd:int">
            <xsd:annotation>
              <xsd:documentation>Parent ID.</xsd:documentation>
              <xsd:appinfo xmlns:inf="http://soap.upskills.in/soap/default?services=salesOrderRepositoryV1">
                <inf:min/>
                <inf:max/>
                <inf:callInfo>
                  <inf:callName>salesOrderRepositoryV1Get</inf:callName>
                  <inf:callName>salesOrderRepositoryV1Save</inf:callName>
                  <inf:returned>Conditionally</inf:returned>
                </inf:callInfo>
                <inf:callInfo>
                  <inf:callName>salesOrderRepositoryV1Save</inf:callName>
                  <inf:requiredInput>No</inf:requiredInput>
                </inf:callInfo>
              </xsd:appinfo>
            </xsd:annotation>
          </xsd:element>
          <xsd:element name="status" minOccurs="0" maxOccurs="1" type="xsd:string">
            <xsd:annotation>
              <xsd:documentation>Status.</xsd:documentation>
              <xsd:appinfo xmlns:inf="http://soap.upskills.in/soap/default?services=salesOrderRepositoryV1">
                <inf:maxLength/>
                <inf:callInfo>
                  <inf:callName>salesOrderRepositoryV1Get</inf:callName>
                  <inf:callName>salesOrderRepositoryV1Save</inf:callName>
                  <inf:returned>Conditionally</inf:returned>
                </inf:callInfo>
                <inf:callInfo>
                  <inf:callName>salesOrderRepositoryV1Save</inf:callName>
                  <inf:requiredInput>No</inf:requiredInput>
                </inf:callInfo>
              </xsd:appinfo>
            </xsd:annotation>
          </xsd:element>
          <xsd:element name="extensionAttributes" minOccurs="0" maxOccurs="1" type="tns:SalesDataOrderStatusHistoryExtensionInterface">
            <xsd:annotation>
              <xsd:documentation>Existing extension attributes object or create a new one.</xsd:documentation>
              <xsd:appinfo xmlns:inf="http://soap.upskills.in/soap/default?services=salesOrderRepositoryV1">
                <inf:callInfo>
                  <inf:callName>salesOrderRepositoryV1Get</inf:callName>
                  <inf:callName>salesOrderRepositoryV1Save</inf:callName>
                  <inf:returned>Conditionally</inf:returned>
                </inf:callInfo>
                <inf:callInfo>
                  <inf:callName>salesOrderRepositoryV1Save</inf:callName>
                  <inf:requiredInput>No</inf:requiredInput>
                </inf:callInfo>
              </xsd:appinfo>
            </xsd:annotation>
          </xsd:element>
        </xsd:sequence>
      </xsd:complexType>
      <xsd:complexType name="ArrayOfSalesDataOrderStatusHistoryInterface">
        <xsd:annotation>
          <xsd:documentation>An array of SalesDataOrderStatusHistoryInterface items.</xsd:documentation>
          <xsd:appinfo xmlns:inf="http://soap.upskills.in/soap/default?services=salesOrderRepositoryV1"/>
        </xsd:annotation>
        <xsd:sequence>
          <xsd:element name="item" minOccurs="0" maxOccurs="unbounded" type="tns:SalesDataOrderStatusHistoryInterface">
            <xsd:annotation>
              <xsd:documentation>An item of ArrayOfSalesDataOrderStatusHistoryInterface.</xsd:documentation>
              <xsd:appinfo xmlns:inf="http://soap.upskills.in/soap/default?services=salesOrderRepositoryV1">
                <inf:callInfo>
                  <inf:callName>salesOrderRepositoryV1Get</inf:callName>
                  <inf:callName>salesOrderRepositoryV1Save</inf:callName>
                  <inf:returned>Conditionally</inf:returned>
                </inf:callInfo>
                <inf:callInfo>
                  <inf:callName>salesOrderRepositoryV1Save</inf:callName>
                  <inf:requiredInput>No</inf:requiredInput>
                </inf:callInfo>
              </xsd:appinfo>
            </xsd:annotation>
          </xsd:element>
        </xsd:sequence>
      </xsd:complexType>
      <xsd:complexType name="SalesDataTotalExtensionInterface">
        <xsd:annotation>
          <xsd:documentation>ExtensionInterface class for @see \Magento\Sales\Api\Data\TotalInterface</xsd:documentation>
          <xsd:appinfo xmlns:inf="http://soap.upskills.in/soap/default?services=salesOrderRepositoryV1"/>
        </xsd:annotation>
      </xsd:complexType>
      <xsd:complexType name="SalesDataTotalInterface">
        <xsd:annotation>
          <xsd:documentation>Interface TotalInterface</xsd:documentation>
          <xsd:appinfo xmlns:inf="http://soap.upskills.in/soap/default?services=salesOrderRepositoryV1"/>
        </xsd:annotation>
        <xsd:sequence>
          <xsd:element name="baseShippingAmount" minOccurs="0" maxOccurs="1" type="xsd:float">
            <xsd:annotation>
              <xsd:documentation>Base shipping amount.</xsd:documentation>
              <xsd:appinfo xmlns:inf="http://soap.upskills.in/soap/default?services=salesOrderRepositoryV1">
                <inf:callInfo>
                  <inf:callName>salesOrderRepositoryV1Get</inf:callName>
                  <inf:callName>salesOrderRepositoryV1Save</inf:callName>
                  <inf:returned>Conditionally</inf:returned>
                </inf:callInfo>
                <inf:callInfo>
                  <inf:callName>salesOrderRepositoryV1Save</inf:callName>
                  <inf:requiredInput>No</inf:requiredInput>
                </inf:callInfo>
              </xsd:appinfo>
            </xsd:annotation>
          </xsd:element>
          <xsd:element name="baseShippingCanceled" minOccurs="0" maxOccurs="1" type="xsd:float">
            <xsd:annotation>
              <xsd:documentation>Base shipping canceled.</xsd:documentation>
              <xsd:appinfo xmlns:inf="http://soap.upskills.in/soap/default?services=salesOrderRepositoryV1">
                <inf:callInfo>
                  <inf:callName>salesOrderRepositoryV1Get</inf:callName>
                  <inf:callName>salesOrderRepositoryV1Save</inf:callName>
                  <inf:returned>Conditionally</inf:returned>
                </inf:callInfo>
                <inf:callInfo>
                  <inf:callName>salesOrderRepositoryV1Save</inf:callName>
                  <inf:requiredInput>No</inf:requiredInput>
                </inf:callInfo>
              </xsd:appinfo>
            </xsd:annotation>
          </xsd:element>
          <xsd:element name="baseShippingDiscountAmount" minOccurs="0" maxOccurs="1" type="xsd:float">
            <xsd:annotation>
              <xsd:documentation>Base shipping discount amount.</xsd:documentation>
              <xsd:appinfo xmlns:inf="http://soap.upskills.in/soap/default?services=salesOrderRepositoryV1">
                <inf:callInfo>
                  <inf:callName>salesOrderRepositoryV1Get</inf:callName>
                  <inf:callName>salesOrderRepositoryV1Save</inf:callName>
                  <inf:returned>Conditionally</inf:returned>
                </inf:callInfo>
                <inf:callInfo>
                  <inf:callName>salesOrderRepositoryV1Save</inf:callName>
                  <inf:requiredInput>No</inf:requiredInput>
                </inf:callInfo>
              </xsd:appinfo>
            </xsd:annotation>
          </xsd:element>
          <xsd:element name="baseShippingDiscountTaxCompensationAmnt" minOccurs="0" maxOccurs="1" type="xsd:float">
            <xsd:annotation>
              <xsd:documentation>Base shipping discount tax compensation amount.</xsd:documentation>
              <xsd:appinfo xmlns:inf="http://soap.upskills.in/soap/default?services=salesOrderRepositoryV1">
                <inf:callInfo>
                  <inf:callName>salesOrderRepositoryV1Get</inf:callName>
                  <inf:callName>salesOrderRepositoryV1Save</inf:callName>
                  <inf:returned>Conditionally</inf:returned>
                </inf:callInfo>
                <inf:callInfo>
                  <inf:callName>salesOrderRepositoryV1Save</inf:callName>
                  <inf:requiredInput>No</inf:requiredInput>
                </inf:callInfo>
              </xsd:appinfo>
            </xsd:annotation>
          </xsd:element>
          <xsd:element name="baseShippingInclTax" minOccurs="0" maxOccurs="1" type="xsd:float">
            <xsd:annotation>
              <xsd:documentation>Base shipping including tax.</xsd:documentation>
              <xsd:appinfo xmlns:inf="http://soap.upskills.in/soap/default?services=salesOrderRepositoryV1">
                <inf:callInfo>
                  <inf:callName>salesOrderRepositoryV1Get</inf:callName>
                  <inf:callName>salesOrderRepositoryV1Save</inf:callName>
                  <inf:returned>Conditionally</inf:returned>
                </inf:callInfo>
                <inf:callInfo>
                  <inf:callName>salesOrderRepositoryV1Save</inf:callName>
                  <inf:requiredInput>No</inf:requiredInput>
                </inf:callInfo>
              </xsd:appinfo>
            </xsd:annotation>
          </xsd:element>
          <xsd:element name="baseShippingInvoiced" minOccurs="0" maxOccurs="1" type="xsd:float">
            <xsd:annotation>
              <xsd:documentation>Base shipping invoiced.</xsd:documentation>
              <xsd:appinfo xmlns:inf="http://soap.upskills.in/soap/default?services=salesOrderRepositoryV1">
                <inf:callInfo>
                  <inf:callName>salesOrderRepositoryV1Get</inf:callName>
                  <inf:callName>salesOrderRepositoryV1Save</inf:callName>
                  <inf:returned>Conditionally</inf:returned>
                </inf:callInfo>
                <inf:callInfo>
                  <inf:callName>salesOrderRepositoryV1Save</inf:callName>
                  <inf:requiredInput>No</inf:requiredInput>
                </inf:callInfo>
              </xsd:appinfo>
            </xsd:annotation>
          </xsd:element>
          <xsd:element name="baseShippingRefunded" minOccurs="0" maxOccurs="1" type="xsd:float">
            <xsd:annotation>
              <xsd:documentation>Base shipping refunded.</xsd:documentation>
              <xsd:appinfo xmlns:inf="http://soap.upskills.in/soap/default?services=salesOrderRepositoryV1">
                <inf:callInfo>
                  <inf:callName>salesOrderRepositoryV1Get</inf:callName>
                  <inf:callName>salesOrderRepositoryV1Save</inf:callName>
                  <inf:returned>Conditionally</inf:returned>
                </inf:callInfo>
                <inf:callInfo>
                  <inf:callName>salesOrderRepositoryV1Save</inf:callName>
                  <inf:requiredInput>No</inf:requiredInput>
                </inf:callInfo>
              </xsd:appinfo>
            </xsd:annotation>
          </xsd:element>
          <xsd:element name="baseShippingTaxAmount" minOccurs="0" maxOccurs="1" type="xsd:float">
            <xsd:annotation>
              <xsd:documentation>Base shipping tax amount.</xsd:documentation>
              <xsd:appinfo xmlns:inf="http://soap.upskills.in/soap/default?services=salesOrderRepositoryV1">
                <inf:callInfo>
                  <inf:callName>salesOrderRepositoryV1Get</inf:callName>
                  <inf:callName>salesOrderRepositoryV1Save</inf:callName>
                  <inf:returned>Conditionally</inf:returned>
                </inf:callInfo>
                <inf:callInfo>
                  <inf:callName>salesOrderRepositoryV1Save</inf:callName>
                  <inf:requiredInput>No</inf:requiredInput>
                </inf:callInfo>
              </xsd:appinfo>
            </xsd:annotation>
          </xsd:element>
          <xsd:element name="baseShippingTaxRefunded" minOccurs="0" maxOccurs="1" type="xsd:float">
            <xsd:annotation>
              <xsd:documentation>Base shipping tax refunded.</xsd:documentation>
              <xsd:appinfo xmlns:inf="http://soap.upskills.in/soap/default?services=salesOrderRepositoryV1">
                <inf:callInfo>
                  <inf:callName>salesOrderRepositoryV1Get</inf:callName>
                  <inf:callName>salesOrderRepositoryV1Save</inf:callName>
                  <inf:returned>Conditionally</inf:returned>
                </inf:callInfo>
                <inf:callInfo>
                  <inf:callName>salesOrderRepositoryV1Save</inf:callName>
                  <inf:requiredInput>No</inf:requiredInput>
                </inf:callInfo>
              </xsd:appinfo>
            </xsd:annotation>
          </xsd:element>
          <xsd:element name="shippingAmount" minOccurs="0" maxOccurs="1" type="xsd:float">
            <xsd:annotation>
              <xsd:documentation>Shipping amount.</xsd:documentation>
              <xsd:appinfo xmlns:inf="http://soap.upskills.in/soap/default?services=salesOrderRepositoryV1">
                <inf:callInfo>
                  <inf:callName>salesOrderRepositoryV1Get</inf:callName>
                  <inf:callName>salesOrderRepositoryV1Save</inf:callName>
                  <inf:returned>Conditionally</inf:returned>
                </inf:callInfo>
                <inf:callInfo>
                  <inf:callName>salesOrderRepositoryV1Save</inf:callName>
                  <inf:requiredInput>No</inf:requiredInput>
                </inf:callInfo>
              </xsd:appinfo>
            </xsd:annotation>
          </xsd:element>
          <xsd:element name="shippingCanceled" minOccurs="0" maxOccurs="1" type="xsd:float">
            <xsd:annotation>
              <xsd:documentation>Shipping canceled amount.</xsd:documentation>
              <xsd:appinfo xmlns:inf="http://soap.upskills.in/soap/default?services=salesOrderRepositoryV1">
                <inf:callInfo>
                  <inf:callName>salesOrderRepositoryV1Get</inf:callName>
                  <inf:callName>salesOrderRepositoryV1Save</inf:callName>
                  <inf:returned>Conditionally</inf:returned>
                </inf:callInfo>
                <inf:callInfo>
                  <inf:callName>salesOrderRepositoryV1Save</inf:callName>
                  <inf:requiredInput>No</inf:requiredInput>
                </inf:callInfo>
              </xsd:appinfo>
            </xsd:annotation>
          </xsd:element>
          <xsd:element name="shippingDiscountAmount" minOccurs="0" maxOccurs="1" type="xsd:float">
            <xsd:annotation>
              <xsd:documentation>Shipping discount amount.</xsd:documentation>
              <xsd:appinfo xmlns:inf="http://soap.upskills.in/soap/default?services=salesOrderRepositoryV1">
                <inf:callInfo>
                  <inf:callName>salesOrderRepositoryV1Get</inf:callName>
                  <inf:callName>salesOrderRepositoryV1Save</inf:callName>
                  <inf:returned>Conditionally</inf:returned>
                </inf:callInfo>
                <inf:callInfo>
                  <inf:callName>salesOrderRepositoryV1Save</inf:callName>
                  <inf:requiredInput>No</inf:requiredInput>
                </inf:callInfo>
              </xsd:appinfo>
            </xsd:annotation>
          </xsd:element>
          <xsd:element name="shippingDiscountTaxCompensationAmount" minOccurs="0" maxOccurs="1" type="xsd:float">
            <xsd:annotation>
              <xsd:documentation>Shipping discount tax compensation amount.</xsd:documentation>
              <xsd:appinfo xmlns:inf="http://soap.upskills.in/soap/default?services=salesOrderRepositoryV1">
                <inf:callInfo>
                  <inf:callName>salesOrderRepositoryV1Get</inf:callName>
                  <inf:callName>salesOrderRepositoryV1Save</inf:callName>
                  <inf:returned>Conditionally</inf:returned>
                </inf:callInfo>
                <inf:callInfo>
                  <inf:callName>salesOrderRepositoryV1Save</inf:callName>
                  <inf:requiredInput>No</inf:requiredInput>
                </inf:callInfo>
              </xsd:appinfo>
            </xsd:annotation>
          </xsd:element>
          <xsd:element name="shippingInclTax" minOccurs="0" maxOccurs="1" type="xsd:float">
            <xsd:annotation>
              <xsd:documentation>Shipping including tax amount.</xsd:documentation>
              <xsd:appinfo xmlns:inf="http://soap.upskills.in/soap/default?services=salesOrderRepositoryV1">
                <inf:callInfo>
                  <inf:callName>salesOrderRepositoryV1Get</inf:callName>
                  <inf:callName>salesOrderRepositoryV1Save</inf:callName>
                  <inf:returned>Conditionally</inf:returned>
                </inf:callInfo>
                <inf:callInfo>
                  <inf:callName>salesOrderRepositoryV1Save</inf:callName>
                  <inf:requiredInput>No</inf:requiredInput>
                </inf:callInfo>
              </xsd:appinfo>
            </xsd:annotation>
          </xsd:element>
          <xsd:element name="shippingInvoiced" minOccurs="0" maxOccurs="1" type="xsd:float">
            <xsd:annotation>
              <xsd:documentation>Shipping invoiced amount.</xsd:documentation>
              <xsd:appinfo xmlns:inf="http://soap.upskills.in/soap/default?services=salesOrderRepositoryV1">
                <inf:callInfo>
                  <inf:callName>salesOrderRepositoryV1Get</inf:callName>
                  <inf:callName>salesOrderRepositoryV1Save</inf:callName>
                  <inf:returned>Conditionally</inf:returned>
                </inf:callInfo>
                <inf:callInfo>
                  <inf:callName>salesOrderRepositoryV1Save</inf:callName>
                  <inf:requiredInput>No</inf:requiredInput>
                </inf:callInfo>
              </xsd:appinfo>
            </xsd:annotation>
          </xsd:element>
          <xsd:element name="shippingRefunded" minOccurs="0" maxOccurs="1" type="xsd:float">
            <xsd:annotation>
              <xsd:documentation>Shipping refunded amount.</xsd:documentation>
              <xsd:appinfo xmlns:inf="http://soap.upskills.in/soap/default?services=salesOrderRepositoryV1">
                <inf:callInfo>
                  <inf:callName>salesOrderRepositoryV1Get</inf:callName>
                  <inf:callName>salesOrderRepositoryV1Save</inf:callName>
                  <inf:returned>Conditionally</inf:returned>
                </inf:callInfo>
                <inf:callInfo>
                  <inf:callName>salesOrderRepositoryV1Save</inf:callName>
                  <inf:requiredInput>No</inf:requiredInput>
                </inf:callInfo>
              </xsd:appinfo>
            </xsd:annotation>
          </xsd:element>
          <xsd:element name="shippingTaxAmount" minOccurs="0" maxOccurs="1" type="xsd:float">
            <xsd:annotation>
              <xsd:documentation>Shipping tax amount.</xsd:documentation>
              <xsd:appinfo xmlns:inf="http://soap.upskills.in/soap/default?services=salesOrderRepositoryV1">
                <inf:callInfo>
                  <inf:callName>salesOrderRepositoryV1Get</inf:callName>
                  <inf:callName>salesOrderRepositoryV1Save</inf:callName>
                  <inf:returned>Conditionally</inf:returned>
                </inf:callInfo>
                <inf:callInfo>
                  <inf:callName>salesOrderRepositoryV1Save</inf:callName>
                  <inf:requiredInput>No</inf:requiredInput>
                </inf:callInfo>
              </xsd:appinfo>
            </xsd:annotation>
          </xsd:element>
          <xsd:element name="shippingTaxRefunded" minOccurs="0" maxOccurs="1" type="xsd:float">
            <xsd:annotation>
              <xsd:documentation>Shipping tax refunded amount.</xsd:documentation>
              <xsd:appinfo xmlns:inf="http://soap.upskills.in/soap/default?services=salesOrderRepositoryV1">
                <inf:callInfo>
                  <inf:callName>salesOrderRepositoryV1Get</inf:callName>
                  <inf:callName>salesOrderRepositoryV1Save</inf:callName>
                  <inf:returned>Conditionally</inf:returned>
                </inf:callInfo>
                <inf:callInfo>
                  <inf:callName>salesOrderRepositoryV1Save</inf:callName>
                  <inf:requiredInput>No</inf:requiredInput>
                </inf:callInfo>
              </xsd:appinfo>
            </xsd:annotation>
          </xsd:element>
          <xsd:element name="extensionAttributes" minOccurs="0" maxOccurs="1" type="tns:SalesDataTotalExtensionInterface">
            <xsd:annotation>
              <xsd:documentation>Existing extension attributes object or create a new one.</xsd:documentation>
              <xsd:appinfo xmlns:inf="http://soap.upskills.in/soap/default?services=salesOrderRepositoryV1">
                <inf:callInfo>
                  <inf:callName>salesOrderRepositoryV1Get</inf:callName>
                  <inf:callName>salesOrderRepositoryV1Save</inf:callName>
                  <inf:returned>Conditionally</inf:returned>
                </inf:callInfo>
                <inf:callInfo>
                  <inf:callName>salesOrderRepositoryV1Save</inf:callName>
                  <inf:requiredInput>No</inf:requiredInput>
                </inf:callInfo>
              </xsd:appinfo>
            </xsd:annotation>
          </xsd:element>
        </xsd:sequence>
      </xsd:complexType>
      <xsd:complexType name="TemandoShippingDataOrderShippingExperienceInterface">
        <xsd:annotation>
          <xsd:documentation>Temando Shipping Experience Interface Local representation of a shipping rate in checkout. A set of shipping experiences is the result of creating an order at the Temando platform. (!) Needs to reside in Api namespace because selected shipping experience is exposed to public as a ShippingInterface extension attribute.</xsd:documentation>
          <xsd:appinfo xmlns:inf="http://soap.upskills.in/soap/default?services=salesOrderRepositoryV1"/>
        </xsd:annotation>
        <xsd:sequence>
          <xsd:element name="label" minOccurs="1" maxOccurs="1" type="xsd:string">
            <xsd:annotation>
              <xsd:documentation/>
              <xsd:appinfo xmlns:inf="http://soap.upskills.in/soap/default?services=salesOrderRepositoryV1">
                <inf:maxLength/>
                <inf:callInfo>
                  <inf:callName>salesOrderRepositoryV1Get</inf:callName>
                  <inf:callName>salesOrderRepositoryV1Save</inf:callName>
                  <inf:returned>Conditionally</inf:returned>
                </inf:callInfo>
                <inf:callInfo>
                  <inf:callName>salesOrderRepositoryV1Save</inf:callName>
                  <inf:requiredInput>No</inf:requiredInput>
                </inf:callInfo>
              </xsd:appinfo>
            </xsd:annotation>
          </xsd:element>
          <xsd:element name="code" minOccurs="1" maxOccurs="1" type="xsd:string">
            <xsd:annotation>
              <xsd:documentation/>
              <xsd:appinfo xmlns:inf="http://soap.upskills.in/soap/default?services=salesOrderRepositoryV1">
                <inf:maxLength/>
                <inf:callInfo>
                  <inf:callName>salesOrderRepositoryV1Get</inf:callName>
                  <inf:callName>salesOrderRepositoryV1Save</inf:callName>
                  <inf:returned>Conditionally</inf:returned>
                </inf:callInfo>
                <inf:callInfo>
                  <inf:callName>salesOrderRepositoryV1Save</inf:callName>
                  <inf:requiredInput>No</inf:requiredInput>
                </inf:callInfo>
              </xsd:appinfo>
            </xsd:annotation>
          </xsd:element>
          <xsd:element name="cost" minOccurs="1" maxOccurs="1" type="xsd:float">
            <xsd:annotation>
              <xsd:documentation/>
              <xsd:appinfo xmlns:inf="http://soap.upskills.in/soap/default?services=salesOrderRepositoryV1">
                <inf:callInfo>
                  <inf:callName>salesOrderRepositoryV1Get</inf:callName>
                  <inf:callName>salesOrderRepositoryV1Save</inf:callName>
                  <inf:returned>Conditionally</inf:returned>
                </inf:callInfo>
                <inf:callInfo>
                  <inf:callName>salesOrderRepositoryV1Save</inf:callName>
                  <inf:requiredInput>No</inf:requiredInput>
                </inf:callInfo>
              </xsd:appinfo>
            </xsd:annotation>
          </xsd:element>
        </xsd:sequence>
      </xsd:complexType>
      <xsd:complexType name="TemandoShippingDataDeliveryOrderCollectionPointInterface">
        <xsd:annotation>
          <xsd:documentation>Temando Order Collection Point Interface – Order Details/Fulfillment</xsd:documentation>
          <xsd:appinfo xmlns:inf="http://soap.upskills.in/soap/default?services=salesOrderRepositoryV1"/>
        </xsd:annotation>
        <xsd:sequence>
          <xsd:element name="recipientAddressId" minOccurs="1" maxOccurs="1" type="xsd:int">
            <xsd:annotation>
              <xsd:documentation/>
              <xsd:appinfo xmlns:inf="http://soap.upskills.in/soap/default?services=salesOrderRepositoryV1">
                <inf:min/>
                <inf:max/>
                <inf:callInfo>
                  <inf:callName>salesOrderRepositoryV1Get</inf:callName>
                  <inf:callName>salesOrderRepositoryV1Save</inf:callName>
                  <inf:returned>Conditionally</inf:returned>
                </inf:callInfo>
                <inf:callInfo>
                  <inf:callName>salesOrderRepositoryV1Save</inf:callName>
                  <inf:requiredInput>No</inf:requiredInput>
                </inf:callInfo>
              </xsd:appinfo>
            </xsd:annotation>
          </xsd:element>
          <xsd:element name="collectionPointId" minOccurs="1" maxOccurs="1" type="xsd:string">
            <xsd:annotation>
              <xsd:documentation/>
              <xsd:appinfo xmlns:inf="http://soap.upskills.in/soap/default?services=salesOrderRepositoryV1">
                <inf:maxLength/>
                <inf:callInfo>
                  <inf:callName>salesOrderRepositoryV1Get</inf:callName>
                  <inf:callName>salesOrderRepositoryV1Save</inf:callName>
                  <inf:returned>Conditionally</inf:returned>
                </inf:callInfo>
                <inf:callInfo>
                  <inf:callName>salesOrderRepositoryV1Save</inf:callName>
                  <inf:requiredInput>No</inf:requiredInput>
                </inf:callInfo>
              </xsd:appinfo>
            </xsd:annotation>
          </xsd:element>
          <xsd:element name="name" minOccurs="1" maxOccurs="1" type="xsd:string">
            <xsd:annotation>
              <xsd:documentation/>
              <xsd:appinfo xmlns:inf="http://soap.upskills.in/soap/default?services=salesOrderRepositoryV1">
                <inf:maxLength/>
                <inf:callInfo>
                  <inf:callName>salesOrderRepositoryV1Get</inf:callName>
                  <inf:callName>salesOrderRepositoryV1Save</inf:callName>
                  <inf:returned>Conditionally</inf:returned>
                </inf:callInfo>
                <inf:callInfo>
                  <inf:callName>salesOrderRepositoryV1Save</inf:callName>
                  <inf:requiredInput>No</inf:requiredInput>
                </inf:callInfo>
              </xsd:appinfo>
            </xsd:annotation>
          </xsd:element>
          <xsd:element name="country" minOccurs="1" maxOccurs="1" type="xsd:string">
            <xsd:annotation>
              <xsd:documentation/>
              <xsd:appinfo xmlns:inf="http://soap.upskills.in/soap/default?services=salesOrderRepositoryV1">
                <inf:maxLength/>
                <inf:callInfo>
                  <inf:callName>salesOrderRepositoryV1Get</inf:callName>
                  <inf:callName>salesOrderRepositoryV1Save</inf:callName>
                  <inf:returned>Conditionally</inf:returned>
                </inf:callInfo>
                <inf:callInfo>
                  <inf:callName>salesOrderRepositoryV1Save</inf:callName>
                  <inf:requiredInput>No</inf:requiredInput>
                </inf:callInfo>
              </xsd:appinfo>
            </xsd:annotation>
          </xsd:element>
          <xsd:element name="region" minOccurs="1" maxOccurs="1" type="xsd:string">
            <xsd:annotation>
              <xsd:documentation/>
              <xsd:appinfo xmlns:inf="http://soap.upskills.in/soap/default?services=salesOrderRepositoryV1">
                <inf:maxLength/>
                <inf:callInfo>
                  <inf:callName>salesOrderRepositoryV1Get</inf:callName>
                  <inf:callName>salesOrderRepositoryV1Save</inf:callName>
                  <inf:returned>Conditionally</inf:returned>
                </inf:callInfo>
                <inf:callInfo>
                  <inf:callName>salesOrderRepositoryV1Save</inf:callName>
                  <inf:requiredInput>No</inf:requiredInput>
                </inf:callInfo>
              </xsd:appinfo>
            </xsd:annotation>
          </xsd:element>
          <xsd:element name="postcode" minOccurs="1" maxOccurs="1" type="xsd:string">
            <xsd:annotation>
              <xsd:documentation/>
              <xsd:appinfo xmlns:inf="http://soap.upskills.in/soap/default?services=salesOrderRepositoryV1">
                <inf:maxLength/>
                <inf:callInfo>
                  <inf:callName>salesOrderRepositoryV1Get</inf:callName>
                  <inf:callName>salesOrderRepositoryV1Save</inf:callName>
                  <inf:returned>Conditionally</inf:returned>
                </inf:callInfo>
                <inf:callInfo>
                  <inf:callName>salesOrderRepositoryV1Save</inf:callName>
                  <inf:requiredInput>No</inf:requiredInput>
                </inf:callInfo>
              </xsd:appinfo>
            </xsd:annotation>
          </xsd:element>
          <xsd:element name="city" minOccurs="1" maxOccurs="1" type="xsd:string">
            <xsd:annotation>
              <xsd:documentation/>
              <xsd:appinfo xmlns:inf="http://soap.upskills.in/soap/default?services=salesOrderRepositoryV1">
                <inf:maxLength/>
                <inf:callInfo>
                  <inf:callName>salesOrderRepositoryV1Get</inf:callName>
                  <inf:callName>salesOrderRepositoryV1Save</inf:callName>
                  <inf:returned>Conditionally</inf:returned>
                </inf:callInfo>
                <inf:callInfo>
                  <inf:callName>salesOrderRepositoryV1Save</inf:callName>
                  <inf:requiredInput>No</inf:requiredInput>
                </inf:callInfo>
              </xsd:appinfo>
            </xsd:annotation>
          </xsd:element>
          <xsd:element name="street" type="tns:ArrayOfString">
            <xsd:annotation>
              <xsd:documentation/>
              <xsd:appinfo xmlns:inf="http://soap.upskills.in/soap/default?services=salesOrderRepositoryV1">
                <inf:natureOfType>array</inf:natureOfType>
                <inf:callInfo>
                  <inf:callName>salesOrderRepositoryV1Get</inf:callName>
                  <inf:callName>salesOrderRepositoryV1Save</inf:callName>
                  <inf:returned>Conditionally</inf:returned>
                </inf:callInfo>
                <inf:callInfo>
                  <inf:callName>salesOrderRepositoryV1Save</inf:callName>
                  <inf:requiredInput>No</inf:requiredInput>
                </inf:callInfo>
              </xsd:appinfo>
            </xsd:annotation>
          </xsd:element>
        </xsd:sequence>
      </xsd:complexType>
      <xsd:complexType name="SalesDataShippingExtensionInterface">
        <xsd:annotation>
          <xsd:documentation>ExtensionInterface class for @see \Magento\Sales\Api\Data\ShippingInterface</xsd:documentation>
          <xsd:appinfo xmlns:inf="http://soap.upskills.in/soap/default?services=salesOrderRepositoryV1"/>
        </xsd:annotation>
        <xsd:sequence>
          <xsd:element name="extOrderId" minOccurs="0" maxOccurs="1" type="xsd:string">
            <xsd:annotation>
              <xsd:documentation/>
              <xsd:appinfo xmlns:inf="http://soap.upskills.in/soap/default?services=salesOrderRepositoryV1">
                <inf:maxLength/>
                <inf:callInfo>
                  <inf:callName>salesOrderRepositoryV1Get</inf:callName>
                  <inf:callName>salesOrderRepositoryV1Save</inf:callName>
                  <inf:returned>Conditionally</inf:returned>
                </inf:callInfo>
                <inf:callInfo>
                  <inf:callName>salesOrderRepositoryV1Save</inf:callName>
                  <inf:requiredInput>No</inf:requiredInput>
                </inf:callInfo>
              </xsd:appinfo>
            </xsd:annotation>
          </xsd:element>
          <xsd:element name="shippingExperience" minOccurs="0" maxOccurs="1" type="tns:TemandoShippingDataOrderShippingExperienceInterface">
            <xsd:annotation>
              <xsd:documentation/>
              <xsd:appinfo xmlns:inf="http://soap.upskills.in/soap/default?services=salesOrderRepositoryV1">
                <inf:callInfo>
                  <inf:callName>salesOrderRepositoryV1Get</inf:callName>
                  <inf:callName>salesOrderRepositoryV1Save</inf:callName>
                  <inf:returned>Conditionally</inf:returned>
                </inf:callInfo>
                <inf:callInfo>
                  <inf:callName>salesOrderRepositoryV1Save</inf:callName>
                  <inf:requiredInput>No</inf:requiredInput>
                </inf:callInfo>
              </xsd:appinfo>
            </xsd:annotation>
          </xsd:element>
          <xsd:element name="collectionPoint" minOccurs="0" maxOccurs="1" type="tns:TemandoShippingDataDeliveryOrderCollectionPointInterface">
            <xsd:annotation>
              <xsd:documentation/>
              <xsd:appinfo xmlns:inf="http://soap.upskills.in/soap/default?services=salesOrderRepositoryV1">
                <inf:callInfo>
                  <inf:callName>salesOrderRepositoryV1Get</inf:callName>
                  <inf:callName>salesOrderRepositoryV1Save</inf:callName>
                  <inf:returned>Conditionally</inf:returned>
                </inf:callInfo>
                <inf:callInfo>
                  <inf:callName>salesOrderRepositoryV1Save</inf:callName>
                  <inf:requiredInput>No</inf:requiredInput>
                </inf:callInfo>
              </xsd:appinfo>
            </xsd:annotation>
          </xsd:element>
        </xsd:sequence>
      </xsd:complexType>
      <xsd:complexType name="SalesDataShippingInterface">
        <xsd:annotation>
          <xsd:documentation>Interface ShippingInterface</xsd:documentation>
          <xsd:appinfo xmlns:inf="http://soap.upskills.in/soap/default?services=salesOrderRepositoryV1"/>
        </xsd:annotation>
        <xsd:sequence>
          <xsd:element name="address" minOccurs="0" maxOccurs="1" type="tns:SalesDataOrderAddressInterface">
            <xsd:annotation>
              <xsd:documentation>Shipping address</xsd:documentation>
              <xsd:appinfo xmlns:inf="http://soap.upskills.in/soap/default?services=salesOrderRepositoryV1">
                <inf:callInfo>
                  <inf:callName>salesOrderRepositoryV1Get</inf:callName>
                  <inf:callName>salesOrderRepositoryV1Save</inf:callName>
                  <inf:returned>Conditionally</inf:returned>
                </inf:callInfo>
                <inf:callInfo>
                  <inf:callName>salesOrderRepositoryV1Save</inf:callName>
                  <inf:requiredInput>No</inf:requiredInput>
                </inf:callInfo>
              </xsd:appinfo>
            </xsd:annotation>
          </xsd:element>
          <xsd:element name="method" minOccurs="0" maxOccurs="1" type="xsd:string">
            <xsd:annotation>
              <xsd:documentation>Shipping method</xsd:documentation>
              <xsd:appinfo xmlns:inf="http://soap.upskills.in/soap/default?services=salesOrderRepositoryV1">
                <inf:maxLength/>
                <inf:callInfo>
                  <inf:callName>salesOrderRepositoryV1Get</inf:callName>
                  <inf:callName>salesOrderRepositoryV1Save</inf:callName>
                  <inf:returned>Conditionally</inf:returned>
                </inf:callInfo>
                <inf:callInfo>
                  <inf:callName>salesOrderRepositoryV1Save</inf:callName>
                  <inf:requiredInput>No</inf:requiredInput>
                </inf:callInfo>
              </xsd:appinfo>
            </xsd:annotation>
          </xsd:element>
          <xsd:element name="total" minOccurs="0" maxOccurs="1" type="tns:SalesDataTotalInterface">
            <xsd:annotation>
              <xsd:documentation>Object with shipping totals</xsd:documentation>
              <xsd:appinfo xmlns:inf="http://soap.upskills.in/soap/default?services=salesOrderRepositoryV1">
                <inf:callInfo>
                  <inf:callName>salesOrderRepositoryV1Get</inf:callName>
                  <inf:callName>salesOrderRepositoryV1Save</inf:callName>
                  <inf:returned>Conditionally</inf:returned>
                </inf:callInfo>
                <inf:callInfo>
                  <inf:callName>salesOrderRepositoryV1Save</inf:callName>
                  <inf:requiredInput>No</inf:requiredInput>
                </inf:callInfo>
              </xsd:appinfo>
            </xsd:annotation>
          </xsd:element>
          <xsd:element name="extensionAttributes" minOccurs="0" maxOccurs="1" type="tns:SalesDataShippingExtensionInterface">
            <xsd:annotation>
              <xsd:documentation>Existing extension attributes object or create a new one.</xsd:documentation>
              <xsd:appinfo xmlns:inf="http://soap.upskills.in/soap/default?services=salesOrderRepositoryV1">
                <inf:callInfo>
                  <inf:callName>salesOrderRepositoryV1Get</inf:callName>
                  <inf:callName>salesOrderRepositoryV1Save</inf:callName>
                  <inf:returned>Conditionally</inf:returned>
                </inf:callInfo>
                <inf:callInfo>
                  <inf:callName>salesOrderRepositoryV1Save</inf:callName>
                  <inf:requiredInput>No</inf:requiredInput>
                </inf:callInfo>
              </xsd:appinfo>
            </xsd:annotation>
          </xsd:element>
        </xsd:sequence>
      </xsd:complexType>
      <xsd:complexType name="SalesDataShippingAssignmentExtensionInterface">
        <xsd:annotation>
          <xsd:documentation>ExtensionInterface class for @see \Magento\Sales\Api\Data\ShippingAssignmentInterface</xsd:documentation>
          <xsd:appinfo xmlns:inf="http://soap.upskills.in/soap/default?services=salesOrderRepositoryV1"/>
        </xsd:annotation>
      </xsd:complexType>
      <xsd:complexType name="SalesDataShippingAssignmentInterface">
        <xsd:annotation>
          <xsd:documentation>Interface ShippingAssignmentInterface</xsd:documentation>
          <xsd:appinfo xmlns:inf="http://soap.upskills.in/soap/default?services=salesOrderRepositoryV1"/>
        </xsd:annotation>
        <xsd:sequence>
          <xsd:element name="shipping" minOccurs="1" maxOccurs="1" type="tns:SalesDataShippingInterface">
            <xsd:annotation>
              <xsd:documentation>Shipping object</xsd:documentation>
              <xsd:appinfo xmlns:inf="http://soap.upskills.in/soap/default?services=salesOrderRepositoryV1">
                <inf:callInfo>
                  <inf:callName>salesOrderRepositoryV1Get</inf:callName>
                  <inf:callName>salesOrderRepositoryV1Save</inf:callName>
                  <inf:returned>Conditionally</inf:returned>
                </inf:callInfo>
                <inf:callInfo>
                  <inf:callName>salesOrderRepositoryV1Save</inf:callName>
                  <inf:requiredInput>No</inf:requiredInput>
                </inf:callInfo>
              </xsd:appinfo>
            </xsd:annotation>
          </xsd:element>
          <xsd:element name="items" type="tns:ArrayOfSalesDataOrderItemInterface">
            <xsd:annotation>
              <xsd:documentation>Order items of shipping assignment</xsd:documentation>
              <xsd:appinfo xmlns:inf="http://soap.upskills.in/soap/default?services=salesOrderRepositoryV1">
                <inf:natureOfType>array</inf:natureOfType>
                <inf:callInfo>
                  <inf:callName>salesOrderRepositoryV1Get</inf:callName>
                  <inf:callName>salesOrderRepositoryV1Save</inf:callName>
                  <inf:returned>Conditionally</inf:returned>
                </inf:callInfo>
                <inf:callInfo>
                  <inf:callName>salesOrderRepositoryV1Save</inf:callName>
                  <inf:requiredInput>No</inf:requiredInput>
                </inf:callInfo>
              </xsd:appinfo>
            </xsd:annotation>
          </xsd:element>
          <xsd:element name="stockId" minOccurs="0" maxOccurs="1" type="xsd:int">
            <xsd:annotation>
              <xsd:documentation>Stock id</xsd:documentation>
              <xsd:appinfo xmlns:inf="http://soap.upskills.in/soap/default?services=salesOrderRepositoryV1">
                <inf:min/>
                <inf:max/>
                <inf:callInfo>
                  <inf:callName>salesOrderRepositoryV1Get</inf:callName>
                  <inf:callName>salesOrderRepositoryV1Save</inf:callName>
                  <inf:returned>Conditionally</inf:returned>
                </inf:callInfo>
                <inf:callInfo>
                  <inf:callName>salesOrderRepositoryV1Save</inf:callName>
                  <inf:requiredInput>No</inf:requiredInput>
                </inf:callInfo>
              </xsd:appinfo>
            </xsd:annotation>
          </xsd:element>
          <xsd:element name="extensionAttributes" minOccurs="0" maxOccurs="1" type="tns:SalesDataShippingAssignmentExtensionInterface">
            <xsd:annotation>
              <xsd:documentation>Existing extension attributes object or create a new one.</xsd:documentation>
              <xsd:appinfo xmlns:inf="http://soap.upskills.in/soap/default?services=salesOrderRepositoryV1">
                <inf:callInfo>
                  <inf:callName>salesOrderRepositoryV1Get</inf:callName>
                  <inf:callName>salesOrderRepositoryV1Save</inf:callName>
                  <inf:returned>Conditionally</inf:returned>
                </inf:callInfo>
                <inf:callInfo>
                  <inf:callName>salesOrderRepositoryV1Save</inf:callName>
                  <inf:requiredInput>No</inf:requiredInput>
                </inf:callInfo>
              </xsd:appinfo>
            </xsd:annotation>
          </xsd:element>
        </xsd:sequence>
      </xsd:complexType>
      <xsd:complexType name="ArrayOfSalesDataShippingAssignmentInterface">
        <xsd:annotation>
          <xsd:documentation>An array of SalesDataShippingAssignmentInterface items.</xsd:documentation>
          <xsd:appinfo xmlns:inf="http://soap.upskills.in/soap/default?services=salesOrderRepositoryV1"/>
        </xsd:annotation>
        <xsd:sequence>
          <xsd:element name="item" minOccurs="0" maxOccurs="unbounded" type="tns:SalesDataShippingAssignmentInterface">
            <xsd:annotation>
              <xsd:documentation>An item of ArrayOfSalesDataShippingAssignmentInterface.</xsd:documentation>
              <xsd:appinfo xmlns:inf="http://soap.upskills.in/soap/default?services=salesOrderRepositoryV1">
                <inf:callInfo>
                  <inf:callName>salesOrderRepositoryV1Get</inf:callName>
                  <inf:callName>salesOrderRepositoryV1Save</inf:callName>
                  <inf:returned>Conditionally</inf:returned>
                </inf:callInfo>
                <inf:callInfo>
                  <inf:callName>salesOrderRepositoryV1Save</inf:callName>
                  <inf:requiredInput>No</inf:requiredInput>
                </inf:callInfo>
              </xsd:appinfo>
            </xsd:annotation>
          </xsd:element>
        </xsd:sequence>
      </xsd:complexType>
      <xsd:complexType name="PaymentDataPaymentAdditionalInfoInterface">
        <xsd:annotation>
          <xsd:documentation>Payment additional info interface.</xsd:documentation>
          <xsd:appinfo xmlns:inf="http://soap.upskills.in/soap/default?services=salesOrderRepositoryV1"/>
        </xsd:annotation>
        <xsd:sequence>
          <xsd:element name="key" minOccurs="1" maxOccurs="1" type="xsd:string">
            <xsd:annotation>
              <xsd:documentation>Object key</xsd:documentation>
              <xsd:appinfo xmlns:inf="http://soap.upskills.in/soap/default?services=salesOrderRepositoryV1">
                <inf:maxLength/>
                <inf:callInfo>
                  <inf:callName>salesOrderRepositoryV1Get</inf:callName>
                  <inf:callName>salesOrderRepositoryV1Save</inf:callName>
                  <inf:returned>Conditionally</inf:returned>
                </inf:callInfo>
                <inf:callInfo>
                  <inf:callName>salesOrderRepositoryV1Save</inf:callName>
                  <inf:requiredInput>No</inf:requiredInput>
                </inf:callInfo>
              </xsd:appinfo>
            </xsd:annotation>
          </xsd:element>
          <xsd:element name="value" minOccurs="1" maxOccurs="1" type="xsd:string">
            <xsd:annotation>
              <xsd:documentation>Object value</xsd:documentation>
              <xsd:appinfo xmlns:inf="http://soap.upskills.in/soap/default?services=salesOrderRepositoryV1">
                <inf:maxLength/>
                <inf:callInfo>
                  <inf:callName>salesOrderRepositoryV1Get</inf:callName>
                  <inf:callName>salesOrderRepositoryV1Save</inf:callName>
                  <inf:returned>Conditionally</inf:returned>
                </inf:callInfo>
                <inf:callInfo>
                  <inf:callName>salesOrderRepositoryV1Save</inf:callName>
                  <inf:requiredInput>No</inf:requiredInput>
                </inf:callInfo>
              </xsd:appinfo>
            </xsd:annotation>
          </xsd:element>
        </xsd:sequence>
      </xsd:complexType>
      <xsd:complexType name="ArrayOfPaymentDataPaymentAdditionalInfoInterface">
        <xsd:annotation>
          <xsd:documentation>An array of PaymentDataPaymentAdditionalInfoInterface items.</xsd:documentation>
          <xsd:appinfo xmlns:inf="http://soap.upskills.in/soap/default?services=salesOrderRepositoryV1"/>
        </xsd:annotation>
        <xsd:sequence>
          <xsd:element name="item" minOccurs="0" maxOccurs="unbounded" type="tns:PaymentDataPaymentAdditionalInfoInterface">
            <xsd:annotation>
              <xsd:documentation>An item of ArrayOfPaymentDataPaymentAdditionalInfoInterface.</xsd:documentation>
              <xsd:appinfo xmlns:inf="http://soap.upskills.in/soap/default?services=salesOrderRepositoryV1">
                <inf:callInfo>
                  <inf:callName>salesOrderRepositoryV1Get</inf:callName>
                  <inf:callName>salesOrderRepositoryV1Save</inf:callName>
                  <inf:returned>Conditionally</inf:returned>
                </inf:callInfo>
                <inf:callInfo>
                  <inf:callName>salesOrderRepositoryV1Save</inf:callName>
                  <inf:requiredInput>No</inf:requiredInput>
                </inf:callInfo>
              </xsd:appinfo>
            </xsd:annotation>
          </xsd:element>
        </xsd:sequence>
      </xsd:complexType>
      <xsd:complexType name="TaxDataAppliedTaxRateExtensionInterface">
        <xsd:annotation>
          <xsd:documentation>ExtensionInterface class for @see \Magento\Tax\Api\Data\AppliedTaxRateInterface</xsd:documentation>
          <xsd:appinfo xmlns:inf="http://soap.upskills.in/soap/default?services=salesOrderRepositoryV1"/>
        </xsd:annotation>
      </xsd:complexType>
      <xsd:complexType name="TaxDataAppliedTaxRateInterface">
        <xsd:annotation>
          <xsd:documentation>Applied tax rate interface.</xsd:documentation>
          <xsd:appinfo xmlns:inf="http://soap.upskills.in/soap/default?services=salesOrderRepositoryV1"/>
        </xsd:annotation>
        <xsd:sequence>
          <xsd:element name="code" minOccurs="0" maxOccurs="1" type="xsd:string">
            <xsd:annotation>
              <xsd:documentation>Code</xsd:documentation>
              <xsd:appinfo xmlns:inf="http://soap.upskills.in/soap/default?services=salesOrderRepositoryV1">
                <inf:maxLength/>
                <inf:callInfo>
                  <inf:callName>salesOrderRepositoryV1Get</inf:callName>
                  <inf:callName>salesOrderRepositoryV1Save</inf:callName>
                  <inf:returned>Conditionally</inf:returned>
                </inf:callInfo>
                <inf:callInfo>
                  <inf:callName>salesOrderRepositoryV1Save</inf:callName>
                  <inf:requiredInput>No</inf:requiredInput>
                </inf:callInfo>
              </xsd:appinfo>
            </xsd:annotation>
          </xsd:element>
          <xsd:element name="title" minOccurs="0" maxOccurs="1" type="xsd:string">
            <xsd:annotation>
              <xsd:documentation>Title</xsd:documentation>
              <xsd:appinfo xmlns:inf="http://soap.upskills.in/soap/default?services=salesOrderRepositoryV1">
                <inf:maxLength/>
                <inf:callInfo>
                  <inf:callName>salesOrderRepositoryV1Get</inf:callName>
                  <inf:callName>salesOrderRepositoryV1Save</inf:callName>
                  <inf:returned>Conditionally</inf:returned>
                </inf:callInfo>
                <inf:callInfo>
                  <inf:callName>salesOrderRepositoryV1Save</inf:callName>
                  <inf:requiredInput>No</inf:requiredInput>
                </inf:callInfo>
              </xsd:appinfo>
            </xsd:annotation>
          </xsd:element>
          <xsd:element name="percent" minOccurs="0" maxOccurs="1" type="xsd:float">
            <xsd:annotation>
              <xsd:documentation>Tax Percent</xsd:documentation>
              <xsd:appinfo xmlns:inf="http://soap.upskills.in/soap/default?services=salesOrderRepositoryV1">
                <inf:callInfo>
                  <inf:callName>salesOrderRepositoryV1Get</inf:callName>
                  <inf:callName>salesOrderRepositoryV1Save</inf:callName>
                  <inf:returned>Conditionally</inf:returned>
                </inf:callInfo>
                <inf:callInfo>
                  <inf:callName>salesOrderRepositoryV1Save</inf:callName>
                  <inf:requiredInput>No</inf:requiredInput>
                </inf:callInfo>
              </xsd:appinfo>
            </xsd:annotation>
          </xsd:element>
          <xsd:element name="extensionAttributes" minOccurs="0" maxOccurs="1" type="tns:TaxDataAppliedTaxRateExtensionInterface">
            <xsd:annotation>
              <xsd:documentation>Existing extension attributes object or create a new one.</xsd:documentation>
              <xsd:appinfo xmlns:inf="http://soap.upskills.in/soap/default?services=salesOrderRepositoryV1">
                <inf:callInfo>
                  <inf:callName>salesOrderRepositoryV1Get</inf:callName>
                  <inf:callName>salesOrderRepositoryV1Save</inf:callName>
                  <inf:returned>Conditionally</inf:returned>
                </inf:callInfo>
                <inf:callInfo>
                  <inf:callName>salesOrderRepositoryV1Save</inf:callName>
                  <inf:requiredInput>No</inf:requiredInput>
                </inf:callInfo>
              </xsd:appinfo>
            </xsd:annotation>
          </xsd:element>
        </xsd:sequence>
      </xsd:complexType>
      <xsd:complexType name="ArrayOfTaxDataAppliedTaxRateInterface">
        <xsd:annotation>
          <xsd:documentation>An array of TaxDataAppliedTaxRateInterface items.</xsd:documentation>
          <xsd:appinfo xmlns:inf="http://soap.upskills.in/soap/default?services=salesOrderRepositoryV1"/>
        </xsd:annotation>
        <xsd:sequence>
          <xsd:element name="item" minOccurs="0" maxOccurs="unbounded" type="tns:TaxDataAppliedTaxRateInterface">
            <xsd:annotation>
              <xsd:documentation>An item of ArrayOfTaxDataAppliedTaxRateInterface.</xsd:documentation>
              <xsd:appinfo xmlns:inf="http://soap.upskills.in/soap/default?services=salesOrderRepositoryV1">
                <inf:callInfo>
                  <inf:callName>salesOrderRepositoryV1Get</inf:callName>
                  <inf:callName>salesOrderRepositoryV1Save</inf:callName>
                  <inf:returned>Conditionally</inf:returned>
                </inf:callInfo>
                <inf:callInfo>
                  <inf:callName>salesOrderRepositoryV1Save</inf:callName>
                  <inf:requiredInput>No</inf:requiredInput>
                </inf:callInfo>
              </xsd:appinfo>
            </xsd:annotation>
          </xsd:element>
        </xsd:sequence>
      </xsd:complexType>
      <xsd:complexType name="TaxDataOrderTaxDetailsAppliedTaxExtensionInterface">
        <xsd:annotation>
          <xsd:documentation>ExtensionInterface class for @see \Magento\Tax\Api\Data\OrderTaxDetailsAppliedTaxInterface</xsd:documentation>
          <xsd:appinfo xmlns:inf="http://soap.upskills.in/soap/default?services=salesOrderRepositoryV1"/>
        </xsd:annotation>
        <xsd:sequence>
          <xsd:element name="rates" type="tns:ArrayOfTaxDataAppliedTaxRateInterface" minOccurs="0">
            <xsd:annotation>
              <xsd:documentation/>
              <xsd:appinfo xmlns:inf="http://soap.upskills.in/soap/default?services=salesOrderRepositoryV1">
                <inf:natureOfType>array</inf:natureOfType>
                <inf:callInfo>
                  <inf:callName>salesOrderRepositoryV1Get</inf:callName>
                  <inf:callName>salesOrderRepositoryV1Save</inf:callName>
                  <inf:returned>Conditionally</inf:returned>
                </inf:callInfo>
                <inf:callInfo>
                  <inf:callName>salesOrderRepositoryV1Save</inf:callName>
                  <inf:requiredInput>No</inf:requiredInput>
                </inf:callInfo>
              </xsd:appinfo>
            </xsd:annotation>
          </xsd:element>
        </xsd:sequence>
      </xsd:complexType>
      <xsd:complexType name="TaxDataOrderTaxDetailsAppliedTaxInterface">
        <xsd:annotation>
          <xsd:documentation>Interface OrderTaxDetailsAppliedTaxInterface</xsd:documentation>
          <xsd:appinfo xmlns:inf="http://soap.upskills.in/soap/default?services=salesOrderRepositoryV1"/>
        </xsd:annotation>
        <xsd:sequence>
          <xsd:element name="code" minOccurs="0" maxOccurs="1" type="xsd:string">
            <xsd:annotation>
              <xsd:documentation>Code</xsd:documentation>
              <xsd:appinfo xmlns:inf="http://soap.upskills.in/soap/default?services=salesOrderRepositoryV1">
                <inf:maxLength/>
                <inf:callInfo>
                  <inf:callName>salesOrderRepositoryV1Get</inf:callName>
                  <inf:callName>salesOrderRepositoryV1Save</inf:callName>
                  <inf:returned>Conditionally</inf:returned>
                </inf:callInfo>
                <inf:callInfo>
                  <inf:callName>salesOrderRepositoryV1Save</inf:callName>
                  <inf:requiredInput>No</inf:requiredInput>
                </inf:callInfo>
              </xsd:appinfo>
            </xsd:annotation>
          </xsd:element>
          <xsd:element name="title" minOccurs="0" maxOccurs="1" type="xsd:string">
            <xsd:annotation>
              <xsd:documentation>Title</xsd:documentation>
              <xsd:appinfo xmlns:inf="http://soap.upskills.in/soap/default?services=salesOrderRepositoryV1">
                <inf:maxLength/>
                <inf:callInfo>
                  <inf:callName>salesOrderRepositoryV1Get</inf:callName>
                  <inf:callName>salesOrderRepositoryV1Save</inf:callName>
                  <inf:returned>Conditionally</inf:returned>
                </inf:callInfo>
                <inf:callInfo>
                  <inf:callName>salesOrderRepositoryV1Save</inf:callName>
                  <inf:requiredInput>No</inf:requiredInput>
                </inf:callInfo>
              </xsd:appinfo>
            </xsd:annotation>
          </xsd:element>
          <xsd:element name="percent" minOccurs="0" maxOccurs="1" type="xsd:float">
            <xsd:annotation>
              <xsd:documentation>Tax Percent</xsd:documentation>
              <xsd:appinfo xmlns:inf="http://soap.upskills.in/soap/default?services=salesOrderRepositoryV1">
                <inf:callInfo>
                  <inf:callName>salesOrderRepositoryV1Get</inf:callName>
                  <inf:callName>salesOrderRepositoryV1Save</inf:callName>
                  <inf:returned>Conditionally</inf:returned>
                </inf:callInfo>
                <inf:callInfo>
                  <inf:callName>salesOrderRepositoryV1Save</inf:callName>
                  <inf:requiredInput>No</inf:requiredInput>
                </inf:callInfo>
              </xsd:appinfo>
            </xsd:annotation>
          </xsd:element>
          <xsd:element name="amount" minOccurs="1" maxOccurs="1" type="xsd:float">
            <xsd:annotation>
              <xsd:documentation>Tax amount</xsd:documentation>
              <xsd:appinfo xmlns:inf="http://soap.upskills.in/soap/default?services=salesOrderRepositoryV1">
                <inf:callInfo>
                  <inf:callName>salesOrderRepositoryV1Get</inf:callName>
                  <inf:callName>salesOrderRepositoryV1Save</inf:callName>
                  <inf:returned>Conditionally</inf:returned>
                </inf:callInfo>
                <inf:callInfo>
                  <inf:callName>salesOrderRepositoryV1Save</inf:callName>
                  <inf:requiredInput>No</inf:requiredInput>
                </inf:callInfo>
              </xsd:appinfo>
            </xsd:annotation>
          </xsd:element>
          <xsd:element name="baseAmount" minOccurs="1" maxOccurs="1" type="xsd:float">
            <xsd:annotation>
              <xsd:documentation>Tax amount in base currency</xsd:documentation>
              <xsd:appinfo xmlns:inf="http://soap.upskills.in/soap/default?services=salesOrderRepositoryV1">
                <inf:callInfo>
                  <inf:callName>salesOrderRepositoryV1Get</inf:callName>
                  <inf:callName>salesOrderRepositoryV1Save</inf:callName>
                  <inf:returned>Conditionally</inf:returned>
                </inf:callInfo>
                <inf:callInfo>
                  <inf:callName>salesOrderRepositoryV1Save</inf:callName>
                  <inf:requiredInput>No</inf:requiredInput>
                </inf:callInfo>
              </xsd:appinfo>
            </xsd:annotation>
          </xsd:element>
          <xsd:element name="extensionAttributes" minOccurs="0" maxOccurs="1" type="tns:TaxDataOrderTaxDetailsAppliedTaxExtensionInterface">
            <xsd:annotation>
              <xsd:documentation>Existing extension attributes object or create a new one.</xsd:documentation>
              <xsd:appinfo xmlns:inf="http://soap.upskills.in/soap/default?services=salesOrderRepositoryV1">
                <inf:callInfo>
                  <inf:callName>salesOrderRepositoryV1Get</inf:callName>
                  <inf:callName>salesOrderRepositoryV1Save</inf:callName>
                  <inf:returned>Conditionally</inf:returned>
                </inf:callInfo>
                <inf:callInfo>
                  <inf:callName>salesOrderRepositoryV1Save</inf:callName>
                  <inf:requiredInput>No</inf:requiredInput>
                </inf:callInfo>
              </xsd:appinfo>
            </xsd:annotation>
          </xsd:element>
        </xsd:sequence>
      </xsd:complexType>
      <xsd:complexType name="ArrayOfTaxDataOrderTaxDetailsAppliedTaxInterface">
        <xsd:annotation>
          <xsd:documentation>An array of TaxDataOrderTaxDetailsAppliedTaxInterface items.</xsd:documentation>
          <xsd:appinfo xmlns:inf="http://soap.upskills.in/soap/default?services=salesOrderRepositoryV1"/>
        </xsd:annotation>
        <xsd:sequence>
          <xsd:element name="item" minOccurs="0" maxOccurs="unbounded" type="tns:TaxDataOrderTaxDetailsAppliedTaxInterface">
            <xsd:annotation>
              <xsd:documentation>An item of ArrayOfTaxDataOrderTaxDetailsAppliedTaxInterface.</xsd:documentation>
              <xsd:appinfo xmlns:inf="http://soap.upskills.in/soap/default?services=salesOrderRepositoryV1">
                <inf:callInfo>
                  <inf:callName>salesOrderRepositoryV1Get</inf:callName>
                  <inf:callName>salesOrderRepositoryV1Save</inf:callName>
                  <inf:returned>Conditionally</inf:returned>
                </inf:callInfo>
                <inf:callInfo>
                  <inf:callName>salesOrderRepositoryV1Save</inf:callName>
                  <inf:requiredInput>No</inf:requiredInput>
                </inf:callInfo>
              </xsd:appinfo>
            </xsd:annotation>
          </xsd:element>
        </xsd:sequence>
      </xsd:complexType>
      <xsd:complexType name="TaxDataOrderTaxDetailsItemExtensionInterface">
        <xsd:annotation>
          <xsd:documentation>ExtensionInterface class for @see \Magento\Tax\Api\Data\OrderTaxDetailsItemInterface</xsd:documentation>
          <xsd:appinfo xmlns:inf="http://soap.upskills.in/soap/default?services=salesOrderRepositoryV1"/>
        </xsd:annotation>
      </xsd:complexType>
      <xsd:complexType name="TaxDataOrderTaxDetailsItemInterface">
        <xsd:annotation>
          <xsd:documentation>Interface OrderTaxDetailsItemInterface</xsd:documentation>
          <xsd:appinfo xmlns:inf="http://soap.upskills.in/soap/default?services=salesOrderRepositoryV1"/>
        </xsd:annotation>
        <xsd:sequence>
          <xsd:element name="type" minOccurs="0" maxOccurs="1" type="xsd:string">
            <xsd:annotation>
              <xsd:documentation>Type (shipping, product, weee, gift wrapping, etc)</xsd:documentation>
              <xsd:appinfo xmlns:inf="http://soap.upskills.in/soap/default?services=salesOrderRepositoryV1">
                <inf:maxLength/>
                <inf:callInfo>
                  <inf:callName>salesOrderRepositoryV1Get</inf:callName>
                  <inf:callName>salesOrderRepositoryV1Save</inf:callName>
                  <inf:returned>Conditionally</inf:returned>
                </inf:callInfo>
                <inf:callInfo>
                  <inf:callName>salesOrderRepositoryV1Save</inf:callName>
                  <inf:requiredInput>No</inf:requiredInput>
                </inf:callInfo>
              </xsd:appinfo>
            </xsd:annotation>
          </xsd:element>
          <xsd:element name="itemId" minOccurs="0" maxOccurs="1" type="xsd:int">
            <xsd:annotation>
              <xsd:documentation>Item id if this item is a product</xsd:documentation>
              <xsd:appinfo xmlns:inf="http://soap.upskills.in/soap/default?services=salesOrderRepositoryV1">
                <inf:min/>
                <inf:max/>
                <inf:callInfo>
                  <inf:callName>salesOrderRepositoryV1Get</inf:callName>
                  <inf:callName>salesOrderRepositoryV1Save</inf:callName>
                  <inf:returned>Conditionally</inf:returned>
                </inf:callInfo>
                <inf:callInfo>
                  <inf:callName>salesOrderRepositoryV1Save</inf:callName>
                  <inf:requiredInput>No</inf:requiredInput>
                </inf:callInfo>
              </xsd:appinfo>
            </xsd:annotation>
          </xsd:element>
          <xsd:element name="associatedItemId" minOccurs="0" maxOccurs="1" type="xsd:int">
            <xsd:annotation>
              <xsd:documentation>Associated item id if this item is associated with another item, null otherwise</xsd:documentation>
              <xsd:appinfo xmlns:inf="http://soap.upskills.in/soap/default?services=salesOrderRepositoryV1">
                <inf:min/>
                <inf:max/>
                <inf:callInfo>
                  <inf:callName>salesOrderRepositoryV1Get</inf:callName>
                  <inf:callName>salesOrderRepositoryV1Save</inf:callName>
                  <inf:returned>Conditionally</inf:returned>
                </inf:callInfo>
                <inf:callInfo>
                  <inf:callName>salesOrderRepositoryV1Save</inf:callName>
                  <inf:requiredInput>No</inf:requiredInput>
                </inf:callInfo>
              </xsd:appinfo>
            </xsd:annotation>
          </xsd:element>
          <xsd:element name="appliedTaxes" type="tns:ArrayOfTaxDataOrderTaxDetailsAppliedTaxInterface" minOccurs="0">
            <xsd:annotation>
              <xsd:documentation>Applied taxes</xsd:documentation>
              <xsd:appinfo xmlns:inf="http://soap.upskills.in/soap/default?services=salesOrderRepositoryV1">
                <inf:natureOfType>array</inf:natureOfType>
                <inf:callInfo>
                  <inf:callName>salesOrderRepositoryV1Get</inf:callName>
                  <inf:callName>salesOrderRepositoryV1Save</inf:callName>
                  <inf:returned>Conditionally</inf:returned>
                </inf:callInfo>
                <inf:callInfo>
                  <inf:callName>salesOrderRepositoryV1Save</inf:callName>
                  <inf:requiredInput>No</inf:requiredInput>
                </inf:callInfo>
              </xsd:appinfo>
            </xsd:annotation>
          </xsd:element>
          <xsd:element name="extensionAttributes" minOccurs="0" maxOccurs="1" type="tns:TaxDataOrderTaxDetailsItemExtensionInterface">
            <xsd:annotation>
              <xsd:documentation>Existing extension attributes object or create a new one.</xsd:documentation>
              <xsd:appinfo xmlns:inf="http://soap.upskills.in/soap/default?services=salesOrderRepositoryV1">
                <inf:callInfo>
                  <inf:callName>salesOrderRepositoryV1Get</inf:callName>
                  <inf:callName>salesOrderRepositoryV1Save</inf:callName>
                  <inf:returned>Conditionally</inf:returned>
                </inf:callInfo>
                <inf:callInfo>
                  <inf:callName>salesOrderRepositoryV1Save</inf:callName>
                  <inf:requiredInput>No</inf:requiredInput>
                </inf:callInfo>
              </xsd:appinfo>
            </xsd:annotation>
          </xsd:element>
        </xsd:sequence>
      </xsd:complexType>
      <xsd:complexType name="ArrayOfTaxDataOrderTaxDetailsItemInterface">
        <xsd:annotation>
          <xsd:documentation>An array of TaxDataOrderTaxDetailsItemInterface items.</xsd:documentation>
          <xsd:appinfo xmlns:inf="http://soap.upskills.in/soap/default?services=salesOrderRepositoryV1"/>
        </xsd:annotation>
        <xsd:sequence>
          <xsd:element name="item" minOccurs="0" maxOccurs="unbounded" type="tns:TaxDataOrderTaxDetailsItemInterface">
            <xsd:annotation>
              <xsd:documentation>An item of ArrayOfTaxDataOrderTaxDetailsItemInterface.</xsd:documentation>
              <xsd:appinfo xmlns:inf="http://soap.upskills.in/soap/default?services=salesOrderRepositoryV1">
                <inf:callInfo>
                  <inf:callName>salesOrderRepositoryV1Get</inf:callName>
                  <inf:callName>salesOrderRepositoryV1Save</inf:callName>
                  <inf:returned>Conditionally</inf:returned>
                </inf:callInfo>
                <inf:callInfo>
                  <inf:callName>salesOrderRepositoryV1Save</inf:callName>
                  <inf:requiredInput>No</inf:requiredInput>
                </inf:callInfo>
              </xsd:appinfo>
            </xsd:annotation>
          </xsd:element>
        </xsd:sequence>
      </xsd:complexType>
      <xsd:complexType name="AmazonPaymentDataOrderLinkInterface">
        <xsd:annotation>
          <xsd:documentation/>
          <xsd:appinfo xmlns:inf="http://soap.upskills.in/soap/default?services=salesOrderRepositoryV1"/>
        </xsd:annotation>
        <xsd:sequence>
          <xsd:element name="amazonOrderReferenceId" minOccurs="1" maxOccurs="1" type="xsd:string">
            <xsd:annotation>
              <xsd:documentation>Amazon order reference id</xsd:documentation>
              <xsd:appinfo xmlns:inf="http://soap.upskills.in/soap/default?services=salesOrderRepositoryV1">
                <inf:maxLength/>
                <inf:callInfo>
                  <inf:callName>salesOrderRepositoryV1Get</inf:callName>
                  <inf:callName>salesOrderRepositoryV1Save</inf:callName>
                  <inf:returned>Conditionally</inf:returned>
                </inf:callInfo>
                <inf:callInfo>
                  <inf:callName>salesOrderRepositoryV1Save</inf:callName>
                  <inf:requiredInput>No</inf:requiredInput>
                </inf:callInfo>
              </xsd:appinfo>
            </xsd:annotation>
          </xsd:element>
          <xsd:element name="orderId" minOccurs="1" maxOccurs="1" type="xsd:int">
            <xsd:annotation>
              <xsd:documentation>Order id</xsd:documentation>
              <xsd:appinfo xmlns:inf="http://soap.upskills.in/soap/default?services=salesOrderRepositoryV1">
                <inf:min/>
                <inf:max/>
                <inf:callInfo>
                  <inf:callName>salesOrderRepositoryV1Get</inf:callName>
                  <inf:callName>salesOrderRepositoryV1Save</inf:callName>
                  <inf:returned>Conditionally</inf:returned>
                </inf:callInfo>
                <inf:callInfo>
                  <inf:callName>salesOrderRepositoryV1Save</inf:callName>
                  <inf:requiredInput>No</inf:requiredInput>
                </inf:callInfo>
              </xsd:appinfo>
            </xsd:annotation>
          </xsd:element>
        </xsd:sequence>
      </xsd:complexType>
      <xsd:complexType name="SalesDataOrderExtensionInterface">
        <xsd:annotation>
          <xsd:documentation>ExtensionInterface class for @see \Magento\Sales\Api\Data\OrderInterface</xsd:documentation>
          <xsd:appinfo xmlns:inf="http://soap.upskills.in/soap/default?services=salesOrderRepositoryV1"/>
        </xsd:annotation>
        <xsd:sequence>
          <xsd:element name="shippingAssignments" type="tns:ArrayOfSalesDataShippingAssignmentInterface" minOccurs="0">
            <xsd:annotation>
              <xsd:documentation/>
              <xsd:appinfo xmlns:inf="http://soap.upskills.in/soap/default?services=salesOrderRepositoryV1">
                <inf:natureOfType>array</inf:natureOfType>
                <inf:callInfo>
                  <inf:callName>salesOrderRepositoryV1Get</inf:callName>
                  <inf:callName>salesOrderRepositoryV1Save</inf:callName>
                  <inf:returned>Conditionally</inf:returned>
                </inf:callInfo>
                <inf:callInfo>
                  <inf:callName>salesOrderRepositoryV1Save</inf:callName>
                  <inf:requiredInput>No</inf:requiredInput>
                </inf:callInfo>
              </xsd:appinfo>
            </xsd:annotation>
          </xsd:element>
          <xsd:element name="paymentAdditionalInfo" type="tns:ArrayOfPaymentDataPaymentAdditionalInfoInterface" minOccurs="0">
            <xsd:annotation>
              <xsd:documentation/>
              <xsd:appinfo xmlns:inf="http://soap.upskills.in/soap/default?services=salesOrderRepositoryV1">
                <inf:natureOfType>array</inf:natureOfType>
                <inf:callInfo>
                  <inf:callName>salesOrderRepositoryV1Get</inf:callName>
                  <inf:callName>salesOrderRepositoryV1Save</inf:callName>
                  <inf:returned>Conditionally</inf:returned>
                </inf:callInfo>
                <inf:callInfo>
                  <inf:callName>salesOrderRepositoryV1Save</inf:callName>
                  <inf:requiredInput>No</inf:requiredInput>
                </inf:callInfo>
              </xsd:appinfo>
            </xsd:annotation>
          </xsd:element>
          <xsd:element name="giftMessage" minOccurs="0" maxOccurs="1" type="tns:GiftMessageDataMessageInterface">
            <xsd:annotation>
              <xsd:documentation/>
              <xsd:appinfo xmlns:inf="http://soap.upskills.in/soap/default?services=salesOrderRepositoryV1">
                <inf:callInfo>
                  <inf:callName>salesOrderRepositoryV1Get</inf:callName>
                  <inf:callName>salesOrderRepositoryV1Save</inf:callName>
                  <inf:returned>Conditionally</inf:returned>
                </inf:callInfo>
                <inf:callInfo>
                  <inf:callName>salesOrderRepositoryV1Save</inf:callName>
                  <inf:requiredInput>No</inf:requiredInput>
                </inf:callInfo>
              </xsd:appinfo>
            </xsd:annotation>
          </xsd:element>
          <xsd:element name="appliedTaxes" type="tns:ArrayOfTaxDataOrderTaxDetailsAppliedTaxInterface" minOccurs="0">
            <xsd:annotation>
              <xsd:documentation/>
              <xsd:appinfo xmlns:inf="http://soap.upskills.in/soap/default?services=salesOrderRepositoryV1">
                <inf:natureOfType>array</inf:natureOfType>
                <inf:callInfo>
                  <inf:callName>salesOrderRepositoryV1Get</inf:callName>
                  <inf:callName>salesOrderRepositoryV1Save</inf:callName>
                  <inf:returned>Conditionally</inf:returned>
                </inf:callInfo>
                <inf:callInfo>
                  <inf:callName>salesOrderRepositoryV1Save</inf:callName>
                  <inf:requiredInput>No</inf:requiredInput>
                </inf:callInfo>
              </xsd:appinfo>
            </xsd:annotation>
          </xsd:element>
          <xsd:element name="itemAppliedTaxes" type="tns:ArrayOfTaxDataOrderTaxDetailsItemInterface" minOccurs="0">
            <xsd:annotation>
              <xsd:documentation/>
              <xsd:appinfo xmlns:inf="http://soap.upskills.in/soap/default?services=salesOrderRepositoryV1">
                <inf:natureOfType>array</inf:natureOfType>
                <inf:callInfo>
                  <inf:callName>salesOrderRepositoryV1Get</inf:callName>
                  <inf:callName>salesOrderRepositoryV1Save</inf:callName>
                  <inf:returned>Conditionally</inf:returned>
                </inf:callInfo>
                <inf:callInfo>
                  <inf:callName>salesOrderRepositoryV1Save</inf:callName>
                  <inf:requiredInput>No</inf:requiredInput>
                </inf:callInfo>
              </xsd:appinfo>
            </xsd:annotation>
          </xsd:element>
          <xsd:element name="convertingFromQuote" minOccurs="0" maxOccurs="1" type="xsd:boolean">
            <xsd:annotation>
              <xsd:documentation/>
              <xsd:appinfo xmlns:inf="http://soap.upskills.in/soap/default?services=salesOrderRepositoryV1">
                <inf:default>false</inf:default>
                <inf:callInfo>
                  <inf:callName>salesOrderRepositoryV1Get</inf:callName>
                  <inf:callName>salesOrderRepositoryV1Save</inf:callName>
                  <inf:returned>Conditionally</inf:returned>
                </inf:callInfo>
                <inf:callInfo>
                  <inf:callName>salesOrderRepositoryV1Save</inf:callName>
                  <inf:requiredInput>No</inf:requiredInput>
                </inf:callInfo>
              </xsd:appinfo>
            </xsd:annotation>
          </xsd:element>
          <xsd:element name="amazonOrderReferenceId" minOccurs="0" maxOccurs="1" type="tns:AmazonPaymentDataOrderLinkInterface">
            <xsd:annotation>
              <xsd:documentation/>
              <xsd:appinfo xmlns:inf="http://soap.upskills.in/soap/default?services=salesOrderRepositoryV1">
                <inf:callInfo>
                  <inf:callName>salesOrderRepositoryV1Get</inf:callName>
                  <inf:callName>salesOrderRepositoryV1Save</inf:callName>
                  <inf:returned>Conditionally</inf:returned>
                </inf:callInfo>
                <inf:callInfo>
                  <inf:callName>salesOrderRepositoryV1Save</inf:callName>
                  <inf:requiredInput>No</inf:requiredInput>
                </inf:callInfo>
              </xsd:appinfo>
            </xsd:annotation>
          </xsd:element>
        </xsd:sequence>
      </xsd:complexType>
      <xsd:complexType name="SalesDataOrderInterface">
        <xsd:annotation>
          <xsd:documentation>Order interface. An order is a document that a web store issues to a customer. Magento generates a sales order that lists the product items, billing and shipping addresses, and shipping and payment methods. A corresponding external document, known as a purchase order, is emailed to the customer.</xsd:documentation>
          <xsd:appinfo xmlns:inf="http://soap.upskills.in/soap/default?services=salesOrderRepositoryV1"/>
        </xsd:annotation>
        <xsd:sequence>
          <xsd:element name="adjustmentNegative" minOccurs="0" maxOccurs="1" type="xsd:float">
            <xsd:annotation>
              <xsd:documentation>Negative adjustment value.</xsd:documentation>
              <xsd:appinfo xmlns:inf="http://soap.upskills.in/soap/default?services=salesOrderRepositoryV1">
                <inf:callInfo>
                  <inf:callName>salesOrderRepositoryV1Get</inf:callName>
                  <inf:callName>salesOrderRepositoryV1Save</inf:callName>
                  <inf:returned>Conditionally</inf:returned>
                </inf:callInfo>
                <inf:callInfo>
                  <inf:callName>salesOrderRepositoryV1Save</inf:callName>
                  <inf:requiredInput>No</inf:requiredInput>
                </inf:callInfo>
              </xsd:appinfo>
            </xsd:annotation>
          </xsd:element>
          <xsd:element name="adjustmentPositive" minOccurs="0" maxOccurs="1" type="xsd:float">
            <xsd:annotation>
              <xsd:documentation>Positive adjustment value.</xsd:documentation>
              <xsd:appinfo xmlns:inf="http://soap.upskills.in/soap/default?services=salesOrderRepositoryV1">
                <inf:callInfo>
                  <inf:callName>salesOrderRepositoryV1Get</inf:callName>
                  <inf:callName>salesOrderRepositoryV1Save</inf:callName>
                  <inf:returned>Conditionally</inf:returned>
                </inf:callInfo>
                <inf:callInfo>
                  <inf:callName>salesOrderRepositoryV1Save</inf:callName>
                  <inf:requiredInput>No</inf:requiredInput>
                </inf:callInfo>
              </xsd:appinfo>
            </xsd:annotation>
          </xsd:element>
          <xsd:element name="appliedRuleIds" minOccurs="0" maxOccurs="1" type="xsd:string">
            <xsd:annotation>
              <xsd:documentation>Applied rule IDs.</xsd:documentation>
              <xsd:appinfo xmlns:inf="http://soap.upskills.in/soap/default?services=salesOrderRepositoryV1">
                <inf:maxLength/>
                <inf:callInfo>
                  <inf:callName>salesOrderRepositoryV1Get</inf:callName>
                  <inf:callName>salesOrderRepositoryV1Save</inf:callName>
                  <inf:returned>Conditionally</inf:returned>
                </inf:callInfo>
                <inf:callInfo>
                  <inf:callName>salesOrderRepositoryV1Save</inf:callName>
                  <inf:requiredInput>No</inf:requiredInput>
                </inf:callInfo>
              </xsd:appinfo>
            </xsd:annotation>
          </xsd:element>
          <xsd:element name="baseAdjustmentNegative" minOccurs="0" maxOccurs="1" type="xsd:float">
            <xsd:annotation>
              <xsd:documentation>Base negative adjustment value.</xsd:documentation>
              <xsd:appinfo xmlns:inf="http://soap.upskills.in/soap/default?services=salesOrderRepositoryV1">
                <inf:callInfo>
                  <inf:callName>salesOrderRepositoryV1Get</inf:callName>
                  <inf:callName>salesOrderRepositoryV1Save</inf:callName>
                  <inf:returned>Conditionally</inf:returned>
                </inf:callInfo>
                <inf:callInfo>
                  <inf:callName>salesOrderRepositoryV1Save</inf:callName>
                  <inf:requiredInput>No</inf:requiredInput>
                </inf:callInfo>
              </xsd:appinfo>
            </xsd:annotation>
          </xsd:element>
          <xsd:element name="baseAdjustmentPositive" minOccurs="0" maxOccurs="1" type="xsd:float">
            <xsd:annotation>
              <xsd:documentation>Base positive adjustment value.</xsd:documentation>
              <xsd:appinfo xmlns:inf="http://soap.upskills.in/soap/default?services=salesOrderRepositoryV1">
                <inf:callInfo>
                  <inf:callName>salesOrderRepositoryV1Get</inf:callName>
                  <inf:callName>salesOrderRepositoryV1Save</inf:callName>
                  <inf:returned>Conditionally</inf:returned>
                </inf:callInfo>
                <inf:callInfo>
                  <inf:callName>salesOrderRepositoryV1Save</inf:callName>
                  <inf:requiredInput>No</inf:requiredInput>
                </inf:callInfo>
              </xsd:appinfo>
            </xsd:annotation>
          </xsd:element>
          <xsd:element name="baseCurrencyCode" minOccurs="0" maxOccurs="1" type="xsd:string">
            <xsd:annotation>
              <xsd:documentation>Base currency code.</xsd:documentation>
              <xsd:appinfo xmlns:inf="http://soap.upskills.in/soap/default?services=salesOrderRepositoryV1">
                <inf:maxLength/>
                <inf:callInfo>
                  <inf:callName>salesOrderRepositoryV1Get</inf:callName>
                  <inf:callName>salesOrderRepositoryV1Save</inf:callName>
                  <inf:returned>Conditionally</inf:returned>
                </inf:callInfo>
                <inf:callInfo>
                  <inf:callName>salesOrderRepositoryV1Save</inf:callName>
                  <inf:requiredInput>No</inf:requiredInput>
                </inf:callInfo>
              </xsd:appinfo>
            </xsd:annotation>
          </xsd:element>
          <xsd:element name="baseDiscountAmount" minOccurs="0" maxOccurs="1" type="xsd:float">
            <xsd:annotation>
              <xsd:documentation>Base discount amount.</xsd:documentation>
              <xsd:appinfo xmlns:inf="http://soap.upskills.in/soap/default?services=salesOrderRepositoryV1">
                <inf:callInfo>
                  <inf:callName>salesOrderRepositoryV1Get</inf:callName>
                  <inf:callName>salesOrderRepositoryV1Save</inf:callName>
                  <inf:returned>Conditionally</inf:returned>
                </inf:callInfo>
                <inf:callInfo>
                  <inf:callName>salesOrderRepositoryV1Save</inf:callName>
                  <inf:requiredInput>No</inf:requiredInput>
                </inf:callInfo>
              </xsd:appinfo>
            </xsd:annotation>
          </xsd:element>
          <xsd:element name="baseDiscountCanceled" minOccurs="0" maxOccurs="1" type="xsd:float">
            <xsd:annotation>
              <xsd:documentation>Base discount canceled.</xsd:documentation>
              <xsd:appinfo xmlns:inf="http://soap.upskills.in/soap/default?services=salesOrderRepositoryV1">
                <inf:callInfo>
                  <inf:callName>salesOrderRepositoryV1Get</inf:callName>
                  <inf:callName>salesOrderRepositoryV1Save</inf:callName>
                  <inf:returned>Conditionally</inf:returned>
                </inf:callInfo>
                <inf:callInfo>
                  <inf:callName>salesOrderRepositoryV1Save</inf:callName>
                  <inf:requiredInput>No</inf:requiredInput>
                </inf:callInfo>
              </xsd:appinfo>
            </xsd:annotation>
          </xsd:element>
          <xsd:element name="baseDiscountInvoiced" minOccurs="0" maxOccurs="1" type="xsd:float">
            <xsd:annotation>
              <xsd:documentation>Base discount invoiced.</xsd:documentation>
              <xsd:appinfo xmlns:inf="http://soap.upskills.in/soap/default?services=salesOrderRepositoryV1">
                <inf:callInfo>
                  <inf:callName>salesOrderRepositoryV1Get</inf:callName>
                  <inf:callName>salesOrderRepositoryV1Save</inf:callName>
                  <inf:returned>Conditionally</inf:returned>
                </inf:callInfo>
                <inf:callInfo>
                  <inf:callName>salesOrderRepositoryV1Save</inf:callName>
                  <inf:requiredInput>No</inf:requiredInput>
                </inf:callInfo>
              </xsd:appinfo>
            </xsd:annotation>
          </xsd:element>
          <xsd:element name="baseDiscountRefunded" minOccurs="0" maxOccurs="1" type="xsd:float">
            <xsd:annotation>
              <xsd:documentation>Base discount refunded.</xsd:documentation>
              <xsd:appinfo xmlns:inf="http://soap.upskills.in/soap/default?services=salesOrderRepositoryV1">
                <inf:callInfo>
                  <inf:callName>salesOrderRepositoryV1Get</inf:callName>
                  <inf:callName>salesOrderRepositoryV1Save</inf:callName>
                  <inf:returned>Conditionally</inf:returned>
                </inf:callInfo>
                <inf:callInfo>
                  <inf:callName>salesOrderRepositoryV1Save</inf:callName>
                  <inf:requiredInput>No</inf:requiredInput>
                </inf:callInfo>
              </xsd:appinfo>
            </xsd:annotation>
          </xsd:element>
          <xsd:element name="baseGrandTotal" minOccurs="1" maxOccurs="1" type="xsd:float">
            <xsd:annotation>
              <xsd:documentation>Base grand total.</xsd:documentation>
              <xsd:appinfo xmlns:inf="http://soap.upskills.in/soap/default?services=salesOrderRepositoryV1">
                <inf:callInfo>
                  <inf:callName>salesOrderRepositoryV1Get</inf:callName>
                  <inf:callName>salesOrderRepositoryV1Save</inf:callName>
                  <inf:returned>Conditionally</inf:returned>
                </inf:callInfo>
                <inf:callInfo>
                  <inf:callName>salesOrderRepositoryV1Save</inf:callName>
                  <inf:requiredInput>No</inf:requiredInput>
                </inf:callInfo>
              </xsd:appinfo>
            </xsd:annotation>
          </xsd:element>
          <xsd:element name="baseDiscountTaxCompensationAmount" minOccurs="0" maxOccurs="1" type="xsd:float">
            <xsd:annotation>
              <xsd:documentation>Base discount tax compensation amount.</xsd:documentation>
              <xsd:appinfo xmlns:inf="http://soap.upskills.in/soap/default?services=salesOrderRepositoryV1">
                <inf:callInfo>
                  <inf:callName>salesOrderRepositoryV1Get</inf:callName>
                  <inf:callName>salesOrderRepositoryV1Save</inf:callName>
                  <inf:returned>Conditionally</inf:returned>
                </inf:callInfo>
                <inf:callInfo>
                  <inf:callName>salesOrderRepositoryV1Save</inf:callName>
                  <inf:requiredInput>No</inf:requiredInput>
                </inf:callInfo>
              </xsd:appinfo>
            </xsd:annotation>
          </xsd:element>
          <xsd:element name="baseDiscountTaxCompensationInvoiced" minOccurs="0" maxOccurs="1" type="xsd:float">
            <xsd:annotation>
              <xsd:documentation>Base discount tax compensation invoiced.</xsd:documentation>
              <xsd:appinfo xmlns:inf="http://soap.upskills.in/soap/default?services=salesOrderRepositoryV1">
                <inf:callInfo>
                  <inf:callName>salesOrderRepositoryV1Get</inf:callName>
                  <inf:callName>salesOrderRepositoryV1Save</inf:callName>
                  <inf:returned>Conditionally</inf:returned>
                </inf:callInfo>
                <inf:callInfo>
                  <inf:callName>salesOrderRepositoryV1Save</inf:callName>
                  <inf:requiredInput>No</inf:requiredInput>
                </inf:callInfo>
              </xsd:appinfo>
            </xsd:annotation>
          </xsd:element>
          <xsd:element name="baseDiscountTaxCompensationRefunded" minOccurs="0" maxOccurs="1" type="xsd:float">
            <xsd:annotation>
              <xsd:documentation>Base discount tax compensation refunded.</xsd:documentation>
              <xsd:appinfo xmlns:inf="http://soap.upskills.in/soap/default?services=salesOrderRepositoryV1">
                <inf:callInfo>
                  <inf:callName>salesOrderRepositoryV1Get</inf:callName>
                  <inf:callName>salesOrderRepositoryV1Save</inf:callName>
                  <inf:returned>Conditionally</inf:returned>
                </inf:callInfo>
                <inf:callInfo>
                  <inf:callName>salesOrderRepositoryV1Save</inf:callName>
                  <inf:requiredInput>No</inf:requiredInput>
                </inf:callInfo>
              </xsd:appinfo>
            </xsd:annotation>
          </xsd:element>
          <xsd:element name="baseShippingAmount" minOccurs="0" maxOccurs="1" type="xsd:float">
            <xsd:annotation>
              <xsd:documentation>Base shipping amount.</xsd:documentation>
              <xsd:appinfo xmlns:inf="http://soap.upskills.in/soap/default?services=salesOrderRepositoryV1">
                <inf:callInfo>
                  <inf:callName>salesOrderRepositoryV1Get</inf:callName>
                  <inf:callName>salesOrderRepositoryV1Save</inf:callName>
                  <inf:returned>Conditionally</inf:returned>
                </inf:callInfo>
                <inf:callInfo>
                  <inf:callName>salesOrderRepositoryV1Save</inf:callName>
                  <inf:requiredInput>No</inf:requiredInput>
                </inf:callInfo>
              </xsd:appinfo>
            </xsd:annotation>
          </xsd:element>
          <xsd:element name="baseShippingCanceled" minOccurs="0" maxOccurs="1" type="xsd:float">
            <xsd:annotation>
              <xsd:documentation>Base shipping canceled.</xsd:documentation>
              <xsd:appinfo xmlns:inf="http://soap.upskills.in/soap/default?services=salesOrderRepositoryV1">
                <inf:callInfo>
                  <inf:callName>salesOrderRepositoryV1Get</inf:callName>
                  <inf:callName>salesOrderRepositoryV1Save</inf:callName>
                  <inf:returned>Conditionally</inf:returned>
                </inf:callInfo>
                <inf:callInfo>
                  <inf:callName>salesOrderRepositoryV1Save</inf:callName>
                  <inf:requiredInput>No</inf:requiredInput>
                </inf:callInfo>
              </xsd:appinfo>
            </xsd:annotation>
          </xsd:element>
          <xsd:element name="baseShippingDiscountAmount" minOccurs="0" maxOccurs="1" type="xsd:float">
            <xsd:annotation>
              <xsd:documentation>Base shipping discount amount.</xsd:documentation>
              <xsd:appinfo xmlns:inf="http://soap.upskills.in/soap/default?services=salesOrderRepositoryV1">
                <inf:callInfo>
                  <inf:callName>salesOrderRepositoryV1Get</inf:callName>
                  <inf:callName>salesOrderRepositoryV1Save</inf:callName>
                  <inf:returned>Conditionally</inf:returned>
                </inf:callInfo>
                <inf:callInfo>
                  <inf:callName>salesOrderRepositoryV1Save</inf:callName>
                  <inf:requiredInput>No</inf:requiredInput>
                </inf:callInfo>
              </xsd:appinfo>
            </xsd:annotation>
          </xsd:element>
          <xsd:element name="baseShippingDiscountTaxCompensationAmnt" minOccurs="0" maxOccurs="1" type="xsd:float">
            <xsd:annotation>
              <xsd:documentation>Base shipping discount tax compensation amount.</xsd:documentation>
              <xsd:appinfo xmlns:inf="http://soap.upskills.in/soap/default?services=salesOrderRepositoryV1">
                <inf:callInfo>
                  <inf:callName>salesOrderRepositoryV1Get</inf:callName>
                  <inf:callName>salesOrderRepositoryV1Save</inf:callName>
                  <inf:returned>Conditionally</inf:returned>
                </inf:callInfo>
                <inf:callInfo>
                  <inf:callName>salesOrderRepositoryV1Save</inf:callName>
                  <inf:requiredInput>No</inf:requiredInput>
                </inf:callInfo>
              </xsd:appinfo>
            </xsd:annotation>
          </xsd:element>
          <xsd:element name="baseShippingInclTax" minOccurs="0" maxOccurs="1" type="xsd:float">
            <xsd:annotation>
              <xsd:documentation>Base shipping including tax.</xsd:documentation>
              <xsd:appinfo xmlns:inf="http://soap.upskills.in/soap/default?services=salesOrderRepositoryV1">
                <inf:callInfo>
                  <inf:callName>salesOrderRepositoryV1Get</inf:callName>
                  <inf:callName>salesOrderRepositoryV1Save</inf:callName>
                  <inf:returned>Conditionally</inf:returned>
                </inf:callInfo>
                <inf:callInfo>
                  <inf:callName>salesOrderRepositoryV1Save</inf:callName>
                  <inf:requiredInput>No</inf:requiredInput>
                </inf:callInfo>
              </xsd:appinfo>
            </xsd:annotation>
          </xsd:element>
          <xsd:element name="baseShippingInvoiced" minOccurs="0" maxOccurs="1" type="xsd:float">
            <xsd:annotation>
              <xsd:documentation>Base shipping invoiced.</xsd:documentation>
              <xsd:appinfo xmlns:inf="http://soap.upskills.in/soap/default?services=salesOrderRepositoryV1">
                <inf:callInfo>
                  <inf:callName>salesOrderRepositoryV1Get</inf:callName>
                  <inf:callName>salesOrderRepositoryV1Save</inf:callName>
                  <inf:returned>Conditionally</inf:returned>
                </inf:callInfo>
                <inf:callInfo>
                  <inf:callName>salesOrderRepositoryV1Save</inf:callName>
                  <inf:requiredInput>No</inf:requiredInput>
                </inf:callInfo>
              </xsd:appinfo>
            </xsd:annotation>
          </xsd:element>
          <xsd:element name="baseShippingRefunded" minOccurs="0" maxOccurs="1" type="xsd:float">
            <xsd:annotation>
              <xsd:documentation>Base shipping refunded.</xsd:documentation>
              <xsd:appinfo xmlns:inf="http://soap.upskills.in/soap/default?services=salesOrderRepositoryV1">
                <inf:callInfo>
                  <inf:callName>salesOrderRepositoryV1Get</inf:callName>
                  <inf:callName>salesOrderRepositoryV1Save</inf:callName>
                  <inf:returned>Conditionally</inf:returned>
                </inf:callInfo>
                <inf:callInfo>
                  <inf:callName>salesOrderRepositoryV1Save</inf:callName>
                  <inf:requiredInput>No</inf:requiredInput>
                </inf:callInfo>
              </xsd:appinfo>
            </xsd:annotation>
          </xsd:element>
          <xsd:element name="baseShippingTaxAmount" minOccurs="0" maxOccurs="1" type="xsd:float">
            <xsd:annotation>
              <xsd:documentation>Base shipping tax amount.</xsd:documentation>
              <xsd:appinfo xmlns:inf="http://soap.upskills.in/soap/default?services=salesOrderRepositoryV1">
                <inf:callInfo>
                  <inf:callName>salesOrderRepositoryV1Get</inf:callName>
                  <inf:callName>salesOrderRepositoryV1Save</inf:callName>
                  <inf:returned>Conditionally</inf:returned>
                </inf:callInfo>
                <inf:callInfo>
                  <inf:callName>salesOrderRepositoryV1Save</inf:callName>
                  <inf:requiredInput>No</inf:requiredInput>
                </inf:callInfo>
              </xsd:appinfo>
            </xsd:annotation>
          </xsd:element>
          <xsd:element name="baseShippingTaxRefunded" minOccurs="0" maxOccurs="1" type="xsd:float">
            <xsd:annotation>
              <xsd:documentation>Base shipping tax refunded.</xsd:documentation>
              <xsd:appinfo xmlns:inf="http://soap.upskills.in/soap/default?services=salesOrderRepositoryV1">
                <inf:callInfo>
                  <inf:callName>salesOrderRepositoryV1Get</inf:callName>
                  <inf:callName>salesOrderRepositoryV1Save</inf:callName>
                  <inf:returned>Conditionally</inf:returned>
                </inf:callInfo>
                <inf:callInfo>
                  <inf:callName>salesOrderRepositoryV1Save</inf:callName>
                  <inf:requiredInput>No</inf:requiredInput>
                </inf:callInfo>
              </xsd:appinfo>
            </xsd:annotation>
          </xsd:element>
          <xsd:element name="baseSubtotal" minOccurs="0" maxOccurs="1" type="xsd:float">
            <xsd:annotation>
              <xsd:documentation>Base subtotal.</xsd:documentation>
              <xsd:appinfo xmlns:inf="http://soap.upskills.in/soap/default?services=salesOrderRepositoryV1">
                <inf:callInfo>
                  <inf:callName>salesOrderRepositoryV1Get</inf:callName>
                  <inf:callName>salesOrderRepositoryV1Save</inf:callName>
                  <inf:returned>Conditionally</inf:returned>
                </inf:callInfo>
                <inf:callInfo>
                  <inf:callName>salesOrderRepositoryV1Save</inf:callName>
                  <inf:requiredInput>No</inf:requiredInput>
                </inf:callInfo>
              </xsd:appinfo>
            </xsd:annotation>
          </xsd:element>
          <xsd:element name="baseSubtotalCanceled" minOccurs="0" maxOccurs="1" type="xsd:float">
            <xsd:annotation>
              <xsd:documentation>Base subtotal canceled.</xsd:documentation>
              <xsd:appinfo xmlns:inf="http://soap.upskills.in/soap/default?services=salesOrderRepositoryV1">
                <inf:callInfo>
                  <inf:callName>salesOrderRepositoryV1Get</inf:callName>
                  <inf:callName>salesOrderRepositoryV1Save</inf:callName>
                  <inf:returned>Conditionally</inf:returned>
                </inf:callInfo>
                <inf:callInfo>
                  <inf:callName>salesOrderRepositoryV1Save</inf:callName>
                  <inf:requiredInput>No</inf:requiredInput>
                </inf:callInfo>
              </xsd:appinfo>
            </xsd:annotation>
          </xsd:element>
          <xsd:element name="baseSubtotalInclTax" minOccurs="0" maxOccurs="1" type="xsd:float">
            <xsd:annotation>
              <xsd:documentation>Base subtotal including tax.</xsd:documentation>
              <xsd:appinfo xmlns:inf="http://soap.upskills.in/soap/default?services=salesOrderRepositoryV1">
                <inf:callInfo>
                  <inf:callName>salesOrderRepositoryV1Get</inf:callName>
                  <inf:callName>salesOrderRepositoryV1Save</inf:callName>
                  <inf:returned>Conditionally</inf:returned>
                </inf:callInfo>
                <inf:callInfo>
                  <inf:callName>salesOrderRepositoryV1Save</inf:callName>
                  <inf:requiredInput>No</inf:requiredInput>
                </inf:callInfo>
              </xsd:appinfo>
            </xsd:annotation>
          </xsd:element>
          <xsd:element name="baseSubtotalInvoiced" minOccurs="0" maxOccurs="1" type="xsd:float">
            <xsd:annotation>
              <xsd:documentation>Base subtotal invoiced.</xsd:documentation>
              <xsd:appinfo xmlns:inf="http://soap.upskills.in/soap/default?services=salesOrderRepositoryV1">
                <inf:callInfo>
                  <inf:callName>salesOrderRepositoryV1Get</inf:callName>
                  <inf:callName>salesOrderRepositoryV1Save</inf:callName>
                  <inf:returned>Conditionally</inf:returned>
                </inf:callInfo>
                <inf:callInfo>
                  <inf:callName>salesOrderRepositoryV1Save</inf:callName>
                  <inf:requiredInput>No</inf:requiredInput>
                </inf:callInfo>
              </xsd:appinfo>
            </xsd:annotation>
          </xsd:element>
          <xsd:element name="baseSubtotalRefunded" minOccurs="0" maxOccurs="1" type="xsd:float">
            <xsd:annotation>
              <xsd:documentation>Base subtotal refunded.</xsd:documentation>
              <xsd:appinfo xmlns:inf="http://soap.upskills.in/soap/default?services=salesOrderRepositoryV1">
                <inf:callInfo>
                  <inf:callName>salesOrderRepositoryV1Get</inf:callName>
                  <inf:callName>salesOrderRepositoryV1Save</inf:callName>
                  <inf:returned>Conditionally</inf:returned>
                </inf:callInfo>
                <inf:callInfo>
                  <inf:callName>salesOrderRepositoryV1Save</inf:callName>
                  <inf:requiredInput>No</inf:requiredInput>
                </inf:callInfo>
              </xsd:appinfo>
            </xsd:annotation>
          </xsd:element>
          <xsd:element name="baseTaxAmount" minOccurs="0" maxOccurs="1" type="xsd:float">
            <xsd:annotation>
              <xsd:documentation>Base tax amount.</xsd:documentation>
              <xsd:appinfo xmlns:inf="http://soap.upskills.in/soap/default?services=salesOrderRepositoryV1">
                <inf:callInfo>
                  <inf:callName>salesOrderRepositoryV1Get</inf:callName>
                  <inf:callName>salesOrderRepositoryV1Save</inf:callName>
                  <inf:returned>Conditionally</inf:returned>
                </inf:callInfo>
                <inf:callInfo>
                  <inf:callName>salesOrderRepositoryV1Save</inf:callName>
                  <inf:requiredInput>No</inf:requiredInput>
                </inf:callInfo>
              </xsd:appinfo>
            </xsd:annotation>
          </xsd:element>
          <xsd:element name="baseTaxCanceled" minOccurs="0" maxOccurs="1" type="xsd:float">
            <xsd:annotation>
              <xsd:documentation>Base tax canceled.</xsd:documentation>
              <xsd:appinfo xmlns:inf="http://soap.upskills.in/soap/default?services=salesOrderRepositoryV1">
                <inf:callInfo>
                  <inf:callName>salesOrderRepositoryV1Get</inf:callName>
                  <inf:callName>salesOrderRepositoryV1Save</inf:callName>
                  <inf:returned>Conditionally</inf:returned>
                </inf:callInfo>
                <inf:callInfo>
                  <inf:callName>salesOrderRepositoryV1Save</inf:callName>
                  <inf:requiredInput>No</inf:requiredInput>
                </inf:callInfo>
              </xsd:appinfo>
            </xsd:annotation>
          </xsd:element>
          <xsd:element name="baseTaxInvoiced" minOccurs="0" maxOccurs="1" type="xsd:float">
            <xsd:annotation>
              <xsd:documentation>Base tax invoiced.</xsd:documentation>
              <xsd:appinfo xmlns:inf="http://soap.upskills.in/soap/default?services=salesOrderRepositoryV1">
                <inf:callInfo>
                  <inf:callName>salesOrderRepositoryV1Get</inf:callName>
                  <inf:callName>salesOrderRepositoryV1Save</inf:callName>
                  <inf:returned>Conditionally</inf:returned>
                </inf:callInfo>
                <inf:callInfo>
                  <inf:callName>salesOrderRepositoryV1Save</inf:callName>
                  <inf:requiredInput>No</inf:requiredInput>
                </inf:callInfo>
              </xsd:appinfo>
            </xsd:annotation>
          </xsd:element>
          <xsd:element name="baseTaxRefunded" minOccurs="0" maxOccurs="1" type="xsd:float">
            <xsd:annotation>
              <xsd:documentation>Base tax refunded.</xsd:documentation>
              <xsd:appinfo xmlns:inf="http://soap.upskills.in/soap/default?services=salesOrderRepositoryV1">
                <inf:callInfo>
                  <inf:callName>salesOrderRepositoryV1Get</inf:callName>
                  <inf:callName>salesOrderRepositoryV1Save</inf:callName>
                  <inf:returned>Conditionally</inf:returned>
                </inf:callInfo>
                <inf:callInfo>
                  <inf:callName>salesOrderRepositoryV1Save</inf:callName>
                  <inf:requiredInput>No</inf:requiredInput>
                </inf:callInfo>
              </xsd:appinfo>
            </xsd:annotation>
          </xsd:element>
          <xsd:element name="baseTotalCanceled" minOccurs="0" maxOccurs="1" type="xsd:float">
            <xsd:annotation>
              <xsd:documentation>Base total canceled.</xsd:documentation>
              <xsd:appinfo xmlns:inf="http://soap.upskills.in/soap/default?services=salesOrderRepositoryV1">
                <inf:callInfo>
                  <inf:callName>salesOrderRepositoryV1Get</inf:callName>
                  <inf:callName>salesOrderRepositoryV1Save</inf:callName>
                  <inf:returned>Conditionally</inf:returned>
                </inf:callInfo>
                <inf:callInfo>
                  <inf:callName>salesOrderRepositoryV1Save</inf:callName>
                  <inf:requiredInput>No</inf:requiredInput>
                </inf:callInfo>
              </xsd:appinfo>
            </xsd:annotation>
          </xsd:element>
          <xsd:element name="baseTotalDue" minOccurs="0" maxOccurs="1" type="xsd:float">
            <xsd:annotation>
              <xsd:documentation>Base total due.</xsd:documentation>
              <xsd:appinfo xmlns:inf="http://soap.upskills.in/soap/default?services=salesOrderRepositoryV1">
                <inf:callInfo>
                  <inf:callName>salesOrderRepositoryV1Get</inf:callName>
                  <inf:callName>salesOrderRepositoryV1Save</inf:callName>
                  <inf:returned>Conditionally</inf:returned>
                </inf:callInfo>
                <inf:callInfo>
                  <inf:callName>salesOrderRepositoryV1Save</inf:callName>
                  <inf:requiredInput>No</inf:requiredInput>
                </inf:callInfo>
              </xsd:appinfo>
            </xsd:annotation>
          </xsd:element>
          <xsd:element name="baseTotalInvoiced" minOccurs="0" maxOccurs="1" type="xsd:float">
            <xsd:annotation>
              <xsd:documentation>Base total invoiced.</xsd:documentation>
              <xsd:appinfo xmlns:inf="http://soap.upskills.in/soap/default?services=salesOrderRepositoryV1">
                <inf:callInfo>
                  <inf:callName>salesOrderRepositoryV1Get</inf:callName>
                  <inf:callName>salesOrderRepositoryV1Save</inf:callName>
                  <inf:returned>Conditionally</inf:returned>
                </inf:callInfo>
                <inf:callInfo>
                  <inf:callName>salesOrderRepositoryV1Save</inf:callName>
                  <inf:requiredInput>No</inf:requiredInput>
                </inf:callInfo>
              </xsd:appinfo>
            </xsd:annotation>
          </xsd:element>
          <xsd:element name="baseTotalInvoicedCost" minOccurs="0" maxOccurs="1" type="xsd:float">
            <xsd:annotation>
              <xsd:documentation>Base total invoiced cost.</xsd:documentation>
              <xsd:appinfo xmlns:inf="http://soap.upskills.in/soap/default?services=salesOrderRepositoryV1">
                <inf:callInfo>
                  <inf:callName>salesOrderRepositoryV1Get</inf:callName>
                  <inf:callName>salesOrderRepositoryV1Save</inf:callName>
                  <inf:returned>Conditionally</inf:returned>
                </inf:callInfo>
                <inf:callInfo>
                  <inf:callName>salesOrderRepositoryV1Save</inf:callName>
                  <inf:requiredInput>No</inf:requiredInput>
                </inf:callInfo>
              </xsd:appinfo>
            </xsd:annotation>
          </xsd:element>
          <xsd:element name="baseTotalOfflineRefunded" minOccurs="0" maxOccurs="1" type="xsd:float">
            <xsd:annotation>
              <xsd:documentation>Base total offline refunded.</xsd:documentation>
              <xsd:appinfo xmlns:inf="http://soap.upskills.in/soap/default?services=salesOrderRepositoryV1">
                <inf:callInfo>
                  <inf:callName>salesOrderRepositoryV1Get</inf:callName>
                  <inf:callName>salesOrderRepositoryV1Save</inf:callName>
                  <inf:returned>Conditionally</inf:returned>
                </inf:callInfo>
                <inf:callInfo>
                  <inf:callName>salesOrderRepositoryV1Save</inf:callName>
                  <inf:requiredInput>No</inf:requiredInput>
                </inf:callInfo>
              </xsd:appinfo>
            </xsd:annotation>
          </xsd:element>
          <xsd:element name="baseTotalOnlineRefunded" minOccurs="0" maxOccurs="1" type="xsd:float">
            <xsd:annotation>
              <xsd:documentation>Base total online refunded.</xsd:documentation>
              <xsd:appinfo xmlns:inf="http://soap.upskills.in/soap/default?services=salesOrderRepositoryV1">
                <inf:callInfo>
                  <inf:callName>salesOrderRepositoryV1Get</inf:callName>
                  <inf:callName>salesOrderRepositoryV1Save</inf:callName>
                  <inf:returned>Conditionally</inf:returned>
                </inf:callInfo>
                <inf:callInfo>
                  <inf:callName>salesOrderRepositoryV1Save</inf:callName>
                  <inf:requiredInput>No</inf:requiredInput>
                </inf:callInfo>
              </xsd:appinfo>
            </xsd:annotation>
          </xsd:element>
          <xsd:element name="baseTotalPaid" minOccurs="0" maxOccurs="1" type="xsd:float">
            <xsd:annotation>
              <xsd:documentation>Base total paid.</xsd:documentation>
              <xsd:appinfo xmlns:inf="http://soap.upskills.in/soap/default?services=salesOrderRepositoryV1">
                <inf:callInfo>
                  <inf:callName>salesOrderRepositoryV1Get</inf:callName>
                  <inf:callName>salesOrderRepositoryV1Save</inf:callName>
                  <inf:returned>Conditionally</inf:returned>
                </inf:callInfo>
                <inf:callInfo>
                  <inf:callName>salesOrderRepositoryV1Save</inf:callName>
                  <inf:requiredInput>No</inf:requiredInput>
                </inf:callInfo>
              </xsd:appinfo>
            </xsd:annotation>
          </xsd:element>
          <xsd:element name="baseTotalQtyOrdered" minOccurs="0" maxOccurs="1" type="xsd:float">
            <xsd:annotation>
              <xsd:documentation>Base total quantity ordered.</xsd:documentation>
              <xsd:appinfo xmlns:inf="http://soap.upskills.in/soap/default?services=salesOrderRepositoryV1">
                <inf:callInfo>
                  <inf:callName>salesOrderRepositoryV1Get</inf:callName>
                  <inf:callName>salesOrderRepositoryV1Save</inf:callName>
                  <inf:returned>Conditionally</inf:returned>
                </inf:callInfo>
                <inf:callInfo>
                  <inf:callName>salesOrderRepositoryV1Save</inf:callName>
                  <inf:requiredInput>No</inf:requiredInput>
                </inf:callInfo>
              </xsd:appinfo>
            </xsd:annotation>
          </xsd:element>
          <xsd:element name="baseTotalRefunded" minOccurs="0" maxOccurs="1" type="xsd:float">
            <xsd:annotation>
              <xsd:documentation>Base total refunded.</xsd:documentation>
              <xsd:appinfo xmlns:inf="http://soap.upskills.in/soap/default?services=salesOrderRepositoryV1">
                <inf:callInfo>
                  <inf:callName>salesOrderRepositoryV1Get</inf:callName>
                  <inf:callName>salesOrderRepositoryV1Save</inf:callName>
                  <inf:returned>Conditionally</inf:returned>
                </inf:callInfo>
                <inf:callInfo>
                  <inf:callName>salesOrderRepositoryV1Save</inf:callName>
                  <inf:requiredInput>No</inf:requiredInput>
                </inf:callInfo>
              </xsd:appinfo>
            </xsd:annotation>
          </xsd:element>
          <xsd:element name="baseToGlobalRate" minOccurs="0" maxOccurs="1" type="xsd:float">
            <xsd:annotation>
              <xsd:documentation>Base-to-global rate.</xsd:documentation>
              <xsd:appinfo xmlns:inf="http://soap.upskills.in/soap/default?services=salesOrderRepositoryV1">
                <inf:callInfo>
                  <inf:callName>salesOrderRepositoryV1Get</inf:callName>
                  <inf:callName>salesOrderRepositoryV1Save</inf:callName>
                  <inf:returned>Conditionally</inf:returned>
                </inf:callInfo>
                <inf:callInfo>
                  <inf:callName>salesOrderRepositoryV1Save</inf:callName>
                  <inf:requiredInput>No</inf:requiredInput>
                </inf:callInfo>
              </xsd:appinfo>
            </xsd:annotation>
          </xsd:element>
          <xsd:element name="baseToOrderRate" minOccurs="0" maxOccurs="1" type="xsd:float">
            <xsd:annotation>
              <xsd:documentation>Base-to-order rate.</xsd:documentation>
              <xsd:appinfo xmlns:inf="http://soap.upskills.in/soap/default?services=salesOrderRepositoryV1">
                <inf:callInfo>
                  <inf:callName>salesOrderRepositoryV1Get</inf:callName>
                  <inf:callName>salesOrderRepositoryV1Save</inf:callName>
                  <inf:returned>Conditionally</inf:returned>
                </inf:callInfo>
                <inf:callInfo>
                  <inf:callName>salesOrderRepositoryV1Save</inf:callName>
                  <inf:requiredInput>No</inf:requiredInput>
                </inf:callInfo>
              </xsd:appinfo>
            </xsd:annotation>
          </xsd:element>
          <xsd:element name="billingAddressId" minOccurs="0" maxOccurs="1" type="xsd:int">
            <xsd:annotation>
              <xsd:documentation>Billing address ID.</xsd:documentation>
              <xsd:appinfo xmlns:inf="http://soap.upskills.in/soap/default?services=salesOrderRepositoryV1">
                <inf:min/>
                <inf:max/>
                <inf:callInfo>
                  <inf:callName>salesOrderRepositoryV1Get</inf:callName>
                  <inf:callName>salesOrderRepositoryV1Save</inf:callName>
                  <inf:returned>Conditionally</inf:returned>
                </inf:callInfo>
                <inf:callInfo>
                  <inf:callName>salesOrderRepositoryV1Save</inf:callName>
                  <inf:requiredInput>No</inf:requiredInput>
                </inf:callInfo>
              </xsd:appinfo>
            </xsd:annotation>
          </xsd:element>
          <xsd:element name="canShipPartially" minOccurs="0" maxOccurs="1" type="xsd:int">
            <xsd:annotation>
              <xsd:documentation>Can-ship-partially flag value.</xsd:documentation>
              <xsd:appinfo xmlns:inf="http://soap.upskills.in/soap/default?services=salesOrderRepositoryV1">
                <inf:min/>
                <inf:max/>
                <inf:callInfo>
                  <inf:callName>salesOrderRepositoryV1Get</inf:callName>
                  <inf:callName>salesOrderRepositoryV1Save</inf:callName>
                  <inf:returned>Conditionally</inf:returned>
                </inf:callInfo>
                <inf:callInfo>
                  <inf:callName>salesOrderRepositoryV1Save</inf:callName>
                  <inf:requiredInput>No</inf:requiredInput>
                </inf:callInfo>
              </xsd:appinfo>
            </xsd:annotation>
          </xsd:element>
          <xsd:element name="canShipPartiallyItem" minOccurs="0" maxOccurs="1" type="xsd:int">
            <xsd:annotation>
              <xsd:documentation>Can-ship-partially-item flag value.</xsd:documentation>
              <xsd:appinfo xmlns:inf="http://soap.upskills.in/soap/default?services=salesOrderRepositoryV1">
                <inf:min/>
                <inf:max/>
                <inf:callInfo>
                  <inf:callName>salesOrderRepositoryV1Get</inf:callName>
                  <inf:callName>salesOrderRepositoryV1Save</inf:callName>
                  <inf:returned>Conditionally</inf:returned>
                </inf:callInfo>
                <inf:callInfo>
                  <inf:callName>salesOrderRepositoryV1Save</inf:callName>
                  <inf:requiredInput>No</inf:requiredInput>
                </inf:callInfo>
              </xsd:appinfo>
            </xsd:annotation>
          </xsd:element>
          <xsd:element name="couponCode" minOccurs="0" maxOccurs="1" type="xsd:string">
            <xsd:annotation>
              <xsd:documentation>Coupon code.</xsd:documentation>
              <xsd:appinfo xmlns:inf="http://soap.upskills.in/soap/default?services=salesOrderRepositoryV1">
                <inf:maxLength/>
                <inf:callInfo>
                  <inf:callName>salesOrderRepositoryV1Get</inf:callName>
                  <inf:callName>salesOrderRepositoryV1Save</inf:callName>
                  <inf:returned>Conditionally</inf:returned>
                </inf:callInfo>
                <inf:callInfo>
                  <inf:callName>salesOrderRepositoryV1Save</inf:callName>
                  <inf:requiredInput>No</inf:requiredInput>
                </inf:callInfo>
              </xsd:appinfo>
            </xsd:annotation>
          </xsd:element>
          <xsd:element name="createdAt" minOccurs="0" maxOccurs="1" type="xsd:string">
            <xsd:annotation>
              <xsd:documentation>Created-at timestamp.</xsd:documentation>
              <xsd:appinfo xmlns:inf="http://soap.upskills.in/soap/default?services=salesOrderRepositoryV1">
                <inf:maxLength/>
                <inf:callInfo>
                  <inf:callName>salesOrderRepositoryV1Get</inf:callName>
                  <inf:callName>salesOrderRepositoryV1Save</inf:callName>
                  <inf:returned>Conditionally</inf:returned>
                </inf:callInfo>
                <inf:callInfo>
                  <inf:callName>salesOrderRepositoryV1Save</inf:callName>
                  <inf:requiredInput>No</inf:requiredInput>
                </inf:callInfo>
              </xsd:appinfo>
            </xsd:annotation>
          </xsd:element>
          <xsd:element name="customerDob" minOccurs="0" maxOccurs="1" type="xsd:string">
            <xsd:annotation>
              <xsd:documentation>Customer date-of-birth (DOB).</xsd:documentation>
              <xsd:appinfo xmlns:inf="http://soap.upskills.in/soap/default?services=salesOrderRepositoryV1">
                <inf:maxLength/>
                <inf:callInfo>
                  <inf:callName>salesOrderRepositoryV1Get</inf:callName>
                  <inf:callName>salesOrderRepositoryV1Save</inf:callName>
                  <inf:returned>Conditionally</inf:returned>
                </inf:callInfo>
                <inf:callInfo>
                  <inf:callName>salesOrderRepositoryV1Save</inf:callName>
                  <inf:requiredInput>No</inf:requiredInput>
                </inf:callInfo>
              </xsd:appinfo>
            </xsd:annotation>
          </xsd:element>
          <xsd:element name="customerEmail" minOccurs="1" maxOccurs="1" type="xsd:string">
            <xsd:annotation>
              <xsd:documentation>Customer email address.</xsd:documentation>
              <xsd:appinfo xmlns:inf="http://soap.upskills.in/soap/default?services=salesOrderRepositoryV1">
                <inf:maxLength/>
                <inf:callInfo>
                  <inf:callName>salesOrderRepositoryV1Get</inf:callName>
                  <inf:callName>salesOrderRepositoryV1Save</inf:callName>
                  <inf:returned>Conditionally</inf:returned>
                </inf:callInfo>
                <inf:callInfo>
                  <inf:callName>salesOrderRepositoryV1Save</inf:callName>
                  <inf:requiredInput>No</inf:requiredInput>
                </inf:callInfo>
              </xsd:appinfo>
            </xsd:annotation>
          </xsd:element>
          <xsd:element name="customerFirstname" minOccurs="0" maxOccurs="1" type="xsd:string">
            <xsd:annotation>
              <xsd:documentation>Customer first name.</xsd:documentation>
              <xsd:appinfo xmlns:inf="http://soap.upskills.in/soap/default?services=salesOrderRepositoryV1">
                <inf:maxLength/>
                <inf:callInfo>
                  <inf:callName>salesOrderRepositoryV1Get</inf:callName>
                  <inf:callName>salesOrderRepositoryV1Save</inf:callName>
                  <inf:returned>Conditionally</inf:returned>
                </inf:callInfo>
                <inf:callInfo>
                  <inf:callName>salesOrderRepositoryV1Save</inf:callName>
                  <inf:requiredInput>No</inf:requiredInput>
                </inf:callInfo>
              </xsd:appinfo>
            </xsd:annotation>
          </xsd:element>
          <xsd:element name="customerGender" minOccurs="0" maxOccurs="1" type="xsd:int">
            <xsd:annotation>
              <xsd:documentation>Customer gender.</xsd:documentation>
              <xsd:appinfo xmlns:inf="http://soap.upskills.in/soap/default?services=salesOrderRepositoryV1">
                <inf:min/>
                <inf:max/>
                <inf:callInfo>
                  <inf:callName>salesOrderRepositoryV1Get</inf:callName>
                  <inf:callName>salesOrderRepositoryV1Save</inf:callName>
                  <inf:returned>Conditionally</inf:returned>
                </inf:callInfo>
                <inf:callInfo>
                  <inf:callName>salesOrderRepositoryV1Save</inf:callName>
                  <inf:requiredInput>No</inf:requiredInput>
                </inf:callInfo>
              </xsd:appinfo>
            </xsd:annotation>
          </xsd:element>
          <xsd:element name="customerGroupId" minOccurs="0" maxOccurs="1" type="xsd:int">
            <xsd:annotation>
              <xsd:documentation>Customer group ID.</xsd:documentation>
              <xsd:appinfo xmlns:inf="http://soap.upskills.in/soap/default?services=salesOrderRepositoryV1">
                <inf:min/>
                <inf:max/>
                <inf:callInfo>
                  <inf:callName>salesOrderRepositoryV1Get</inf:callName>
                  <inf:callName>salesOrderRepositoryV1Save</inf:callName>
                  <inf:returned>Conditionally</inf:returned>
                </inf:callInfo>
                <inf:callInfo>
                  <inf:callName>salesOrderRepositoryV1Save</inf:callName>
                  <inf:requiredInput>No</inf:requiredInput>
                </inf:callInfo>
              </xsd:appinfo>
            </xsd:annotation>
          </xsd:element>
          <xsd:element name="customerId" minOccurs="0" maxOccurs="1" type="xsd:int">
            <xsd:annotation>
              <xsd:documentation>Customer ID.</xsd:documentation>
              <xsd:appinfo xmlns:inf="http://soap.upskills.in/soap/default?services=salesOrderRepositoryV1">
                <inf:min/>
                <inf:max/>
                <inf:callInfo>
                  <inf:callName>salesOrderRepositoryV1Get</inf:callName>
                  <inf:callName>salesOrderRepositoryV1Save</inf:callName>
                  <inf:returned>Conditionally</inf:returned>
                </inf:callInfo>
                <inf:callInfo>
                  <inf:callName>salesOrderRepositoryV1Save</inf:callName>
                  <inf:requiredInput>No</inf:requiredInput>
                </inf:callInfo>
              </xsd:appinfo>
            </xsd:annotation>
          </xsd:element>
          <xsd:element name="customerIsGuest" minOccurs="0" maxOccurs="1" type="xsd:int">
            <xsd:annotation>
              <xsd:documentation>Customer-is-guest flag value.</xsd:documentation>
              <xsd:appinfo xmlns:inf="http://soap.upskills.in/soap/default?services=salesOrderRepositoryV1">
                <inf:min/>
                <inf:max/>
                <inf:callInfo>
                  <inf:callName>salesOrderRepositoryV1Get</inf:callName>
                  <inf:callName>salesOrderRepositoryV1Save</inf:callName>
                  <inf:returned>Conditionally</inf:returned>
                </inf:callInfo>
                <inf:callInfo>
                  <inf:callName>salesOrderRepositoryV1Save</inf:callName>
                  <inf:requiredInput>No</inf:requiredInput>
                </inf:callInfo>
              </xsd:appinfo>
            </xsd:annotation>
          </xsd:element>
          <xsd:element name="customerLastname" minOccurs="0" maxOccurs="1" type="xsd:string">
            <xsd:annotation>
              <xsd:documentation>Customer last name.</xsd:documentation>
              <xsd:appinfo xmlns:inf="http://soap.upskills.in/soap/default?services=salesOrderRepositoryV1">
                <inf:maxLength/>
                <inf:callInfo>
                  <inf:callName>salesOrderRepositoryV1Get</inf:callName>
                  <inf:callName>salesOrderRepositoryV1Save</inf:callName>
                  <inf:returned>Conditionally</inf:returned>
                </inf:callInfo>
                <inf:callInfo>
                  <inf:callName>salesOrderRepositoryV1Save</inf:callName>
                  <inf:requiredInput>No</inf:requiredInput>
                </inf:callInfo>
              </xsd:appinfo>
            </xsd:annotation>
          </xsd:element>
          <xsd:element name="customerMiddlename" minOccurs="0" maxOccurs="1" type="xsd:string">
            <xsd:annotation>
              <xsd:documentation>Customer middle name.</xsd:documentation>
              <xsd:appinfo xmlns:inf="http://soap.upskills.in/soap/default?services=salesOrderRepositoryV1">
                <inf:maxLength/>
                <inf:callInfo>
                  <inf:callName>salesOrderRepositoryV1Get</inf:callName>
                  <inf:callName>salesOrderRepositoryV1Save</inf:callName>
                  <inf:returned>Conditionally</inf:returned>
                </inf:callInfo>
                <inf:callInfo>
                  <inf:callName>salesOrderRepositoryV1Save</inf:callName>
                  <inf:requiredInput>No</inf:requiredInput>
                </inf:callInfo>
              </xsd:appinfo>
            </xsd:annotation>
          </xsd:element>
          <xsd:element name="customerNote" minOccurs="0" maxOccurs="1" type="xsd:string">
            <xsd:annotation>
              <xsd:documentation>Customer note.</xsd:documentation>
              <xsd:appinfo xmlns:inf="http://soap.upskills.in/soap/default?services=salesOrderRepositoryV1">
                <inf:maxLength/>
                <inf:callInfo>
                  <inf:callName>salesOrderRepositoryV1Get</inf:callName>
                  <inf:callName>salesOrderRepositoryV1Save</inf:callName>
                  <inf:returned>Conditionally</inf:returned>
                </inf:callInfo>
                <inf:callInfo>
                  <inf:callName>salesOrderRepositoryV1Save</inf:callName>
                  <inf:requiredInput>No</inf:requiredInput>
                </inf:callInfo>
              </xsd:appinfo>
            </xsd:annotation>
          </xsd:element>
          <xsd:element name="customerNoteNotify" minOccurs="0" maxOccurs="1" type="xsd:int">
            <xsd:annotation>
              <xsd:documentation>Customer-note-notify flag value.</xsd:documentation>
              <xsd:appinfo xmlns:inf="http://soap.upskills.in/soap/default?services=salesOrderRepositoryV1">
                <inf:min/>
                <inf:max/>
                <inf:callInfo>
                  <inf:callName>salesOrderRepositoryV1Get</inf:callName>
                  <inf:callName>salesOrderRepositoryV1Save</inf:callName>
                  <inf:returned>Conditionally</inf:returned>
                </inf:callInfo>
                <inf:callInfo>
                  <inf:callName>salesOrderRepositoryV1Save</inf:callName>
                  <inf:requiredInput>No</inf:requiredInput>
                </inf:callInfo>
              </xsd:appinfo>
            </xsd:annotation>
          </xsd:element>
          <xsd:element name="customerPrefix" minOccurs="0" maxOccurs="1" type="xsd:string">
            <xsd:annotation>
              <xsd:documentation>Customer prefix.</xsd:documentation>
              <xsd:appinfo xmlns:inf="http://soap.upskills.in/soap/default?services=salesOrderRepositoryV1">
                <inf:maxLength/>
                <inf:callInfo>
                  <inf:callName>salesOrderRepositoryV1Get</inf:callName>
                  <inf:callName>salesOrderRepositoryV1Save</inf:callName>
                  <inf:returned>Conditionally</inf:returned>
                </inf:callInfo>
                <inf:callInfo>
                  <inf:callName>salesOrderRepositoryV1Save</inf:callName>
                  <inf:requiredInput>No</inf:requiredInput>
                </inf:callInfo>
              </xsd:appinfo>
            </xsd:annotation>
          </xsd:element>
          <xsd:element name="customerSuffix" minOccurs="0" maxOccurs="1" type="xsd:string">
            <xsd:annotation>
              <xsd:documentation>Customer suffix.</xsd:documentation>
              <xsd:appinfo xmlns:inf="http://soap.upskills.in/soap/default?services=salesOrderRepositoryV1">
                <inf:maxLength/>
                <inf:callInfo>
                  <inf:callName>salesOrderRepositoryV1Get</inf:callName>
                  <inf:callName>salesOrderRepositoryV1Save</inf:callName>
                  <inf:returned>Conditionally</inf:returned>
                </inf:callInfo>
                <inf:callInfo>
                  <inf:callName>salesOrderRepositoryV1Save</inf:callName>
                  <inf:requiredInput>No</inf:requiredInput>
                </inf:callInfo>
              </xsd:appinfo>
            </xsd:annotation>
          </xsd:element>
          <xsd:element name="customerTaxvat" minOccurs="0" maxOccurs="1" type="xsd:string">
            <xsd:annotation>
              <xsd:documentation>Customer value-added tax (VAT).</xsd:documentation>
              <xsd:appinfo xmlns:inf="http://soap.upskills.in/soap/default?services=salesOrderRepositoryV1">
                <inf:maxLength/>
                <inf:callInfo>
                  <inf:callName>salesOrderRepositoryV1Get</inf:callName>
                  <inf:callName>salesOrderRepositoryV1Save</inf:callName>
                  <inf:returned>Conditionally</inf:returned>
                </inf:callInfo>
                <inf:callInfo>
                  <inf:callName>salesOrderRepositoryV1Save</inf:callName>
                  <inf:requiredInput>No</inf:requiredInput>
                </inf:callInfo>
              </xsd:appinfo>
            </xsd:annotation>
          </xsd:element>
          <xsd:element name="discountAmount" minOccurs="0" maxOccurs="1" type="xsd:float">
            <xsd:annotation>
              <xsd:documentation>Discount amount.</xsd:documentation>
              <xsd:appinfo xmlns:inf="http://soap.upskills.in/soap/default?services=salesOrderRepositoryV1">
                <inf:callInfo>
                  <inf:callName>salesOrderRepositoryV1Get</inf:callName>
                  <inf:callName>salesOrderRepositoryV1Save</inf:callName>
                  <inf:returned>Conditionally</inf:returned>
                </inf:callInfo>
                <inf:callInfo>
                  <inf:callName>salesOrderRepositoryV1Save</inf:callName>
                  <inf:requiredInput>No</inf:requiredInput>
                </inf:callInfo>
              </xsd:appinfo>
            </xsd:annotation>
          </xsd:element>
          <xsd:element name="discountCanceled" minOccurs="0" maxOccurs="1" type="xsd:float">
            <xsd:annotation>
              <xsd:documentation>Discount canceled.</xsd:documentation>
              <xsd:appinfo xmlns:inf="http://soap.upskills.in/soap/default?services=salesOrderRepositoryV1">
                <inf:callInfo>
                  <inf:callName>salesOrderRepositoryV1Get</inf:callName>
                  <inf:callName>salesOrderRepositoryV1Save</inf:callName>
                  <inf:returned>Conditionally</inf:returned>
                </inf:callInfo>
                <inf:callInfo>
                  <inf:callName>salesOrderRepositoryV1Save</inf:callName>
                  <inf:requiredInput>No</inf:requiredInput>
                </inf:callInfo>
              </xsd:appinfo>
            </xsd:annotation>
          </xsd:element>
          <xsd:element name="discountDescription" minOccurs="0" maxOccurs="1" type="xsd:string">
            <xsd:annotation>
              <xsd:documentation>Discount description.</xsd:documentation>
              <xsd:appinfo xmlns:inf="http://soap.upskills.in/soap/default?services=salesOrderRepositoryV1">
                <inf:maxLength/>
                <inf:callInfo>
                  <inf:callName>salesOrderRepositoryV1Get</inf:callName>
                  <inf:callName>salesOrderRepositoryV1Save</inf:callName>
                  <inf:returned>Conditionally</inf:returned>
                </inf:callInfo>
                <inf:callInfo>
                  <inf:callName>salesOrderRepositoryV1Save</inf:callName>
                  <inf:requiredInput>No</inf:requiredInput>
                </inf:callInfo>
              </xsd:appinfo>
            </xsd:annotation>
          </xsd:element>
          <xsd:element name="discountInvoiced" minOccurs="0" maxOccurs="1" type="xsd:float">
            <xsd:annotation>
              <xsd:documentation>Discount invoiced.</xsd:documentation>
              <xsd:appinfo xmlns:inf="http://soap.upskills.in/soap/default?services=salesOrderRepositoryV1">
                <inf:callInfo>
                  <inf:callName>salesOrderRepositoryV1Get</inf:callName>
                  <inf:callName>salesOrderRepositoryV1Save</inf:callName>
                  <inf:returned>Conditionally</inf:returned>
                </inf:callInfo>
                <inf:callInfo>
                  <inf:callName>salesOrderRepositoryV1Save</inf:callName>
                  <inf:requiredInput>No</inf:requiredInput>
                </inf:callInfo>
              </xsd:appinfo>
            </xsd:annotation>
          </xsd:element>
          <xsd:element name="discountRefunded" minOccurs="0" maxOccurs="1" type="xsd:float">
            <xsd:annotation>
              <xsd:documentation>Discount refunded amount.</xsd:documentation>
              <xsd:appinfo xmlns:inf="http://soap.upskills.in/soap/default?services=salesOrderRepositoryV1">
                <inf:callInfo>
                  <inf:callName>salesOrderRepositoryV1Get</inf:callName>
                  <inf:callName>salesOrderRepositoryV1Save</inf:callName>
                  <inf:returned>Conditionally</inf:returned>
                </inf:callInfo>
                <inf:callInfo>
                  <inf:callName>salesOrderRepositoryV1Save</inf:callName>
                  <inf:requiredInput>No</inf:requiredInput>
                </inf:callInfo>
              </xsd:appinfo>
            </xsd:annotation>
          </xsd:element>
          <xsd:element name="editIncrement" minOccurs="0" maxOccurs="1" type="xsd:int">
            <xsd:annotation>
              <xsd:documentation>Edit increment value.</xsd:documentation>
              <xsd:appinfo xmlns:inf="http://soap.upskills.in/soap/default?services=salesOrderRepositoryV1">
                <inf:min/>
                <inf:max/>
                <inf:callInfo>
                  <inf:callName>salesOrderRepositoryV1Get</inf:callName>
                  <inf:callName>salesOrderRepositoryV1Save</inf:callName>
                  <inf:returned>Conditionally</inf:returned>
                </inf:callInfo>
                <inf:callInfo>
                  <inf:callName>salesOrderRepositoryV1Save</inf:callName>
                  <inf:requiredInput>No</inf:requiredInput>
                </inf:callInfo>
              </xsd:appinfo>
            </xsd:annotation>
          </xsd:element>
          <xsd:element name="emailSent" minOccurs="0" maxOccurs="1" type="xsd:int">
            <xsd:annotation>
              <xsd:documentation>Email-sent flag value.</xsd:documentation>
              <xsd:appinfo xmlns:inf="http://soap.upskills.in/soap/default?services=salesOrderRepositoryV1">
                <inf:min/>
                <inf:max/>
                <inf:callInfo>
                  <inf:callName>salesOrderRepositoryV1Get</inf:callName>
                  <inf:callName>salesOrderRepositoryV1Save</inf:callName>
                  <inf:returned>Conditionally</inf:returned>
                </inf:callInfo>
                <inf:callInfo>
                  <inf:callName>salesOrderRepositoryV1Save</inf:callName>
                  <inf:requiredInput>No</inf:requiredInput>
                </inf:callInfo>
              </xsd:appinfo>
            </xsd:annotation>
          </xsd:element>
          <xsd:element name="entityId" minOccurs="0" maxOccurs="1" type="xsd:int">
            <xsd:annotation>
              <xsd:documentation>Order ID.</xsd:documentation>
              <xsd:appinfo xmlns:inf="http://soap.upskills.in/soap/default?services=salesOrderRepositoryV1">
                <inf:min/>
                <inf:max/>
                <inf:callInfo>
                  <inf:callName>salesOrderRepositoryV1Get</inf:callName>
                  <inf:callName>salesOrderRepositoryV1Save</inf:callName>
                  <inf:returned>Conditionally</inf:returned>
                </inf:callInfo>
                <inf:callInfo>
                  <inf:callName>salesOrderRepositoryV1Save</inf:callName>
                  <inf:requiredInput>No</inf:requiredInput>
                </inf:callInfo>
              </xsd:appinfo>
            </xsd:annotation>
          </xsd:element>
          <xsd:element name="extCustomerId" minOccurs="0" maxOccurs="1" type="xsd:string">
            <xsd:annotation>
              <xsd:documentation>External customer ID.</xsd:documentation>
              <xsd:appinfo xmlns:inf="http://soap.upskills.in/soap/default?services=salesOrderRepositoryV1">
                <inf:maxLength/>
                <inf:callInfo>
                  <inf:callName>salesOrderRepositoryV1Get</inf:callName>
                  <inf:callName>salesOrderRepositoryV1Save</inf:callName>
                  <inf:returned>Conditionally</inf:returned>
                </inf:callInfo>
                <inf:callInfo>
                  <inf:callName>salesOrderRepositoryV1Save</inf:callName>
                  <inf:requiredInput>No</inf:requiredInput>
                </inf:callInfo>
              </xsd:appinfo>
            </xsd:annotation>
          </xsd:element>
          <xsd:element name="extOrderId" minOccurs="0" maxOccurs="1" type="xsd:string">
            <xsd:annotation>
              <xsd:documentation>External order ID.</xsd:documentation>
              <xsd:appinfo xmlns:inf="http://soap.upskills.in/soap/default?services=salesOrderRepositoryV1">
                <inf:maxLength/>
                <inf:callInfo>
                  <inf:callName>salesOrderRepositoryV1Get</inf:callName>
                  <inf:callName>salesOrderRepositoryV1Save</inf:callName>
                  <inf:returned>Conditionally</inf:returned>
                </inf:callInfo>
                <inf:callInfo>
                  <inf:callName>salesOrderRepositoryV1Save</inf:callName>
                  <inf:requiredInput>No</inf:requiredInput>
                </inf:callInfo>
              </xsd:appinfo>
            </xsd:annotation>
          </xsd:element>
          <xsd:element name="forcedShipmentWithInvoice" minOccurs="0" maxOccurs="1" type="xsd:int">
            <xsd:annotation>
              <xsd:documentation>Forced-shipment-with-invoice flag value.</xsd:documentation>
              <xsd:appinfo xmlns:inf="http://soap.upskills.in/soap/default?services=salesOrderRepositoryV1">
                <inf:min/>
                <inf:max/>
                <inf:callInfo>
                  <inf:callName>salesOrderRepositoryV1Get</inf:callName>
                  <inf:callName>salesOrderRepositoryV1Save</inf:callName>
                  <inf:returned>Conditionally</inf:returned>
                </inf:callInfo>
                <inf:callInfo>
                  <inf:callName>salesOrderRepositoryV1Save</inf:callName>
                  <inf:requiredInput>No</inf:requiredInput>
                </inf:callInfo>
              </xsd:appinfo>
            </xsd:annotation>
          </xsd:element>
          <xsd:element name="globalCurrencyCode" minOccurs="0" maxOccurs="1" type="xsd:string">
            <xsd:annotation>
              <xsd:documentation>Global currency code.</xsd:documentation>
              <xsd:appinfo xmlns:inf="http://soap.upskills.in/soap/default?services=salesOrderRepositoryV1">
                <inf:maxLength/>
                <inf:callInfo>
                  <inf:callName>salesOrderRepositoryV1Get</inf:callName>
                  <inf:callName>salesOrderRepositoryV1Save</inf:callName>
                  <inf:returned>Conditionally</inf:returned>
                </inf:callInfo>
                <inf:callInfo>
                  <inf:callName>salesOrderRepositoryV1Save</inf:callName>
                  <inf:requiredInput>No</inf:requiredInput>
                </inf:callInfo>
              </xsd:appinfo>
            </xsd:annotation>
          </xsd:element>
          <xsd:element name="grandTotal" minOccurs="1" maxOccurs="1" type="xsd:float">
            <xsd:annotation>
              <xsd:documentation>Grand total.</xsd:documentation>
              <xsd:appinfo xmlns:inf="http://soap.upskills.in/soap/default?services=salesOrderRepositoryV1">
                <inf:callInfo>
                  <inf:callName>salesOrderRepositoryV1Get</inf:callName>
                  <inf:callName>salesOrderRepositoryV1Save</inf:callName>
                  <inf:returned>Conditionally</inf:returned>
                </inf:callInfo>
                <inf:callInfo>
                  <inf:callName>salesOrderRepositoryV1Save</inf:callName>
                  <inf:requiredInput>No</inf:requiredInput>
                </inf:callInfo>
              </xsd:appinfo>
            </xsd:annotation>
          </xsd:element>
          <xsd:element name="discountTaxCompensationAmount" minOccurs="0" maxOccurs="1" type="xsd:float">
            <xsd:annotation>
              <xsd:documentation>Discount tax compensation amount.</xsd:documentation>
              <xsd:appinfo xmlns:inf="http://soap.upskills.in/soap/default?services=salesOrderRepositoryV1">
                <inf:callInfo>
                  <inf:callName>salesOrderRepositoryV1Get</inf:callName>
                  <inf:callName>salesOrderRepositoryV1Save</inf:callName>
                  <inf:returned>Conditionally</inf:returned>
                </inf:callInfo>
                <inf:callInfo>
                  <inf:callName>salesOrderRepositoryV1Save</inf:callName>
                  <inf:requiredInput>No</inf:requiredInput>
                </inf:callInfo>
              </xsd:appinfo>
            </xsd:annotation>
          </xsd:element>
          <xsd:element name="discountTaxCompensationInvoiced" minOccurs="0" maxOccurs="1" type="xsd:float">
            <xsd:annotation>
              <xsd:documentation>Discount tax compensation invoiced amount.</xsd:documentation>
              <xsd:appinfo xmlns:inf="http://soap.upskills.in/soap/default?services=salesOrderRepositoryV1">
                <inf:callInfo>
                  <inf:callName>salesOrderRepositoryV1Get</inf:callName>
                  <inf:callName>salesOrderRepositoryV1Save</inf:callName>
                  <inf:returned>Conditionally</inf:returned>
                </inf:callInfo>
                <inf:callInfo>
                  <inf:callName>salesOrderRepositoryV1Save</inf:callName>
                  <inf:requiredInput>No</inf:requiredInput>
                </inf:callInfo>
              </xsd:appinfo>
            </xsd:annotation>
          </xsd:element>
          <xsd:element name="discountTaxCompensationRefunded" minOccurs="0" maxOccurs="1" type="xsd:float">
            <xsd:annotation>
              <xsd:documentation>Discount tax compensation refunded amount.</xsd:documentation>
              <xsd:appinfo xmlns:inf="http://soap.upskills.in/soap/default?services=salesOrderRepositoryV1">
                <inf:callInfo>
                  <inf:callName>salesOrderRepositoryV1Get</inf:callName>
                  <inf:callName>salesOrderRepositoryV1Save</inf:callName>
                  <inf:returned>Conditionally</inf:returned>
                </inf:callInfo>
                <inf:callInfo>
                  <inf:callName>salesOrderRepositoryV1Save</inf:callName>
                  <inf:requiredInput>No</inf:requiredInput>
                </inf:callInfo>
              </xsd:appinfo>
            </xsd:annotation>
          </xsd:element>
          <xsd:element name="holdBeforeState" minOccurs="0" maxOccurs="1" type="xsd:string">
            <xsd:annotation>
              <xsd:documentation>Hold before state.</xsd:documentation>
              <xsd:appinfo xmlns:inf="http://soap.upskills.in/soap/default?services=salesOrderRepositoryV1">
                <inf:maxLength/>
                <inf:callInfo>
                  <inf:callName>salesOrderRepositoryV1Get</inf:callName>
                  <inf:callName>salesOrderRepositoryV1Save</inf:callName>
                  <inf:returned>Conditionally</inf:returned>
                </inf:callInfo>
                <inf:callInfo>
                  <inf:callName>salesOrderRepositoryV1Save</inf:callName>
                  <inf:requiredInput>No</inf:requiredInput>
                </inf:callInfo>
              </xsd:appinfo>
            </xsd:annotation>
          </xsd:element>
          <xsd:element name="holdBeforeStatus" minOccurs="0" maxOccurs="1" type="xsd:string">
            <xsd:annotation>
              <xsd:documentation>Hold before status.</xsd:documentation>
              <xsd:appinfo xmlns:inf="http://soap.upskills.in/soap/default?services=salesOrderRepositoryV1">
                <inf:maxLength/>
                <inf:callInfo>
                  <inf:callName>salesOrderRepositoryV1Get</inf:callName>
                  <inf:callName>salesOrderRepositoryV1Save</inf:callName>
                  <inf:returned>Conditionally</inf:returned>
                </inf:callInfo>
                <inf:callInfo>
                  <inf:callName>salesOrderRepositoryV1Save</inf:callName>
                  <inf:requiredInput>No</inf:requiredInput>
                </inf:callInfo>
              </xsd:appinfo>
            </xsd:annotation>
          </xsd:element>
          <xsd:element name="incrementId" minOccurs="0" maxOccurs="1" type="xsd:string">
            <xsd:annotation>
              <xsd:documentation>Increment ID.</xsd:documentation>
              <xsd:appinfo xmlns:inf="http://soap.upskills.in/soap/default?services=salesOrderRepositoryV1">
                <inf:maxLength/>
                <inf:callInfo>
                  <inf:callName>salesOrderRepositoryV1Get</inf:callName>
                  <inf:callName>salesOrderRepositoryV1Save</inf:callName>
                  <inf:returned>Conditionally</inf:returned>
                </inf:callInfo>
                <inf:callInfo>
                  <inf:callName>salesOrderRepositoryV1Save</inf:callName>
                  <inf:requiredInput>No</inf:requiredInput>
                </inf:callInfo>
              </xsd:appinfo>
            </xsd:annotation>
          </xsd:element>
          <xsd:element name="isVirtual" minOccurs="0" maxOccurs="1" type="xsd:int">
            <xsd:annotation>
              <xsd:documentation>Is-virtual flag value.</xsd:documentation>
              <xsd:appinfo xmlns:inf="http://soap.upskills.in/soap/default?services=salesOrderRepositoryV1">
                <inf:min/>
                <inf:max/>
                <inf:callInfo>
                  <inf:callName>salesOrderRepositoryV1Get</inf:callName>
                  <inf:callName>salesOrderRepositoryV1Save</inf:callName>
                  <inf:returned>Conditionally</inf:returned>
                </inf:callInfo>
                <inf:callInfo>
                  <inf:callName>salesOrderRepositoryV1Save</inf:callName>
                  <inf:requiredInput>No</inf:requiredInput>
                </inf:callInfo>
              </xsd:appinfo>
            </xsd:annotation>
          </xsd:element>
          <xsd:element name="orderCurrencyCode" minOccurs="0" maxOccurs="1" type="xsd:string">
            <xsd:annotation>
              <xsd:documentation>Order currency code.</xsd:documentation>
              <xsd:appinfo xmlns:inf="http://soap.upskills.in/soap/default?services=salesOrderRepositoryV1">
                <inf:maxLength/>
                <inf:callInfo>
                  <inf:callName>salesOrderRepositoryV1Get</inf:callName>
                  <inf:callName>salesOrderRepositoryV1Save</inf:callName>
                  <inf:returned>Conditionally</inf:returned>
                </inf:callInfo>
                <inf:callInfo>
                  <inf:callName>salesOrderRepositoryV1Save</inf:callName>
                  <inf:requiredInput>No</inf:requiredInput>
                </inf:callInfo>
              </xsd:appinfo>
            </xsd:annotation>
          </xsd:element>
          <xsd:element name="originalIncrementId" minOccurs="0" maxOccurs="1" type="xsd:string">
            <xsd:annotation>
              <xsd:documentation>Original increment ID.</xsd:documentation>
              <xsd:appinfo xmlns:inf="http://soap.upskills.in/soap/default?services=salesOrderRepositoryV1">
                <inf:maxLength/>
                <inf:callInfo>
                  <inf:callName>salesOrderRepositoryV1Get</inf:callName>
                  <inf:callName>salesOrderRepositoryV1Save</inf:callName>
                  <inf:returned>Conditionally</inf:returned>
                </inf:callInfo>
                <inf:callInfo>
                  <inf:callName>salesOrderRepositoryV1Save</inf:callName>
                  <inf:requiredInput>No</inf:requiredInput>
                </inf:callInfo>
              </xsd:appinfo>
            </xsd:annotation>
          </xsd:element>
          <xsd:element name="paymentAuthorizationAmount" minOccurs="0" maxOccurs="1" type="xsd:float">
            <xsd:annotation>
              <xsd:documentation>Payment authorization amount.</xsd:documentation>
              <xsd:appinfo xmlns:inf="http://soap.upskills.in/soap/default?services=salesOrderRepositoryV1">
                <inf:callInfo>
                  <inf:callName>salesOrderRepositoryV1Get</inf:callName>
                  <inf:callName>salesOrderRepositoryV1Save</inf:callName>
                  <inf:returned>Conditionally</inf:returned>
                </inf:callInfo>
                <inf:callInfo>
                  <inf:callName>salesOrderRepositoryV1Save</inf:callName>
                  <inf:requiredInput>No</inf:requiredInput>
                </inf:callInfo>
              </xsd:appinfo>
            </xsd:annotation>
          </xsd:element>
          <xsd:element name="paymentAuthExpiration" minOccurs="0" maxOccurs="1" type="xsd:int">
            <xsd:annotation>
              <xsd:documentation>Payment authorization expiration date.</xsd:documentation>
              <xsd:appinfo xmlns:inf="http://soap.upskills.in/soap/default?services=salesOrderRepositoryV1">
                <inf:min/>
                <inf:max/>
                <inf:callInfo>
                  <inf:callName>salesOrderRepositoryV1Get</inf:callName>
                  <inf:callName>salesOrderRepositoryV1Save</inf:callName>
                  <inf:returned>Conditionally</inf:returned>
                </inf:callInfo>
                <inf:callInfo>
                  <inf:callName>salesOrderRepositoryV1Save</inf:callName>
                  <inf:requiredInput>No</inf:requiredInput>
                </inf:callInfo>
              </xsd:appinfo>
            </xsd:annotation>
          </xsd:element>
          <xsd:element name="protectCode" minOccurs="0" maxOccurs="1" type="xsd:string">
            <xsd:annotation>
              <xsd:documentation>Protect code.</xsd:documentation>
              <xsd:appinfo xmlns:inf="http://soap.upskills.in/soap/default?services=salesOrderRepositoryV1">
                <inf:maxLength/>
                <inf:callInfo>
                  <inf:callName>salesOrderRepositoryV1Get</inf:callName>
                  <inf:callName>salesOrderRepositoryV1Save</inf:callName>
                  <inf:returned>Conditionally</inf:returned>
                </inf:callInfo>
                <inf:callInfo>
                  <inf:callName>salesOrderRepositoryV1Save</inf:callName>
                  <inf:requiredInput>No</inf:requiredInput>
                </inf:callInfo>
              </xsd:appinfo>
            </xsd:annotation>
          </xsd:element>
          <xsd:element name="quoteAddressId" minOccurs="0" maxOccurs="1" type="xsd:int">
            <xsd:annotation>
              <xsd:documentation>Quote address ID.</xsd:documentation>
              <xsd:appinfo xmlns:inf="http://soap.upskills.in/soap/default?services=salesOrderRepositoryV1">
                <inf:min/>
                <inf:max/>
                <inf:callInfo>
                  <inf:callName>salesOrderRepositoryV1Get</inf:callName>
                  <inf:callName>salesOrderRepositoryV1Save</inf:callName>
                  <inf:returned>Conditionally</inf:returned>
                </inf:callInfo>
                <inf:callInfo>
                  <inf:callName>salesOrderRepositoryV1Save</inf:callName>
                  <inf:requiredInput>No</inf:requiredInput>
                </inf:callInfo>
              </xsd:appinfo>
            </xsd:annotation>
          </xsd:element>
          <xsd:element name="quoteId" minOccurs="0" maxOccurs="1" type="xsd:int">
            <xsd:annotation>
              <xsd:documentation>Quote ID.</xsd:documentation>
              <xsd:appinfo xmlns:inf="http://soap.upskills.in/soap/default?services=salesOrderRepositoryV1">
                <inf:min/>
                <inf:max/>
                <inf:callInfo>
                  <inf:callName>salesOrderRepositoryV1Get</inf:callName>
                  <inf:callName>salesOrderRepositoryV1Save</inf:callName>
                  <inf:returned>Conditionally</inf:returned>
                </inf:callInfo>
                <inf:callInfo>
                  <inf:callName>salesOrderRepositoryV1Save</inf:callName>
                  <inf:requiredInput>No</inf:requiredInput>
                </inf:callInfo>
              </xsd:appinfo>
            </xsd:annotation>
          </xsd:element>
          <xsd:element name="relationChildId" minOccurs="0" maxOccurs="1" type="xsd:string">
            <xsd:annotation>
              <xsd:documentation>Relation child ID.</xsd:documentation>
              <xsd:appinfo xmlns:inf="http://soap.upskills.in/soap/default?services=salesOrderRepositoryV1">
                <inf:maxLength/>
                <inf:callInfo>
                  <inf:callName>salesOrderRepositoryV1Get</inf:callName>
                  <inf:callName>salesOrderRepositoryV1Save</inf:callName>
                  <inf:returned>Conditionally</inf:returned>
                </inf:callInfo>
                <inf:callInfo>
                  <inf:callName>salesOrderRepositoryV1Save</inf:callName>
                  <inf:requiredInput>No</inf:requiredInput>
                </inf:callInfo>
              </xsd:appinfo>
            </xsd:annotation>
          </xsd:element>
          <xsd:element name="relationChildRealId" minOccurs="0" maxOccurs="1" type="xsd:string">
            <xsd:annotation>
              <xsd:documentation>Relation child real ID.</xsd:documentation>
              <xsd:appinfo xmlns:inf="http://soap.upskills.in/soap/default?services=salesOrderRepositoryV1">
                <inf:maxLength/>
                <inf:callInfo>
                  <inf:callName>salesOrderRepositoryV1Get</inf:callName>
                  <inf:callName>salesOrderRepositoryV1Save</inf:callName>
                  <inf:returned>Conditionally</inf:returned>
                </inf:callInfo>
                <inf:callInfo>
                  <inf:callName>salesOrderRepositoryV1Save</inf:callName>
                  <inf:requiredInput>No</inf:requiredInput>
                </inf:callInfo>
              </xsd:appinfo>
            </xsd:annotation>
          </xsd:element>
          <xsd:element name="relationParentId" minOccurs="0" maxOccurs="1" type="xsd:string">
            <xsd:annotation>
              <xsd:documentation>Relation parent ID.</xsd:documentation>
              <xsd:appinfo xmlns:inf="http://soap.upskills.in/soap/default?services=salesOrderRepositoryV1">
                <inf:maxLength/>
                <inf:callInfo>
                  <inf:callName>salesOrderRepositoryV1Get</inf:callName>
                  <inf:callName>salesOrderRepositoryV1Save</inf:callName>
                  <inf:returned>Conditionally</inf:returned>
                </inf:callInfo>
                <inf:callInfo>
                  <inf:callName>salesOrderRepositoryV1Save</inf:callName>
                  <inf:requiredInput>No</inf:requiredInput>
                </inf:callInfo>
              </xsd:appinfo>
            </xsd:annotation>
          </xsd:element>
          <xsd:element name="relationParentRealId" minOccurs="0" maxOccurs="1" type="xsd:string">
            <xsd:annotation>
              <xsd:documentation>Relation parent real ID.</xsd:documentation>
              <xsd:appinfo xmlns:inf="http://soap.upskills.in/soap/default?services=salesOrderRepositoryV1">
                <inf:maxLength/>
                <inf:callInfo>
                  <inf:callName>salesOrderRepositoryV1Get</inf:callName>
                  <inf:callName>salesOrderRepositoryV1Save</inf:callName>
                  <inf:returned>Conditionally</inf:returned>
                </inf:callInfo>
                <inf:callInfo>
                  <inf:callName>salesOrderRepositoryV1Save</inf:callName>
                  <inf:requiredInput>No</inf:requiredInput>
                </inf:callInfo>
              </xsd:appinfo>
            </xsd:annotation>
          </xsd:element>
          <xsd:element name="remoteIp" minOccurs="0" maxOccurs="1" type="xsd:string">
            <xsd:annotation>
              <xsd:documentation>Remote IP address.</xsd:documentation>
              <xsd:appinfo xmlns:inf="http://soap.upskills.in/soap/default?services=salesOrderRepositoryV1">
                <inf:maxLength/>
                <inf:callInfo>
                  <inf:callName>salesOrderRepositoryV1Get</inf:callName>
                  <inf:callName>salesOrderRepositoryV1Save</inf:callName>
                  <inf:returned>Conditionally</inf:returned>
                </inf:callInfo>
                <inf:callInfo>
                  <inf:callName>salesOrderRepositoryV1Save</inf:callName>
                  <inf:requiredInput>No</inf:requiredInput>
                </inf:callInfo>
              </xsd:appinfo>
            </xsd:annotation>
          </xsd:element>
          <xsd:element name="shippingAmount" minOccurs="0" maxOccurs="1" type="xsd:float">
            <xsd:annotation>
              <xsd:documentation>Shipping amount.</xsd:documentation>
              <xsd:appinfo xmlns:inf="http://soap.upskills.in/soap/default?services=salesOrderRepositoryV1">
                <inf:callInfo>
                  <inf:callName>salesOrderRepositoryV1Get</inf:callName>
                  <inf:callName>salesOrderRepositoryV1Save</inf:callName>
                  <inf:returned>Conditionally</inf:returned>
                </inf:callInfo>
                <inf:callInfo>
                  <inf:callName>salesOrderRepositoryV1Save</inf:callName>
                  <inf:requiredInput>No</inf:requiredInput>
                </inf:callInfo>
              </xsd:appinfo>
            </xsd:annotation>
          </xsd:element>
          <xsd:element name="shippingCanceled" minOccurs="0" maxOccurs="1" type="xsd:float">
            <xsd:annotation>
              <xsd:documentation>Shipping canceled amount.</xsd:documentation>
              <xsd:appinfo xmlns:inf="http://soap.upskills.in/soap/default?services=salesOrderRepositoryV1">
                <inf:callInfo>
                  <inf:callName>salesOrderRepositoryV1Get</inf:callName>
                  <inf:callName>salesOrderRepositoryV1Save</inf:callName>
                  <inf:returned>Conditionally</inf:returned>
                </inf:callInfo>
                <inf:callInfo>
                  <inf:callName>salesOrderRepositoryV1Save</inf:callName>
                  <inf:requiredInput>No</inf:requiredInput>
                </inf:callInfo>
              </xsd:appinfo>
            </xsd:annotation>
          </xsd:element>
          <xsd:element name="shippingDescription" minOccurs="0" maxOccurs="1" type="xsd:string">
            <xsd:annotation>
              <xsd:documentation>Shipping description.</xsd:documentation>
              <xsd:appinfo xmlns:inf="http://soap.upskills.in/soap/default?services=salesOrderRepositoryV1">
                <inf:maxLength/>
                <inf:callInfo>
                  <inf:callName>salesOrderRepositoryV1Get</inf:callName>
                  <inf:callName>salesOrderRepositoryV1Save</inf:callName>
                  <inf:returned>Conditionally</inf:returned>
                </inf:callInfo>
                <inf:callInfo>
                  <inf:callName>salesOrderRepositoryV1Save</inf:callName>
                  <inf:requiredInput>No</inf:requiredInput>
                </inf:callInfo>
              </xsd:appinfo>
            </xsd:annotation>
          </xsd:element>
          <xsd:element name="shippingDiscountAmount" minOccurs="0" maxOccurs="1" type="xsd:float">
            <xsd:annotation>
              <xsd:documentation>Shipping discount amount.</xsd:documentation>
              <xsd:appinfo xmlns:inf="http://soap.upskills.in/soap/default?services=salesOrderRepositoryV1">
                <inf:callInfo>
                  <inf:callName>salesOrderRepositoryV1Get</inf:callName>
                  <inf:callName>salesOrderRepositoryV1Save</inf:callName>
                  <inf:returned>Conditionally</inf:returned>
                </inf:callInfo>
                <inf:callInfo>
                  <inf:callName>salesOrderRepositoryV1Save</inf:callName>
                  <inf:requiredInput>No</inf:requiredInput>
                </inf:callInfo>
              </xsd:appinfo>
            </xsd:annotation>
          </xsd:element>
          <xsd:element name="shippingDiscountTaxCompensationAmount" minOccurs="0" maxOccurs="1" type="xsd:float">
            <xsd:annotation>
              <xsd:documentation>Shipping discount tax compensation amount.</xsd:documentation>
              <xsd:appinfo xmlns:inf="http://soap.upskills.in/soap/default?services=salesOrderRepositoryV1">
                <inf:callInfo>
                  <inf:callName>salesOrderRepositoryV1Get</inf:callName>
                  <inf:callName>salesOrderRepositoryV1Save</inf:callName>
                  <inf:returned>Conditionally</inf:returned>
                </inf:callInfo>
                <inf:callInfo>
                  <inf:callName>salesOrderRepositoryV1Save</inf:callName>
                  <inf:requiredInput>No</inf:requiredInput>
                </inf:callInfo>
              </xsd:appinfo>
            </xsd:annotation>
          </xsd:element>
          <xsd:element name="shippingInclTax" minOccurs="0" maxOccurs="1" type="xsd:float">
            <xsd:annotation>
              <xsd:documentation>Shipping including tax amount.</xsd:documentation>
              <xsd:appinfo xmlns:inf="http://soap.upskills.in/soap/default?services=salesOrderRepositoryV1">
                <inf:callInfo>
                  <inf:callName>salesOrderRepositoryV1Get</inf:callName>
                  <inf:callName>salesOrderRepositoryV1Save</inf:callName>
                  <inf:returned>Conditionally</inf:returned>
                </inf:callInfo>
                <inf:callInfo>
                  <inf:callName>salesOrderRepositoryV1Save</inf:callName>
                  <inf:requiredInput>No</inf:requiredInput>
                </inf:callInfo>
              </xsd:appinfo>
            </xsd:annotation>
          </xsd:element>
          <xsd:element name="shippingInvoiced" minOccurs="0" maxOccurs="1" type="xsd:float">
            <xsd:annotation>
              <xsd:documentation>Shipping invoiced amount.</xsd:documentation>
              <xsd:appinfo xmlns:inf="http://soap.upskills.in/soap/default?services=salesOrderRepositoryV1">
                <inf:callInfo>
                  <inf:callName>salesOrderRepositoryV1Get</inf:callName>
                  <inf:callName>salesOrderRepositoryV1Save</inf:callName>
                  <inf:returned>Conditionally</inf:returned>
                </inf:callInfo>
                <inf:callInfo>
                  <inf:callName>salesOrderRepositoryV1Save</inf:callName>
                  <inf:requiredInput>No</inf:requiredInput>
                </inf:callInfo>
              </xsd:appinfo>
            </xsd:annotation>
          </xsd:element>
          <xsd:element name="shippingRefunded" minOccurs="0" maxOccurs="1" type="xsd:float">
            <xsd:annotation>
              <xsd:documentation>Shipping refunded amount.</xsd:documentation>
              <xsd:appinfo xmlns:inf="http://soap.upskills.in/soap/default?services=salesOrderRepositoryV1">
                <inf:callInfo>
                  <inf:callName>salesOrderRepositoryV1Get</inf:callName>
                  <inf:callName>salesOrderRepositoryV1Save</inf:callName>
                  <inf:returned>Conditionally</inf:returned>
                </inf:callInfo>
                <inf:callInfo>
                  <inf:callName>salesOrderRepositoryV1Save</inf:callName>
                  <inf:requiredInput>No</inf:requiredInput>
                </inf:callInfo>
              </xsd:appinfo>
            </xsd:annotation>
          </xsd:element>
          <xsd:element name="shippingTaxAmount" minOccurs="0" maxOccurs="1" type="xsd:float">
            <xsd:annotation>
              <xsd:documentation>Shipping tax amount.</xsd:documentation>
              <xsd:appinfo xmlns:inf="http://soap.upskills.in/soap/default?services=salesOrderRepositoryV1">
                <inf:callInfo>
                  <inf:callName>salesOrderRepositoryV1Get</inf:callName>
                  <inf:callName>salesOrderRepositoryV1Save</inf:callName>
                  <inf:returned>Conditionally</inf:returned>
                </inf:callInfo>
                <inf:callInfo>
                  <inf:callName>salesOrderRepositoryV1Save</inf:callName>
                  <inf:requiredInput>No</inf:requiredInput>
                </inf:callInfo>
              </xsd:appinfo>
            </xsd:annotation>
          </xsd:element>
          <xsd:element name="shippingTaxRefunded" minOccurs="0" maxOccurs="1" type="xsd:float">
            <xsd:annotation>
              <xsd:documentation>Shipping tax refunded amount.</xsd:documentation>
              <xsd:appinfo xmlns:inf="http://soap.upskills.in/soap/default?services=salesOrderRepositoryV1">
                <inf:callInfo>
                  <inf:callName>salesOrderRepositoryV1Get</inf:callName>
                  <inf:callName>salesOrderRepositoryV1Save</inf:callName>
                  <inf:returned>Conditionally</inf:returned>
                </inf:callInfo>
                <inf:callInfo>
                  <inf:callName>salesOrderRepositoryV1Save</inf:callName>
                  <inf:requiredInput>No</inf:requiredInput>
                </inf:callInfo>
              </xsd:appinfo>
            </xsd:annotation>
          </xsd:element>
          <xsd:element name="state" minOccurs="0" maxOccurs="1" type="xsd:string">
            <xsd:annotation>
              <xsd:documentation>State.</xsd:documentation>
              <xsd:appinfo xmlns:inf="http://soap.upskills.in/soap/default?services=salesOrderRepositoryV1">
                <inf:maxLength/>
                <inf:callInfo>
                  <inf:callName>salesOrderRepositoryV1Get</inf:callName>
                  <inf:callName>salesOrderRepositoryV1Save</inf:callName>
                  <inf:returned>Conditionally</inf:returned>
                </inf:callInfo>
                <inf:callInfo>
                  <inf:callName>salesOrderRepositoryV1Save</inf:callName>
                  <inf:requiredInput>No</inf:requiredInput>
                </inf:callInfo>
              </xsd:appinfo>
            </xsd:annotation>
          </xsd:element>
          <xsd:element name="status" minOccurs="0" maxOccurs="1" type="xsd:string">
            <xsd:annotation>
              <xsd:documentation>Status.</xsd:documentation>
              <xsd:appinfo xmlns:inf="http://soap.upskills.in/soap/default?services=salesOrderRepositoryV1">
                <inf:maxLength/>
                <inf:callInfo>
                  <inf:callName>salesOrderRepositoryV1Get</inf:callName>
                  <inf:callName>salesOrderRepositoryV1Save</inf:callName>
                  <inf:returned>Conditionally</inf:returned>
                </inf:callInfo>
                <inf:callInfo>
                  <inf:callName>salesOrderRepositoryV1Save</inf:callName>
                  <inf:requiredInput>No</inf:requiredInput>
                </inf:callInfo>
              </xsd:appinfo>
            </xsd:annotation>
          </xsd:element>
          <xsd:element name="storeCurrencyCode" minOccurs="0" maxOccurs="1" type="xsd:string">
            <xsd:annotation>
              <xsd:documentation>Store currency code.</xsd:documentation>
              <xsd:appinfo xmlns:inf="http://soap.upskills.in/soap/default?services=salesOrderRepositoryV1">
                <inf:maxLength/>
                <inf:callInfo>
                  <inf:callName>salesOrderRepositoryV1Get</inf:callName>
                  <inf:callName>salesOrderRepositoryV1Save</inf:callName>
                  <inf:returned>Conditionally</inf:returned>
                </inf:callInfo>
                <inf:callInfo>
                  <inf:callName>salesOrderRepositoryV1Save</inf:callName>
                  <inf:requiredInput>No</inf:requiredInput>
                </inf:callInfo>
              </xsd:appinfo>
            </xsd:annotation>
          </xsd:element>
          <xsd:element name="storeId" minOccurs="0" maxOccurs="1" type="xsd:int">
            <xsd:annotation>
              <xsd:documentation>Store ID.</xsd:documentation>
              <xsd:appinfo xmlns:inf="http://soap.upskills.in/soap/default?services=salesOrderRepositoryV1">
                <inf:min/>
                <inf:max/>
                <inf:callInfo>
                  <inf:callName>salesOrderRepositoryV1Get</inf:callName>
                  <inf:callName>salesOrderRepositoryV1Save</inf:callName>
                  <inf:returned>Conditionally</inf:returned>
                </inf:callInfo>
                <inf:callInfo>
                  <inf:callName>salesOrderRepositoryV1Save</inf:callName>
                  <inf:requiredInput>No</inf:requiredInput>
                </inf:callInfo>
              </xsd:appinfo>
            </xsd:annotation>
          </xsd:element>
          <xsd:element name="storeName" minOccurs="0" maxOccurs="1" type="xsd:string">
            <xsd:annotation>
              <xsd:documentation>Store name.</xsd:documentation>
              <xsd:appinfo xmlns:inf="http://soap.upskills.in/soap/default?services=salesOrderRepositoryV1">
                <inf:maxLength/>
                <inf:callInfo>
                  <inf:callName>salesOrderRepositoryV1Get</inf:callName>
                  <inf:callName>salesOrderRepositoryV1Save</inf:callName>
                  <inf:returned>Conditionally</inf:returned>
                </inf:callInfo>
                <inf:callInfo>
                  <inf:callName>salesOrderRepositoryV1Save</inf:callName>
                  <inf:requiredInput>No</inf:requiredInput>
                </inf:callInfo>
              </xsd:appinfo>
            </xsd:annotation>
          </xsd:element>
          <xsd:element name="storeToBaseRate" minOccurs="0" maxOccurs="1" type="xsd:float">
            <xsd:annotation>
              <xsd:documentation>Store-to-base rate.</xsd:documentation>
              <xsd:appinfo xmlns:inf="http://soap.upskills.in/soap/default?services=salesOrderRepositoryV1">
                <inf:callInfo>
                  <inf:callName>salesOrderRepositoryV1Get</inf:callName>
                  <inf:callName>salesOrderRepositoryV1Save</inf:callName>
                  <inf:returned>Conditionally</inf:returned>
                </inf:callInfo>
                <inf:callInfo>
                  <inf:callName>salesOrderRepositoryV1Save</inf:callName>
                  <inf:requiredInput>No</inf:requiredInput>
                </inf:callInfo>
              </xsd:appinfo>
            </xsd:annotation>
          </xsd:element>
          <xsd:element name="storeToOrderRate" minOccurs="0" maxOccurs="1" type="xsd:float">
            <xsd:annotation>
              <xsd:documentation>Store-to-order rate.</xsd:documentation>
              <xsd:appinfo xmlns:inf="http://soap.upskills.in/soap/default?services=salesOrderRepositoryV1">
                <inf:callInfo>
                  <inf:callName>salesOrderRepositoryV1Get</inf:callName>
                  <inf:callName>salesOrderRepositoryV1Save</inf:callName>
                  <inf:returned>Conditionally</inf:returned>
                </inf:callInfo>
                <inf:callInfo>
                  <inf:callName>salesOrderRepositoryV1Save</inf:callName>
                  <inf:requiredInput>No</inf:requiredInput>
                </inf:callInfo>
              </xsd:appinfo>
            </xsd:annotation>
          </xsd:element>
          <xsd:element name="subtotal" minOccurs="0" maxOccurs="1" type="xsd:float">
            <xsd:annotation>
              <xsd:documentation>Subtotal.</xsd:documentation>
              <xsd:appinfo xmlns:inf="http://soap.upskills.in/soap/default?services=salesOrderRepositoryV1">
                <inf:callInfo>
                  <inf:callName>salesOrderRepositoryV1Get</inf:callName>
                  <inf:callName>salesOrderRepositoryV1Save</inf:callName>
                  <inf:returned>Conditionally</inf:returned>
                </inf:callInfo>
                <inf:callInfo>
                  <inf:callName>salesOrderRepositoryV1Save</inf:callName>
                  <inf:requiredInput>No</inf:requiredInput>
                </inf:callInfo>
              </xsd:appinfo>
            </xsd:annotation>
          </xsd:element>
          <xsd:element name="subtotalCanceled" minOccurs="0" maxOccurs="1" type="xsd:float">
            <xsd:annotation>
              <xsd:documentation>Subtotal canceled amount.</xsd:documentation>
              <xsd:appinfo xmlns:inf="http://soap.upskills.in/soap/default?services=salesOrderRepositoryV1">
                <inf:callInfo>
                  <inf:callName>salesOrderRepositoryV1Get</inf:callName>
                  <inf:callName>salesOrderRepositoryV1Save</inf:callName>
                  <inf:returned>Conditionally</inf:returned>
                </inf:callInfo>
                <inf:callInfo>
                  <inf:callName>salesOrderRepositoryV1Save</inf:callName>
                  <inf:requiredInput>No</inf:requiredInput>
                </inf:callInfo>
              </xsd:appinfo>
            </xsd:annotation>
          </xsd:element>
          <xsd:element name="subtotalInclTax" minOccurs="0" maxOccurs="1" type="xsd:float">
            <xsd:annotation>
              <xsd:documentation>Subtotal including tax amount.</xsd:documentation>
              <xsd:appinfo xmlns:inf="http://soap.upskills.in/soap/default?services=salesOrderRepositoryV1">
                <inf:callInfo>
                  <inf:callName>salesOrderRepositoryV1Get</inf:callName>
                  <inf:callName>salesOrderRepositoryV1Save</inf:callName>
                  <inf:returned>Conditionally</inf:returned>
                </inf:callInfo>
                <inf:callInfo>
                  <inf:callName>salesOrderRepositoryV1Save</inf:callName>
                  <inf:requiredInput>No</inf:requiredInput>
                </inf:callInfo>
              </xsd:appinfo>
            </xsd:annotation>
          </xsd:element>
          <xsd:element name="subtotalInvoiced" minOccurs="0" maxOccurs="1" type="xsd:float">
            <xsd:annotation>
              <xsd:documentation>Subtotal invoiced amount.</xsd:documentation>
              <xsd:appinfo xmlns:inf="http://soap.upskills.in/soap/default?services=salesOrderRepositoryV1">
                <inf:callInfo>
                  <inf:callName>salesOrderRepositoryV1Get</inf:callName>
                  <inf:callName>salesOrderRepositoryV1Save</inf:callName>
                  <inf:returned>Conditionally</inf:returned>
                </inf:callInfo>
                <inf:callInfo>
                  <inf:callName>salesOrderRepositoryV1Save</inf:callName>
                  <inf:requiredInput>No</inf:requiredInput>
                </inf:callInfo>
              </xsd:appinfo>
            </xsd:annotation>
          </xsd:element>
          <xsd:element name="subtotalRefunded" minOccurs="0" maxOccurs="1" type="xsd:float">
            <xsd:annotation>
              <xsd:documentation>Subtotal refunded amount.</xsd:documentation>
              <xsd:appinfo xmlns:inf="http://soap.upskills.in/soap/default?services=salesOrderRepositoryV1">
                <inf:callInfo>
                  <inf:callName>salesOrderRepositoryV1Get</inf:callName>
                  <inf:callName>salesOrderRepositoryV1Save</inf:callName>
                  <inf:returned>Conditionally</inf:returned>
                </inf:callInfo>
                <inf:callInfo>
                  <inf:callName>salesOrderRepositoryV1Save</inf:callName>
                  <inf:requiredInput>No</inf:requiredInput>
                </inf:callInfo>
              </xsd:appinfo>
            </xsd:annotation>
          </xsd:element>
          <xsd:element name="taxAmount" minOccurs="0" maxOccurs="1" type="xsd:float">
            <xsd:annotation>
              <xsd:documentation>Tax amount.</xsd:documentation>
              <xsd:appinfo xmlns:inf="http://soap.upskills.in/soap/default?services=salesOrderRepositoryV1">
                <inf:callInfo>
                  <inf:callName>salesOrderRepositoryV1Get</inf:callName>
                  <inf:callName>salesOrderRepositoryV1Save</inf:callName>
                  <inf:returned>Conditionally</inf:returned>
                </inf:callInfo>
                <inf:callInfo>
                  <inf:callName>salesOrderRepositoryV1Save</inf:callName>
                  <inf:requiredInput>No</inf:requiredInput>
                </inf:callInfo>
              </xsd:appinfo>
            </xsd:annotation>
          </xsd:element>
          <xsd:element name="taxCanceled" minOccurs="0" maxOccurs="1" type="xsd:float">
            <xsd:annotation>
              <xsd:documentation>Tax canceled amount.</xsd:documentation>
              <xsd:appinfo xmlns:inf="http://soap.upskills.in/soap/default?services=salesOrderRepositoryV1">
                <inf:callInfo>
                  <inf:callName>salesOrderRepositoryV1Get</inf:callName>
                  <inf:callName>salesOrderRepositoryV1Save</inf:callName>
                  <inf:returned>Conditionally</inf:returned>
                </inf:callInfo>
                <inf:callInfo>
                  <inf:callName>salesOrderRepositoryV1Save</inf:callName>
                  <inf:requiredInput>No</inf:requiredInput>
                </inf:callInfo>
              </xsd:appinfo>
            </xsd:annotation>
          </xsd:element>
          <xsd:element name="taxInvoiced" minOccurs="0" maxOccurs="1" type="xsd:float">
            <xsd:annotation>
              <xsd:documentation>Tax invoiced amount.</xsd:documentation>
              <xsd:appinfo xmlns:inf="http://soap.upskills.in/soap/default?services=salesOrderRepositoryV1">
                <inf:callInfo>
                  <inf:callName>salesOrderRepositoryV1Get</inf:callName>
                  <inf:callName>salesOrderRepositoryV1Save</inf:callName>
                  <inf:returned>Conditionally</inf:returned>
                </inf:callInfo>
                <inf:callInfo>
                  <inf:callName>salesOrderRepositoryV1Save</inf:callName>
                  <inf:requiredInput>No</inf:requiredInput>
                </inf:callInfo>
              </xsd:appinfo>
            </xsd:annotation>
          </xsd:element>
          <xsd:element name="taxRefunded" minOccurs="0" maxOccurs="1" type="xsd:float">
            <xsd:annotation>
              <xsd:documentation>Tax refunded amount.</xsd:documentation>
              <xsd:appinfo xmlns:inf="http://soap.upskills.in/soap/default?services=salesOrderRepositoryV1">
                <inf:callInfo>
                  <inf:callName>salesOrderRepositoryV1Get</inf:callName>
                  <inf:callName>salesOrderRepositoryV1Save</inf:callName>
                  <inf:returned>Conditionally</inf:returned>
                </inf:callInfo>
                <inf:callInfo>
                  <inf:callName>salesOrderRepositoryV1Save</inf:callName>
                  <inf:requiredInput>No</inf:requiredInput>
                </inf:callInfo>
              </xsd:appinfo>
            </xsd:annotation>
          </xsd:element>
          <xsd:element name="totalCanceled" minOccurs="0" maxOccurs="1" type="xsd:float">
            <xsd:annotation>
              <xsd:documentation>Total canceled.</xsd:documentation>
              <xsd:appinfo xmlns:inf="http://soap.upskills.in/soap/default?services=salesOrderRepositoryV1">
                <inf:callInfo>
                  <inf:callName>salesOrderRepositoryV1Get</inf:callName>
                  <inf:callName>salesOrderRepositoryV1Save</inf:callName>
                  <inf:returned>Conditionally</inf:returned>
                </inf:callInfo>
                <inf:callInfo>
                  <inf:callName>salesOrderRepositoryV1Save</inf:callName>
                  <inf:requiredInput>No</inf:requiredInput>
                </inf:callInfo>
              </xsd:appinfo>
            </xsd:annotation>
          </xsd:element>
          <xsd:element name="totalDue" minOccurs="0" maxOccurs="1" type="xsd:float">
            <xsd:annotation>
              <xsd:documentation>Total due.</xsd:documentation>
              <xsd:appinfo xmlns:inf="http://soap.upskills.in/soap/default?services=salesOrderRepositoryV1">
                <inf:callInfo>
                  <inf:callName>salesOrderRepositoryV1Get</inf:callName>
                  <inf:callName>salesOrderRepositoryV1Save</inf:callName>
                  <inf:returned>Conditionally</inf:returned>
                </inf:callInfo>
                <inf:callInfo>
                  <inf:callName>salesOrderRepositoryV1Save</inf:callName>
                  <inf:requiredInput>No</inf:requiredInput>
                </inf:callInfo>
              </xsd:appinfo>
            </xsd:annotation>
          </xsd:element>
          <xsd:element name="totalInvoiced" minOccurs="0" maxOccurs="1" type="xsd:float">
            <xsd:annotation>
              <xsd:documentation>Total invoiced amount.</xsd:documentation>
              <xsd:appinfo xmlns:inf="http://soap.upskills.in/soap/default?services=salesOrderRepositoryV1">
                <inf:callInfo>
                  <inf:callName>salesOrderRepositoryV1Get</inf:callName>
                  <inf:callName>salesOrderRepositoryV1Save</inf:callName>
                  <inf:returned>Conditionally</inf:returned>
                </inf:callInfo>
                <inf:callInfo>
                  <inf:callName>salesOrderRepositoryV1Save</inf:callName>
                  <inf:requiredInput>No</inf:requiredInput>
                </inf:callInfo>
              </xsd:appinfo>
            </xsd:annotation>
          </xsd:element>
          <xsd:element name="totalItemCount" minOccurs="0" maxOccurs="1" type="xsd:int">
            <xsd:annotation>
              <xsd:documentation>Total item count.</xsd:documentation>
              <xsd:appinfo xmlns:inf="http://soap.upskills.in/soap/default?services=salesOrderRepositoryV1">
                <inf:min/>
                <inf:max/>
                <inf:callInfo>
                  <inf:callName>salesOrderRepositoryV1Get</inf:callName>
                  <inf:callName>salesOrderRepositoryV1Save</inf:callName>
                  <inf:returned>Conditionally</inf:returned>
                </inf:callInfo>
                <inf:callInfo>
                  <inf:callName>salesOrderRepositoryV1Save</inf:callName>
                  <inf:requiredInput>No</inf:requiredInput>
                </inf:callInfo>
              </xsd:appinfo>
            </xsd:annotation>
          </xsd:element>
          <xsd:element name="totalOfflineRefunded" minOccurs="0" maxOccurs="1" type="xsd:float">
            <xsd:annotation>
              <xsd:documentation>Total offline refunded amount.</xsd:documentation>
              <xsd:appinfo xmlns:inf="http://soap.upskills.in/soap/default?services=salesOrderRepositoryV1">
                <inf:callInfo>
                  <inf:callName>salesOrderRepositoryV1Get</inf:callName>
                  <inf:callName>salesOrderRepositoryV1Save</inf:callName>
                  <inf:returned>Conditionally</inf:returned>
                </inf:callInfo>
                <inf:callInfo>
                  <inf:callName>salesOrderRepositoryV1Save</inf:callName>
                  <inf:requiredInput>No</inf:requiredInput>
                </inf:callInfo>
              </xsd:appinfo>
            </xsd:annotation>
          </xsd:element>
          <xsd:element name="totalOnlineRefunded" minOccurs="0" maxOccurs="1" type="xsd:float">
            <xsd:annotation>
              <xsd:documentation>Total online refunded amount.</xsd:documentation>
              <xsd:appinfo xmlns:inf="http://soap.upskills.in/soap/default?services=salesOrderRepositoryV1">
                <inf:callInfo>
                  <inf:callName>salesOrderRepositoryV1Get</inf:callName>
                  <inf:callName>salesOrderRepositoryV1Save</inf:callName>
                  <inf:returned>Conditionally</inf:returned>
                </inf:callInfo>
                <inf:callInfo>
                  <inf:callName>salesOrderRepositoryV1Save</inf:callName>
                  <inf:requiredInput>No</inf:requiredInput>
                </inf:callInfo>
              </xsd:appinfo>
            </xsd:annotation>
          </xsd:element>
          <xsd:element name="totalPaid" minOccurs="0" maxOccurs="1" type="xsd:float">
            <xsd:annotation>
              <xsd:documentation>Total paid.</xsd:documentation>
              <xsd:appinfo xmlns:inf="http://soap.upskills.in/soap/default?services=salesOrderRepositoryV1">
                <inf:callInfo>
                  <inf:callName>salesOrderRepositoryV1Get</inf:callName>
                  <inf:callName>salesOrderRepositoryV1Save</inf:callName>
                  <inf:returned>Conditionally</inf:returned>
                </inf:callInfo>
                <inf:callInfo>
                  <inf:callName>salesOrderRepositoryV1Save</inf:callName>
                  <inf:requiredInput>No</inf:requiredInput>
                </inf:callInfo>
              </xsd:appinfo>
            </xsd:annotation>
          </xsd:element>
          <xsd:element name="totalQtyOrdered" minOccurs="0" maxOccurs="1" type="xsd:float">
            <xsd:annotation>
              <xsd:documentation>Total quantity ordered.</xsd:documentation>
              <xsd:appinfo xmlns:inf="http://soap.upskills.in/soap/default?services=salesOrderRepositoryV1">
                <inf:callInfo>
                  <inf:callName>salesOrderRepositoryV1Get</inf:callName>
                  <inf:callName>salesOrderRepositoryV1Save</inf:callName>
                  <inf:returned>Conditionally</inf:returned>
                </inf:callInfo>
                <inf:callInfo>
                  <inf:callName>salesOrderRepositoryV1Save</inf:callName>
                  <inf:requiredInput>No</inf:requiredInput>
                </inf:callInfo>
              </xsd:appinfo>
            </xsd:annotation>
          </xsd:element>
          <xsd:element name="totalRefunded" minOccurs="0" maxOccurs="1" type="xsd:float">
            <xsd:annotation>
              <xsd:documentation>Total amount refunded.</xsd:documentation>
              <xsd:appinfo xmlns:inf="http://soap.upskills.in/soap/default?services=salesOrderRepositoryV1">
                <inf:callInfo>
                  <inf:callName>salesOrderRepositoryV1Get</inf:callName>
                  <inf:callName>salesOrderRepositoryV1Save</inf:callName>
                  <inf:returned>Conditionally</inf:returned>
                </inf:callInfo>
                <inf:callInfo>
                  <inf:callName>salesOrderRepositoryV1Save</inf:callName>
                  <inf:requiredInput>No</inf:requiredInput>
                </inf:callInfo>
              </xsd:appinfo>
            </xsd:annotation>
          </xsd:element>
          <xsd:element name="updatedAt" minOccurs="0" maxOccurs="1" type="xsd:string">
            <xsd:annotation>
              <xsd:documentation>Updated-at timestamp.</xsd:documentation>
              <xsd:appinfo xmlns:inf="http://soap.upskills.in/soap/default?services=salesOrderRepositoryV1">
                <inf:maxLength/>
                <inf:callInfo>
                  <inf:callName>salesOrderRepositoryV1Get</inf:callName>
                  <inf:callName>salesOrderRepositoryV1Save</inf:callName>
                  <inf:returned>Conditionally</inf:returned>
                </inf:callInfo>
                <inf:callInfo>
                  <inf:callName>salesOrderRepositoryV1Save</inf:callName>
                  <inf:requiredInput>No</inf:requiredInput>
                </inf:callInfo>
              </xsd:appinfo>
            </xsd:annotation>
          </xsd:element>
          <xsd:element name="weight" minOccurs="0" maxOccurs="1" type="xsd:float">
            <xsd:annotation>
              <xsd:documentation>Weight.</xsd:documentation>
              <xsd:appinfo xmlns:inf="http://soap.upskills.in/soap/default?services=salesOrderRepositoryV1">
                <inf:callInfo>
                  <inf:callName>salesOrderRepositoryV1Get</inf:callName>
                  <inf:callName>salesOrderRepositoryV1Save</inf:callName>
                  <inf:returned>Conditionally</inf:returned>
                </inf:callInfo>
                <inf:callInfo>
                  <inf:callName>salesOrderRepositoryV1Save</inf:callName>
                  <inf:requiredInput>No</inf:requiredInput>
                </inf:callInfo>
              </xsd:appinfo>
            </xsd:annotation>
          </xsd:element>
          <xsd:element name="xForwardedFor" minOccurs="0" maxOccurs="1" type="xsd:string">
            <xsd:annotation>
              <xsd:documentation>X-Forwarded-For field value.</xsd:documentation>
              <xsd:appinfo xmlns:inf="http://soap.upskills.in/soap/default?services=salesOrderRepositoryV1">
                <inf:maxLength/>
                <inf:callInfo>
                  <inf:callName>salesOrderRepositoryV1Get</inf:callName>
                  <inf:callName>salesOrderRepositoryV1Save</inf:callName>
                  <inf:returned>Conditionally</inf:returned>
                </inf:callInfo>
                <inf:callInfo>
                  <inf:callName>salesOrderRepositoryV1Save</inf:callName>
                  <inf:requiredInput>No</inf:requiredInput>
                </inf:callInfo>
              </xsd:appinfo>
            </xsd:annotation>
          </xsd:element>
          <xsd:element name="items" type="tns:ArrayOfSalesDataOrderItemInterface">
            <xsd:annotation>
              <xsd:documentation>Array of items.</xsd:documentation>
              <xsd:appinfo xmlns:inf="http://soap.upskills.in/soap/default?services=salesOrderRepositoryV1">
                <inf:natureOfType>array</inf:natureOfType>
                <inf:callInfo>
                  <inf:callName>salesOrderRepositoryV1Get</inf:callName>
                  <inf:callName>salesOrderRepositoryV1Save</inf:callName>
                  <inf:returned>Conditionally</inf:returned>
                </inf:callInfo>
                <inf:callInfo>
                  <inf:callName>salesOrderRepositoryV1Save</inf:callName>
                  <inf:requiredInput>No</inf:requiredInput>
                </inf:callInfo>
              </xsd:appinfo>
            </xsd:annotation>
          </xsd:element>
          <xsd:element name="billingAddress" minOccurs="0" maxOccurs="1" type="tns:SalesDataOrderAddressInterface">
            <xsd:annotation>
              <xsd:documentation>Billing address. Otherwise, null.</xsd:documentation>
              <xsd:appinfo xmlns:inf="http://soap.upskills.in/soap/default?services=salesOrderRepositoryV1">
                <inf:callInfo>
                  <inf:callName>salesOrderRepositoryV1Get</inf:callName>
                  <inf:callName>salesOrderRepositoryV1Save</inf:callName>
                  <inf:returned>Conditionally</inf:returned>
                </inf:callInfo>
                <inf:callInfo>
                  <inf:callName>salesOrderRepositoryV1Save</inf:callName>
                  <inf:requiredInput>No</inf:requiredInput>
                </inf:callInfo>
              </xsd:appinfo>
            </xsd:annotation>
          </xsd:element>
          <xsd:element name="payment" minOccurs="0" maxOccurs="1" type="tns:SalesDataOrderPaymentInterface">
            <xsd:annotation>
              <xsd:documentation>Order payment</xsd:documentation>
              <xsd:appinfo xmlns:inf="http://soap.upskills.in/soap/default?services=salesOrderRepositoryV1">
                <inf:callInfo>
                  <inf:callName>salesOrderRepositoryV1Get</inf:callName>
                  <inf:callName>salesOrderRepositoryV1Save</inf:callName>
                  <inf:returned>Conditionally</inf:returned>
                </inf:callInfo>
                <inf:callInfo>
                  <inf:callName>salesOrderRepositoryV1Save</inf:callName>
                  <inf:requiredInput>No</inf:requiredInput>
                </inf:callInfo>
              </xsd:appinfo>
            </xsd:annotation>
          </xsd:element>
          <xsd:element name="statusHistories" type="tns:ArrayOfSalesDataOrderStatusHistoryInterface" minOccurs="0">
            <xsd:annotation>
              <xsd:documentation>Array of status histories.</xsd:documentation>
              <xsd:appinfo xmlns:inf="http://soap.upskills.in/soap/default?services=salesOrderRepositoryV1">
                <inf:natureOfType>array</inf:natureOfType>
                <inf:callInfo>
                  <inf:callName>salesOrderRepositoryV1Get</inf:callName>
                  <inf:callName>salesOrderRepositoryV1Save</inf:callName>
                  <inf:returned>Conditionally</inf:returned>
                </inf:callInfo>
                <inf:callInfo>
                  <inf:callName>salesOrderRepositoryV1Save</inf:callName>
                  <inf:requiredInput>No</inf:requiredInput>
                </inf:callInfo>
              </xsd:appinfo>
            </xsd:annotation>
          </xsd:element>
          <xsd:element name="extensionAttributes" minOccurs="0" maxOccurs="1" type="tns:SalesDataOrderExtensionInterface">
            <xsd:annotation>
              <xsd:documentation>Existing extension attributes object or create a new one.</xsd:documentation>
              <xsd:appinfo xmlns:inf="http://soap.upskills.in/soap/default?services=salesOrderRepositoryV1">
                <inf:callInfo>
                  <inf:callName>salesOrderRepositoryV1Get</inf:callName>
                  <inf:callName>salesOrderRepositoryV1Save</inf:callName>
                  <inf:returned>Conditionally</inf:returned>
                </inf:callInfo>
                <inf:callInfo>
                  <inf:callName>salesOrderRepositoryV1Save</inf:callName>
                  <inf:requiredInput>No</inf:requiredInput>
                </inf:callInfo>
              </xsd:appinfo>
            </xsd:annotation>
          </xsd:element>
        </xsd:sequence>
      </xsd:complexType>
      <xsd:complexType name="SalesOrderRepositoryV1GetResponse">
        <xsd:annotation>
          <xsd:documentation>Response container for the salesOrderRepositoryV1Get call.</xsd:documentation>
          <xsd:appinfo xmlns:inf="http://soap.upskills.in/soap/default?services=salesOrderRepositoryV1"/>
        </xsd:annotation>
        <xsd:sequence>
          <xsd:element name="result" minOccurs="1" maxOccurs="1" type="tns:SalesDataOrderInterface">
            <xsd:annotation>
              <xsd:documentation>Order interface.</xsd:documentation>
              <xsd:appinfo xmlns:inf="http://soap.upskills.in/soap/default?services=salesOrderRepositoryV1">
                <inf:callInfo>
                  <inf:callName>salesOrderRepositoryV1Get</inf:callName>
                  <inf:returned>Always</inf:returned>
                </inf:callInfo>
              </xsd:appinfo>
            </xsd:annotation>
          </xsd:element>
        </xsd:sequence>
      </xsd:complexType>
      <xsd:element name="salesOrderRepositoryV1GetListRequest" type="tns:SalesOrderRepositoryV1GetListRequest"/>
      <xsd:complexType name="FrameworkFilter">
        <xsd:annotation>
          <xsd:documentation>Filter which can be used by any methods from service layer.</xsd:documentation>
          <xsd:appinfo xmlns:inf="http://soap.upskills.in/soap/default?services=salesOrderRepositoryV1"/>
        </xsd:annotation>
        <xsd:sequence>
          <xsd:element name="field" minOccurs="1" maxOccurs="1" type="xsd:string">
            <xsd:annotation>
              <xsd:documentation>Field</xsd:documentation>
              <xsd:appinfo xmlns:inf="http://soap.upskills.in/soap/default?services=salesOrderRepositoryV1">
                <inf:maxLength/>
                <inf:callInfo>
                  <inf:callName>salesOrderRepositoryV1GetList</inf:callName>
                  <inf:requiredInput>No</inf:requiredInput>
                </inf:callInfo>
              </xsd:appinfo>
            </xsd:annotation>
          </xsd:element>
          <xsd:element name="value" minOccurs="1" maxOccurs="1" type="xsd:string">
            <xsd:annotation>
              <xsd:documentation>Value</xsd:documentation>
              <xsd:appinfo xmlns:inf="http://soap.upskills.in/soap/default?services=salesOrderRepositoryV1">
                <inf:maxLength/>
                <inf:callInfo>
                  <inf:callName>salesOrderRepositoryV1GetList</inf:callName>
                  <inf:requiredInput>No</inf:requiredInput>
                </inf:callInfo>
              </xsd:appinfo>
            </xsd:annotation>
          </xsd:element>
          <xsd:element name="conditionType" minOccurs="0" maxOccurs="1" type="xsd:string">
            <xsd:annotation>
              <xsd:documentation>Condition type</xsd:documentation>
              <xsd:appinfo xmlns:inf="http://soap.upskills.in/soap/default?services=salesOrderRepositoryV1">
                <inf:maxLength/>
                <inf:callInfo>
                  <inf:callName>salesOrderRepositoryV1GetList</inf:callName>
                  <inf:requiredInput>No</inf:requiredInput>
                </inf:callInfo>
              </xsd:appinfo>
            </xsd:annotation>
          </xsd:element>
        </xsd:sequence>
      </xsd:complexType>
      <xsd:complexType name="ArrayOfFrameworkFilter">
        <xsd:annotation>
          <xsd:documentation>An array of FrameworkFilter items.</xsd:documentation>
          <xsd:appinfo xmlns:inf="http://soap.upskills.in/soap/default?services=salesOrderRepositoryV1"/>
        </xsd:annotation>
        <xsd:sequence>
          <xsd:element name="item" minOccurs="0" maxOccurs="unbounded" type="tns:FrameworkFilter">
            <xsd:annotation>
              <xsd:documentation>An item of ArrayOfFrameworkFilter.</xsd:documentation>
              <xsd:appinfo xmlns:inf="http://soap.upskills.in/soap/default?services=salesOrderRepositoryV1">
                <inf:callInfo>
                  <inf:callName>salesOrderRepositoryV1GetList</inf:callName>
                  <inf:requiredInput>No</inf:requiredInput>
                </inf:callInfo>
              </xsd:appinfo>
            </xsd:annotation>
          </xsd:element>
        </xsd:sequence>
      </xsd:complexType>
      <xsd:complexType name="FrameworkSearchFilterGroup">
        <xsd:annotation>
          <xsd:documentation>Groups two or more filters together using a logical OR</xsd:documentation>
          <xsd:appinfo xmlns:inf="http://soap.upskills.in/soap/default?services=salesOrderRepositoryV1"/>
        </xsd:annotation>
        <xsd:sequence>
          <xsd:element name="filters" type="tns:ArrayOfFrameworkFilter" minOccurs="0">
            <xsd:annotation>
              <xsd:documentation>A list of filters in this group</xsd:documentation>
              <xsd:appinfo xmlns:inf="http://soap.upskills.in/soap/default?services=salesOrderRepositoryV1">
                <inf:natureOfType>array</inf:natureOfType>
                <inf:callInfo>
                  <inf:callName>salesOrderRepositoryV1GetList</inf:callName>
                  <inf:requiredInput>No</inf:requiredInput>
                </inf:callInfo>
              </xsd:appinfo>
            </xsd:annotation>
          </xsd:element>
        </xsd:sequence>
      </xsd:complexType>
      <xsd:complexType name="ArrayOfFrameworkSearchFilterGroup">
        <xsd:annotation>
          <xsd:documentation>An array of FrameworkSearchFilterGroup items.</xsd:documentation>
          <xsd:appinfo xmlns:inf="http://soap.upskills.in/soap/default?services=salesOrderRepositoryV1"/>
        </xsd:annotation>
        <xsd:sequence>
          <xsd:element name="item" minOccurs="0" maxOccurs="unbounded" type="tns:FrameworkSearchFilterGroup">
            <xsd:annotation>
              <xsd:documentation>An item of ArrayOfFrameworkSearchFilterGroup.</xsd:documentation>
              <xsd:appinfo xmlns:inf="http://soap.upskills.in/soap/default?services=salesOrderRepositoryV1">
                <inf:callInfo>
                  <inf:callName>salesOrderRepositoryV1GetList</inf:callName>
                  <inf:requiredInput>No</inf:requiredInput>
                </inf:callInfo>
              </xsd:appinfo>
            </xsd:annotation>
          </xsd:element>
        </xsd:sequence>
      </xsd:complexType>
      <xsd:complexType name="FrameworkSortOrder">
        <xsd:annotation>
          <xsd:documentation>Data object for sort order.</xsd:documentation>
          <xsd:appinfo xmlns:inf="http://soap.upskills.in/soap/default?services=salesOrderRepositoryV1"/>
        </xsd:annotation>
        <xsd:sequence>
          <xsd:element name="field" minOccurs="1" maxOccurs="1" type="xsd:string">
            <xsd:annotation>
              <xsd:documentation>Sorting field.</xsd:documentation>
              <xsd:appinfo xmlns:inf="http://soap.upskills.in/soap/default?services=salesOrderRepositoryV1">
                <inf:maxLength/>
                <inf:callInfo>
                  <inf:callName>salesOrderRepositoryV1GetList</inf:callName>
                  <inf:requiredInput>No</inf:requiredInput>
                </inf:callInfo>
              </xsd:appinfo>
            </xsd:annotation>
          </xsd:element>
          <xsd:element name="direction" minOccurs="1" maxOccurs="1" type="xsd:string">
            <xsd:annotation>
              <xsd:documentation>Sorting direction.</xsd:documentation>
              <xsd:appinfo xmlns:inf="http://soap.upskills.in/soap/default?services=salesOrderRepositoryV1">
                <inf:maxLength/>
                <inf:callInfo>
                  <inf:callName>salesOrderRepositoryV1GetList</inf:callName>
                  <inf:requiredInput>No</inf:requiredInput>
                </inf:callInfo>
              </xsd:appinfo>
            </xsd:annotation>
          </xsd:element>
        </xsd:sequence>
      </xsd:complexType>
      <xsd:complexType name="ArrayOfFrameworkSortOrder">
        <xsd:annotation>
          <xsd:documentation>An array of FrameworkSortOrder items.</xsd:documentation>
          <xsd:appinfo xmlns:inf="http://soap.upskills.in/soap/default?services=salesOrderRepositoryV1"/>
        </xsd:annotation>
        <xsd:sequence>
          <xsd:element name="item" minOccurs="0" maxOccurs="unbounded" type="tns:FrameworkSortOrder">
            <xsd:annotation>
              <xsd:documentation>An item of ArrayOfFrameworkSortOrder.</xsd:documentation>
              <xsd:appinfo xmlns:inf="http://soap.upskills.in/soap/default?services=salesOrderRepositoryV1">
                <inf:callInfo>
                  <inf:callName>salesOrderRepositoryV1GetList</inf:callName>
                  <inf:requiredInput>No</inf:requiredInput>
                </inf:callInfo>
              </xsd:appinfo>
            </xsd:annotation>
          </xsd:element>
        </xsd:sequence>
      </xsd:complexType>
      <xsd:complexType name="FrameworkSearchCriteriaInterface">
        <xsd:annotation>
          <xsd:documentation>Search criteria interface.</xsd:documentation>
          <xsd:appinfo xmlns:inf="http://soap.upskills.in/soap/default?services=salesOrderRepositoryV1"/>
        </xsd:annotation>
        <xsd:sequence>
          <xsd:element name="filterGroups" type="tns:ArrayOfFrameworkSearchFilterGroup">
            <xsd:annotation>
              <xsd:documentation>A list of filter groups.</xsd:documentation>
              <xsd:appinfo xmlns:inf="http://soap.upskills.in/soap/default?services=salesOrderRepositoryV1">
                <inf:natureOfType>array</inf:natureOfType>
                <inf:callInfo>
                  <inf:callName>salesOrderRepositoryV1GetList</inf:callName>
                  <inf:requiredInput>Yes</inf:requiredInput>
                </inf:callInfo>
              </xsd:appinfo>
            </xsd:annotation>
          </xsd:element>
          <xsd:element name="sortOrders" type="tns:ArrayOfFrameworkSortOrder" minOccurs="0">
            <xsd:annotation>
              <xsd:documentation>Sort order.</xsd:documentation>
              <xsd:appinfo xmlns:inf="http://soap.upskills.in/soap/default?services=salesOrderRepositoryV1">
                <inf:natureOfType>array</inf:natureOfType>
                <inf:callInfo>
                  <inf:callName>salesOrderRepositoryV1GetList</inf:callName>
                  <inf:requiredInput>No</inf:requiredInput>
                </inf:callInfo>
              </xsd:appinfo>
            </xsd:annotation>
          </xsd:element>
          <xsd:element name="pageSize" minOccurs="0" maxOccurs="1" type="xsd:int">
            <xsd:annotation>
              <xsd:documentation>Page size.</xsd:documentation>
              <xsd:appinfo xmlns:inf="http://soap.upskills.in/soap/default?services=salesOrderRepositoryV1">
                <inf:min/>
                <inf:max/>
                <inf:callInfo>
                  <inf:callName>salesOrderRepositoryV1GetList</inf:callName>
                  <inf:requiredInput>No</inf:requiredInput>
                </inf:callInfo>
              </xsd:appinfo>
            </xsd:annotation>
          </xsd:element>
          <xsd:element name="currentPage" minOccurs="0" maxOccurs="1" type="xsd:int">
            <xsd:annotation>
              <xsd:documentation>Current page.</xsd:documentation>
              <xsd:appinfo xmlns:inf="http://soap.upskills.in/soap/default?services=salesOrderRepositoryV1">
                <inf:min/>
                <inf:max/>
                <inf:callInfo>
                  <inf:callName>salesOrderRepositoryV1GetList</inf:callName>
                  <inf:requiredInput>No</inf:requiredInput>
                </inf:callInfo>
              </xsd:appinfo>
            </xsd:annotation>
          </xsd:element>
        </xsd:sequence>
      </xsd:complexType>
      <xsd:complexType name="SalesOrderRepositoryV1GetListRequest">
        <xsd:annotation>
          <xsd:documentation>Lists orders that match specified search criteria. This call returns an array of objects, but detailed information about each object’s attributes might not be included. See https://devdocs.magento.com/codelinks/attributes.html#OrderRepositoryInterface to determine which call to use to get detailed information about all attributes for an object.</xsd:documentation>
          <xsd:appinfo xmlns:inf="http://soap.upskills.in/soap/default?services=salesOrderRepositoryV1"/>
        </xsd:annotation>
        <xsd:sequence>
          <xsd:element name="searchCriteria" minOccurs="1" maxOccurs="1" type="tns:FrameworkSearchCriteriaInterface">
            <xsd:annotation>
              <xsd:documentation>The search criteria.</xsd:documentation>
              <xsd:appinfo xmlns:inf="http://soap.upskills.in/soap/default?services=salesOrderRepositoryV1">
                <inf:callInfo>
                  <inf:callName>salesOrderRepositoryV1GetList</inf:callName>
                  <inf:requiredInput>Yes</inf:requiredInput>
                </inf:callInfo>
              </xsd:appinfo>
            </xsd:annotation>
          </xsd:element>
        </xsd:sequence>
      </xsd:complexType>
      <xsd:element name="salesOrderRepositoryV1GetListResponse" type="tns:SalesOrderRepositoryV1GetListResponse"/>
      <xsd:complexType name="ArrayOfSalesDataOrderInterface">
        <xsd:annotation>
          <xsd:documentation>An array of SalesDataOrderInterface items.</xsd:documentation>
          <xsd:appinfo xmlns:inf="http://soap.upskills.in/soap/default?services=salesOrderRepositoryV1"/>
        </xsd:annotation>
        <xsd:sequence>
          <xsd:element name="item" minOccurs="0" maxOccurs="unbounded" type="tns:SalesDataOrderInterface">
            <xsd:annotation>
              <xsd:documentation>An item of ArrayOfSalesDataOrderInterface.</xsd:documentation>
              <xsd:appinfo xmlns:inf="http://soap.upskills.in/soap/default?services=salesOrderRepositoryV1">
                <inf:callInfo>
                  <inf:callName>salesOrderRepositoryV1GetList</inf:callName>
                  <inf:returned>Conditionally</inf:returned>
                </inf:callInfo>
              </xsd:appinfo>
            </xsd:annotation>
          </xsd:element>
        </xsd:sequence>
      </xsd:complexType>
      <xsd:complexType name="SalesDataOrderSearchResultInterface">
        <xsd:annotation>
          <xsd:documentation>Order search result interface. An order is a document that a web store issues to a customer. Magento generates a sales order that lists the product items, billing and shipping addresses, and shipping and payment methods. A corresponding external document, known as a purchase order, is emailed to the customer.</xsd:documentation>
          <xsd:appinfo xmlns:inf="http://soap.upskills.in/soap/default?services=salesOrderRepositoryV1"/>
        </xsd:annotation>
        <xsd:sequence>
          <xsd:element name="items" type="tns:ArrayOfSalesDataOrderInterface">
            <xsd:annotation>
              <xsd:documentation>Array of collection items.</xsd:documentation>
              <xsd:appinfo xmlns:inf="http://soap.upskills.in/soap/default?services=salesOrderRepositoryV1">
                <inf:natureOfType>array</inf:natureOfType>
                <inf:callInfo>
                  <inf:callName>salesOrderRepositoryV1GetList</inf:callName>
                  <inf:returned>Always</inf:returned>
                </inf:callInfo>
              </xsd:appinfo>
            </xsd:annotation>
          </xsd:element>
          <xsd:element name="searchCriteria" minOccurs="1" maxOccurs="1" type="tns:FrameworkSearchCriteriaInterface">
            <xsd:annotation>
              <xsd:documentation>Search criteria.</xsd:documentation>
              <xsd:appinfo xmlns:inf="http://soap.upskills.in/soap/default?services=salesOrderRepositoryV1">
                <inf:callInfo>
                  <inf:callName>salesOrderRepositoryV1GetList</inf:callName>
                  <inf:returned>Always</inf:returned>
                </inf:callInfo>
              </xsd:appinfo>
            </xsd:annotation>
          </xsd:element>
          <xsd:element name="totalCount" minOccurs="1" maxOccurs="1" type="xsd:int">
            <xsd:annotation>
              <xsd:documentation>Total count.</xsd:documentation>
              <xsd:appinfo xmlns:inf="http://soap.upskills.in/soap/default?services=salesOrderRepositoryV1">
                <inf:min/>
                <inf:max/>
                <inf:callInfo>
                  <inf:callName>salesOrderRepositoryV1GetList</inf:callName>
                  <inf:returned>Always</inf:returned>
                </inf:callInfo>
              </xsd:appinfo>
            </xsd:annotation>
          </xsd:element>
        </xsd:sequence>
      </xsd:complexType>
      <xsd:complexType name="SalesOrderRepositoryV1GetListResponse">
        <xsd:annotation>
          <xsd:documentation>Response container for the salesOrderRepositoryV1GetList call.</xsd:documentation>
          <xsd:appinfo xmlns:inf="http://soap.upskills.in/soap/default?services=salesOrderRepositoryV1"/>
        </xsd:annotation>
        <xsd:sequence>
          <xsd:element name="result" minOccurs="1" maxOccurs="1" type="tns:SalesDataOrderSearchResultInterface">
            <xsd:annotation>
              <xsd:documentation>Order search result interface.</xsd:documentation>
              <xsd:appinfo xmlns:inf="http://soap.upskills.in/soap/default?services=salesOrderRepositoryV1">
                <inf:callInfo>
                  <inf:callName>salesOrderRepositoryV1GetList</inf:callName>
                  <inf:returned>Always</inf:returned>
                </inf:callInfo>
              </xsd:appinfo>
            </xsd:annotation>
          </xsd:element>
        </xsd:sequence>
      </xsd:complexType>
      <xsd:element name="salesOrderRepositoryV1SaveRequest" type="tns:SalesOrderRepositoryV1SaveRequest"/>
      <xsd:complexType name="SalesOrderRepositoryV1SaveRequest">
        <xsd:annotation>
          <xsd:documentation>Performs persist operations for a specified order.</xsd:documentation>
          <xsd:appinfo xmlns:inf="http://soap.upskills.in/soap/default?services=salesOrderRepositoryV1"/>
        </xsd:annotation>
        <xsd:sequence>
          <xsd:element name="entity" minOccurs="1" maxOccurs="1" type="tns:SalesDataOrderInterface">
            <xsd:annotation>
              <xsd:documentation>The order ID.</xsd:documentation>
              <xsd:appinfo xmlns:inf="http://soap.upskills.in/soap/default?services=salesOrderRepositoryV1">
                <inf:callInfo>
                  <inf:callName>salesOrderRepositoryV1Save</inf:callName>
                  <inf:requiredInput>Yes</inf:requiredInput>
                </inf:callInfo>
              </xsd:appinfo>
            </xsd:annotation>
          </xsd:element>
        </xsd:sequence>
      </xsd:complexType>
      <xsd:element name="salesOrderRepositoryV1SaveResponse" type="tns:SalesOrderRepositoryV1SaveResponse"/>
      <xsd:complexType name="SalesOrderRepositoryV1SaveResponse">
        <xsd:annotation>
          <xsd:documentation>Response container for the salesOrderRepositoryV1Save call.</xsd:documentation>
          <xsd:appinfo xmlns:inf="http://soap.upskills.in/soap/default?services=salesOrderRepositoryV1"/>
        </xsd:annotation>
        <xsd:sequence>
          <xsd:element name="result" minOccurs="1" maxOccurs="1" type="tns:SalesDataOrderInterface">
            <xsd:annotation>
              <xsd:documentation>Order interface.</xsd:documentation>
              <xsd:appinfo xmlns:inf="http://soap.upskills.in/soap/default?services=salesOrderRepositoryV1">
                <inf:callInfo>
                  <inf:callName>salesOrderRepositoryV1Save</inf:callName>
                  <inf:returned>Always</inf:returned>
                </inf:callInfo>
              </xsd:appinfo>
            </xsd:annotation>
          </xsd:element>
        </xsd:sequence>
      </xsd:complexType>
    </xsd:schema>
  </types>
  <message name="GenericFault">
    <part name="messageParameters" element="tns:GenericFault"/>
  </message>
  <portType name="salesOrderRepositoryV1PortType">
    <operation name="salesOrderRepositoryV1Get">
      <input message="tns:salesOrderRepositoryV1GetRequest"/>
      <output message="tns:salesOrderRepositoryV1GetResponse"/>
      <fault name="GenericFault" message="tns:GenericFault"/>
    </operation>
    <operation name="salesOrderRepositoryV1GetList">
      <input message="tns:salesOrderRepositoryV1GetListRequest"/>
      <output message="tns:salesOrderRepositoryV1GetListResponse"/>
      <fault name="GenericFault" message="tns:GenericFault"/>
    </operation>
    <operation name="salesOrderRepositoryV1Save">
      <input message="tns:salesOrderRepositoryV1SaveRequest"/>
      <output message="tns:salesOrderRepositoryV1SaveResponse"/>
      <fault name="GenericFault" message="tns:GenericFault"/>
    </operation>
  </portType>
  <binding name="salesOrderRepositoryV1Binding" type="tns:salesOrderRepositoryV1PortType">
    <soap12:binding style="document" transport="http://schemas.xmlsoap.org/soap/http"/>
    <operation name="salesOrderRepositoryV1Get">
      <soap12:operation soapAction="salesOrderRepositoryV1Get"/>
      <input>
        <soap12:body use="literal"/>
      </input>
      <output>
        <soap12:body use="literal"/>
      </output>
      <fault name="GenericFault"/>
    </operation>
    <operation name="salesOrderRepositoryV1GetList">
      <soap12:operation soapAction="salesOrderRepositoryV1GetList"/>
      <input>
        <soap12:body use="literal"/>
      </input>
      <output>
        <soap12:body use="literal"/>
      </output>
      <fault name="GenericFault"/>
    </operation>
    <operation name="salesOrderRepositoryV1Save">
      <soap12:operation soapAction="salesOrderRepositoryV1Save"/>
      <input>
        <soap12:body use="literal"/>
      </input>
      <output>
        <soap12:body use="literal"/>
      </output>
      <fault name="GenericFault"/>
    </operation>
  </binding>
  <service name="salesOrderRepositoryV1Service">
    <port name="salesOrderRepositoryV1Port" binding="tns:salesOrderRepositoryV1Binding">
      <soap12:address location="http://soap.upskills.in/soap/default?services=salesOrderRepositoryV1"/>
    </port>
  </service>
  <message name="salesOrderRepositoryV1GetRequest">
    <part name="messageParameters" element="tns:salesOrderRepositoryV1GetRequest"/>
  </message>
  <message name="salesOrderRepositoryV1GetResponse">
    <part name="messageParameters" element="tns:salesOrderRepositoryV1GetResponse"/>
  </message>
  <message name="salesOrderRepositoryV1GetListRequest">
    <part name="messageParameters" element="tns:salesOrderRepositoryV1GetListRequest"/>
  </message>
  <message name="salesOrderRepositoryV1GetListResponse">
    <part name="messageParameters" element="tns:salesOrderRepositoryV1GetListResponse"/>
  </message>
  <message name="salesOrderRepositoryV1SaveRequest">
    <part name="messageParameters" element="tns:salesOrderRepositoryV1SaveRequest"/>
  </message>
  <message name="salesOrderRepositoryV1SaveResponse">
    <part name="messageParameters" element="tns:salesOrderRepositoryV1SaveResponse"/>
  </message>
</definitions>]]></con:content><con:type>http://schemas.xmlsoap.org/wsdl/</con:type></con:part></con:definitionCache><con:endpoints><con:endpoint>http://soap.upskills.in/soap/default?services=salesOrderRepositoryV1</con:endpoint></con:endpoints><con:operation id="f3c3ee97-3ca1-494f-8978-bf518e53af48" isOneWay="false" action="salesOrderRepositoryV1Get" name="salesOrderRepositoryV1Get" bindingOperationName="salesOrderRepositoryV1Get" type="Request-Response" inputName="" receivesAttachments="false" sendsAttachments="false" anonymous="optional"><con:settings/><con:call id="e6a2650c-2baa-4477-a1af-20b2471d32b0" name="Request 1"><con:settings/><con:encoding>UTF-8</con:encoding><con:endpoint>http://soap.upskills.in/soap/default?services=salesOrderRepositoryV1</con:endpoint><con:request><![CDATA[<soap:Envelope xmlns:soap="http://www.w3.org/2003/05/soap-envelope" xmlns:def="http://soap.upskills.in/soap/default?services=salesOrderRepositoryV1">\r
   <soap:Header/>\r
   <soap:Body>\r
      <def:salesOrderRepositoryV1GetRequest>\r
         <id>?</id>\r
      </def:salesOrderRepositoryV1GetRequest>\r
   </soap:Body>\r
</soap:Envelope>]]></con:request><con:wsaConfig mustUnderstand="NONE" version="200508" action="http://soap.upskills.in/soap/default?services=salesOrderRepositoryV1/salesOrderRepositoryV1PortType/salesOrderRepositoryV1GetRequest"/></con:call></con:operation><con:operation id="9f2d9fbd-0734-4168-a49d-85370b81b611" isOneWay="false" action="salesOrderRepositoryV1GetList" name="salesOrderRepositoryV1GetList" bindingOperationName="salesOrderRepositoryV1GetList" type="Request-Response" inputName="" receivesAttachments="false" sendsAttachments="false" anonymous="optional"><con:settings/><con:call id="80f97724-c917-4226-89a2-dd9bba3efe0b" name="Request 1"><con:settings/><con:encoding>UTF-8</con:encoding><con:endpoint>http://soap.upskills.in/soap/default?services=salesOrderRepositoryV1</con:endpoint><con:request><![CDATA[<soap:Envelope xmlns:soap="http://www.w3.org/2003/05/soap-envelope" xmlns:def="http://soap.upskills.in/soap/default?services=salesOrderRepositoryV1">\r
   <soap:Header/>\r
   <soap:Body>\r
      <def:salesOrderRepositoryV1GetListRequest>\r
         <searchCriteria>\r
            <filterGroups>\r
               <!--Zero or more repetitions:-->\r
               <item>\r
                  <!--Optional:-->\r
                  <filters>\r
                     <!--Zero or more repetitions:-->\r
                     <item>\r
                        <field>?</field>\r
                        <value>?</value>\r
                        <!--Optional:-->\r
                        <conditionType>?</conditionType>\r
                     </item>\r
                  </filters>\r
               </item>\r
            </filterGroups>\r
            <!--Optional:-->\r
            <sortOrders>\r
               <!--Zero or more repetitions:-->\r
               <item>\r
                  <field>?</field>\r
                  <direction>?</direction>\r
               </item>\r
            </sortOrders>\r
            <!--Optional:-->\r
            <pageSize>?</pageSize>\r
            <!--Optional:-->\r
            <currentPage>?</currentPage>\r
         </searchCriteria>\r
      </def:salesOrderRepositoryV1GetListRequest>\r
   </soap:Body>\r
</soap:Envelope>]]></con:request><con:wsaConfig mustUnderstand="NONE" version="200508" action="http://soap.upskills.in/soap/default?services=salesOrderRepositoryV1/salesOrderRepositoryV1PortType/salesOrderRepositoryV1GetListRequest"/></con:call></con:operation><con:operation id="929df7a4-0544-4b0c-bc9e-6b9ff29259bc" isOneWay="false" action="salesOrderRepositoryV1Save" name="salesOrderRepositoryV1Save" bindingOperationName="salesOrderRepositoryV1Save" type="Request-Response" inputName="" receivesAttachments="false" sendsAttachments="false" anonymous="optional"><con:settings/><con:call id="5d7aaadf-823d-4cf1-9502-222c43f8417e" name="Request 1"><con:settings/><con:encoding>UTF-8</con:encoding><con:endpoint>http://soap.upskills.in/soap/default?services=salesOrderRepositoryV1</con:endpoint><con:request><![CDATA[<soap:Envelope xmlns:soap="http://www.w3.org/2003/05/soap-envelope" xmlns:def="http://soap.upskills.in/soap/default?services=salesOrderRepositoryV1">\r
   <soap:Header/>\r
   <soap:Body>\r
      <def:salesOrderRepositoryV1SaveRequest>\r
         <entity>\r
            <!--Optional:-->\r
            <adjustmentNegative>?</adjustmentNegative>\r
            <!--Optional:-->\r
            <adjustmentPositive>?</adjustmentPositive>\r
            <!--Optional:-->\r
            <appliedRuleIds>?</appliedRuleIds>\r
            <!--Optional:-->\r
            <baseAdjustmentNegative>?</baseAdjustmentNegative>\r
            <!--Optional:-->\r
            <baseAdjustmentPositive>?</baseAdjustmentPositive>\r
            <!--Optional:-->\r
            <baseCurrencyCode>?</baseCurrencyCode>\r
            <!--Optional:-->\r
            <baseDiscountAmount>?</baseDiscountAmount>\r
            <!--Optional:-->\r
            <baseDiscountCanceled>?</baseDiscountCanceled>\r
            <!--Optional:-->\r
            <baseDiscountInvoiced>?</baseDiscountInvoiced>\r
            <!--Optional:-->\r
            <baseDiscountRefunded>?</baseDiscountRefunded>\r
            <baseGrandTotal>?</baseGrandTotal>\r
            <!--Optional:-->\r
            <baseDiscountTaxCompensationAmount>?</baseDiscountTaxCompensationAmount>\r
            <!--Optional:-->\r
            <baseDiscountTaxCompensationInvoiced>?</baseDiscountTaxCompensationInvoiced>\r
            <!--Optional:-->\r
            <baseDiscountTaxCompensationRefunded>?</baseDiscountTaxCompensationRefunded>\r
            <!--Optional:-->\r
            <baseShippingAmount>?</baseShippingAmount>\r
            <!--Optional:-->\r
            <baseShippingCanceled>?</baseShippingCanceled>\r
            <!--Optional:-->\r
            <baseShippingDiscountAmount>?</baseShippingDiscountAmount>\r
            <!--Optional:-->\r
            <baseShippingDiscountTaxCompensationAmnt>?</baseShippingDiscountTaxCompensationAmnt>\r
            <!--Optional:-->\r
            <baseShippingInclTax>?</baseShippingInclTax>\r
            <!--Optional:-->\r
            <baseShippingInvoiced>?</baseShippingInvoiced>\r
            <!--Optional:-->\r
            <baseShippingRefunded>?</baseShippingRefunded>\r
            <!--Optional:-->\r
            <baseShippingTaxAmount>?</baseShippingTaxAmount>\r
            <!--Optional:-->\r
            <baseShippingTaxRefunded>?</baseShippingTaxRefunded>\r
            <!--Optional:-->\r
            <baseSubtotal>?</baseSubtotal>\r
            <!--Optional:-->\r
            <baseSubtotalCanceled>?</baseSubtotalCanceled>\r
            <!--Optional:-->\r
            <baseSubtotalInclTax>?</baseSubtotalInclTax>\r
            <!--Optional:-->\r
            <baseSubtotalInvoiced>?</baseSubtotalInvoiced>\r
            <!--Optional:-->\r
            <baseSubtotalRefunded>?</baseSubtotalRefunded>\r
            <!--Optional:-->\r
            <baseTaxAmount>?</baseTaxAmount>\r
            <!--Optional:-->\r
            <baseTaxCanceled>?</baseTaxCanceled>\r
            <!--Optional:-->\r
            <baseTaxInvoiced>?</baseTaxInvoiced>\r
            <!--Optional:-->\r
            <baseTaxRefunded>?</baseTaxRefunded>\r
            <!--Optional:-->\r
            <baseTotalCanceled>?</baseTotalCanceled>\r
            <!--Optional:-->\r
            <baseTotalDue>?</baseTotalDue>\r
            <!--Optional:-->\r
            <baseTotalInvoiced>?</baseTotalInvoiced>\r
            <!--Optional:-->\r
            <baseTotalInvoicedCost>?</baseTotalInvoicedCost>\r
            <!--Optional:-->\r
            <baseTotalOfflineRefunded>?</baseTotalOfflineRefunded>\r
            <!--Optional:-->\r
            <baseTotalOnlineRefunded>?</baseTotalOnlineRefunded>\r
            <!--Optional:-->\r
            <baseTotalPaid>?</baseTotalPaid>\r
            <!--Optional:-->\r
            <baseTotalQtyOrdered>?</baseTotalQtyOrdered>\r
            <!--Optional:-->\r
            <baseTotalRefunded>?</baseTotalRefunded>\r
            <!--Optional:-->\r
            <baseToGlobalRate>?</baseToGlobalRate>\r
            <!--Optional:-->\r
            <baseToOrderRate>?</baseToOrderRate>\r
            <!--Optional:-->\r
            <billingAddressId>?</billingAddressId>\r
            <!--Optional:-->\r
            <canShipPartially>?</canShipPartially>\r
            <!--Optional:-->\r
            <canShipPartiallyItem>?</canShipPartiallyItem>\r
            <!--Optional:-->\r
            <couponCode>?</couponCode>\r
            <!--Optional:-->\r
            <createdAt>?</createdAt>\r
            <!--Optional:-->\r
            <customerDob>?</customerDob>\r
            <customerEmail>?</customerEmail>\r
            <!--Optional:-->\r
            <customerFirstname>?</customerFirstname>\r
            <!--Optional:-->\r
            <customerGender>?</customerGender>\r
            <!--Optional:-->\r
            <customerGroupId>?</customerGroupId>\r
            <!--Optional:-->\r
            <customerId>?</customerId>\r
            <!--Optional:-->\r
            <customerIsGuest>?</customerIsGuest>\r
            <!--Optional:-->\r
            <customerLastname>?</customerLastname>\r
            <!--Optional:-->\r
            <customerMiddlename>?</customerMiddlename>\r
            <!--Optional:-->\r
            <customerNote>?</customerNote>\r
            <!--Optional:-->\r
            <customerNoteNotify>?</customerNoteNotify>\r
            <!--Optional:-->\r
            <customerPrefix>?</customerPrefix>\r
            <!--Optional:-->\r
            <customerSuffix>?</customerSuffix>\r
            <!--Optional:-->\r
            <customerTaxvat>?</customerTaxvat>\r
            <!--Optional:-->\r
            <discountAmount>?</discountAmount>\r
            <!--Optional:-->\r
            <discountCanceled>?</discountCanceled>\r
            <!--Optional:-->\r
            <discountDescription>?</discountDescription>\r
            <!--Optional:-->\r
            <discountInvoiced>?</discountInvoiced>\r
            <!--Optional:-->\r
            <discountRefunded>?</discountRefunded>\r
            <!--Optional:-->\r
            <editIncrement>?</editIncrement>\r
            <!--Optional:-->\r
            <emailSent>?</emailSent>\r
            <!--Optional:-->\r
            <entityId>?</entityId>\r
            <!--Optional:-->\r
            <extCustomerId>?</extCustomerId>\r
            <!--Optional:-->\r
            <extOrderId>?</extOrderId>\r
            <!--Optional:-->\r
            <forcedShipmentWithInvoice>?</forcedShipmentWithInvoice>\r
            <!--Optional:-->\r
            <globalCurrencyCode>?</globalCurrencyCode>\r
            <grandTotal>?</grandTotal>\r
            <!--Optional:-->\r
            <discountTaxCompensationAmount>?</discountTaxCompensationAmount>\r
            <!--Optional:-->\r
            <discountTaxCompensationInvoiced>?</discountTaxCompensationInvoiced>\r
            <!--Optional:-->\r
            <discountTaxCompensationRefunded>?</discountTaxCompensationRefunded>\r
            <!--Optional:-->\r
            <holdBeforeState>?</holdBeforeState>\r
            <!--Optional:-->\r
            <holdBeforeStatus>?</holdBeforeStatus>\r
            <!--Optional:-->\r
            <incrementId>?</incrementId>\r
            <!--Optional:-->\r
            <isVirtual>?</isVirtual>\r
            <!--Optional:-->\r
            <orderCurrencyCode>?</orderCurrencyCode>\r
            <!--Optional:-->\r
            <originalIncrementId>?</originalIncrementId>\r
            <!--Optional:-->\r
            <paymentAuthorizationAmount>?</paymentAuthorizationAmount>\r
            <!--Optional:-->\r
            <paymentAuthExpiration>?</paymentAuthExpiration>\r
            <!--Optional:-->\r
            <protectCode>?</protectCode>\r
            <!--Optional:-->\r
            <quoteAddressId>?</quoteAddressId>\r
            <!--Optional:-->\r
            <quoteId>?</quoteId>\r
            <!--Optional:-->\r
            <relationChildId>?</relationChildId>\r
            <!--Optional:-->\r
            <relationChildRealId>?</relationChildRealId>\r
            <!--Optional:-->\r
            <relationParentId>?</relationParentId>\r
            <!--Optional:-->\r
            <relationParentRealId>?</relationParentRealId>\r
            <!--Optional:-->\r
            <remoteIp>?</remoteIp>\r
            <!--Optional:-->\r
            <shippingAmount>?</shippingAmount>\r
            <!--Optional:-->\r
            <shippingCanceled>?</shippingCanceled>\r
            <!--Optional:-->\r
            <shippingDescription>?</shippingDescription>\r
            <!--Optional:-->\r
            <shippingDiscountAmount>?</shippingDiscountAmount>\r
            <!--Optional:-->\r
            <shippingDiscountTaxCompensationAmount>?</shippingDiscountTaxCompensationAmount>\r
            <!--Optional:-->\r
            <shippingInclTax>?</shippingInclTax>\r
            <!--Optional:-->\r
            <shippingInvoiced>?</shippingInvoiced>\r
            <!--Optional:-->\r
            <shippingRefunded>?</shippingRefunded>\r
            <!--Optional:-->\r
            <shippingTaxAmount>?</shippingTaxAmount>\r
            <!--Optional:-->\r
            <shippingTaxRefunded>?</shippingTaxRefunded>\r
            <!--Optional:-->\r
            <state>?</state>\r
            <!--Optional:-->\r
            <status>?</status>\r
            <!--Optional:-->\r
            <storeCurrencyCode>?</storeCurrencyCode>\r
            <!--Optional:-->\r
            <storeId>?</storeId>\r
            <!--Optional:-->\r
            <storeName>?</storeName>\r
            <!--Optional:-->\r
            <storeToBaseRate>?</storeToBaseRate>\r
            <!--Optional:-->\r
            <storeToOrderRate>?</storeToOrderRate>\r
            <!--Optional:-->\r
            <subtotal>?</subtotal>\r
            <!--Optional:-->\r
            <subtotalCanceled>?</subtotalCanceled>\r
            <!--Optional:-->\r
            <subtotalInclTax>?</subtotalInclTax>\r
            <!--Optional:-->\r
            <subtotalInvoiced>?</subtotalInvoiced>\r
            <!--Optional:-->\r
            <subtotalRefunded>?</subtotalRefunded>\r
            <!--Optional:-->\r
            <taxAmount>?</taxAmount>\r
            <!--Optional:-->\r
            <taxCanceled>?</taxCanceled>\r
            <!--Optional:-->\r
            <taxInvoiced>?</taxInvoiced>\r
            <!--Optional:-->\r
            <taxRefunded>?</taxRefunded>\r
            <!--Optional:-->\r
            <totalCanceled>?</totalCanceled>\r
            <!--Optional:-->\r
            <totalDue>?</totalDue>\r
            <!--Optional:-->\r
            <totalInvoiced>?</totalInvoiced>\r
            <!--Optional:-->\r
            <totalItemCount>?</totalItemCount>\r
            <!--Optional:-->\r
            <totalOfflineRefunded>?</totalOfflineRefunded>\r
            <!--Optional:-->\r
            <totalOnlineRefunded>?</totalOnlineRefunded>\r
            <!--Optional:-->\r
            <totalPaid>?</totalPaid>\r
            <!--Optional:-->\r
            <totalQtyOrdered>?</totalQtyOrdered>\r
            <!--Optional:-->\r
            <totalRefunded>?</totalRefunded>\r
            <!--Optional:-->\r
            <updatedAt>?</updatedAt>\r
            <!--Optional:-->\r
            <weight>?</weight>\r
            <!--Optional:-->\r
            <xForwardedFor>?</xForwardedFor>\r
            <items>\r
               <!--Zero or more repetitions:-->\r
               <item>\r
                  <!--Optional:-->\r
                  <additionalData>?</additionalData>\r
                  <!--Optional:-->\r
                  <amountRefunded>?</amountRefunded>\r
                  <!--Optional:-->\r
                  <appliedRuleIds>?</appliedRuleIds>\r
                  <!--Optional:-->\r
                  <baseAmountRefunded>?</baseAmountRefunded>\r
                  <!--Optional:-->\r
                  <baseCost>?</baseCost>\r
                  <!--Optional:-->\r
                  <baseDiscountAmount>?</baseDiscountAmount>\r
                  <!--Optional:-->\r
                  <baseDiscountInvoiced>?</baseDiscountInvoiced>\r
                  <!--Optional:-->\r
                  <baseDiscountRefunded>?</baseDiscountRefunded>\r
                  <!--Optional:-->\r
                  <baseDiscountTaxCompensationAmount>?</baseDiscountTaxCompensationAmount>\r
                  <!--Optional:-->\r
                  <baseDiscountTaxCompensationInvoiced>?</baseDiscountTaxCompensationInvoiced>\r
                  <!--Optional:-->\r
                  <baseDiscountTaxCompensationRefunded>?</baseDiscountTaxCompensationRefunded>\r
                  <!--Optional:-->\r
                  <baseOriginalPrice>?</baseOriginalPrice>\r
                  <!--Optional:-->\r
                  <basePrice>?</basePrice>\r
                  <!--Optional:-->\r
                  <basePriceInclTax>?</basePriceInclTax>\r
                  <!--Optional:-->\r
                  <baseRowInvoiced>?</baseRowInvoiced>\r
                  <!--Optional:-->\r
                  <baseRowTotal>?</baseRowTotal>\r
                  <!--Optional:-->\r
                  <baseRowTotalInclTax>?</baseRowTotalInclTax>\r
                  <!--Optional:-->\r
                  <baseTaxAmount>?</baseTaxAmount>\r
                  <!--Optional:-->\r
                  <baseTaxBeforeDiscount>?</baseTaxBeforeDiscount>\r
                  <!--Optional:-->\r
                  <baseTaxInvoiced>?</baseTaxInvoiced>\r
                  <!--Optional:-->\r
                  <baseTaxRefunded>?</baseTaxRefunded>\r
                  <!--Optional:-->\r
                  <baseWeeeTaxAppliedAmount>?</baseWeeeTaxAppliedAmount>\r
                  <!--Optional:-->\r
                  <baseWeeeTaxAppliedRowAmnt>?</baseWeeeTaxAppliedRowAmnt>\r
                  <!--Optional:-->\r
                  <baseWeeeTaxDisposition>?</baseWeeeTaxDisposition>\r
                  <!--Optional:-->\r
                  <baseWeeeTaxRowDisposition>?</baseWeeeTaxRowDisposition>\r
                  <!--Optional:-->\r
                  <createdAt>?</createdAt>\r
                  <!--Optional:-->\r
                  <description>?</description>\r
                  <!--Optional:-->\r
                  <discountAmount>?</discountAmount>\r
                  <!--Optional:-->\r
                  <discountInvoiced>?</discountInvoiced>\r
                  <!--Optional:-->\r
                  <discountPercent>?</discountPercent>\r
                  <!--Optional:-->\r
                  <discountRefunded>?</discountRefunded>\r
                  <!--Optional:-->\r
                  <eventId>?</eventId>\r
                  <!--Optional:-->\r
                  <extOrderItemId>?</extOrderItemId>\r
                  <!--Optional:-->\r
                  <freeShipping>?</freeShipping>\r
                  <!--Optional:-->\r
                  <gwBasePrice>?</gwBasePrice>\r
                  <!--Optional:-->\r
                  <gwBasePriceInvoiced>?</gwBasePriceInvoiced>\r
                  <!--Optional:-->\r
                  <gwBasePriceRefunded>?</gwBasePriceRefunded>\r
                  <!--Optional:-->\r
                  <gwBaseTaxAmount>?</gwBaseTaxAmount>\r
                  <!--Optional:-->\r
                  <gwBaseTaxAmountInvoiced>?</gwBaseTaxAmountInvoiced>\r
                  <!--Optional:-->\r
                  <gwBaseTaxAmountRefunded>?</gwBaseTaxAmountRefunded>\r
                  <!--Optional:-->\r
                  <gwId>?</gwId>\r
                  <!--Optional:-->\r
                  <gwPrice>?</gwPrice>\r
                  <!--Optional:-->\r
                  <gwPriceInvoiced>?</gwPriceInvoiced>\r
                  <!--Optional:-->\r
                  <gwPriceRefunded>?</gwPriceRefunded>\r
                  <!--Optional:-->\r
                  <gwTaxAmount>?</gwTaxAmount>\r
                  <!--Optional:-->\r
                  <gwTaxAmountInvoiced>?</gwTaxAmountInvoiced>\r
                  <!--Optional:-->\r
                  <gwTaxAmountRefunded>?</gwTaxAmountRefunded>\r
                  <!--Optional:-->\r
                  <discountTaxCompensationAmount>?</discountTaxCompensationAmount>\r
                  <!--Optional:-->\r
                  <discountTaxCompensationCanceled>?</discountTaxCompensationCanceled>\r
                  <!--Optional:-->\r
                  <discountTaxCompensationInvoiced>?</discountTaxCompensationInvoiced>\r
                  <!--Optional:-->\r
                  <discountTaxCompensationRefunded>?</discountTaxCompensationRefunded>\r
                  <!--Optional:-->\r
                  <isQtyDecimal>?</isQtyDecimal>\r
                  <!--Optional:-->\r
                  <isVirtual>?</isVirtual>\r
                  <!--Optional:-->\r
                  <itemId>?</itemId>\r
                  <!--Optional:-->\r
                  <lockedDoInvoice>?</lockedDoInvoice>\r
                  <!--Optional:-->\r
                  <lockedDoShip>?</lockedDoShip>\r
                  <!--Optional:-->\r
                  <name>?</name>\r
                  <!--Optional:-->\r
                  <noDiscount>?</noDiscount>\r
                  <!--Optional:-->\r
                  <orderId>?</orderId>\r
                  <!--Optional:-->\r
                  <originalPrice>?</originalPrice>\r
                  <!--Optional:-->\r
                  <parentItemId>?</parentItemId>\r
                  <!--Optional:-->\r
                  <price>?</price>\r
                  <!--Optional:-->\r
                  <priceInclTax>?</priceInclTax>\r
                  <!--Optional:-->\r
                  <productId>?</productId>\r
                  <!--Optional:-->\r
                  <productType>?</productType>\r
                  <!--Optional:-->\r
                  <qtyBackordered>?</qtyBackordered>\r
                  <!--Optional:-->\r
                  <qtyCanceled>?</qtyCanceled>\r
                  <!--Optional:-->\r
                  <qtyInvoiced>?</qtyInvoiced>\r
                  <!--Optional:-->\r
                  <qtyOrdered>?</qtyOrdered>\r
                  <!--Optional:-->\r
                  <qtyRefunded>?</qtyRefunded>\r
                  <!--Optional:-->\r
                  <qtyReturned>?</qtyReturned>\r
                  <!--Optional:-->\r
                  <qtyShipped>?</qtyShipped>\r
                  <!--Optional:-->\r
                  <quoteItemId>?</quoteItemId>\r
                  <!--Optional:-->\r
                  <rowInvoiced>?</rowInvoiced>\r
                  <!--Optional:-->\r
                  <rowTotal>?</rowTotal>\r
                  <!--Optional:-->\r
                  <rowTotalInclTax>?</rowTotalInclTax>\r
                  <!--Optional:-->\r
                  <rowWeight>?</rowWeight>\r
                  <sku>?</sku>\r
                  <!--Optional:-->\r
                  <storeId>?</storeId>\r
                  <!--Optional:-->\r
                  <taxAmount>?</taxAmount>\r
                  <!--Optional:-->\r
                  <taxBeforeDiscount>?</taxBeforeDiscount>\r
                  <!--Optional:-->\r
                  <taxCanceled>?</taxCanceled>\r
                  <!--Optional:-->\r
                  <taxInvoiced>?</taxInvoiced>\r
                  <!--Optional:-->\r
                  <taxPercent>?</taxPercent>\r
                  <!--Optional:-->\r
                  <taxRefunded>?</taxRefunded>\r
                  <!--Optional:-->\r
                  <updatedAt>?</updatedAt>\r
                  <!--Optional:-->\r
                  <weeeTaxApplied>?</weeeTaxApplied>\r
                  <!--Optional:-->\r
                  <weeeTaxAppliedAmount>?</weeeTaxAppliedAmount>\r
                  <!--Optional:-->\r
                  <weeeTaxAppliedRowAmount>?</weeeTaxAppliedRowAmount>\r
                  <!--Optional:-->\r
                  <weeeTaxDisposition>?</weeeTaxDisposition>\r
                  <!--Optional:-->\r
                  <weeeTaxRowDisposition>?</weeeTaxRowDisposition>\r
                  <!--Optional:-->\r
                  <weight>?</weight>\r
                  <!--Optional:-->\r
                  <parentItem/>\r
                  <!--Optional:-->\r
                  <productOption>\r
                     <!--Optional:-->\r
                     <extensionAttributes>\r
                        <!--Optional:-->\r
                        <customOptions>\r
                           <!--Zero or more repetitions:-->\r
                           <item>\r
                              <optionId>?</optionId>\r
                              <optionValue>?</optionValue>\r
                              <!--Optional:-->\r
                              <extensionAttributes>\r
                                 <!--Optional:-->\r
                                 <fileInfo>\r
                                    <base64EncodedData>?</base64EncodedData>\r
                                    <type>?</type>\r
                                    <name>?</name>\r
                                 </fileInfo>\r
                              </extensionAttributes>\r
                           </item>\r
                        </customOptions>\r
                        <!--Optional:-->\r
                        <configurableItemOptions>\r
                           <!--Zero or more repetitions:-->\r
                           <item>\r
                              <optionId>?</optionId>\r
                              <!--Optional:-->\r
                              <optionValue>?</optionValue>\r
                              <!--Optional:-->\r
                              <extensionAttributes/>\r
                           </item>\r
                        </configurableItemOptions>\r
                        <!--Optional:-->\r
                        <downloadableOption>\r
                           <downloadableLinks>\r
                              <!--Zero or more repetitions:-->\r
                              <item>?</item>\r
                           </downloadableLinks>\r
                        </downloadableOption>\r
                        <!--Optional:-->\r
                        <bundleOptions>\r
                           <!--Zero or more repetitions:-->\r
                           <item>\r
                              <optionId>?</optionId>\r
                              <optionQty>?</optionQty>\r
                              <optionSelections>\r
                                 <!--Zero or more repetitions:-->\r
                                 <item>?</item>\r
                              </optionSelections>\r
                              <!--Optional:-->\r
                              <extensionAttributes/>\r
                           </item>\r
                        </bundleOptions>\r
                     </extensionAttributes>\r
                  </productOption>\r
                  <!--Optional:-->\r
                  <extensionAttributes>\r
                     <!--Optional:-->\r
                     <giftMessage>\r
                        <!--Optional:-->\r
                        <giftMessageId>?</giftMessageId>\r
                        <!--Optional:-->\r
                        <customerId>?</customerId>\r
                        <sender>?</sender>\r
                        <recipient>?</recipient>\r
                        <message>?</message>\r
                        <!--Optional:-->\r
                        <extensionAttributes>\r
                           <!--Optional:-->\r
                           <entityId>?</entityId>\r
                           <!--Optional:-->\r
                           <entityType>?</entityType>\r
                        </extensionAttributes>\r
                     </giftMessage>\r
                     <!--Optional:-->\r
                     <vertexTaxCodes>\r
                        <!--Zero or more repetitions:-->\r
                        <item>?</item>\r
                     </vertexTaxCodes>\r
                     <!--Optional:-->\r
                     <invoiceTextCodes>\r
                        <!--Zero or more repetitions:-->\r
                        <item>?</item>\r
                     </invoiceTextCodes>\r
                     <!--Optional:-->\r
                     <taxCodes>\r
                        <!--Zero or more repetitions:-->\r
                        <item>?</item>\r
                     </taxCodes>\r
                  </extensionAttributes>\r
               </item>\r
            </items>\r
            <!--Optional:-->\r
            <billingAddress>\r
               <addressType>?</addressType>\r
               <city>?</city>\r
               <!--Optional:-->\r
               <company>?</company>\r
               <countryId>?</countryId>\r
               <!--Optional:-->\r
               <customerAddressId>?</customerAddressId>\r
               <!--Optional:-->\r
               <customerId>?</customerId>\r
               <!--Optional:-->\r
               <email>?</email>\r
               <!--Optional:-->\r
               <entityId>?</entityId>\r
               <!--Optional:-->\r
               <fax>?</fax>\r
               <firstname>?</firstname>\r
               <lastname>?</lastname>\r
               <!--Optional:-->\r
               <middlename>?</middlename>\r
               <!--Optional:-->\r
               <parentId>?</parentId>\r
               <postcode>?</postcode>\r
               <!--Optional:-->\r
               <prefix>?</prefix>\r
               <!--Optional:-->\r
               <region>?</region>\r
               <!--Optional:-->\r
               <regionCode>?</regionCode>\r
               <!--Optional:-->\r
               <regionId>?</regionId>\r
               <!--Optional:-->\r
               <street>\r
                  <!--Zero or more repetitions:-->\r
                  <item>?</item>\r
               </street>\r
               <!--Optional:-->\r
               <suffix>?</suffix>\r
               <telephone>?</telephone>\r
               <!--Optional:-->\r
               <vatId>?</vatId>\r
               <!--Optional:-->\r
               <vatIsValid>?</vatIsValid>\r
               <!--Optional:-->\r
               <vatRequestDate>?</vatRequestDate>\r
               <!--Optional:-->\r
               <vatRequestId>?</vatRequestId>\r
               <!--Optional:-->\r
               <vatRequestSuccess>?</vatRequestSuccess>\r
               <!--Optional:-->\r
               <extensionAttributes>\r
                  <!--Optional:-->\r
                  <checkoutFields>\r
                     <!--Zero or more repetitions:-->\r
                     <item>\r
                        <attributeCode>?</attributeCode>\r
                        <value>?</value>\r
                     </item>\r
                  </checkoutFields>\r
               </extensionAttributes>\r
            </billingAddress>\r
            <!--Optional:-->\r
            <payment>\r
               <accountStatus>?</accountStatus>\r
               <!--Optional:-->\r
               <additionalData>?</additionalData>\r
               <additionalInformation>\r
                  <!--Zero or more repetitions:-->\r
                  <item>?</item>\r
               </additionalInformation>\r
               <!--Optional:-->\r
               <addressStatus>?</addressStatus>\r
               <!--Optional:-->\r
               <amountAuthorized>?</amountAuthorized>\r
               <!--Optional:-->\r
               <amountCanceled>?</amountCanceled>\r
               <!--Optional:-->\r
               <amountOrdered>?</amountOrdered>\r
               <!--Optional:-->\r
               <amountPaid>?</amountPaid>\r
               <!--Optional:-->\r
               <amountRefunded>?</amountRefunded>\r
               <!--Optional:-->\r
               <anetTransMethod>?</anetTransMethod>\r
               <!--Optional:-->\r
               <baseAmountAuthorized>?</baseAmountAuthorized>\r
               <!--Optional:-->\r
               <baseAmountCanceled>?</baseAmountCanceled>\r
               <!--Optional:-->\r
               <baseAmountOrdered>?</baseAmountOrdered>\r
               <!--Optional:-->\r
               <baseAmountPaid>?</baseAmountPaid>\r
               <!--Optional:-->\r
               <baseAmountPaidOnline>?</baseAmountPaidOnline>\r
               <!--Optional:-->\r
               <baseAmountRefunded>?</baseAmountRefunded>\r
               <!--Optional:-->\r
               <baseAmountRefundedOnline>?</baseAmountRefundedOnline>\r
               <!--Optional:-->\r
               <baseShippingAmount>?</baseShippingAmount>\r
               <!--Optional:-->\r
               <baseShippingCaptured>?</baseShippingCaptured>\r
               <!--Optional:-->\r
               <baseShippingRefunded>?</baseShippingRefunded>\r
               <!--Optional:-->\r
               <ccApproval>?</ccApproval>\r
               <!--Optional:-->\r
               <ccAvsStatus>?</ccAvsStatus>\r
               <!--Optional:-->\r
               <ccCidStatus>?</ccCidStatus>\r
               <!--Optional:-->\r
               <ccDebugRequestBody>?</ccDebugRequestBody>\r
               <!--Optional:-->\r
               <ccDebugResponseBody>?</ccDebugResponseBody>\r
               <!--Optional:-->\r
               <ccDebugResponseSerialized>?</ccDebugResponseSerialized>\r
               <!--Optional:-->\r
               <ccExpMonth>?</ccExpMonth>\r
               <!--Optional:-->\r
               <ccExpYear>?</ccExpYear>\r
               <ccLast4>?</ccLast4>\r
               <!--Optional:-->\r
               <ccNumberEnc>?</ccNumberEnc>\r
               <!--Optional:-->\r
               <ccOwner>?</ccOwner>\r
               <!--Optional:-->\r
               <ccSecureVerify>?</ccSecureVerify>\r
               <!--Optional:-->\r
               <ccSsIssue>?</ccSsIssue>\r
               <!--Optional:-->\r
               <ccSsStartMonth>?</ccSsStartMonth>\r
               <!--Optional:-->\r
               <ccSsStartYear>?</ccSsStartYear>\r
               <!--Optional:-->\r
               <ccStatus>?</ccStatus>\r
               <!--Optional:-->\r
               <ccStatusDescription>?</ccStatusDescription>\r
               <!--Optional:-->\r
               <ccTransId>?</ccTransId>\r
               <!--Optional:-->\r
               <ccType>?</ccType>\r
               <!--Optional:-->\r
               <echeckAccountName>?</echeckAccountName>\r
               <!--Optional:-->\r
               <echeckAccountType>?</echeckAccountType>\r
               <!--Optional:-->\r
               <echeckBankName>?</echeckBankName>\r
               <!--Optional:-->\r
               <echeckRoutingNumber>?</echeckRoutingNumber>\r
               <!--Optional:-->\r
               <echeckType>?</echeckType>\r
               <!--Optional:-->\r
               <entityId>?</entityId>\r
               <!--Optional:-->\r
               <lastTransId>?</lastTransId>\r
               <method>?</method>\r
               <!--Optional:-->\r
               <parentId>?</parentId>\r
               <!--Optional:-->\r
               <poNumber>?</poNumber>\r
               <!--Optional:-->\r
               <protectionEligibility>?</protectionEligibility>\r
               <!--Optional:-->\r
               <quotePaymentId>?</quotePaymentId>\r
               <!--Optional:-->\r
               <shippingAmount>?</shippingAmount>\r
               <!--Optional:-->\r
               <shippingCaptured>?</shippingCaptured>\r
               <!--Optional:-->\r
               <shippingRefunded>?</shippingRefunded>\r
               <!--Optional:-->\r
               <extensionAttributes>\r
                  <!--Optional:-->\r
                  <vaultPaymentToken>\r
                     <!--Optional:-->\r
                     <entityId>?</entityId>\r
                     <!--Optional:-->\r
                     <customerId>?</customerId>\r
                     <publicHash>?</publicHash>\r
                     <paymentMethodCode>?</paymentMethodCode>\r
                     <type>?</type>\r
                     <!--Optional:-->\r
                     <createdAt>?</createdAt>\r
                     <!--Optional:-->\r
                     <expiresAt>?</expiresAt>\r
                     <gatewayToken>?</gatewayToken>\r
                     <tokenDetails>?</tokenDetails>\r
                     <isActive>?</isActive>\r
                     <isVisible>?</isVisible>\r
                  </vaultPaymentToken>\r
               </extensionAttributes>\r
            </payment>\r
            <!--Optional:-->\r
            <statusHistories>\r
               <!--Zero or more repetitions:-->\r
               <item>\r
                  <comment>?</comment>\r
                  <!--Optional:-->\r
                  <createdAt>?</createdAt>\r
                  <!--Optional:-->\r
                  <entityId>?</entityId>\r
                  <!--Optional:-->\r
                  <entityName>?</entityName>\r
                  <isCustomerNotified>?</isCustomerNotified>\r
                  <isVisibleOnFront>?</isVisibleOnFront>\r
                  <parentId>?</parentId>\r
                  <!--Optional:-->\r
                  <status>?</status>\r
                  <!--Optional:-->\r
                  <extensionAttributes/>\r
               </item>\r
            </statusHistories>\r
            <!--Optional:-->\r
            <extensionAttributes>\r
               <!--Optional:-->\r
               <shippingAssignments>\r
                  <!--Zero or more repetitions:-->\r
                  <item>\r
                     <shipping>\r
                        <!--Optional:-->\r
                        <address>\r
                           <addressType>?</addressType>\r
                           <city>?</city>\r
                           <!--Optional:-->\r
                           <company>?</company>\r
                           <countryId>?</countryId>\r
                           <!--Optional:-->\r
                           <customerAddressId>?</customerAddressId>\r
                           <!--Optional:-->\r
                           <customerId>?</customerId>\r
                           <!--Optional:-->\r
                           <email>?</email>\r
                           <!--Optional:-->\r
                           <entityId>?</entityId>\r
                           <!--Optional:-->\r
                           <fax>?</fax>\r
                           <firstname>?</firstname>\r
                           <lastname>?</lastname>\r
                           <!--Optional:-->\r
                           <middlename>?</middlename>\r
                           <!--Optional:-->\r
                           <parentId>?</parentId>\r
                           <postcode>?</postcode>\r
                           <!--Optional:-->\r
                           <prefix>?</prefix>\r
                           <!--Optional:-->\r
                           <region>?</region>\r
                           <!--Optional:-->\r
                           <regionCode>?</regionCode>\r
                           <!--Optional:-->\r
                           <regionId>?</regionId>\r
                           <!--Optional:-->\r
                           <street>\r
                              <!--Zero or more repetitions:-->\r
                              <item>?</item>\r
                           </street>\r
                           <!--Optional:-->\r
                           <suffix>?</suffix>\r
                           <telephone>?</telephone>\r
                           <!--Optional:-->\r
                           <vatId>?</vatId>\r
                           <!--Optional:-->\r
                           <vatIsValid>?</vatIsValid>\r
                           <!--Optional:-->\r
                           <vatRequestDate>?</vatRequestDate>\r
                           <!--Optional:-->\r
                           <vatRequestId>?</vatRequestId>\r
                           <!--Optional:-->\r
                           <vatRequestSuccess>?</vatRequestSuccess>\r
                           <!--Optional:-->\r
                           <extensionAttributes>\r
                              <!--Optional:-->\r
                              <checkoutFields>\r
                                 <!--Zero or more repetitions:-->\r
                                 <item>\r
                                    <attributeCode>?</attributeCode>\r
                                    <value>?</value>\r
                                 </item>\r
                              </checkoutFields>\r
                           </extensionAttributes>\r
                        </address>\r
                        <!--Optional:-->\r
                        <method>?</method>\r
                        <!--Optional:-->\r
                        <total>\r
                           <!--Optional:-->\r
                           <baseShippingAmount>?</baseShippingAmount>\r
                           <!--Optional:-->\r
                           <baseShippingCanceled>?</baseShippingCanceled>\r
                           <!--Optional:-->\r
                           <baseShippingDiscountAmount>?</baseShippingDiscountAmount>\r
                           <!--Optional:-->\r
                           <baseShippingDiscountTaxCompensationAmnt>?</baseShippingDiscountTaxCompensationAmnt>\r
                           <!--Optional:-->\r
                           <baseShippingInclTax>?</baseShippingInclTax>\r
                           <!--Optional:-->\r
                           <baseShippingInvoiced>?</baseShippingInvoiced>\r
                           <!--Optional:-->\r
                           <baseShippingRefunded>?</baseShippingRefunded>\r
                           <!--Optional:-->\r
                           <baseShippingTaxAmount>?</baseShippingTaxAmount>\r
                           <!--Optional:-->\r
                           <baseShippingTaxRefunded>?</baseShippingTaxRefunded>\r
                           <!--Optional:-->\r
                           <shippingAmount>?</shippingAmount>\r
                           <!--Optional:-->\r
                           <shippingCanceled>?</shippingCanceled>\r
                           <!--Optional:-->\r
                           <shippingDiscountAmount>?</shippingDiscountAmount>\r
                           <!--Optional:-->\r
                           <shippingDiscountTaxCompensationAmount>?</shippingDiscountTaxCompensationAmount>\r
                           <!--Optional:-->\r
                           <shippingInclTax>?</shippingInclTax>\r
                           <!--Optional:-->\r
                           <shippingInvoiced>?</shippingInvoiced>\r
                           <!--Optional:-->\r
                           <shippingRefunded>?</shippingRefunded>\r
                           <!--Optional:-->\r
                           <shippingTaxAmount>?</shippingTaxAmount>\r
                           <!--Optional:-->\r
                           <shippingTaxRefunded>?</shippingTaxRefunded>\r
                           <!--Optional:-->\r
                           <extensionAttributes/>\r
                        </total>\r
                        <!--Optional:-->\r
                        <extensionAttributes>\r
                           <!--Optional:-->\r
                           <extOrderId>?</extOrderId>\r
                           <!--Optional:-->\r
                           <shippingExperience>\r
                              <label>?</label>\r
                              <code>?</code>\r
                              <cost>?</cost>\r
                           </shippingExperience>\r
                           <!--Optional:-->\r
                           <collectionPoint>\r
                              <recipientAddressId>?</recipientAddressId>\r
                              <collectionPointId>?</collectionPointId>\r
                              <name>?</name>\r
                              <country>?</country>\r
                              <region>?</region>\r
                              <postcode>?</postcode>\r
                              <city>?</city>\r
                              <street>\r
                                 <!--Zero or more repetitions:-->\r
                                 <item>?</item>\r
                              </street>\r
                           </collectionPoint>\r
                        </extensionAttributes>\r
                     </shipping>\r
                     <items>\r
                        <!--Zero or more repetitions:-->\r
                        <item>\r
                           <!--Optional:-->\r
                           <additionalData>?</additionalData>\r
                           <!--Optional:-->\r
                           <amountRefunded>?</amountRefunded>\r
                           <!--Optional:-->\r
                           <appliedRuleIds>?</appliedRuleIds>\r
                           <!--Optional:-->\r
                           <baseAmountRefunded>?</baseAmountRefunded>\r
                           <!--Optional:-->\r
                           <baseCost>?</baseCost>\r
                           <!--Optional:-->\r
                           <baseDiscountAmount>?</baseDiscountAmount>\r
                           <!--Optional:-->\r
                           <baseDiscountInvoiced>?</baseDiscountInvoiced>\r
                           <!--Optional:-->\r
                           <baseDiscountRefunded>?</baseDiscountRefunded>\r
                           <!--Optional:-->\r
                           <baseDiscountTaxCompensationAmount>?</baseDiscountTaxCompensationAmount>\r
                           <!--Optional:-->\r
                           <baseDiscountTaxCompensationInvoiced>?</baseDiscountTaxCompensationInvoiced>\r
                           <!--Optional:-->\r
                           <baseDiscountTaxCompensationRefunded>?</baseDiscountTaxCompensationRefunded>\r
                           <!--Optional:-->\r
                           <baseOriginalPrice>?</baseOriginalPrice>\r
                           <!--Optional:-->\r
                           <basePrice>?</basePrice>\r
                           <!--Optional:-->\r
                           <basePriceInclTax>?</basePriceInclTax>\r
                           <!--Optional:-->\r
                           <baseRowInvoiced>?</baseRowInvoiced>\r
                           <!--Optional:-->\r
                           <baseRowTotal>?</baseRowTotal>\r
                           <!--Optional:-->\r
                           <baseRowTotalInclTax>?</baseRowTotalInclTax>\r
                           <!--Optional:-->\r
                           <baseTaxAmount>?</baseTaxAmount>\r
                           <!--Optional:-->\r
                           <baseTaxBeforeDiscount>?</baseTaxBeforeDiscount>\r
                           <!--Optional:-->\r
                           <baseTaxInvoiced>?</baseTaxInvoiced>\r
                           <!--Optional:-->\r
                           <baseTaxRefunded>?</baseTaxRefunded>\r
                           <!--Optional:-->\r
                           <baseWeeeTaxAppliedAmount>?</baseWeeeTaxAppliedAmount>\r
                           <!--Optional:-->\r
                           <baseWeeeTaxAppliedRowAmnt>?</baseWeeeTaxAppliedRowAmnt>\r
                           <!--Optional:-->\r
                           <baseWeeeTaxDisposition>?</baseWeeeTaxDisposition>\r
                           <!--Optional:-->\r
                           <baseWeeeTaxRowDisposition>?</baseWeeeTaxRowDisposition>\r
                           <!--Optional:-->\r
                           <createdAt>?</createdAt>\r
                           <!--Optional:-->\r
                           <description>?</description>\r
                           <!--Optional:-->\r
                           <discountAmount>?</discountAmount>\r
                           <!--Optional:-->\r
                           <discountInvoiced>?</discountInvoiced>\r
                           <!--Optional:-->\r
                           <discountPercent>?</discountPercent>\r
                           <!--Optional:-->\r
                           <discountRefunded>?</discountRefunded>\r
                           <!--Optional:-->\r
                           <eventId>?</eventId>\r
                           <!--Optional:-->\r
                           <extOrderItemId>?</extOrderItemId>\r
                           <!--Optional:-->\r
                           <freeShipping>?</freeShipping>\r
                           <!--Optional:-->\r
                           <gwBasePrice>?</gwBasePrice>\r
                           <!--Optional:-->\r
                           <gwBasePriceInvoiced>?</gwBasePriceInvoiced>\r
                           <!--Optional:-->\r
                           <gwBasePriceRefunded>?</gwBasePriceRefunded>\r
                           <!--Optional:-->\r
                           <gwBaseTaxAmount>?</gwBaseTaxAmount>\r
                           <!--Optional:-->\r
                           <gwBaseTaxAmountInvoiced>?</gwBaseTaxAmountInvoiced>\r
                           <!--Optional:-->\r
                           <gwBaseTaxAmountRefunded>?</gwBaseTaxAmountRefunded>\r
                           <!--Optional:-->\r
                           <gwId>?</gwId>\r
                           <!--Optional:-->\r
                           <gwPrice>?</gwPrice>\r
                           <!--Optional:-->\r
                           <gwPriceInvoiced>?</gwPriceInvoiced>\r
                           <!--Optional:-->\r
                           <gwPriceRefunded>?</gwPriceRefunded>\r
                           <!--Optional:-->\r
                           <gwTaxAmount>?</gwTaxAmount>\r
                           <!--Optional:-->\r
                           <gwTaxAmountInvoiced>?</gwTaxAmountInvoiced>\r
                           <!--Optional:-->\r
                           <gwTaxAmountRefunded>?</gwTaxAmountRefunded>\r
                           <!--Optional:-->\r
                           <discountTaxCompensationAmount>?</discountTaxCompensationAmount>\r
                           <!--Optional:-->\r
                           <discountTaxCompensationCanceled>?</discountTaxCompensationCanceled>\r
                           <!--Optional:-->\r
                           <discountTaxCompensationInvoiced>?</discountTaxCompensationInvoiced>\r
                           <!--Optional:-->\r
                           <discountTaxCompensationRefunded>?</discountTaxCompensationRefunded>\r
                           <!--Optional:-->\r
                           <isQtyDecimal>?</isQtyDecimal>\r
                           <!--Optional:-->\r
                           <isVirtual>?</isVirtual>\r
                           <!--Optional:-->\r
                           <itemId>?</itemId>\r
                           <!--Optional:-->\r
                           <lockedDoInvoice>?</lockedDoInvoice>\r
                           <!--Optional:-->\r
                           <lockedDoShip>?</lockedDoShip>\r
                           <!--Optional:-->\r
                           <name>?</name>\r
                           <!--Optional:-->\r
                           <noDiscount>?</noDiscount>\r
                           <!--Optional:-->\r
                           <orderId>?</orderId>\r
                           <!--Optional:-->\r
                           <originalPrice>?</originalPrice>\r
                           <!--Optional:-->\r
                           <parentItemId>?</parentItemId>\r
                           <!--Optional:-->\r
                           <price>?</price>\r
                           <!--Optional:-->\r
                           <priceInclTax>?</priceInclTax>\r
                           <!--Optional:-->\r
                           <productId>?</productId>\r
                           <!--Optional:-->\r
                           <productType>?</productType>\r
                           <!--Optional:-->\r
                           <qtyBackordered>?</qtyBackordered>\r
                           <!--Optional:-->\r
                           <qtyCanceled>?</qtyCanceled>\r
                           <!--Optional:-->\r
                           <qtyInvoiced>?</qtyInvoiced>\r
                           <!--Optional:-->\r
                           <qtyOrdered>?</qtyOrdered>\r
                           <!--Optional:-->\r
                           <qtyRefunded>?</qtyRefunded>\r
                           <!--Optional:-->\r
                           <qtyReturned>?</qtyReturned>\r
                           <!--Optional:-->\r
                           <qtyShipped>?</qtyShipped>\r
                           <!--Optional:-->\r
                           <quoteItemId>?</quoteItemId>\r
                           <!--Optional:-->\r
                           <rowInvoiced>?</rowInvoiced>\r
                           <!--Optional:-->\r
                           <rowTotal>?</rowTotal>\r
                           <!--Optional:-->\r
                           <rowTotalInclTax>?</rowTotalInclTax>\r
                           <!--Optional:-->\r
                           <rowWeight>?</rowWeight>\r
                           <sku>?</sku>\r
                           <!--Optional:-->\r
                           <storeId>?</storeId>\r
                           <!--Optional:-->\r
                           <taxAmount>?</taxAmount>\r
                           <!--Optional:-->\r
                           <taxBeforeDiscount>?</taxBeforeDiscount>\r
                           <!--Optional:-->\r
                           <taxCanceled>?</taxCanceled>\r
                           <!--Optional:-->\r
                           <taxInvoiced>?</taxInvoiced>\r
                           <!--Optional:-->\r
                           <taxPercent>?</taxPercent>\r
                           <!--Optional:-->\r
                           <taxRefunded>?</taxRefunded>\r
                           <!--Optional:-->\r
                           <updatedAt>?</updatedAt>\r
                           <!--Optional:-->\r
                           <weeeTaxApplied>?</weeeTaxApplied>\r
                           <!--Optional:-->\r
                           <weeeTaxAppliedAmount>?</weeeTaxAppliedAmount>\r
                           <!--Optional:-->\r
                           <weeeTaxAppliedRowAmount>?</weeeTaxAppliedRowAmount>\r
                           <!--Optional:-->\r
                           <weeeTaxDisposition>?</weeeTaxDisposition>\r
                           <!--Optional:-->\r
                           <weeeTaxRowDisposition>?</weeeTaxRowDisposition>\r
                           <!--Optional:-->\r
                           <weight>?</weight>\r
                           <!--Optional:-->\r
                           <parentItem/>\r
                           <!--Optional:-->\r
                           <productOption>\r
                              <!--Optional:-->\r
                              <extensionAttributes>\r
                                 <!--Optional:-->\r
                                 <customOptions>\r
                                    <!--Zero or more repetitions:-->\r
                                    <item>\r
                                       <optionId>?</optionId>\r
                                       <optionValue>?</optionValue>\r
                                       <!--Optional:-->\r
                                       <extensionAttributes>\r
                                          <!--Optional:-->\r
                                          <fileInfo>\r
                                             <base64EncodedData>?</base64EncodedData>\r
                                             <type>?</type>\r
                                             <name>?</name>\r
                                          </fileInfo>\r
                                       </extensionAttributes>\r
                                    </item>\r
                                 </customOptions>\r
                                 <!--Optional:-->\r
                                 <configurableItemOptions>\r
                                    <!--Zero or more repetitions:-->\r
                                    <item>\r
                                       <optionId>?</optionId>\r
                                       <!--Optional:-->\r
                                       <optionValue>?</optionValue>\r
                                       <!--Optional:-->\r
                                       <extensionAttributes/>\r
                                    </item>\r
                                 </configurableItemOptions>\r
                                 <!--Optional:-->\r
                                 <downloadableOption>\r
                                    <downloadableLinks>\r
                                       <!--Zero or more repetitions:-->\r
                                       <item>?</item>\r
                                    </downloadableLinks>\r
                                 </downloadableOption>\r
                                 <!--Optional:-->\r
                                 <bundleOptions>\r
                                    <!--Zero or more repetitions:-->\r
                                    <item>\r
                                       <optionId>?</optionId>\r
                                       <optionQty>?</optionQty>\r
                                       <optionSelections>\r
                                          <!--Zero or more repetitions:-->\r
                                          <item>?</item>\r
                                       </optionSelections>\r
                                       <!--Optional:-->\r
                                       <extensionAttributes/>\r
                                    </item>\r
                                 </bundleOptions>\r
                              </extensionAttributes>\r
                           </productOption>\r
                           <!--Optional:-->\r
                           <extensionAttributes>\r
                              <!--Optional:-->\r
                              <giftMessage>\r
                                 <!--Optional:-->\r
                                 <giftMessageId>?</giftMessageId>\r
                                 <!--Optional:-->\r
                                 <customerId>?</customerId>\r
                                 <sender>?</sender>\r
                                 <recipient>?</recipient>\r
                                 <message>?</message>\r
                                 <!--Optional:-->\r
                                 <extensionAttributes>\r
                                    <!--Optional:-->\r
                                    <entityId>?</entityId>\r
                                    <!--Optional:-->\r
                                    <entityType>?</entityType>\r
                                 </extensionAttributes>\r
                              </giftMessage>\r
                              <!--Optional:-->\r
                              <vertexTaxCodes>\r
                                 <!--Zero or more repetitions:-->\r
                                 <item>?</item>\r
                              </vertexTaxCodes>\r
                              <!--Optional:-->\r
                              <invoiceTextCodes>\r
                                 <!--Zero or more repetitions:-->\r
                                 <item>?</item>\r
                              </invoiceTextCodes>\r
                              <!--Optional:-->\r
                              <taxCodes>\r
                                 <!--Zero or more repetitions:-->\r
                                 <item>?</item>\r
                              </taxCodes>\r
                           </extensionAttributes>\r
                        </item>\r
                     </items>\r
                     <!--Optional:-->\r
                     <stockId>?</stockId>\r
                     <!--Optional:-->\r
                     <extensionAttributes/>\r
                  </item>\r
               </shippingAssignments>\r
               <!--Optional:-->\r
               <paymentAdditionalInfo>\r
                  <!--Zero or more repetitions:-->\r
                  <item>\r
                     <key>?</key>\r
                     <value>?</value>\r
                  </item>\r
               </paymentAdditionalInfo>\r
               <!--Optional:-->\r
               <giftMessage>\r
                  <!--Optional:-->\r
                  <giftMessageId>?</giftMessageId>\r
                  <!--Optional:-->\r
                  <customerId>?</customerId>\r
                  <sender>?</sender>\r
                  <recipient>?</recipient>\r
                  <message>?</message>\r
                  <!--Optional:-->\r
                  <extensionAttributes>\r
                     <!--Optional:-->\r
                     <entityId>?</entityId>\r
                     <!--Optional:-->\r
                     <entityType>?</entityType>\r
                  </extensionAttributes>\r
               </giftMessage>\r
               <!--Optional:-->\r
               <appliedTaxes>\r
                  <!--Zero or more repetitions:-->\r
                  <item>\r
                     <!--Optional:-->\r
                     <code>?</code>\r
                     <!--Optional:-->\r
                     <title>?</title>\r
                     <!--Optional:-->\r
                     <percent>?</percent>\r
                     <amount>?</amount>\r
                     <baseAmount>?</baseAmount>\r
                     <!--Optional:-->\r
                     <extensionAttributes>\r
                        <!--Optional:-->\r
                        <rates>\r
                           <!--Zero or more repetitions:-->\r
                           <item>\r
                              <!--Optional:-->\r
                              <code>?</code>\r
                              <!--Optional:-->\r
                              <title>?</title>\r
                              <!--Optional:-->\r
                              <percent>?</percent>\r
                              <!--Optional:-->\r
                              <extensionAttributes/>\r
                           </item>\r
                        </rates>\r
                     </extensionAttributes>\r
                  </item>\r
               </appliedTaxes>\r
               <!--Optional:-->\r
               <itemAppliedTaxes>\r
                  <!--Zero or more repetitions:-->\r
                  <item>\r
                     <!--Optional:-->\r
                     <type>?</type>\r
                     <!--Optional:-->\r
                     <itemId>?</itemId>\r
                     <!--Optional:-->\r
                     <associatedItemId>?</associatedItemId>\r
                     <!--Optional:-->\r
                     <appliedTaxes>\r
                        <!--Zero or more repetitions:-->\r
                        <item>\r
                           <!--Optional:-->\r
                           <code>?</code>\r
                           <!--Optional:-->\r
                           <title>?</title>\r
                           <!--Optional:-->\r
                           <percent>?</percent>\r
                           <amount>?</amount>\r
                           <baseAmount>?</baseAmount>\r
                           <!--Optional:-->\r
                           <extensionAttributes>\r
                              <!--Optional:-->\r
                              <rates>\r
                                 <!--Zero or more repetitions:-->\r
                                 <item>\r
                                    <!--Optional:-->\r
                                    <code>?</code>\r
                                    <!--Optional:-->\r
                                    <title>?</title>\r
                                    <!--Optional:-->\r
                                    <percent>?</percent>\r
                                    <!--Optional:-->\r
                                    <extensionAttributes/>\r
                                 </item>\r
                              </rates>\r
                           </extensionAttributes>\r
                        </item>\r
                     </appliedTaxes>\r
                     <!--Optional:-->\r
                     <extensionAttributes/>\r
                  </item>\r
               </itemAppliedTaxes>\r
               <!--Optional:-->\r
               <convertingFromQuote>?</convertingFromQuote>\r
               <!--Optional:-->\r
               <amazonOrderReferenceId>\r
                  <amazonOrderReferenceId>?</amazonOrderReferenceId>\r
                  <orderId>?</orderId>\r
               </amazonOrderReferenceId>\r
            </extensionAttributes>\r
         </entity>\r
      </def:salesOrderRepositoryV1SaveRequest>\r
   </soap:Body>\r
</soap:Envelope>]]></con:request><con:wsaConfig mustUnderstand="NONE" version="200508" action="http://soap.upskills.in/soap/default?services=salesOrderRepositoryV1/salesOrderRepositoryV1PortType/salesOrderRepositoryV1SaveRequest"/></con:call></con:operation></con:interface><con:interface xsi:type="con:WsdlInterface" id="00c9c09b-232c-4d7a-9d91-19e8ad234cf8" wsaVersion="NONE" name="salesOrderManagementV1Binding" type="wsdl" bindingName="{http://soap.upskills.in/soap/default?services=salesOrderManagementV1}salesOrderManagementV1Binding" soapVersion="1_2" anonymous="optional" definition="file:/C:/Users/RahulDavuluri/Downloads/SOAP%20API%20WSDL%20EndPoints/SOAP%20API%20WSDL%20EndPoints/salesOrderManagementV1.xml" xmlns:xsi="http://www.w3.org/2001/XMLSchema-instance"><con:settings/><con:definitionCache type="TEXT" rootPart="file:/C:/Users/RahulDavuluri/Downloads/SOAP%20API%20WSDL%20EndPoints/SOAP%20API%20WSDL%20EndPoints/salesOrderManagementV1.xml"><con:part><con:url>file:/C:/Users/RahulDavuluri/Downloads/SOAP%20API%20WSDL%20EndPoints/SOAP%20API%20WSDL%20EndPoints/salesOrderManagementV1.xml</con:url><con:content><![CDATA[<definitions name="MagentoWSDL" targetNamespace="http://soap.upskills.in/soap/default?services=salesOrderManagementV1" xmlns="http://schemas.xmlsoap.org/wsdl/" xmlns:wsdl="http://schemas.xmlsoap.org/wsdl/" xmlns:tns="http://soap.upskills.in/soap/default?services=salesOrderManagementV1" xmlns:soap="http://schemas.xmlsoap.org/wsdl/soap/" xmlns:xsd="http://www.w3.org/2001/XMLSchema" xmlns:soap-enc="http://schemas.xmlsoap.org/soap/encoding/" xmlns:soap12="http://schemas.xmlsoap.org/wsdl/soap12/">
  <types>
    <xsd:schema targetNamespace="http://soap.upskills.in/soap/default?services=salesOrderManagementV1">
      <xsd:element name="GenericFault" type="tns:GenericFault"/>
      <xsd:complexType name="GenericFaultParameter">
        <xsd:sequence>
          <xsd:element name="key" minOccurs="1" maxOccurs="1" type="xsd:string">
            <xsd:annotation>
              <xsd:documentation/>
              <xsd:appinfo xmlns:inf="http://soap.upskills.in/soap/default?services=salesOrderManagementV1">
                <inf:maxLength/>
              </xsd:appinfo>
            </xsd:annotation>
          </xsd:element>
          <xsd:element name="value" minOccurs="1" maxOccurs="1" type="xsd:string">
            <xsd:annotation>
              <xsd:documentation/>
              <xsd:appinfo xmlns:inf="http://soap.upskills.in/soap/default?services=salesOrderManagementV1">
                <inf:maxLength/>
              </xsd:appinfo>
            </xsd:annotation>
          </xsd:element>
        </xsd:sequence>
      </xsd:complexType>
      <xsd:complexType name="ArrayOfGenericFaultParameter">
        <xsd:annotation>
          <xsd:documentation>An array of GenericFaultParameter items.</xsd:documentation>
          <xsd:appinfo xmlns:inf="http://soap.upskills.in/soap/default?services=salesOrderManagementV1"/>
        </xsd:annotation>
        <xsd:sequence>
          <xsd:element name="item" minOccurs="0" maxOccurs="unbounded" type="tns:GenericFaultParameter">
            <xsd:annotation>
              <xsd:documentation>An item of ArrayOfGenericFaultParameter.</xsd:documentation>
              <xsd:appinfo xmlns:inf="http://soap.upskills.in/soap/default?services=salesOrderManagementV1"/>
            </xsd:annotation>
          </xsd:element>
        </xsd:sequence>
      </xsd:complexType>
      <xsd:complexType name="WrappedError">
        <xsd:sequence>
          <xsd:element name="message" minOccurs="1" maxOccurs="1" type="xsd:string">
            <xsd:annotation>
              <xsd:documentation/>
              <xsd:appinfo xmlns:inf="http://soap.upskills.in/soap/default?services=salesOrderManagementV1">
                <inf:maxLength/>
              </xsd:appinfo>
            </xsd:annotation>
          </xsd:element>
          <xsd:element name="parameters" type="tns:ArrayOfGenericFaultParameter" minOccurs="0">
            <xsd:annotation>
              <xsd:documentation>Message parameters.</xsd:documentation>
              <xsd:appinfo xmlns:inf="http://soap.upskills.in/soap/default?services=salesOrderManagementV1">
                <inf:natureOfType>array</inf:natureOfType>
              </xsd:appinfo>
            </xsd:annotation>
          </xsd:element>
        </xsd:sequence>
      </xsd:complexType>
      <xsd:complexType name="ArrayOfWrappedError">
        <xsd:annotation>
          <xsd:documentation>An array of WrappedError items.</xsd:documentation>
          <xsd:appinfo xmlns:inf="http://soap.upskills.in/soap/default?services=salesOrderManagementV1"/>
        </xsd:annotation>
        <xsd:sequence>
          <xsd:element name="item" minOccurs="0" maxOccurs="unbounded" type="tns:WrappedError">
            <xsd:annotation>
              <xsd:documentation>An item of ArrayOfWrappedError.</xsd:documentation>
              <xsd:appinfo xmlns:inf="http://soap.upskills.in/soap/default?services=salesOrderManagementV1"/>
            </xsd:annotation>
          </xsd:element>
        </xsd:sequence>
      </xsd:complexType>
      <xsd:complexType name="GenericFault">
        <xsd:sequence>
          <xsd:element name="Trace" minOccurs="0" maxOccurs="1" type="xsd:string">
            <xsd:annotation>
              <xsd:documentation>Exception calls stack trace.</xsd:documentation>
              <xsd:appinfo xmlns:inf="http://soap.upskills.in/soap/default?services=salesOrderManagementV1">
                <inf:maxLength/>
              </xsd:appinfo>
            </xsd:annotation>
          </xsd:element>
          <xsd:element name="Parameters" type="tns:ArrayOfGenericFaultParameter" minOccurs="0">
            <xsd:annotation>
              <xsd:documentation>Additional exception parameters.</xsd:documentation>
              <xsd:appinfo xmlns:inf="http://soap.upskills.in/soap/default?services=salesOrderManagementV1">
                <inf:natureOfType>array</inf:natureOfType>
              </xsd:appinfo>
            </xsd:annotation>
          </xsd:element>
          <xsd:element name="WrappedErrors" type="tns:ArrayOfWrappedError" minOccurs="0">
            <xsd:annotation>
              <xsd:documentation>Additional wrapped errors.</xsd:documentation>
              <xsd:appinfo xmlns:inf="http://soap.upskills.in/soap/default?services=salesOrderManagementV1">
                <inf:natureOfType>array</inf:natureOfType>
              </xsd:appinfo>
            </xsd:annotation>
          </xsd:element>
        </xsd:sequence>
      </xsd:complexType>
      <xsd:complexType name="FrameworkDataImageContentInterface">
        <xsd:annotation>
          <xsd:documentation>Image Content data interface</xsd:documentation>
          <xsd:appinfo xmlns:inf="http://soap.upskills.in/soap/default?services=salesOrderManagementV1"/>
        </xsd:annotation>
        <xsd:sequence>
          <xsd:element name="base64EncodedData" minOccurs="1" maxOccurs="1" type="xsd:string">
            <xsd:annotation>
              <xsd:documentation>Media data (base64 encoded content)</xsd:documentation>
              <xsd:appinfo xmlns:inf="http://soap.upskills.in/soap/default?services=salesOrderManagementV1">
                <inf:maxLength/>
              </xsd:appinfo>
            </xsd:annotation>
          </xsd:element>
          <xsd:element name="type" minOccurs="1" maxOccurs="1" type="xsd:string">
            <xsd:annotation>
              <xsd:documentation>MIME type</xsd:documentation>
              <xsd:appinfo xmlns:inf="http://soap.upskills.in/soap/default?services=salesOrderManagementV1">
                <inf:maxLength/>
              </xsd:appinfo>
            </xsd:annotation>
          </xsd:element>
          <xsd:element name="name" minOccurs="1" maxOccurs="1" type="xsd:string">
            <xsd:annotation>
              <xsd:documentation>Image name</xsd:documentation>
              <xsd:appinfo xmlns:inf="http://soap.upskills.in/soap/default?services=salesOrderManagementV1">
                <inf:maxLength/>
              </xsd:appinfo>
            </xsd:annotation>
          </xsd:element>
        </xsd:sequence>
      </xsd:complexType>
      <xsd:complexType name="CustomerDataRegionExtensionInterface">
        <xsd:annotation>
          <xsd:documentation>ExtensionInterface class for @see \Magento\Customer\Api\Data\RegionInterface</xsd:documentation>
          <xsd:appinfo xmlns:inf="http://soap.upskills.in/soap/default?services=salesOrderManagementV1"/>
        </xsd:annotation>
      </xsd:complexType>
      <xsd:complexType name="CustomerDataRegionInterface">
        <xsd:annotation>
          <xsd:documentation>Customer address region interface.</xsd:documentation>
          <xsd:appinfo xmlns:inf="http://soap.upskills.in/soap/default?services=salesOrderManagementV1"/>
        </xsd:annotation>
        <xsd:sequence>
          <xsd:element name="regionCode" minOccurs="1" maxOccurs="1" type="xsd:string">
            <xsd:annotation>
              <xsd:documentation>Region code</xsd:documentation>
              <xsd:appinfo xmlns:inf="http://soap.upskills.in/soap/default?services=salesOrderManagementV1">
                <inf:maxLength/>
              </xsd:appinfo>
            </xsd:annotation>
          </xsd:element>
          <xsd:element name="region" minOccurs="1" maxOccurs="1" type="xsd:string">
            <xsd:annotation>
              <xsd:documentation>Region</xsd:documentation>
              <xsd:appinfo xmlns:inf="http://soap.upskills.in/soap/default?services=salesOrderManagementV1">
                <inf:maxLength/>
              </xsd:appinfo>
            </xsd:annotation>
          </xsd:element>
          <xsd:element name="regionId" minOccurs="1" maxOccurs="1" type="xsd:int">
            <xsd:annotation>
              <xsd:documentation>Region id</xsd:documentation>
              <xsd:appinfo xmlns:inf="http://soap.upskills.in/soap/default?services=salesOrderManagementV1">
                <inf:min/>
                <inf:max/>
              </xsd:appinfo>
            </xsd:annotation>
          </xsd:element>
          <xsd:element name="extensionAttributes" minOccurs="0" maxOccurs="1" type="tns:CustomerDataRegionExtensionInterface">
            <xsd:annotation>
              <xsd:documentation>Existing extension attributes object or create a new one.</xsd:documentation>
              <xsd:appinfo xmlns:inf="http://soap.upskills.in/soap/default?services=salesOrderManagementV1"/>
            </xsd:annotation>
          </xsd:element>
        </xsd:sequence>
      </xsd:complexType>
      <xsd:complexType name="ArrayOfString">
        <xsd:annotation>
          <xsd:documentation>An array of string items.</xsd:documentation>
          <xsd:appinfo xmlns:inf="http://soap.upskills.in/soap/default?services=salesOrderManagementV1"/>
        </xsd:annotation>
        <xsd:sequence>
          <xsd:element name="item" minOccurs="0" maxOccurs="unbounded" type="xsd:string">
            <xsd:annotation>
              <xsd:documentation>An item of ArrayOfString.</xsd:documentation>
              <xsd:appinfo xmlns:inf="http://soap.upskills.in/soap/default?services=salesOrderManagementV1">
                <inf:maxLength/>
              </xsd:appinfo>
            </xsd:annotation>
          </xsd:element>
        </xsd:sequence>
      </xsd:complexType>
      <xsd:complexType name="CustomerDataAddressExtensionInterface">
        <xsd:annotation>
          <xsd:documentation>ExtensionInterface class for @see \Magento\Customer\Api\Data\AddressInterface</xsd:documentation>
          <xsd:appinfo xmlns:inf="http://soap.upskills.in/soap/default?services=salesOrderManagementV1"/>
        </xsd:annotation>
      </xsd:complexType>
      <xsd:complexType name="FrameworkAttributeInterface">
        <xsd:annotation>
          <xsd:documentation>Interface for custom attribute value.</xsd:documentation>
          <xsd:appinfo xmlns:inf="http://soap.upskills.in/soap/default?services=salesOrderManagementV1"/>
        </xsd:annotation>
        <xsd:sequence>
          <xsd:element name="attributeCode" minOccurs="1" maxOccurs="1" type="xsd:string">
            <xsd:annotation>
              <xsd:documentation>Attribute code</xsd:documentation>
              <xsd:appinfo xmlns:inf="http://soap.upskills.in/soap/default?services=salesOrderManagementV1">
                <inf:maxLength/>
              </xsd:appinfo>
            </xsd:annotation>
          </xsd:element>
          <xsd:element name="value" minOccurs="1" maxOccurs="1" type="xsd:anyType">
            <xsd:annotation>
              <xsd:documentation>Attribute value</xsd:documentation>
              <xsd:appinfo xmlns:inf="http://soap.upskills.in/soap/default?services=salesOrderManagementV1"/>
            </xsd:annotation>
          </xsd:element>
        </xsd:sequence>
      </xsd:complexType>
      <xsd:complexType name="ArrayOfFrameworkAttributeInterface">
        <xsd:annotation>
          <xsd:documentation>An array of FrameworkAttributeInterface items.</xsd:documentation>
          <xsd:appinfo xmlns:inf="http://soap.upskills.in/soap/default?services=salesOrderManagementV1"/>
        </xsd:annotation>
        <xsd:sequence>
          <xsd:element name="item" minOccurs="0" maxOccurs="unbounded" type="tns:FrameworkAttributeInterface">
            <xsd:annotation>
              <xsd:documentation>An item of ArrayOfFrameworkAttributeInterface.</xsd:documentation>
              <xsd:appinfo xmlns:inf="http://soap.upskills.in/soap/default?services=salesOrderManagementV1"/>
            </xsd:annotation>
          </xsd:element>
        </xsd:sequence>
      </xsd:complexType>
      <xsd:complexType name="CustomerDataAddressInterface">
        <xsd:annotation>
          <xsd:documentation>Customer address interface.</xsd:documentation>
          <xsd:appinfo xmlns:inf="http://soap.upskills.in/soap/default?services=salesOrderManagementV1"/>
        </xsd:annotation>
        <xsd:sequence>
          <xsd:element name="id" minOccurs="0" maxOccurs="1" type="xsd:int">
            <xsd:annotation>
              <xsd:documentation>ID</xsd:documentation>
              <xsd:appinfo xmlns:inf="http://soap.upskills.in/soap/default?services=salesOrderManagementV1">
                <inf:min/>
                <inf:max/>
              </xsd:appinfo>
            </xsd:annotation>
          </xsd:element>
          <xsd:element name="customerId" minOccurs="0" maxOccurs="1" type="xsd:int">
            <xsd:annotation>
              <xsd:documentation>Customer ID</xsd:documentation>
              <xsd:appinfo xmlns:inf="http://soap.upskills.in/soap/default?services=salesOrderManagementV1">
                <inf:min/>
                <inf:max/>
              </xsd:appinfo>
            </xsd:annotation>
          </xsd:element>
          <xsd:element name="region" minOccurs="0" maxOccurs="1" type="tns:CustomerDataRegionInterface">
            <xsd:annotation>
              <xsd:documentation>Region</xsd:documentation>
              <xsd:appinfo xmlns:inf="http://soap.upskills.in/soap/default?services=salesOrderManagementV1"/>
            </xsd:annotation>
          </xsd:element>
          <xsd:element name="regionId" minOccurs="0" maxOccurs="1" type="xsd:int">
            <xsd:annotation>
              <xsd:documentation>Region ID</xsd:documentation>
              <xsd:appinfo xmlns:inf="http://soap.upskills.in/soap/default?services=salesOrderManagementV1">
                <inf:min/>
                <inf:max/>
              </xsd:appinfo>
            </xsd:annotation>
          </xsd:element>
          <xsd:element name="countryId" minOccurs="0" maxOccurs="1" type="xsd:string">
            <xsd:annotation>
              <xsd:documentation>Country code in ISO_3166-2 format</xsd:documentation>
              <xsd:appinfo xmlns:inf="http://soap.upskills.in/soap/default?services=salesOrderManagementV1">
                <inf:maxLength/>
              </xsd:appinfo>
            </xsd:annotation>
          </xsd:element>
          <xsd:element name="street" type="tns:ArrayOfString" minOccurs="0">
            <xsd:annotation>
              <xsd:documentation>Street</xsd:documentation>
              <xsd:appinfo xmlns:inf="http://soap.upskills.in/soap/default?services=salesOrderManagementV1">
                <inf:natureOfType>array</inf:natureOfType>
              </xsd:appinfo>
            </xsd:annotation>
          </xsd:element>
          <xsd:element name="company" minOccurs="0" maxOccurs="1" type="xsd:string">
            <xsd:annotation>
              <xsd:documentation>Company</xsd:documentation>
              <xsd:appinfo xmlns:inf="http://soap.upskills.in/soap/default?services=salesOrderManagementV1">
                <inf:maxLength/>
              </xsd:appinfo>
            </xsd:annotation>
          </xsd:element>
          <xsd:element name="telephone" minOccurs="0" maxOccurs="1" type="xsd:string">
            <xsd:annotation>
              <xsd:documentation>Telephone number</xsd:documentation>
              <xsd:appinfo xmlns:inf="http://soap.upskills.in/soap/default?services=salesOrderManagementV1">
                <inf:maxLength/>
              </xsd:appinfo>
            </xsd:annotation>
          </xsd:element>
          <xsd:element name="fax" minOccurs="0" maxOccurs="1" type="xsd:string">
            <xsd:annotation>
              <xsd:documentation>Fax number</xsd:documentation>
              <xsd:appinfo xmlns:inf="http://soap.upskills.in/soap/default?services=salesOrderManagementV1">
                <inf:maxLength/>
              </xsd:appinfo>
            </xsd:annotation>
          </xsd:element>
          <xsd:element name="postcode" minOccurs="0" maxOccurs="1" type="xsd:string">
            <xsd:annotation>
              <xsd:documentation>Postcode</xsd:documentation>
              <xsd:appinfo xmlns:inf="http://soap.upskills.in/soap/default?services=salesOrderManagementV1">
                <inf:maxLength/>
              </xsd:appinfo>
            </xsd:annotation>
          </xsd:element>
          <xsd:element name="city" minOccurs="0" maxOccurs="1" type="xsd:string">
            <xsd:annotation>
              <xsd:documentation>City name</xsd:documentation>
              <xsd:appinfo xmlns:inf="http://soap.upskills.in/soap/default?services=salesOrderManagementV1">
                <inf:maxLength/>
              </xsd:appinfo>
            </xsd:annotation>
          </xsd:element>
          <xsd:element name="firstname" minOccurs="0" maxOccurs="1" type="xsd:string">
            <xsd:annotation>
              <xsd:documentation>First name</xsd:documentation>
              <xsd:appinfo xmlns:inf="http://soap.upskills.in/soap/default?services=salesOrderManagementV1">
                <inf:maxLength/>
              </xsd:appinfo>
            </xsd:annotation>
          </xsd:element>
          <xsd:element name="lastname" minOccurs="0" maxOccurs="1" type="xsd:string">
            <xsd:annotation>
              <xsd:documentation>Last name</xsd:documentation>
              <xsd:appinfo xmlns:inf="http://soap.upskills.in/soap/default?services=salesOrderManagementV1">
                <inf:maxLength/>
              </xsd:appinfo>
            </xsd:annotation>
          </xsd:element>
          <xsd:element name="middlename" minOccurs="0" maxOccurs="1" type="xsd:string">
            <xsd:annotation>
              <xsd:documentation>Middle name</xsd:documentation>
              <xsd:appinfo xmlns:inf="http://soap.upskills.in/soap/default?services=salesOrderManagementV1">
                <inf:maxLength/>
              </xsd:appinfo>
            </xsd:annotation>
          </xsd:element>
          <xsd:element name="prefix" minOccurs="0" maxOccurs="1" type="xsd:string">
            <xsd:annotation>
              <xsd:documentation>Prefix</xsd:documentation>
              <xsd:appinfo xmlns:inf="http://soap.upskills.in/soap/default?services=salesOrderManagementV1">
                <inf:maxLength/>
              </xsd:appinfo>
            </xsd:annotation>
          </xsd:element>
          <xsd:element name="suffix" minOccurs="0" maxOccurs="1" type="xsd:string">
            <xsd:annotation>
              <xsd:documentation>Suffix</xsd:documentation>
              <xsd:appinfo xmlns:inf="http://soap.upskills.in/soap/default?services=salesOrderManagementV1">
                <inf:maxLength/>
              </xsd:appinfo>
            </xsd:annotation>
          </xsd:element>
          <xsd:element name="vatId" minOccurs="0" maxOccurs="1" type="xsd:string">
            <xsd:annotation>
              <xsd:documentation>Vat id</xsd:documentation>
              <xsd:appinfo xmlns:inf="http://soap.upskills.in/soap/default?services=salesOrderManagementV1">
                <inf:maxLength/>
              </xsd:appinfo>
            </xsd:annotation>
          </xsd:element>
          <xsd:element name="defaultShipping" minOccurs="0" maxOccurs="1" type="xsd:boolean">
            <xsd:annotation>
              <xsd:documentation>If this address is default shipping address.</xsd:documentation>
              <xsd:appinfo xmlns:inf="http://soap.upskills.in/soap/default?services=salesOrderManagementV1">
                <inf:default>false</inf:default>
              </xsd:appinfo>
            </xsd:annotation>
          </xsd:element>
          <xsd:element name="defaultBilling" minOccurs="0" maxOccurs="1" type="xsd:boolean">
            <xsd:annotation>
              <xsd:documentation>If this address is default billing address</xsd:documentation>
              <xsd:appinfo xmlns:inf="http://soap.upskills.in/soap/default?services=salesOrderManagementV1">
                <inf:default>false</inf:default>
              </xsd:appinfo>
            </xsd:annotation>
          </xsd:element>
          <xsd:element name="extensionAttributes" minOccurs="0" maxOccurs="1" type="tns:CustomerDataAddressExtensionInterface">
            <xsd:annotation>
              <xsd:documentation>Existing extension attributes object or create a new one.</xsd:documentation>
              <xsd:appinfo xmlns:inf="http://soap.upskills.in/soap/default?services=salesOrderManagementV1"/>
            </xsd:annotation>
          </xsd:element>
          <xsd:element name="customAttributes" type="tns:ArrayOfFrameworkAttributeInterface" minOccurs="0">
            <xsd:annotation>
              <xsd:documentation>Custom attributes values.</xsd:documentation>
              <xsd:appinfo xmlns:inf="http://soap.upskills.in/soap/default?services=salesOrderManagementV1">
                <inf:natureOfType>array</inf:natureOfType>
              </xsd:appinfo>
            </xsd:annotation>
          </xsd:element>
        </xsd:sequence>
      </xsd:complexType>
      <xsd:element name="salesOrderManagementV1GetStatusRequest" type="tns:SalesOrderManagementV1GetStatusRequest"/>
      <xsd:complexType name="SalesOrderManagementV1GetStatusRequest">
        <xsd:annotation>
          <xsd:documentation>Gets the status for a specified order.</xsd:documentation>
          <xsd:appinfo xmlns:inf="http://soap.upskills.in/soap/default?services=salesOrderManagementV1"/>
        </xsd:annotation>
        <xsd:sequence>
          <xsd:element name="id" minOccurs="1" maxOccurs="1" type="xsd:int">
            <xsd:annotation>
              <xsd:documentation>The order ID.</xsd:documentation>
              <xsd:appinfo xmlns:inf="http://soap.upskills.in/soap/default?services=salesOrderManagementV1">
                <inf:min/>
                <inf:max/>
                <inf:callInfo>
                  <inf:callName>salesOrderManagementV1GetStatus</inf:callName>
                  <inf:requiredInput>Yes</inf:requiredInput>
                </inf:callInfo>
              </xsd:appinfo>
            </xsd:annotation>
          </xsd:element>
        </xsd:sequence>
      </xsd:complexType>
      <xsd:element name="salesOrderManagementV1GetStatusResponse" type="tns:SalesOrderManagementV1GetStatusResponse"/>
      <xsd:complexType name="SalesOrderManagementV1GetStatusResponse">
        <xsd:annotation>
          <xsd:documentation>Response container for the salesOrderManagementV1GetStatus call.</xsd:documentation>
          <xsd:appinfo xmlns:inf="http://soap.upskills.in/soap/default?services=salesOrderManagementV1"/>
        </xsd:annotation>
        <xsd:sequence>
          <xsd:element name="result" minOccurs="1" maxOccurs="1" type="xsd:string">
            <xsd:annotation>
              <xsd:documentation>Order status.</xsd:documentation>
              <xsd:appinfo xmlns:inf="http://soap.upskills.in/soap/default?services=salesOrderManagementV1">
                <inf:maxLength/>
                <inf:callInfo>
                  <inf:callName>salesOrderManagementV1GetStatus</inf:callName>
                  <inf:returned>Always</inf:returned>
                </inf:callInfo>
              </xsd:appinfo>
            </xsd:annotation>
          </xsd:element>
        </xsd:sequence>
      </xsd:complexType>
      <xsd:element name="salesOrderManagementV1CancelRequest" type="tns:SalesOrderManagementV1CancelRequest"/>
      <xsd:complexType name="SalesOrderManagementV1CancelRequest">
        <xsd:annotation>
          <xsd:documentation>Cancels a specified order.</xsd:documentation>
          <xsd:appinfo xmlns:inf="http://soap.upskills.in/soap/default?services=salesOrderManagementV1"/>
        </xsd:annotation>
        <xsd:sequence>
          <xsd:element name="id" minOccurs="1" maxOccurs="1" type="xsd:int">
            <xsd:annotation>
              <xsd:documentation>The order ID.</xsd:documentation>
              <xsd:appinfo xmlns:inf="http://soap.upskills.in/soap/default?services=salesOrderManagementV1">
                <inf:min/>
                <inf:max/>
                <inf:callInfo>
                  <inf:callName>salesOrderManagementV1Cancel</inf:callName>
                  <inf:requiredInput>Yes</inf:requiredInput>
                </inf:callInfo>
              </xsd:appinfo>
            </xsd:annotation>
          </xsd:element>
        </xsd:sequence>
      </xsd:complexType>
      <xsd:element name="salesOrderManagementV1CancelResponse" type="tns:SalesOrderManagementV1CancelResponse"/>
      <xsd:complexType name="SalesOrderManagementV1CancelResponse">
        <xsd:annotation>
          <xsd:documentation>Response container for the salesOrderManagementV1Cancel call.</xsd:documentation>
          <xsd:appinfo xmlns:inf="http://soap.upskills.in/soap/default?services=salesOrderManagementV1"/>
        </xsd:annotation>
        <xsd:sequence>
          <xsd:element name="result" minOccurs="1" maxOccurs="1" type="xsd:boolean">
            <xsd:annotation>
              <xsd:documentation/>
              <xsd:appinfo xmlns:inf="http://soap.upskills.in/soap/default?services=salesOrderManagementV1">
                <inf:default>false</inf:default>
                <inf:callInfo>
                  <inf:callName>salesOrderManagementV1Cancel</inf:callName>
                  <inf:returned>Always</inf:returned>
                </inf:callInfo>
              </xsd:appinfo>
            </xsd:annotation>
          </xsd:element>
        </xsd:sequence>
      </xsd:complexType>
      <xsd:element name="salesOrderManagementV1NotifyRequest" type="tns:SalesOrderManagementV1NotifyRequest"/>
      <xsd:complexType name="SalesOrderManagementV1NotifyRequest">
        <xsd:annotation>
          <xsd:documentation>Emails a user a specified order.</xsd:documentation>
          <xsd:appinfo xmlns:inf="http://soap.upskills.in/soap/default?services=salesOrderManagementV1"/>
        </xsd:annotation>
        <xsd:sequence>
          <xsd:element name="id" minOccurs="1" maxOccurs="1" type="xsd:int">
            <xsd:annotation>
              <xsd:documentation>The order ID.</xsd:documentation>
              <xsd:appinfo xmlns:inf="http://soap.upskills.in/soap/default?services=salesOrderManagementV1">
                <inf:min/>
                <inf:max/>
                <inf:callInfo>
                  <inf:callName>salesOrderManagementV1Notify</inf:callName>
                  <inf:requiredInput>Yes</inf:requiredInput>
                </inf:callInfo>
              </xsd:appinfo>
            </xsd:annotation>
          </xsd:element>
        </xsd:sequence>
      </xsd:complexType>
      <xsd:element name="salesOrderManagementV1NotifyResponse" type="tns:SalesOrderManagementV1NotifyResponse"/>
      <xsd:complexType name="SalesOrderManagementV1NotifyResponse">
        <xsd:annotation>
          <xsd:documentation>Response container for the salesOrderManagementV1Notify call.</xsd:documentation>
          <xsd:appinfo xmlns:inf="http://soap.upskills.in/soap/default?services=salesOrderManagementV1"/>
        </xsd:annotation>
        <xsd:sequence>
          <xsd:element name="result" minOccurs="1" maxOccurs="1" type="xsd:boolean">
            <xsd:annotation>
              <xsd:documentation/>
              <xsd:appinfo xmlns:inf="http://soap.upskills.in/soap/default?services=salesOrderManagementV1">
                <inf:default>false</inf:default>
                <inf:callInfo>
                  <inf:callName>salesOrderManagementV1Notify</inf:callName>
                  <inf:returned>Always</inf:returned>
                </inf:callInfo>
              </xsd:appinfo>
            </xsd:annotation>
          </xsd:element>
        </xsd:sequence>
      </xsd:complexType>
      <xsd:element name="salesOrderManagementV1HoldRequest" type="tns:SalesOrderManagementV1HoldRequest"/>
      <xsd:complexType name="SalesOrderManagementV1HoldRequest">
        <xsd:annotation>
          <xsd:documentation>Holds a specified order.</xsd:documentation>
          <xsd:appinfo xmlns:inf="http://soap.upskills.in/soap/default?services=salesOrderManagementV1"/>
        </xsd:annotation>
        <xsd:sequence>
          <xsd:element name="id" minOccurs="1" maxOccurs="1" type="xsd:int">
            <xsd:annotation>
              <xsd:documentation>The order ID.</xsd:documentation>
              <xsd:appinfo xmlns:inf="http://soap.upskills.in/soap/default?services=salesOrderManagementV1">
                <inf:min/>
                <inf:max/>
                <inf:callInfo>
                  <inf:callName>salesOrderManagementV1Hold</inf:callName>
                  <inf:requiredInput>Yes</inf:requiredInput>
                </inf:callInfo>
              </xsd:appinfo>
            </xsd:annotation>
          </xsd:element>
        </xsd:sequence>
      </xsd:complexType>
      <xsd:element name="salesOrderManagementV1HoldResponse" type="tns:SalesOrderManagementV1HoldResponse"/>
      <xsd:complexType name="SalesOrderManagementV1HoldResponse">
        <xsd:annotation>
          <xsd:documentation>Response container for the salesOrderManagementV1Hold call.</xsd:documentation>
          <xsd:appinfo xmlns:inf="http://soap.upskills.in/soap/default?services=salesOrderManagementV1"/>
        </xsd:annotation>
        <xsd:sequence>
          <xsd:element name="result" minOccurs="1" maxOccurs="1" type="xsd:boolean">
            <xsd:annotation>
              <xsd:documentation/>
              <xsd:appinfo xmlns:inf="http://soap.upskills.in/soap/default?services=salesOrderManagementV1">
                <inf:default>false</inf:default>
                <inf:callInfo>
                  <inf:callName>salesOrderManagementV1Hold</inf:callName>
                  <inf:returned>Always</inf:returned>
                </inf:callInfo>
              </xsd:appinfo>
            </xsd:annotation>
          </xsd:element>
        </xsd:sequence>
      </xsd:complexType>
      <xsd:element name="salesOrderManagementV1UnHoldRequest" type="tns:SalesOrderManagementV1UnHoldRequest"/>
      <xsd:complexType name="SalesOrderManagementV1UnHoldRequest">
        <xsd:annotation>
          <xsd:documentation>Releases a specified order from hold status.</xsd:documentation>
          <xsd:appinfo xmlns:inf="http://soap.upskills.in/soap/default?services=salesOrderManagementV1"/>
        </xsd:annotation>
        <xsd:sequence>
          <xsd:element name="id" minOccurs="1" maxOccurs="1" type="xsd:int">
            <xsd:annotation>
              <xsd:documentation>The order ID.</xsd:documentation>
              <xsd:appinfo xmlns:inf="http://soap.upskills.in/soap/default?services=salesOrderManagementV1">
                <inf:min/>
                <inf:max/>
                <inf:callInfo>
                  <inf:callName>salesOrderManagementV1UnHold</inf:callName>
                  <inf:requiredInput>Yes</inf:requiredInput>
                </inf:callInfo>
              </xsd:appinfo>
            </xsd:annotation>
          </xsd:element>
        </xsd:sequence>
      </xsd:complexType>
      <xsd:element name="salesOrderManagementV1UnHoldResponse" type="tns:SalesOrderManagementV1UnHoldResponse"/>
      <xsd:complexType name="SalesOrderManagementV1UnHoldResponse">
        <xsd:annotation>
          <xsd:documentation>Response container for the salesOrderManagementV1UnHold call.</xsd:documentation>
          <xsd:appinfo xmlns:inf="http://soap.upskills.in/soap/default?services=salesOrderManagementV1"/>
        </xsd:annotation>
        <xsd:sequence>
          <xsd:element name="result" minOccurs="1" maxOccurs="1" type="xsd:boolean">
            <xsd:annotation>
              <xsd:documentation/>
              <xsd:appinfo xmlns:inf="http://soap.upskills.in/soap/default?services=salesOrderManagementV1">
                <inf:default>false</inf:default>
                <inf:callInfo>
                  <inf:callName>salesOrderManagementV1UnHold</inf:callName>
                  <inf:returned>Always</inf:returned>
                </inf:callInfo>
              </xsd:appinfo>
            </xsd:annotation>
          </xsd:element>
        </xsd:sequence>
      </xsd:complexType>
      <xsd:element name="salesOrderManagementV1AddCommentRequest" type="tns:SalesOrderManagementV1AddCommentRequest"/>
      <xsd:complexType name="SalesDataOrderStatusHistoryExtensionInterface">
        <xsd:annotation>
          <xsd:documentation>ExtensionInterface class for @see \Magento\Sales\Api\Data\OrderStatusHistoryInterface</xsd:documentation>
          <xsd:appinfo xmlns:inf="http://soap.upskills.in/soap/default?services=salesOrderManagementV1"/>
        </xsd:annotation>
      </xsd:complexType>
      <xsd:complexType name="SalesDataOrderStatusHistoryInterface">
        <xsd:annotation>
          <xsd:documentation>Order status history interface. An order is a document that a web store issues to a customer. Magento generates a sales order that lists the product items, billing and shipping addresses, and shipping and payment methods. A corresponding external document, known as a purchase order, is emailed to the customer.</xsd:documentation>
          <xsd:appinfo xmlns:inf="http://soap.upskills.in/soap/default?services=salesOrderManagementV1"/>
        </xsd:annotation>
        <xsd:sequence>
          <xsd:element name="comment" minOccurs="1" maxOccurs="1" type="xsd:string">
            <xsd:annotation>
              <xsd:documentation>Comment.</xsd:documentation>
              <xsd:appinfo xmlns:inf="http://soap.upskills.in/soap/default?services=salesOrderManagementV1">
                <inf:maxLength/>
                <inf:callInfo>
                  <inf:callName>salesOrderManagementV1AddComment</inf:callName>
                  <inf:requiredInput>Yes</inf:requiredInput>
                </inf:callInfo>
              </xsd:appinfo>
            </xsd:annotation>
          </xsd:element>
          <xsd:element name="createdAt" minOccurs="0" maxOccurs="1" type="xsd:string">
            <xsd:annotation>
              <xsd:documentation>Created-at timestamp.</xsd:documentation>
              <xsd:appinfo xmlns:inf="http://soap.upskills.in/soap/default?services=salesOrderManagementV1">
                <inf:maxLength/>
                <inf:callInfo>
                  <inf:callName>salesOrderManagementV1AddComment</inf:callName>
                  <inf:requiredInput>No</inf:requiredInput>
                </inf:callInfo>
              </xsd:appinfo>
            </xsd:annotation>
          </xsd:element>
          <xsd:element name="entityId" minOccurs="0" maxOccurs="1" type="xsd:int">
            <xsd:annotation>
              <xsd:documentation>Order status history ID.</xsd:documentation>
              <xsd:appinfo xmlns:inf="http://soap.upskills.in/soap/default?services=salesOrderManagementV1">
                <inf:min/>
                <inf:max/>
                <inf:callInfo>
                  <inf:callName>salesOrderManagementV1AddComment</inf:callName>
                  <inf:requiredInput>No</inf:requiredInput>
                </inf:callInfo>
              </xsd:appinfo>
            </xsd:annotation>
          </xsd:element>
          <xsd:element name="entityName" minOccurs="0" maxOccurs="1" type="xsd:string">
            <xsd:annotation>
              <xsd:documentation>Entity name.</xsd:documentation>
              <xsd:appinfo xmlns:inf="http://soap.upskills.in/soap/default?services=salesOrderManagementV1">
                <inf:maxLength/>
                <inf:callInfo>
                  <inf:callName>salesOrderManagementV1AddComment</inf:callName>
                  <inf:requiredInput>No</inf:requiredInput>
                </inf:callInfo>
              </xsd:appinfo>
            </xsd:annotation>
          </xsd:element>
          <xsd:element name="isCustomerNotified" minOccurs="1" maxOccurs="1" type="xsd:int">
            <xsd:annotation>
              <xsd:documentation>Is-customer-notified flag value.</xsd:documentation>
              <xsd:appinfo xmlns:inf="http://soap.upskills.in/soap/default?services=salesOrderManagementV1">
                <inf:min/>
                <inf:max/>
                <inf:callInfo>
                  <inf:callName>salesOrderManagementV1AddComment</inf:callName>
                  <inf:requiredInput>No</inf:requiredInput>
                </inf:callInfo>
              </xsd:appinfo>
            </xsd:annotation>
          </xsd:element>
          <xsd:element name="isVisibleOnFront" minOccurs="1" maxOccurs="1" type="xsd:int">
            <xsd:annotation>
              <xsd:documentation>Is-visible-on-storefront flag value.</xsd:documentation>
              <xsd:appinfo xmlns:inf="http://soap.upskills.in/soap/default?services=salesOrderManagementV1">
                <inf:min/>
                <inf:max/>
                <inf:callInfo>
                  <inf:callName>salesOrderManagementV1AddComment</inf:callName>
                  <inf:requiredInput>No</inf:requiredInput>
                </inf:callInfo>
              </xsd:appinfo>
            </xsd:annotation>
          </xsd:element>
          <xsd:element name="parentId" minOccurs="1" maxOccurs="1" type="xsd:int">
            <xsd:annotation>
              <xsd:documentation>Parent ID.</xsd:documentation>
              <xsd:appinfo xmlns:inf="http://soap.upskills.in/soap/default?services=salesOrderManagementV1">
                <inf:min/>
                <inf:max/>
                <inf:callInfo>
                  <inf:callName>salesOrderManagementV1AddComment</inf:callName>
                  <inf:requiredInput>No</inf:requiredInput>
                </inf:callInfo>
              </xsd:appinfo>
            </xsd:annotation>
          </xsd:element>
          <xsd:element name="status" minOccurs="0" maxOccurs="1" type="xsd:string">
            <xsd:annotation>
              <xsd:documentation>Status.</xsd:documentation>
              <xsd:appinfo xmlns:inf="http://soap.upskills.in/soap/default?services=salesOrderManagementV1">
                <inf:maxLength/>
                <inf:callInfo>
                  <inf:callName>salesOrderManagementV1AddComment</inf:callName>
                  <inf:requiredInput>No</inf:requiredInput>
                </inf:callInfo>
              </xsd:appinfo>
            </xsd:annotation>
          </xsd:element>
          <xsd:element name="extensionAttributes" minOccurs="0" maxOccurs="1" type="tns:SalesDataOrderStatusHistoryExtensionInterface">
            <xsd:annotation>
              <xsd:documentation>Existing extension attributes object or create a new one.</xsd:documentation>
              <xsd:appinfo xmlns:inf="http://soap.upskills.in/soap/default?services=salesOrderManagementV1">
                <inf:callInfo>
                  <inf:callName>salesOrderManagementV1AddComment</inf:callName>
                  <inf:requiredInput>No</inf:requiredInput>
                </inf:callInfo>
              </xsd:appinfo>
            </xsd:annotation>
          </xsd:element>
        </xsd:sequence>
      </xsd:complexType>
      <xsd:complexType name="SalesOrderManagementV1AddCommentRequest">
        <xsd:annotation>
          <xsd:documentation>Adds a comment to a specified order.</xsd:documentation>
          <xsd:appinfo xmlns:inf="http://soap.upskills.in/soap/default?services=salesOrderManagementV1"/>
        </xsd:annotation>
        <xsd:sequence>
          <xsd:element name="id" minOccurs="1" maxOccurs="1" type="xsd:int">
            <xsd:annotation>
              <xsd:documentation>The order ID.</xsd:documentation>
              <xsd:appinfo xmlns:inf="http://soap.upskills.in/soap/default?services=salesOrderManagementV1">
                <inf:min/>
                <inf:max/>
                <inf:callInfo>
                  <inf:callName>salesOrderManagementV1AddComment</inf:callName>
                  <inf:requiredInput>Yes</inf:requiredInput>
                </inf:callInfo>
              </xsd:appinfo>
            </xsd:annotation>
          </xsd:element>
          <xsd:element name="statusHistory" minOccurs="1" maxOccurs="1" type="tns:SalesDataOrderStatusHistoryInterface">
            <xsd:annotation>
              <xsd:documentation>Status history comment.</xsd:documentation>
              <xsd:appinfo xmlns:inf="http://soap.upskills.in/soap/default?services=salesOrderManagementV1">
                <inf:callInfo>
                  <inf:callName>salesOrderManagementV1AddComment</inf:callName>
                  <inf:requiredInput>Yes</inf:requiredInput>
                </inf:callInfo>
              </xsd:appinfo>
            </xsd:annotation>
          </xsd:element>
        </xsd:sequence>
      </xsd:complexType>
      <xsd:element name="salesOrderManagementV1AddCommentResponse" type="tns:SalesOrderManagementV1AddCommentResponse"/>
      <xsd:complexType name="SalesOrderManagementV1AddCommentResponse">
        <xsd:annotation>
          <xsd:documentation>Response container for the salesOrderManagementV1AddComment call.</xsd:documentation>
          <xsd:appinfo xmlns:inf="http://soap.upskills.in/soap/default?services=salesOrderManagementV1"/>
        </xsd:annotation>
        <xsd:sequence>
          <xsd:element name="result" minOccurs="1" maxOccurs="1" type="xsd:boolean">
            <xsd:annotation>
              <xsd:documentation/>
              <xsd:appinfo xmlns:inf="http://soap.upskills.in/soap/default?services=salesOrderManagementV1">
                <inf:default>false</inf:default>
                <inf:callInfo>
                  <inf:callName>salesOrderManagementV1AddComment</inf:callName>
                  <inf:returned>Always</inf:returned>
                </inf:callInfo>
              </xsd:appinfo>
            </xsd:annotation>
          </xsd:element>
        </xsd:sequence>
      </xsd:complexType>
      <xsd:element name="salesOrderManagementV1GetCommentsListRequest" type="tns:SalesOrderManagementV1GetCommentsListRequest"/>
      <xsd:complexType name="SalesOrderManagementV1GetCommentsListRequest">
        <xsd:annotation>
          <xsd:documentation>Lists comments for a specified order.</xsd:documentation>
          <xsd:appinfo xmlns:inf="http://soap.upskills.in/soap/default?services=salesOrderManagementV1"/>
        </xsd:annotation>
        <xsd:sequence>
          <xsd:element name="id" minOccurs="1" maxOccurs="1" type="xsd:int">
            <xsd:annotation>
              <xsd:documentation>The order ID.</xsd:documentation>
              <xsd:appinfo xmlns:inf="http://soap.upskills.in/soap/default?services=salesOrderManagementV1">
                <inf:min/>
                <inf:max/>
                <inf:callInfo>
                  <inf:callName>salesOrderManagementV1GetCommentsList</inf:callName>
                  <inf:requiredInput>Yes</inf:requiredInput>
                </inf:callInfo>
              </xsd:appinfo>
            </xsd:annotation>
          </xsd:element>
        </xsd:sequence>
      </xsd:complexType>
      <xsd:element name="salesOrderManagementV1GetCommentsListResponse" type="tns:SalesOrderManagementV1GetCommentsListResponse"/>
      <xsd:complexType name="ArrayOfSalesDataOrderStatusHistoryInterface">
        <xsd:annotation>
          <xsd:documentation>An array of SalesDataOrderStatusHistoryInterface items.</xsd:documentation>
          <xsd:appinfo xmlns:inf="http://soap.upskills.in/soap/default?services=salesOrderManagementV1"/>
        </xsd:annotation>
        <xsd:sequence>
          <xsd:element name="item" minOccurs="0" maxOccurs="unbounded" type="tns:SalesDataOrderStatusHistoryInterface">
            <xsd:annotation>
              <xsd:documentation>An item of ArrayOfSalesDataOrderStatusHistoryInterface.</xsd:documentation>
              <xsd:appinfo xmlns:inf="http://soap.upskills.in/soap/default?services=salesOrderManagementV1">
                <inf:callInfo>
                  <inf:callName>salesOrderManagementV1GetCommentsList</inf:callName>
                  <inf:returned>Conditionally</inf:returned>
                </inf:callInfo>
              </xsd:appinfo>
            </xsd:annotation>
          </xsd:element>
        </xsd:sequence>
      </xsd:complexType>
      <xsd:complexType name="FrameworkFilter">
        <xsd:annotation>
          <xsd:documentation>Filter which can be used by any methods from service layer.</xsd:documentation>
          <xsd:appinfo xmlns:inf="http://soap.upskills.in/soap/default?services=salesOrderManagementV1"/>
        </xsd:annotation>
        <xsd:sequence>
          <xsd:element name="field" minOccurs="1" maxOccurs="1" type="xsd:string">
            <xsd:annotation>
              <xsd:documentation>Field</xsd:documentation>
              <xsd:appinfo xmlns:inf="http://soap.upskills.in/soap/default?services=salesOrderManagementV1">
                <inf:maxLength/>
                <inf:callInfo>
                  <inf:callName>salesOrderManagementV1GetCommentsList</inf:callName>
                  <inf:returned>Conditionally</inf:returned>
                </inf:callInfo>
              </xsd:appinfo>
            </xsd:annotation>
          </xsd:element>
          <xsd:element name="value" minOccurs="1" maxOccurs="1" type="xsd:string">
            <xsd:annotation>
              <xsd:documentation>Value</xsd:documentation>
              <xsd:appinfo xmlns:inf="http://soap.upskills.in/soap/default?services=salesOrderManagementV1">
                <inf:maxLength/>
                <inf:callInfo>
                  <inf:callName>salesOrderManagementV1GetCommentsList</inf:callName>
                  <inf:returned>Conditionally</inf:returned>
                </inf:callInfo>
              </xsd:appinfo>
            </xsd:annotation>
          </xsd:element>
          <xsd:element name="conditionType" minOccurs="0" maxOccurs="1" type="xsd:string">
            <xsd:annotation>
              <xsd:documentation>Condition type</xsd:documentation>
              <xsd:appinfo xmlns:inf="http://soap.upskills.in/soap/default?services=salesOrderManagementV1">
                <inf:maxLength/>
                <inf:callInfo>
                  <inf:callName>salesOrderManagementV1GetCommentsList</inf:callName>
                  <inf:returned>Conditionally</inf:returned>
                </inf:callInfo>
              </xsd:appinfo>
            </xsd:annotation>
          </xsd:element>
        </xsd:sequence>
      </xsd:complexType>
      <xsd:complexType name="ArrayOfFrameworkFilter">
        <xsd:annotation>
          <xsd:documentation>An array of FrameworkFilter items.</xsd:documentation>
          <xsd:appinfo xmlns:inf="http://soap.upskills.in/soap/default?services=salesOrderManagementV1"/>
        </xsd:annotation>
        <xsd:sequence>
          <xsd:element name="item" minOccurs="0" maxOccurs="unbounded" type="tns:FrameworkFilter">
            <xsd:annotation>
              <xsd:documentation>An item of ArrayOfFrameworkFilter.</xsd:documentation>
              <xsd:appinfo xmlns:inf="http://soap.upskills.in/soap/default?services=salesOrderManagementV1">
                <inf:callInfo>
                  <inf:callName>salesOrderManagementV1GetCommentsList</inf:callName>
                  <inf:returned>Conditionally</inf:returned>
                </inf:callInfo>
              </xsd:appinfo>
            </xsd:annotation>
          </xsd:element>
        </xsd:sequence>
      </xsd:complexType>
      <xsd:complexType name="FrameworkSearchFilterGroup">
        <xsd:annotation>
          <xsd:documentation>Groups two or more filters together using a logical OR</xsd:documentation>
          <xsd:appinfo xmlns:inf="http://soap.upskills.in/soap/default?services=salesOrderManagementV1"/>
        </xsd:annotation>
        <xsd:sequence>
          <xsd:element name="filters" type="tns:ArrayOfFrameworkFilter" minOccurs="0">
            <xsd:annotation>
              <xsd:documentation>A list of filters in this group</xsd:documentation>
              <xsd:appinfo xmlns:inf="http://soap.upskills.in/soap/default?services=salesOrderManagementV1">
                <inf:natureOfType>array</inf:natureOfType>
                <inf:callInfo>
                  <inf:callName>salesOrderManagementV1GetCommentsList</inf:callName>
                  <inf:returned>Conditionally</inf:returned>
                </inf:callInfo>
              </xsd:appinfo>
            </xsd:annotation>
          </xsd:element>
        </xsd:sequence>
      </xsd:complexType>
      <xsd:complexType name="ArrayOfFrameworkSearchFilterGroup">
        <xsd:annotation>
          <xsd:documentation>An array of FrameworkSearchFilterGroup items.</xsd:documentation>
          <xsd:appinfo xmlns:inf="http://soap.upskills.in/soap/default?services=salesOrderManagementV1"/>
        </xsd:annotation>
        <xsd:sequence>
          <xsd:element name="item" minOccurs="0" maxOccurs="unbounded" type="tns:FrameworkSearchFilterGroup">
            <xsd:annotation>
              <xsd:documentation>An item of ArrayOfFrameworkSearchFilterGroup.</xsd:documentation>
              <xsd:appinfo xmlns:inf="http://soap.upskills.in/soap/default?services=salesOrderManagementV1">
                <inf:callInfo>
                  <inf:callName>salesOrderManagementV1GetCommentsList</inf:callName>
                  <inf:returned>Conditionally</inf:returned>
                </inf:callInfo>
              </xsd:appinfo>
            </xsd:annotation>
          </xsd:element>
        </xsd:sequence>
      </xsd:complexType>
      <xsd:complexType name="FrameworkSortOrder">
        <xsd:annotation>
          <xsd:documentation>Data object for sort order.</xsd:documentation>
          <xsd:appinfo xmlns:inf="http://soap.upskills.in/soap/default?services=salesOrderManagementV1"/>
        </xsd:annotation>
        <xsd:sequence>
          <xsd:element name="field" minOccurs="1" maxOccurs="1" type="xsd:string">
            <xsd:annotation>
              <xsd:documentation>Sorting field.</xsd:documentation>
              <xsd:appinfo xmlns:inf="http://soap.upskills.in/soap/default?services=salesOrderManagementV1">
                <inf:maxLength/>
                <inf:callInfo>
                  <inf:callName>salesOrderManagementV1GetCommentsList</inf:callName>
                  <inf:returned>Conditionally</inf:returned>
                </inf:callInfo>
              </xsd:appinfo>
            </xsd:annotation>
          </xsd:element>
          <xsd:element name="direction" minOccurs="1" maxOccurs="1" type="xsd:string">
            <xsd:annotation>
              <xsd:documentation>Sorting direction.</xsd:documentation>
              <xsd:appinfo xmlns:inf="http://soap.upskills.in/soap/default?services=salesOrderManagementV1">
                <inf:maxLength/>
                <inf:callInfo>
                  <inf:callName>salesOrderManagementV1GetCommentsList</inf:callName>
                  <inf:returned>Conditionally</inf:returned>
                </inf:callInfo>
              </xsd:appinfo>
            </xsd:annotation>
          </xsd:element>
        </xsd:sequence>
      </xsd:complexType>
      <xsd:complexType name="ArrayOfFrameworkSortOrder">
        <xsd:annotation>
          <xsd:documentation>An array of FrameworkSortOrder items.</xsd:documentation>
          <xsd:appinfo xmlns:inf="http://soap.upskills.in/soap/default?services=salesOrderManagementV1"/>
        </xsd:annotation>
        <xsd:sequence>
          <xsd:element name="item" minOccurs="0" maxOccurs="unbounded" type="tns:FrameworkSortOrder">
            <xsd:annotation>
              <xsd:documentation>An item of ArrayOfFrameworkSortOrder.</xsd:documentation>
              <xsd:appinfo xmlns:inf="http://soap.upskills.in/soap/default?services=salesOrderManagementV1">
                <inf:callInfo>
                  <inf:callName>salesOrderManagementV1GetCommentsList</inf:callName>
                  <inf:returned>Conditionally</inf:returned>
                </inf:callInfo>
              </xsd:appinfo>
            </xsd:annotation>
          </xsd:element>
        </xsd:sequence>
      </xsd:complexType>
      <xsd:complexType name="FrameworkSearchCriteriaInterface">
        <xsd:annotation>
          <xsd:documentation>Search criteria interface.</xsd:documentation>
          <xsd:appinfo xmlns:inf="http://soap.upskills.in/soap/default?services=salesOrderManagementV1"/>
        </xsd:annotation>
        <xsd:sequence>
          <xsd:element name="filterGroups" type="tns:ArrayOfFrameworkSearchFilterGroup">
            <xsd:annotation>
              <xsd:documentation>A list of filter groups.</xsd:documentation>
              <xsd:appinfo xmlns:inf="http://soap.upskills.in/soap/default?services=salesOrderManagementV1">
                <inf:natureOfType>array</inf:natureOfType>
                <inf:callInfo>
                  <inf:callName>salesOrderManagementV1GetCommentsList</inf:callName>
                  <inf:returned>Always</inf:returned>
                </inf:callInfo>
              </xsd:appinfo>
            </xsd:annotation>
          </xsd:element>
          <xsd:element name="sortOrders" type="tns:ArrayOfFrameworkSortOrder" minOccurs="0">
            <xsd:annotation>
              <xsd:documentation>Sort order.</xsd:documentation>
              <xsd:appinfo xmlns:inf="http://soap.upskills.in/soap/default?services=salesOrderManagementV1">
                <inf:natureOfType>array</inf:natureOfType>
                <inf:callInfo>
                  <inf:callName>salesOrderManagementV1GetCommentsList</inf:callName>
                  <inf:returned>Conditionally</inf:returned>
                </inf:callInfo>
              </xsd:appinfo>
            </xsd:annotation>
          </xsd:element>
          <xsd:element name="pageSize" minOccurs="0" maxOccurs="1" type="xsd:int">
            <xsd:annotation>
              <xsd:documentation>Page size.</xsd:documentation>
              <xsd:appinfo xmlns:inf="http://soap.upskills.in/soap/default?services=salesOrderManagementV1">
                <inf:min/>
                <inf:max/>
                <inf:callInfo>
                  <inf:callName>salesOrderManagementV1GetCommentsList</inf:callName>
                  <inf:returned>Conditionally</inf:returned>
                </inf:callInfo>
              </xsd:appinfo>
            </xsd:annotation>
          </xsd:element>
          <xsd:element name="currentPage" minOccurs="0" maxOccurs="1" type="xsd:int">
            <xsd:annotation>
              <xsd:documentation>Current page.</xsd:documentation>
              <xsd:appinfo xmlns:inf="http://soap.upskills.in/soap/default?services=salesOrderManagementV1">
                <inf:min/>
                <inf:max/>
                <inf:callInfo>
                  <inf:callName>salesOrderManagementV1GetCommentsList</inf:callName>
                  <inf:returned>Conditionally</inf:returned>
                </inf:callInfo>
              </xsd:appinfo>
            </xsd:annotation>
          </xsd:element>
        </xsd:sequence>
      </xsd:complexType>
      <xsd:complexType name="SalesDataOrderStatusHistorySearchResultInterface">
        <xsd:annotation>
          <xsd:documentation>Order status history search result interface. An order is a document that a web store issues to a customer. Magento generates a sales order that lists the product items, billing and shipping addresses, and shipping and payment methods. A corresponding external document, known as a purchase order, is emailed to the customer.</xsd:documentation>
          <xsd:appinfo xmlns:inf="http://soap.upskills.in/soap/default?services=salesOrderManagementV1"/>
        </xsd:annotation>
        <xsd:sequence>
          <xsd:element name="items" type="tns:ArrayOfSalesDataOrderStatusHistoryInterface">
            <xsd:annotation>
              <xsd:documentation>Array of collection items.</xsd:documentation>
              <xsd:appinfo xmlns:inf="http://soap.upskills.in/soap/default?services=salesOrderManagementV1">
                <inf:natureOfType>array</inf:natureOfType>
                <inf:callInfo>
                  <inf:callName>salesOrderManagementV1GetCommentsList</inf:callName>
                  <inf:returned>Always</inf:returned>
                </inf:callInfo>
              </xsd:appinfo>
            </xsd:annotation>
          </xsd:element>
          <xsd:element name="searchCriteria" minOccurs="1" maxOccurs="1" type="tns:FrameworkSearchCriteriaInterface">
            <xsd:annotation>
              <xsd:documentation>Search criteria.</xsd:documentation>
              <xsd:appinfo xmlns:inf="http://soap.upskills.in/soap/default?services=salesOrderManagementV1">
                <inf:callInfo>
                  <inf:callName>salesOrderManagementV1GetCommentsList</inf:callName>
                  <inf:returned>Always</inf:returned>
                </inf:callInfo>
              </xsd:appinfo>
            </xsd:annotation>
          </xsd:element>
          <xsd:element name="totalCount" minOccurs="1" maxOccurs="1" type="xsd:int">
            <xsd:annotation>
              <xsd:documentation>Total count.</xsd:documentation>
              <xsd:appinfo xmlns:inf="http://soap.upskills.in/soap/default?services=salesOrderManagementV1">
                <inf:min/>
                <inf:max/>
                <inf:callInfo>
                  <inf:callName>salesOrderManagementV1GetCommentsList</inf:callName>
                  <inf:returned>Always</inf:returned>
                </inf:callInfo>
              </xsd:appinfo>
            </xsd:annotation>
          </xsd:element>
        </xsd:sequence>
      </xsd:complexType>
      <xsd:complexType name="SalesOrderManagementV1GetCommentsListResponse">
        <xsd:annotation>
          <xsd:documentation>Response container for the salesOrderManagementV1GetCommentsList call.</xsd:documentation>
          <xsd:appinfo xmlns:inf="http://soap.upskills.in/soap/default?services=salesOrderManagementV1"/>
        </xsd:annotation>
        <xsd:sequence>
          <xsd:element name="result" minOccurs="1" maxOccurs="1" type="tns:SalesDataOrderStatusHistorySearchResultInterface">
            <xsd:annotation>
              <xsd:documentation>Order status history search results interface.</xsd:documentation>
              <xsd:appinfo xmlns:inf="http://soap.upskills.in/soap/default?services=salesOrderManagementV1">
                <inf:callInfo>
                  <inf:callName>salesOrderManagementV1GetCommentsList</inf:callName>
                  <inf:returned>Always</inf:returned>
                </inf:callInfo>
              </xsd:appinfo>
            </xsd:annotation>
          </xsd:element>
        </xsd:sequence>
      </xsd:complexType>
    </xsd:schema>
  </types>
  <message name="GenericFault">
    <part name="messageParameters" element="tns:GenericFault"/>
  </message>
  <portType name="salesOrderManagementV1PortType">
    <operation name="salesOrderManagementV1GetStatus">
      <input message="tns:salesOrderManagementV1GetStatusRequest"/>
      <output message="tns:salesOrderManagementV1GetStatusResponse"/>
      <fault name="GenericFault" message="tns:GenericFault"/>
    </operation>
    <operation name="salesOrderManagementV1Cancel">
      <input message="tns:salesOrderManagementV1CancelRequest"/>
      <output message="tns:salesOrderManagementV1CancelResponse"/>
      <fault name="GenericFault" message="tns:GenericFault"/>
    </operation>
    <operation name="salesOrderManagementV1Notify">
      <input message="tns:salesOrderManagementV1NotifyRequest"/>
      <output message="tns:salesOrderManagementV1NotifyResponse"/>
      <fault name="GenericFault" message="tns:GenericFault"/>
    </operation>
    <operation name="salesOrderManagementV1Hold">
      <input message="tns:salesOrderManagementV1HoldRequest"/>
      <output message="tns:salesOrderManagementV1HoldResponse"/>
      <fault name="GenericFault" message="tns:GenericFault"/>
    </operation>
    <operation name="salesOrderManagementV1UnHold">
      <input message="tns:salesOrderManagementV1UnHoldRequest"/>
      <output message="tns:salesOrderManagementV1UnHoldResponse"/>
      <fault name="GenericFault" message="tns:GenericFault"/>
    </operation>
    <operation name="salesOrderManagementV1AddComment">
      <input message="tns:salesOrderManagementV1AddCommentRequest"/>
      <output message="tns:salesOrderManagementV1AddCommentResponse"/>
      <fault name="GenericFault" message="tns:GenericFault"/>
    </operation>
    <operation name="salesOrderManagementV1GetCommentsList">
      <input message="tns:salesOrderManagementV1GetCommentsListRequest"/>
      <output message="tns:salesOrderManagementV1GetCommentsListResponse"/>
      <fault name="GenericFault" message="tns:GenericFault"/>
    </operation>
  </portType>
  <binding name="salesOrderManagementV1Binding" type="tns:salesOrderManagementV1PortType">
    <soap12:binding style="document" transport="http://schemas.xmlsoap.org/soap/http"/>
    <operation name="salesOrderManagementV1GetStatus">
      <soap12:operation soapAction="salesOrderManagementV1GetStatus"/>
      <input>
        <soap12:body use="literal"/>
      </input>
      <output>
        <soap12:body use="literal"/>
      </output>
      <fault name="GenericFault"/>
    </operation>
    <operation name="salesOrderManagementV1Cancel">
      <soap12:operation soapAction="salesOrderManagementV1Cancel"/>
      <input>
        <soap12:body use="literal"/>
      </input>
      <output>
        <soap12:body use="literal"/>
      </output>
      <fault name="GenericFault"/>
    </operation>
    <operation name="salesOrderManagementV1Notify">
      <soap12:operation soapAction="salesOrderManagementV1Notify"/>
      <input>
        <soap12:body use="literal"/>
      </input>
      <output>
        <soap12:body use="literal"/>
      </output>
      <fault name="GenericFault"/>
    </operation>
    <operation name="salesOrderManagementV1Hold">
      <soap12:operation soapAction="salesOrderManagementV1Hold"/>
      <input>
        <soap12:body use="literal"/>
      </input>
      <output>
        <soap12:body use="literal"/>
      </output>
      <fault name="GenericFault"/>
    </operation>
    <operation name="salesOrderManagementV1UnHold">
      <soap12:operation soapAction="salesOrderManagementV1UnHold"/>
      <input>
        <soap12:body use="literal"/>
      </input>
      <output>
        <soap12:body use="literal"/>
      </output>
      <fault name="GenericFault"/>
    </operation>
    <operation name="salesOrderManagementV1AddComment">
      <soap12:operation soapAction="salesOrderManagementV1AddComment"/>
      <input>
        <soap12:body use="literal"/>
      </input>
      <output>
        <soap12:body use="literal"/>
      </output>
      <fault name="GenericFault"/>
    </operation>
    <operation name="salesOrderManagementV1GetCommentsList">
      <soap12:operation soapAction="salesOrderManagementV1GetCommentsList"/>
      <input>
        <soap12:body use="literal"/>
      </input>
      <output>
        <soap12:body use="literal"/>
      </output>
      <fault name="GenericFault"/>
    </operation>
  </binding>
  <service name="salesOrderManagementV1Service">
    <port name="salesOrderManagementV1Port" binding="tns:salesOrderManagementV1Binding">
      <soap12:address location="http://soap.upskills.in/soap/default?services=salesOrderManagementV1"/>
    </port>
  </service>
  <message name="salesOrderManagementV1GetStatusRequest">
    <part name="messageParameters" element="tns:salesOrderManagementV1GetStatusRequest"/>
  </message>
  <message name="salesOrderManagementV1GetStatusResponse">
    <part name="messageParameters" element="tns:salesOrderManagementV1GetStatusResponse"/>
  </message>
  <message name="salesOrderManagementV1CancelRequest">
    <part name="messageParameters" element="tns:salesOrderManagementV1CancelRequest"/>
  </message>
  <message name="salesOrderManagementV1CancelResponse">
    <part name="messageParameters" element="tns:salesOrderManagementV1CancelResponse"/>
  </message>
  <message name="salesOrderManagementV1NotifyRequest">
    <part name="messageParameters" element="tns:salesOrderManagementV1NotifyRequest"/>
  </message>
  <message name="salesOrderManagementV1NotifyResponse">
    <part name="messageParameters" element="tns:salesOrderManagementV1NotifyResponse"/>
  </message>
  <message name="salesOrderManagementV1HoldRequest">
    <part name="messageParameters" element="tns:salesOrderManagementV1HoldRequest"/>
  </message>
  <message name="salesOrderManagementV1HoldResponse">
    <part name="messageParameters" element="tns:salesOrderManagementV1HoldResponse"/>
  </message>
  <message name="salesOrderManagementV1UnHoldRequest">
    <part name="messageParameters" element="tns:salesOrderManagementV1UnHoldRequest"/>
  </message>
  <message name="salesOrderManagementV1UnHoldResponse">
    <part name="messageParameters" element="tns:salesOrderManagementV1UnHoldResponse"/>
  </message>
  <message name="salesOrderManagementV1AddCommentRequest">
    <part name="messageParameters" element="tns:salesOrderManagementV1AddCommentRequest"/>
  </message>
  <message name="salesOrderManagementV1AddCommentResponse">
    <part name="messageParameters" element="tns:salesOrderManagementV1AddCommentResponse"/>
  </message>
  <message name="salesOrderManagementV1GetCommentsListRequest">
    <part name="messageParameters" element="tns:salesOrderManagementV1GetCommentsListRequest"/>
  </message>
  <message name="salesOrderManagementV1GetCommentsListResponse">
    <part name="messageParameters" element="tns:salesOrderManagementV1GetCommentsListResponse"/>
  </message>
</definitions>]]></con:content><con:type>http://schemas.xmlsoap.org/wsdl/</con:type></con:part></con:definitionCache><con:endpoints><con:endpoint>http://soap.upskills.in/soap/default?services=salesOrderManagementV1</con:endpoint></con:endpoints><con:operation id="baf35d2d-90fb-4f0c-9117-0f36cc6a9476" isOneWay="false" action="salesOrderManagementV1AddComment" name="salesOrderManagementV1AddComment" bindingOperationName="salesOrderManagementV1AddComment" type="Request-Response" inputName="" receivesAttachments="false" sendsAttachments="false" anonymous="optional"><con:settings/><con:call id="5f80200a-2346-4b07-8b57-94e44a4ce3e1" name="Request 1"><con:settings/><con:encoding>UTF-8</con:encoding><con:endpoint>http://soap.upskills.in/soap/default?services=salesOrderManagementV1</con:endpoint><con:request><![CDATA[<soap:Envelope xmlns:soap="http://www.w3.org/2003/05/soap-envelope" xmlns:def="http://soap.upskills.in/soap/default?services=salesOrderManagementV1">\r
   <soap:Header/>\r
   <soap:Body>\r
      <def:salesOrderManagementV1AddCommentRequest>\r
         <id>?</id>\r
         <statusHistory>\r
            <comment>?</comment>\r
            <!--Optional:-->\r
            <createdAt>?</createdAt>\r
            <!--Optional:-->\r
            <entityId>?</entityId>\r
            <!--Optional:-->\r
            <entityName>?</entityName>\r
            <isCustomerNotified>?</isCustomerNotified>\r
            <isVisibleOnFront>?</isVisibleOnFront>\r
            <parentId>?</parentId>\r
            <!--Optional:-->\r
            <status>?</status>\r
            <!--Optional:-->\r
            <extensionAttributes/>\r
         </statusHistory>\r
      </def:salesOrderManagementV1AddCommentRequest>\r
   </soap:Body>\r
</soap:Envelope>]]></con:request><con:wsaConfig mustUnderstand="NONE" version="200508" action="http://soap.upskills.in/soap/default?services=salesOrderManagementV1/salesOrderManagementV1PortType/salesOrderManagementV1AddCommentRequest"/></con:call></con:operation><con:operation id="c451bb2f-a681-4ce1-abad-c6433ed0cb0f" isOneWay="false" action="salesOrderManagementV1Cancel" name="salesOrderManagementV1Cancel" bindingOperationName="salesOrderManagementV1Cancel" type="Request-Response" inputName="" receivesAttachments="false" sendsAttachments="false" anonymous="optional"><con:settings/><con:call id="605fc6c3-0e36-45f8-8092-fd8bcaf53ac4" name="Request 1"><con:settings/><con:encoding>UTF-8</con:encoding><con:endpoint>http://soap.upskills.in/soap/default?services=salesOrderManagementV1</con:endpoint><con:request><![CDATA[<soap:Envelope xmlns:soap="http://www.w3.org/2003/05/soap-envelope" xmlns:def="http://soap.upskills.in/soap/default?services=salesOrderManagementV1">\r
   <soap:Header/>\r
   <soap:Body>\r
      <def:salesOrderManagementV1CancelRequest>\r
         <id>?</id>\r
      </def:salesOrderManagementV1CancelRequest>\r
   </soap:Body>\r
</soap:Envelope>]]></con:request><con:wsaConfig mustUnderstand="NONE" version="200508" action="http://soap.upskills.in/soap/default?services=salesOrderManagementV1/salesOrderManagementV1PortType/salesOrderManagementV1CancelRequest"/></con:call></con:operation><con:operation id="f0525f9d-b002-43f4-abea-e20a73a7d67f" isOneWay="false" action="salesOrderManagementV1GetCommentsList" name="salesOrderManagementV1GetCommentsList" bindingOperationName="salesOrderManagementV1GetCommentsList" type="Request-Response" inputName="" receivesAttachments="false" sendsAttachments="false" anonymous="optional"><con:settings/><con:call id="d8fd3ffd-8bf6-4b93-b349-0224115c6d2f" name="Request 1"><con:settings/><con:encoding>UTF-8</con:encoding><con:endpoint>http://soap.upskills.in/soap/default?services=salesOrderManagementV1</con:endpoint><con:request><![CDATA[<soap:Envelope xmlns:soap="http://www.w3.org/2003/05/soap-envelope" xmlns:def="http://soap.upskills.in/soap/default?services=salesOrderManagementV1">\r
   <soap:Header/>\r
   <soap:Body>\r
      <def:salesOrderManagementV1GetCommentsListRequest>\r
         <id>?</id>\r
      </def:salesOrderManagementV1GetCommentsListRequest>\r
   </soap:Body>\r
</soap:Envelope>]]></con:request><con:wsaConfig mustUnderstand="NONE" version="200508" action="http://soap.upskills.in/soap/default?services=salesOrderManagementV1/salesOrderManagementV1PortType/salesOrderManagementV1GetCommentsListRequest"/></con:call></con:operation><con:operation id="8d0e96f0-8102-4ac1-b7b6-bf5c6f486814" isOneWay="false" action="salesOrderManagementV1GetStatus" name="salesOrderManagementV1GetStatus" bindingOperationName="salesOrderManagementV1GetStatus" type="Request-Response" inputName="" receivesAttachments="false" sendsAttachments="false" anonymous="optional"><con:settings/><con:call id="c36e3ddc-2ae9-4cd5-b8fb-b1f03505d22b" name="Request 1"><con:settings/><con:encoding>UTF-8</con:encoding><con:endpoint>http://soap.upskills.in/soap/default?services=salesOrderManagementV1</con:endpoint><con:request><![CDATA[<soap:Envelope xmlns:soap="http://www.w3.org/2003/05/soap-envelope" xmlns:def="http://soap.upskills.in/soap/default?services=salesOrderManagementV1">\r
   <soap:Header/>\r
   <soap:Body>\r
      <def:salesOrderManagementV1GetStatusRequest>\r
         <id>?</id>\r
      </def:salesOrderManagementV1GetStatusRequest>\r
   </soap:Body>\r
</soap:Envelope>]]></con:request><con:wsaConfig mustUnderstand="NONE" version="200508" action="http://soap.upskills.in/soap/default?services=salesOrderManagementV1/salesOrderManagementV1PortType/salesOrderManagementV1GetStatusRequest"/></con:call></con:operation><con:operation id="c8713acc-e48b-40d5-9f57-7b1d0e803b09" isOneWay="false" action="salesOrderManagementV1Hold" name="salesOrderManagementV1Hold" bindingOperationName="salesOrderManagementV1Hold" type="Request-Response" inputName="" receivesAttachments="false" sendsAttachments="false" anonymous="optional"><con:settings/><con:call id="4907f422-77b0-4f54-8437-4102d5553d69" name="Request 1"><con:settings/><con:encoding>UTF-8</con:encoding><con:endpoint>http://soap.upskills.in/soap/default?services=salesOrderManagementV1</con:endpoint><con:request><![CDATA[<soap:Envelope xmlns:soap="http://www.w3.org/2003/05/soap-envelope" xmlns:def="http://soap.upskills.in/soap/default?services=salesOrderManagementV1">\r
   <soap:Header/>\r
   <soap:Body>\r
      <def:salesOrderManagementV1HoldRequest>\r
         <id>?</id>\r
      </def:salesOrderManagementV1HoldRequest>\r
   </soap:Body>\r
</soap:Envelope>]]></con:request><con:wsaConfig mustUnderstand="NONE" version="200508" action="http://soap.upskills.in/soap/default?services=salesOrderManagementV1/salesOrderManagementV1PortType/salesOrderManagementV1HoldRequest"/></con:call></con:operation><con:operation id="bdf200e8-e1f2-4359-aa87-9da4b90037b8" isOneWay="false" action="salesOrderManagementV1Notify" name="salesOrderManagementV1Notify" bindingOperationName="salesOrderManagementV1Notify" type="Request-Response" inputName="" receivesAttachments="false" sendsAttachments="false" anonymous="optional"><con:settings/><con:call id="9840487c-e0ec-49c2-a880-bec801fc70ca" name="Request 1"><con:settings/><con:encoding>UTF-8</con:encoding><con:endpoint>http://soap.upskills.in/soap/default?services=salesOrderManagementV1</con:endpoint><con:request><![CDATA[<soap:Envelope xmlns:soap="http://www.w3.org/2003/05/soap-envelope" xmlns:def="http://soap.upskills.in/soap/default?services=salesOrderManagementV1">\r
   <soap:Header/>\r
   <soap:Body>\r
      <def:salesOrderManagementV1NotifyRequest>\r
         <id>?</id>\r
      </def:salesOrderManagementV1NotifyRequest>\r
   </soap:Body>\r
</soap:Envelope>]]></con:request><con:wsaConfig mustUnderstand="NONE" version="200508" action="http://soap.upskills.in/soap/default?services=salesOrderManagementV1/salesOrderManagementV1PortType/salesOrderManagementV1NotifyRequest"/></con:call></con:operation><con:operation id="e155c501-ba30-40c4-aa0c-20e185c618ed" isOneWay="false" action="salesOrderManagementV1UnHold" name="salesOrderManagementV1UnHold" bindingOperationName="salesOrderManagementV1UnHold" type="Request-Response" inputName="" receivesAttachments="false" sendsAttachments="false" anonymous="optional"><con:settings/><con:call id="40df2222-fff1-43c3-8e92-6cf6c83e8f56" name="Request 1"><con:settings/><con:encoding>UTF-8</con:encoding><con:endpoint>http://soap.upskills.in/soap/default?services=salesOrderManagementV1</con:endpoint><con:request><![CDATA[<soap:Envelope xmlns:soap="http://www.w3.org/2003/05/soap-envelope" xmlns:def="http://soap.upskills.in/soap/default?services=salesOrderManagementV1">\r
   <soap:Header/>\r
   <soap:Body>\r
      <def:salesOrderManagementV1UnHoldRequest>\r
         <id>?</id>\r
      </def:salesOrderManagementV1UnHoldRequest>\r
   </soap:Body>\r
</soap:Envelope>]]></con:request><con:wsaConfig mustUnderstand="NONE" version="200508" action="http://soap.upskills.in/soap/default?services=salesOrderManagementV1/salesOrderManagementV1PortType/salesOrderManagementV1UnHoldRequest"/></con:call></con:operation></con:interface><con:testSuite id="14636894-8f35-44bf-820f-8740a1b7d65e" name="E2ETesting"><con:settings/><con:runType>SEQUENTIAL</con:runType><con:testCase id="5ebfc65a-6302-4a1e-9938-6f41975e5de9" failOnError="true" failTestCaseOnErrors="true" keepSession="false" maxResults="0" name="Property Transfer" searchProperties="true"><con:settings/><con:testStep type="properties" name="Properties" id="4750428b-05c6-403d-bbcb-b772d99fdfc9"><con:settings/><con:config xsi:type="con:PropertiesStep" saveFirst="true" xmlns:xsi="http://www.w3.org/2001/XMLSchema-instance"><con:properties><con:property><con:name>email</con:name><con:value>mohankrishna176@gmail.com</con:value></con:property><con:property><con:name>sku</con:name><con:value>SKU00001</con:value></con:property><con:property><con:name>qtyOrdered</con:name><con:value>2</con:value></con:property><con:property><con:name>price</con:name><con:value>100</con:value></con:property><con:property><con:name>method</con:name><con:value>checkmo</con:value></con:property><con:property><con:name>orderid</con:name><con:value>1</con:value></con:property></con:properties></con:config></con:testStep><con:testStep type="transfer" name="Property Transfer for Save" id="6cf8dbb4-11ef-41fe-a9da-2a2a33666320"><con:settings/><con:config xsi:type="con:PropertyTransfersStep" xmlns:xsi="http://www.w3.org/2001/XMLSchema-instance"><con:transfers setNullOnMissingSource="true" transferTextContent="true" failOnError="true" ignoreEmpty="false" transferToAll="false" entitize="false" transferChildNodes="false"><con:name>email</con:name><con:sourceType>email</con:sourceType><con:sourceStep>Properties</con:sourceStep><con:targetType>Request</con:targetType><con:targetStep>Save</con:targetStep><con:targetPath>declare namespace soap='http://www.w3.org/2003/05/soap-envelope';
declare namespace ns1='http://soap.upskills.in/soap/default?services=salesOrderRepositoryV1';
//ns1:salesOrderRepositoryV1SaveRequest/entity/customerEmail

</con:targetPath><con:upgraded>true</con:upgraded></con:transfers><con:transfers setNullOnMissingSource="true" transferTextContent="true" failOnError="true" ignoreEmpty="false" transferToAll="false" entitize="false" transferChildNodes="false"><con:name>sku</con:name><con:sourceType>sku</con:sourceType><con:sourceStep>Properties</con:sourceStep><con:targetType>Request</con:targetType><con:targetStep>Save</con:targetStep><con:targetPath>declare namespace soap='http://www.w3.org/2003/05/soap-envelope';
declare namespace ns1='http://soap.upskills.in/soap/default?services=salesOrderRepositoryV1';
//ns1:salesOrderRepositoryV1SaveRequest/entity/items/item/sku</con:targetPath><con:upgraded>true</con:upgraded></con:transfers><con:transfers setNullOnMissingSource="true" transferTextContent="true" failOnError="true" ignoreEmpty="false" transferToAll="false" entitize="false" transferChildNodes="false"><con:name>qytOrdered</con:name><con:sourceType>qtyOrdered</con:sourceType><con:sourceStep>Properties</con:sourceStep><con:targetType>Request</con:targetType><con:targetStep>Save</con:targetStep><con:targetPath>declare namespace soap='http://www.w3.org/2003/05/soap-envelope';
declare namespace ns1='http://soap.upskills.in/soap/default?services=salesOrderRepositoryV1';
//ns1:salesOrderRepositoryV1SaveRequest/entity/items/item/qtyOrdered</con:targetPath><con:upgraded>true</con:upgraded></con:transfers><con:transfers setNullOnMissingSource="true" transferTextContent="true" failOnError="true" ignoreEmpty="false" transferToAll="false" entitize="false" transferChildNodes="false"><con:name>price</con:name><con:sourceType>price</con:sourceType><con:sourceStep>Properties</con:sourceStep><con:targetType>Request</con:targetType><con:targetStep>Save</con:targetStep><con:targetPath>declare namespace soap='http://www.w3.org/2003/05/soap-envelope';
declare namespace ns1='http://soap.upskills.in/soap/default?services=salesOrderRepositoryV1';
//ns1:salesOrderRepositoryV1SaveRequest/entity/items/item/price
</con:targetPath><con:upgraded>true</con:upgraded></con:transfers><con:transfers setNullOnMissingSource="true" transferTextContent="true" failOnError="true" ignoreEmpty="false" transferToAll="false" entitize="false" transferChildNodes="false"><con:name>method</con:name><con:sourceType>method</con:sourceType><con:sourceStep>Properties</con:sourceStep><con:targetType>Request</con:targetType><con:targetStep>Save</con:targetStep><con:targetPath>declare namespace soap='http://www.w3.org/2003/05/soap-envelope';
declare namespace ns1='http://soap.upskills.in/soap/default?services=salesOrderRepositoryV1';
//ns1:salesOrderRepositoryV1SaveRequest/entity/payment/method
</con:targetPath><con:upgraded>true</con:upgraded></con:transfers></con:config></con:testStep><con:testStep type="request" name="Save" id="f2d78764-284c-4839-b7a8-2f39a1579e51"><con:settings/><con:config xsi:type="con:RequestStep" xmlns:xsi="http://www.w3.org/2001/XMLSchema-instance"><con:interface>salesOrderRepositoryV1Binding</con:interface><con:operation>salesOrderRepositoryV1Save</con:operation><con:request name="Save" id="9f037022-6311-4d1c-b5c0-01965ea13a55"><con:settings><con:setting id="com.eviware.soapui.impl.wsdl.WsdlRequest@request-headers">&lt;entry key="Authorization" value="Bearer f0rf13pxtxp7mftwc23rq6e52yvmi5um" xmlns="http://eviware.com/soapui/config"/></con:setting></con:settings><con:encoding>UTF-8</con:encoding><con:endpoint>http://soap.upskills.in/soap/default?services=salesOrderRepositoryV1</con:endpoint><con:request><![CDATA[<soap:Envelope xmlns:soap="http://www.w3.org/2003/05/soap-envelope" xmlns:def="http://soap.upskills.in/soap/default?services=salesOrderRepositoryV1">
   <soap:Header/>
   <soap:Body>
      <def:salesOrderRepositoryV1SaveRequest>
         <entity>
           <!--enter valid customer email-->			
<customerEmail>mohankrishna176@gmail.com</customerEmail>
<items>
	<item>
	    <!--enter valid product SKU-->
		<sku>SKU00001</sku>
		<qtyOrdered>2</qtyOrdered>
		<price>100</price>
	</item>
</items>
<payment>
    <!--default value checkmo-->
	<method>checkmo</method>
</payment>
         </entity>
      </def:salesOrderRepositoryV1SaveRequest>
   </soap:Body>
</soap:Envelope>]]></con:request><con:assertion type="SOAP Response" id="7930d0e1-7659-4f64-92f8-eec26136480b"/><con:credentials><con:authType>No Authorization</con:authType></con:credentials><con:jmsConfig JMSDeliveryMode="PERSISTENT"/><con:jmsPropertyConfig/><con:wsaConfig mustUnderstand="NONE" version="200508"/><con:wsrmConfig version="1.2"/></con:request></con:config></con:testStep><con:testStep type="request" name="GetList" id="bc8fbd60-fc4a-4db5-b4c5-2a36290e25d5"><con:settings/><con:config xsi:type="con:RequestStep" xmlns:xsi="http://www.w3.org/2001/XMLSchema-instance"><con:interface>salesOrderRepositoryV1Binding</con:interface><con:operation>salesOrderRepositoryV1GetList</con:operation><con:request name="GetList" id="95f329ba-470e-4267-8de1-f5c1605b67d3"><con:settings><con:setting id="com.eviware.soapui.impl.wsdl.WsdlRequest@request-headers">&lt;entry key="Authorization" value="Bearer f0rf13pxtxp7mftwc23rq6e52yvmi5um" xmlns="http://eviware.com/soapui/config"/></con:setting></con:settings><con:encoding>UTF-8</con:encoding><con:endpoint>http://soap.upskills.in/soap/default?services=salesOrderRepositoryV1</con:endpoint><con:request><![CDATA[<soap:Envelope xmlns:soap="http://www.w3.org/2003/05/soap-envelope" xmlns:def="http://soap.upskills.in/soap/default?services=salesOrderRepositoryV1">\r
   <soap:Header/>\r
   <soap:Body>\r
      <def:salesOrderRepositoryV1GetListRequest>\r
         <searchCriteria>\r
            <filterGroups/>\r
         </searchCriteria>\r
      </def:salesOrderRepositoryV1GetListRequest>\r
   </soap:Body>\r
</soap:Envelope>]]></con:request><con:assertion type="SOAP Response" id="9b48d229-1ca1-442d-a170-46c966d9210b"/><con:credentials><con:authType>No Authorization</con:authType></con:credentials><con:jmsConfig JMSDeliveryMode="PERSISTENT"/><con:jmsPropertyConfig/><con:wsaConfig mustUnderstand="NONE" version="200508"/><con:wsrmConfig version="1.2"/></con:request></con:config></con:testStep><con:testStep type="transfer" name="Property Transfer for Get" id="1e0f5b52-2719-495d-92eb-13c690d40768"><con:settings/><con:config xsi:type="con:PropertyTransfersStep" xmlns:xsi="http://www.w3.org/2001/XMLSchema-instance"><con:transfers setNullOnMissingSource="true" transferTextContent="true" failOnError="true" ignoreEmpty="false" transferToAll="false" entitize="false" transferChildNodes="false"><con:name>orderid</con:name><con:sourceType>orderid</con:sourceType><con:sourceStep>Properties</con:sourceStep><con:targetType>Request</con:targetType><con:targetStep>Get</con:targetStep><con:targetPath>declare namespace soap='http://www.w3.org/2003/05/soap-envelope';
declare namespace ns1='http://soap.upskills.in/soap/default?services=salesOrderRepositoryV1';
//ns1:salesOrderRepositoryV1GetRequest/id

</con:targetPath><con:upgraded>true</con:upgraded></con:transfers></con:config></con:testStep><con:testStep type="request" name="Get" id="2482a1d4-70b1-4309-955a-c74ab940b601"><con:settings/><con:config xsi:type="con:RequestStep" xmlns:xsi="http://www.w3.org/2001/XMLSchema-instance"><con:interface>salesOrderRepositoryV1Binding</con:interface><con:operation>salesOrderRepositoryV1Get</con:operation><con:request name="Get" id="f9054587-df28-4656-855c-7478fc6d77ca"><con:settings><con:setting id="com.eviware.soapui.impl.wsdl.WsdlRequest@request-headers">&lt;entry key="Authorization" value="Bearer f0rf13pxtxp7mftwc23rq6e52yvmi5um" xmlns="http://eviware.com/soapui/config"/></con:setting></con:settings><con:encoding>UTF-8</con:encoding><con:endpoint>http://soap.upskills.in/soap/default?services=salesOrderRepositoryV1</con:endpoint><con:request><![CDATA[<soap:Envelope xmlns:soap="http://www.w3.org/2003/05/soap-envelope" xmlns:def="http://soap.upskills.in/soap/default?services=salesOrderRepositoryV1">
   <soap:Header/>
   <soap:Body>
      <def:salesOrderRepositoryV1GetRequest>
         <id>1</id>
      </def:salesOrderRepositoryV1GetRequest>
   </soap:Body>
</soap:Envelope>]]></con:request><con:assertion type="SOAP Response" id="556ec31b-7e87-4a03-8f5b-0e339cc7a15e"/><con:credentials><con:authType>No Authorization</con:authType></con:credentials><con:jmsConfig JMSDeliveryMode="PERSISTENT"/><con:jmsPropertyConfig/><con:wsaConfig mustUnderstand="NONE" version="200508"/><con:wsrmConfig version="1.2"/></con:request></con:config></con:testStep><con:testStep type="transfer" name="Property Transfer for GetStatus" id="c2adff65-2e1e-4cda-8f24-b9191791b91c"><con:settings/><con:config xsi:type="con:PropertyTransfersStep" xmlns:xsi="http://www.w3.org/2001/XMLSchema-instance"><con:transfers setNullOnMissingSource="true" transferTextContent="true" failOnError="true" ignoreEmpty="false" transferToAll="false" entitize="false" transferChildNodes="false"><con:name>orderid</con:name><con:sourceType>orderid</con:sourceType><con:sourceStep>Properties</con:sourceStep><con:targetType>Request</con:targetType><con:targetStep>GetStatus</con:targetStep><con:targetPath>declare namespace soap='http://www.w3.org/2003/05/soap-envelope';
declare namespace ns1='http://soap.upskills.in/soap/default?services=salesOrderManagementV1';
//ns1:salesOrderManagementV1GetStatusRequest/id
</con:targetPath><con:upgraded>true</con:upgraded></con:transfers></con:config></con:testStep><con:testStep type="request" name="GetStatus" id="8568d73c-d899-4bc0-950f-9a00d6524b1c"><con:settings/><con:config xsi:type="con:RequestStep" xmlns:xsi="http://www.w3.org/2001/XMLSchema-instance"><con:interface>salesOrderManagementV1Binding</con:interface><con:operation>salesOrderManagementV1GetStatus</con:operation><con:request name="GetStatus" id="55ec5630-c2db-4ea2-8b8c-a127f8628110"><con:settings><con:setting id="com.eviware.soapui.impl.wsdl.WsdlRequest@request-headers">&lt;entry key="Authorization" value="Bearer f0rf13pxtxp7mftwc23rq6e52yvmi5um" xmlns="http://eviware.com/soapui/config"/></con:setting></con:settings><con:encoding>UTF-8</con:encoding><con:endpoint>http://soap.upskills.in/soap/default?services=salesOrderManagementV1</con:endpoint><con:request><![CDATA[<soap:Envelope xmlns:soap="http://www.w3.org/2003/05/soap-envelope" xmlns:def="http://soap.upskills.in/soap/default?services=salesOrderManagementV1">
   <soap:Header/>
   <soap:Body>
      <def:salesOrderManagementV1GetStatusRequest>
         <id>1</id>
      </def:salesOrderManagementV1GetStatusRequest>
   </soap:Body>
</soap:Envelope>]]></con:request><con:assertion type="SOAP Response" id="fc82c118-cd4b-49de-81c4-d1fb863abc64"/><con:credentials><con:authType>No Authorization</con:authType></con:credentials><con:jmsConfig JMSDeliveryMode="PERSISTENT"/><con:jmsPropertyConfig/><con:wsaConfig mustUnderstand="NONE" version="200508"/><con:wsrmConfig version="1.2"/></con:request></con:config></con:testStep><con:testStep type="transfer" name="Property Transfer for CancelRequest" id="311709d7-d0cc-42d9-9053-20f418f72928"><con:settings/><con:config xsi:type="con:PropertyTransfersStep" xmlns:xsi="http://www.w3.org/2001/XMLSchema-instance"><con:transfers setNullOnMissingSource="true" transferTextContent="true" failOnError="true" ignoreEmpty="false" transferToAll="false" entitize="false" transferChildNodes="false"><con:name>orderid</con:name><con:sourceType>orderid</con:sourceType><con:sourceStep>Properties</con:sourceStep><con:targetType>Request</con:targetType><con:targetStep>CancelRequest</con:targetStep><con:targetPath>declare namespace soap='http://www.w3.org/2003/05/soap-envelope';
declare namespace ns1='http://soap.upskills.in/soap/default?services=salesOrderManagementV1';
//ns1:salesOrderManagementV1CancelRequest/id</con:targetPath><con:upgraded>true</con:upgraded></con:transfers></con:config></con:testStep><con:testStep type="request" name="CancelRequest" id="ac76a3ed-96be-421f-8bc4-60a77367e584"><con:settings/><con:config xsi:type="con:RequestStep" xmlns:xsi="http://www.w3.org/2001/XMLSchema-instance"><con:interface>salesOrderManagementV1Binding</con:interface><con:operation>salesOrderManagementV1Cancel</con:operation><con:request name="CancelRequest" id="47ef1418-bc19-4564-966e-1c303afa2259"><con:settings><con:setting id="com.eviware.soapui.impl.wsdl.WsdlRequest@request-headers">&lt;entry key="Authorization" value="Bearer f0rf13pxtxp7mftwc23rq6e52yvmi5um" xmlns="http://eviware.com/soapui/config"/></con:setting></con:settings><con:encoding>UTF-8</con:encoding><con:endpoint>http://soap.upskills.in/soap/default?services=salesOrderManagementV1</con:endpoint><con:request><![CDATA[<soap:Envelope xmlns:soap="http://www.w3.org/2003/05/soap-envelope" xmlns:def="http://soap.upskills.in/soap/default?services=salesOrderManagementV1">
   <soap:Header/>
   <soap:Body>
      <def:salesOrderManagementV1CancelRequest>
         <id>1</id>
      </def:salesOrderManagementV1CancelRequest>
   </soap:Body>
</soap:Envelope>]]></con:request><con:assertion type="SOAP Response" id="ed4742b5-91ff-4f6f-9516-e8a4030ec5ae"/><con:credentials><con:authType>No Authorization</con:authType></con:credentials><con:jmsConfig JMSDeliveryMode="PERSISTENT"/><con:jmsPropertyConfig/><con:wsaConfig mustUnderstand="NONE" version="200508"/><con:wsrmConfig version="1.2"/></con:request></con:config></con:testStep><con:properties/></con:testCase><con:testCase id="460a760d-08fc-48a7-b2c3-b89dbaf14da7" failOnError="true" failTestCaseOnErrors="true" keepSession="false" maxResults="0" name="Property Expansion" searchProperties="true"><con:settings/><con:testStep type="properties" name="Properties" id="b0ba3e31-c8d0-41ab-ab65-9856b2f18357"><con:settings/><con:config xsi:type="con:PropertiesStep" saveFirst="true" xmlns:xsi="http://www.w3.org/2001/XMLSchema-instance"><con:properties><con:property><con:name>email</con:name><con:value>mohankrishna176@gmail.com</con:value></con:property><con:property><con:name>sku</con:name><con:value>SKU00001</con:value></con:property><con:property><con:name>qtyOrdered</con:name><con:value>1</con:value></con:property><con:property><con:name>price</con:name><con:value>150</con:value></con:property><con:property><con:name>method</con:name><con:value>checkmo</con:value></con:property><con:property><con:name>orderid</con:name><con:value>1</con:value></con:property></con:properties></con:config></con:testStep><con:testStep type="request" name="Save" id="f993404b-107f-4709-bfa3-4156a1b81690"><con:settings/><con:config xsi:type="con:RequestStep" xmlns:xsi="http://www.w3.org/2001/XMLSchema-instance"><con:interface>salesOrderRepositoryV1Binding</con:interface><con:operation>salesOrderRepositoryV1Save</con:operation><con:request name="Save" id="439c1e65-5e37-444c-8f50-bf0107e62d76"><con:settings><con:setting id="com.eviware.soapui.impl.wsdl.WsdlRequest@request-headers">&lt;entry key="Authorization" value="Bearer f0rf13pxtxp7mftwc23rq6e52yvmi5um" xmlns="http://eviware.com/soapui/config"/></con:setting></con:settings><con:encoding>UTF-8</con:encoding><con:endpoint>http://soap.upskills.in/soap/default?services=salesOrderRepositoryV1</con:endpoint><con:request><![CDATA[<soap:Envelope xmlns:soap="http://www.w3.org/2003/05/soap-envelope" xmlns:def="http://soap.upskills.in/soap/default?services=salesOrderRepositoryV1">\r
   <soap:Header/>\r
   <soap:Body>\r
      <def:salesOrderRepositoryV1SaveRequest>\r
         <entity>\r
          <!--enter valid customer email-->			
<customerEmail>${Properties#email}</customerEmail>
<items>
	<item>
	    <!--enter valid product SKU-->
		<sku>${Properties#sku}</sku>
		<qtyOrdered>${Properties#qtyOrdered}</qtyOrdered>
		<price>${Properties#price}</price>
	</item>
</items>
<payment>
    <!--default value checkmo-->
	<method>${Properties#method}</method>
</payment>
         </entity>\r
      </def:salesOrderRepositoryV1SaveRequest>\r
   </soap:Body>\r
</soap:Envelope>]]></con:request><con:assertion type="SOAP Response" id="91ccce3b-241d-4e3c-b511-19a3e613ac2c"/><con:credentials><con:authType>No Authorization</con:authType></con:credentials><con:jmsConfig JMSDeliveryMode="PERSISTENT"/><con:jmsPropertyConfig/><con:wsaConfig mustUnderstand="NONE" version="200508"/><con:wsrmConfig version="1.2"/></con:request></con:config></con:testStep><con:testStep type="request" name="GetList" id="f4a104fb-65b3-4f7c-9afc-f193c3be0a09"><con:settings/><con:config xsi:type="con:RequestStep" xmlns:xsi="http://www.w3.org/2001/XMLSchema-instance"><con:interface>salesOrderRepositoryV1Binding</con:interface><con:operation>salesOrderRepositoryV1GetList</con:operation><con:request name="GetList" id="f8a85c13-fa54-490f-9d3a-076ad982120a"><con:settings><con:setting id="com.eviware.soapui.impl.wsdl.WsdlRequest@request-headers">&lt;entry key="Authorization" value="Bearer f0rf13pxtxp7mftwc23rq6e52yvmi5um" xmlns="http://eviware.com/soapui/config"/></con:setting></con:settings><con:encoding>UTF-8</con:encoding><con:endpoint>http://soap.upskills.in/soap/default?services=salesOrderRepositoryV1</con:endpoint><con:request><![CDATA[<soap:Envelope xmlns:soap="http://www.w3.org/2003/05/soap-envelope" xmlns:def="http://soap.upskills.in/soap/default?services=salesOrderRepositoryV1">\r
   <soap:Header/>\r
   <soap:Body>\r
      <def:salesOrderRepositoryV1GetListRequest>\r
         <searchCriteria>\r
            <filterGroups/>\r
         </searchCriteria>\r
      </def:salesOrderRepositoryV1GetListRequest>\r
   </soap:Body>\r
</soap:Envelope>]]></con:request><con:assertion type="SOAP Response" id="57184a3e-360a-454c-9c19-16278d232994"/><con:credentials><con:authType>No Authorization</con:authType></con:credentials><con:jmsConfig JMSDeliveryMode="PERSISTENT"/><con:jmsPropertyConfig/><con:wsaConfig mustUnderstand="NONE" version="200508"/><con:wsrmConfig version="1.2"/></con:request></con:config></con:testStep><con:testStep type="request" name="Get" id="ec911faa-d3b0-4387-b7cc-c7abbbaf4232"><con:settings/><con:config xsi:type="con:RequestStep" xmlns:xsi="http://www.w3.org/2001/XMLSchema-instance"><con:interface>salesOrderRepositoryV1Binding</con:interface><con:operation>salesOrderRepositoryV1Get</con:operation><con:request name="Get" id="4d651a8b-4419-4503-95cf-1059566f5fe1"><con:settings><con:setting id="com.eviware.soapui.impl.wsdl.WsdlRequest@request-headers">&lt;entry key="Authorization" value="Bearer f0rf13pxtxp7mftwc23rq6e52yvmi5um" xmlns="http://eviware.com/soapui/config"/></con:setting></con:settings><con:encoding>UTF-8</con:encoding><con:endpoint>http://soap.upskills.in/soap/default?services=salesOrderRepositoryV1</con:endpoint><con:request><![CDATA[<soap:Envelope xmlns:soap="http://www.w3.org/2003/05/soap-envelope" xmlns:def="http://soap.upskills.in/soap/default?services=salesOrderRepositoryV1">\r
   <soap:Header/>\r
   <soap:Body>\r
      <def:salesOrderRepositoryV1GetRequest>\r
         <id>${Properties#orderid}</id>\r
      </def:salesOrderRepositoryV1GetRequest>\r
   </soap:Body>\r
</soap:Envelope>]]></con:request><con:assertion type="SOAP Response" id="a483562d-8e42-43d8-9aaa-d947a036224c"/><con:credentials><con:authType>No Authorization</con:authType></con:credentials><con:jmsConfig JMSDeliveryMode="PERSISTENT"/><con:jmsPropertyConfig/><con:wsaConfig mustUnderstand="NONE" version="200508"/><con:wsrmConfig version="1.2"/></con:request></con:config></con:testStep><con:testStep type="request" name="GetStatus" id="57490cc7-4139-4d0d-8b8b-2500e7b5280c"><con:settings/><con:config xsi:type="con:RequestStep" xmlns:xsi="http://www.w3.org/2001/XMLSchema-instance"><con:interface>salesOrderManagementV1Binding</con:interface><con:operation>salesOrderManagementV1GetStatus</con:operation><con:request name="GetStatus" id="a01829c0-f73f-4df9-8242-a9731124cc51"><con:settings><con:setting id="com.eviware.soapui.impl.wsdl.WsdlRequest@request-headers">&lt;entry key="Authorization" value="Bearer f0rf13pxtxp7mftwc23rq6e52yvmi5um" xmlns="http://eviware.com/soapui/config"/></con:setting></con:settings><con:encoding>UTF-8</con:encoding><con:endpoint>http://soap.upskills.in/soap/default?services=salesOrderManagementV1</con:endpoint><con:request><![CDATA[<soap:Envelope xmlns:soap="http://www.w3.org/2003/05/soap-envelope" xmlns:def="http://soap.upskills.in/soap/default?services=salesOrderManagementV1">\r
   <soap:Header/>\r
   <soap:Body>\r
      <def:salesOrderManagementV1GetStatusRequest>\r
         <id>${Properties#orderid}</id>\r
      </def:salesOrderManagementV1GetStatusRequest>\r
   </soap:Body>\r
</soap:Envelope>]]></con:request><con:assertion type="SOAP Response" id="2b8407fb-8f5b-42dc-af39-64868095f6f7"/><con:credentials><con:authType>No Authorization</con:authType></con:credentials><con:jmsConfig JMSDeliveryMode="PERSISTENT"/><con:jmsPropertyConfig/><con:wsaConfig mustUnderstand="NONE" version="200508"/><con:wsrmConfig version="1.2"/></con:request></con:config></con:testStep><con:testStep type="request" name="CancelRequest" id="cdde774e-a976-4837-aca2-3b208d1dc210"><con:settings/><con:config xsi:type="con:RequestStep" xmlns:xsi="http://www.w3.org/2001/XMLSchema-instance"><con:interface>salesOrderManagementV1Binding</con:interface><con:operation>salesOrderManagementV1Cancel</con:operation><con:request name="CancelRequest" id="2fc14dbc-a761-49ac-a08b-9468d921b8f5"><con:settings><con:setting id="com.eviware.soapui.impl.wsdl.WsdlRequest@request-headers">&lt;entry key="Authorization" value="Bearer f0rf13pxtxp7mftwc23rq6e52yvmi5um" xmlns="http://eviware.com/soapui/config"/></con:setting></con:settings><con:encoding>UTF-8</con:encoding><con:endpoint>http://soap.upskills.in/soap/default?services=salesOrderManagementV1</con:endpoint><con:request><![CDATA[<soap:Envelope xmlns:soap="http://www.w3.org/2003/05/soap-envelope" xmlns:def="http://soap.upskills.in/soap/default?services=salesOrderManagementV1">\r
   <soap:Header/>\r
   <soap:Body>\r
      <def:salesOrderManagementV1CancelRequest>\r
         <id>${Properties#orderid}</id>\r
      </def:salesOrderManagementV1CancelRequest>\r
   </soap:Body>\r
</soap:Envelope>]]></con:request><con:assertion type="SOAP Response" id="280071d9-38d6-4623-b5fa-6e9fa36c046e"/><con:credentials><con:authType>No Authorization</con:authType></con:credentials><con:jmsConfig JMSDeliveryMode="PERSISTENT"/><con:jmsPropertyConfig/><con:wsaConfig mustUnderstand="NONE" version="200508"/><con:wsrmConfig version="1.2"/></con:request></con:config></con:testStep><con:properties/></con:testCase><con:testCase id="2dc6784d-4512-4e91-8057-d2739a8533b9" failOnError="true" failTestCaseOnErrors="true" keepSession="false" maxResults="0" name="GroovyScirpt" searchProperties="true"><con:settings/><con:testStep type="groovy" name="Groovy Script" id="f47a1347-822e-4e17-867e-6151524ebc1e"><con:settings/><con:config><script>import com.eviware.soapui.model.testsuite.TestRunner.Status

def tc=testRunner.testCase.testSuite.project.testSuites["E2ETesting"].testCases["Property Expansion"]

def runner = tc.run(null,false)

log.info "Status=$runner.status, time taken to complete is: $runner.timeTaken ms"
log.info "number of test steps executed are: "+runner.results.size()

</script></con:config></con:testStep><con:properties/></con:testCase><con:testCase id="0b069b08-ed9e-46b0-959c-282ea9b95666" failOnError="true" failTestCaseOnErrors="true" keepSession="false" maxResults="0" name="GroovyScirpt with Property" searchProperties="true"><con:settings/><con:testStep type="groovy" name="Groovy Script" id="b08ddec3-8563-41d1-bb56-620a25a564c9"><con:settings/><con:config><script>import com.eviware.soapui.model.testsuite.TestRunner.Status

def tc=testRunner.testCase.testSuite.project.testSuites["E2ETesting"].testCases["Property Expansion"]

tc.testSteps["Properties"].setPropertyValue("email", "mohankrishna176@gmail.com")
tc.testSteps["Properties"].setPropertyValue("sku", "SKU00001")
tc.testSteps["Properties"].setPropertyValue("qtyOrdered", "1")
tc.testSteps["Properties"].setPropertyValue("price", "150")
tc.testSteps["Properties"].setPropertyValue("method", "checkmo")
tc.testSteps["Properties"].setPropertyValue("orderid", "1")

def runner = tc.run(null,false)

log.info "Status=$runner.status, time taken to complete is: $runner.timeTaken ms"
log.info "number of test steps executed are: "+runner.results.size()

</script></con:config></con:testStep><con:properties/></con:testCase><con:properties/></con:testSuite><con:properties/><con:wssContainer/><con:oAuth2ProfileContainer/><con:oAuth1ProfileContainer/><con:sensitiveInformation/></con:soapui-project>